<?xml version="1.0" encoding="UTF-8"?>
<testsuite name="com.azurealstn.alog.controller.api.comment.CommentApiControllerTest" tests="3" skipped="0" failures="0" errors="0" timestamp="2022-12-04T11:22:07" hostname="DESKTOP-4HIAQNR" time="0.096">
  <properties/>
  <testcase name="댓글 수정시 DB 수정 성공" classname="com.azurealstn.alog.controller.api.comment.CommentApiControllerTest" time="0.051"/>
  <testcase name="댓글 등록시 DB 저장" classname="com.azurealstn.alog.controller.api.comment.CommentApiControllerTest" time="0.023"/>
  <testcase name="댓글 삭제시 DB 삭제" classname="com.azurealstn.alog.controller.api.comment.CommentApiControllerTest" time="0.021"/>
  <system-out><![CDATA[2022-12-04 20:22:05.639  INFO 6608 --- [    Test worker] .b.t.c.SpringBootTestContextBootstrapper : Neither @ContextConfiguration nor @ContextHierarchy found for test class [com.azurealstn.alog.controller.api.comment.CommentApiControllerTest], using SpringBootContextLoader
2022-12-04 20:22:05.639  INFO 6608 --- [    Test worker] o.s.t.c.support.AbstractContextLoader    : Could not detect default resource locations for test class [com.azurealstn.alog.controller.api.comment.CommentApiControllerTest]: no resource found for suffixes {-context.xml, Context.groovy}.
2022-12-04 20:22:05.639  INFO 6608 --- [    Test worker] t.c.s.AnnotationConfigContextLoaderUtils : Could not detect default configuration classes for test class [com.azurealstn.alog.controller.api.comment.CommentApiControllerTest]: CommentApiControllerTest does not declare any static, non-private, non-final, nested classes annotated with @Configuration.
2022-12-04 20:22:05.655  INFO 6608 --- [    Test worker] .b.t.c.SpringBootTestContextBootstrapper : Found @SpringBootConfiguration com.azurealstn.alog.AlogApplication for test class com.azurealstn.alog.controller.api.comment.CommentApiControllerTest
2022-12-04 20:22:05.655  INFO 6608 --- [    Test worker] .b.t.c.SpringBootTestContextBootstrapper : Loaded default TestExecutionListener class names from location [META-INF/spring.factories]: [org.springframework.security.test.context.support.WithSecurityContextTestExecutionListener, org.springframework.security.test.context.support.ReactorContextTestExecutionListener, org.springframework.boot.test.autoconfigure.restdocs.RestDocsTestExecutionListener, org.springframework.boot.test.autoconfigure.web.client.MockRestServiceServerResetTestExecutionListener, org.springframework.boot.test.autoconfigure.web.servlet.MockMvcPrintOnlyOnFailureTestExecutionListener, org.springframework.boot.test.autoconfigure.web.servlet.WebDriverTestExecutionListener, org.springframework.boot.test.autoconfigure.webservices.client.MockWebServiceServerTestExecutionListener, org.springframework.boot.test.mock.mockito.MockitoTestExecutionListener, org.springframework.boot.test.mock.mockito.ResetMocksTestExecutionListener, org.springframework.test.context.web.ServletTestExecutionListener, org.springframework.test.context.support.DirtiesContextBeforeModesTestExecutionListener, org.springframework.test.context.event.ApplicationEventsTestExecutionListener, org.springframework.test.context.support.DependencyInjectionTestExecutionListener, org.springframework.test.context.support.DirtiesContextTestExecutionListener, org.springframework.test.context.transaction.TransactionalTestExecutionListener, org.springframework.test.context.jdbc.SqlScriptsTestExecutionListener, org.springframework.test.context.event.EventPublishingTestExecutionListener]
2022-12-04 20:22:05.655  INFO 6608 --- [    Test worker] .b.t.c.SpringBootTestContextBootstrapper : Using TestExecutionListeners: [org.springframework.test.context.web.ServletTestExecutionListener@6e82feeb, org.springframework.test.context.support.DirtiesContextBeforeModesTestExecutionListener@50630ff7, org.springframework.test.context.event.ApplicationEventsTestExecutionListener@6ad259d, org.springframework.boot.test.mock.mockito.MockitoTestExecutionListener@5fcaaf92, org.springframework.boot.test.autoconfigure.SpringBootDependencyInjectionTestExecutionListener@26c67726, org.springframework.test.context.support.DirtiesContextTestExecutionListener@6e12d8be, org.springframework.test.context.transaction.TransactionalTestExecutionListener@1fc892c, org.springframework.test.context.jdbc.SqlScriptsTestExecutionListener@b4010be, org.springframework.security.test.context.support.WithSecurityContextTestExecutionListener@1e2a39b7, org.springframework.test.context.event.EventPublishingTestExecutionListener@6685d5e4, org.springframework.security.test.context.support.ReactorContextTestExecutionListener@35595f1, org.springframework.boot.test.autoconfigure.restdocs.RestDocsTestExecutionListener@81ba0c5, org.springframework.boot.test.autoconfigure.web.client.MockRestServiceServerResetTestExecutionListener@4733c7f0, org.springframework.boot.test.autoconfigure.web.servlet.MockMvcPrintOnlyOnFailureTestExecutionListener@fd10007, org.springframework.boot.test.autoconfigure.web.servlet.WebDriverTestExecutionListener@2004e611, org.springframework.boot.test.autoconfigure.webservices.client.MockWebServiceServerTestExecutionListener@75cc775c, org.springframework.boot.test.mock.mockito.ResetMocksTestExecutionListener@2c992252]

  .   ____          _            __ _ _
 /\\ / ___'_ __ _ _(_)_ __  __ _ \ \ \ \
( ( )\___ | '_ | '_| | '_ \/ _` | \ \ \ \
 \\/  ___)| |_)| | | | | || (_| |  ) ) ) )
  '  |____| .__|_| |_|_| |_\__, | / / / /
 =========|_|==============|___/=/_/_/_/
 :: Spring Boot ::                (v2.7.4)

2022-12-04 20:22:05.686  INFO 6608 --- [    Test worker] c.a.a.c.a.c.CommentApiControllerTest     : Starting CommentApiControllerTest using Java 11.0.13 on DESKTOP-4HIAQNR with PID 6608 (started by azure in C:\project\intellij-project\2022\alog)
2022-12-04 20:22:05.686  INFO 6608 --- [    Test worker] c.a.a.c.a.c.CommentApiControllerTest     : No active profile set, falling back to 1 default profile: "default"
2022-12-04 20:22:05.983  INFO 6608 --- [    Test worker] .s.d.r.c.RepositoryConfigurationDelegate : Bootstrapping Spring Data JPA repositories in DEFAULT mode.
2022-12-04 20:22:06.061  INFO 6608 --- [    Test worker] .s.d.r.c.RepositoryConfigurationDelegate : Finished Spring Data repository scanning in 84 ms. Found 10 JPA repository interfaces.
2022-12-04 20:22:06.390  INFO 6608 --- [    Test worker] o.s.b.w.embedded.tomcat.TomcatWebServer  : Tomcat initialized with port(s): 0 (http)
2022-12-04 20:22:06.406  INFO 6608 --- [    Test worker] o.apache.catalina.core.StandardService   : Starting service [Tomcat]
2022-12-04 20:22:06.406  INFO 6608 --- [    Test worker] org.apache.catalina.core.StandardEngine  : Starting Servlet engine: [Apache Tomcat/9.0.65]
2022-12-04 20:22:06.562  INFO 6608 --- [    Test worker] o.a.c.c.C.[Tomcat].[localhost].[/]       : Initializing Spring embedded WebApplicationContext
2022-12-04 20:22:06.562  INFO 6608 --- [    Test worker] w.s.c.ServletWebServerApplicationContext : Root WebApplicationContext: initialization completed in 876 ms
2022-12-04 20:22:06.578  INFO 6608 --- [    Test worker] com.zaxxer.hikari.HikariDataSource       : HikariPool-3 - Starting...
2022-12-04 20:22:06.578  INFO 6608 --- [    Test worker] com.zaxxer.hikari.HikariDataSource       : HikariPool-3 - Start completed.
2022-12-04 20:22:06.578  INFO 6608 --- [    Test worker] o.s.b.a.h2.H2ConsoleAutoConfiguration    : H2 console available at '/h2-console'. Database available at 'jdbc:h2:mem:1050a7f0-6998-46e2-813a-06024cf4c5fa'
2022-12-04 20:22:06.766  INFO 6608 --- [    Test worker] o.hibernate.jpa.internal.util.LogHelper  : HHH000204: Processing PersistenceUnitInfo [name: default]
2022-12-04 20:22:06.766  INFO 6608 --- [    Test worker] org.hibernate.dialect.Dialect            : HHH000400: Using dialect: org.hibernate.dialect.H2Dialect
Hibernate: drop table if exists comment CASCADE 
Hibernate: drop table if exists email_auth CASCADE 
Hibernate: drop table if exists hashtag CASCADE 
Hibernate: drop table if exists member CASCADE 
Hibernate: drop table if exists member_image CASCADE 
Hibernate: drop table if exists posts CASCADE 
Hibernate: drop table if exists posts_hashtag_map CASCADE 
Hibernate: drop table if exists posts_image CASCADE 
Hibernate: drop table if exists posts_like CASCADE 
Hibernate: drop table if exists temp_save CASCADE 
Hibernate: create table comment (comment_id bigint generated by default as identity, created_date timestamp, modified_date timestamp, content clob, is_comment_me boolean, level integer, up_comment_id bigint, member_id bigint, posts_id bigint, primary key (comment_id))
Hibernate: create table email_auth (email_auth_id bigint generated by default as identity, created_date timestamp, modified_date timestamp, auth_token varchar(255), email varchar(255), expired boolean, expired_date timestamp, primary key (email_auth_id))
Hibernate: create table hashtag (hashtag_id bigint generated by default as identity, created_date timestamp, modified_date timestamp, name varchar(255) not null, primary key (hashtag_id))
Hibernate: create table member (member_id bigint generated by default as identity, created_date timestamp, modified_date timestamp, email varchar(255), email_auth boolean, name varchar(255), picture varchar(255), role varchar(255) not null, short_bio varchar(255), username varchar(255), primary key (member_id))
Hibernate: create table member_image (member_image_id bigint generated by default as identity, created_date timestamp, modified_date timestamp, image_url varchar(255), original_filename varchar(255), store_filename varchar(255), thumbnail_yn boolean, member_id bigint, primary key (member_image_id))
Hibernate: create table posts (posts_id bigint generated by default as identity, created_date timestamp, modified_date timestamp, content clob not null, description varchar(255), likes integer, secret boolean, title varchar(255) not null, member_id bigint, primary key (posts_id))
Hibernate: create table posts_hashtag_map (posts_hashtag_map_id bigint generated by default as identity, created_date timestamp, modified_date timestamp, hashtag_id bigint, posts_id bigint, primary key (posts_hashtag_map_id))
Hibernate: create table posts_image (posts_image_id bigint generated by default as identity, created_date timestamp, modified_date timestamp, image_url varchar(255), original_filename varchar(255), store_filename varchar(255), thumbnail_yn boolean, posts_id bigint, primary key (posts_image_id))
Hibernate: create table posts_like (id bigint generated by default as identity, created_date timestamp, modified_date timestamp, member_id bigint, posts_id bigint, primary key (id))
Hibernate: create table temp_save (temp_save_id bigint generated by default as identity, created_date timestamp, modified_date timestamp, content clob, temp_code varchar(255), title varchar(255), member_id bigint, primary key (temp_save_id))
Hibernate: alter table comment add constraint FKmrrrpi513ssu63i2783jyiv9m foreign key (member_id) references member
Hibernate: alter table comment add constraint FK32egq4fwmd2pb4cy0efr2o25a foreign key (posts_id) references posts
Hibernate: alter table member_image add constraint FKr9nbgi536kuu13spg7w3bbxow foreign key (member_id) references member
Hibernate: alter table posts add constraint FK3vu9977d08lqidrhcrqts8e1r foreign key (member_id) references member
Hibernate: alter table posts_hashtag_map add constraint FK6b9ih8ryprf4quqkgq9v5k919 foreign key (hashtag_id) references hashtag
Hibernate: alter table posts_hashtag_map add constraint FKakx9cet3aue5pfulg3wm5t42j foreign key (posts_id) references posts
Hibernate: alter table posts_image add constraint FK2pxfo0n046bvvd1725ak3ngbk foreign key (posts_id) references posts
Hibernate: alter table posts_like add constraint FKrtvuxtbghlss9qjum3rphpxm foreign key (member_id) references member
Hibernate: alter table posts_like add constraint FKsu4o8i07mn8tn1kr6bexpssfq foreign key (posts_id) references posts
Hibernate: alter table temp_save add constraint FKthgnnfw5wnvgvhc29v5abyrhx foreign key (member_id) references member
2022-12-04 20:22:06.907  INFO 6608 --- [    Test worker] o.h.e.t.j.p.i.JtaPlatformInitiator       : HHH000490: Using JtaPlatform implementation: [org.hibernate.engine.transaction.jta.platform.internal.NoJtaPlatform]
2022-12-04 20:22:06.907  INFO 6608 --- [    Test worker] j.LocalContainerEntityManagerFactoryBean : Initialized JPA EntityManagerFactory for persistence unit 'default'
2022-12-04 20:22:07.438  INFO 6608 --- [    Test worker] o.s.s.web.DefaultSecurityFilterChain     : Will secure any request with [org.springframework.security.web.session.DisableEncodeUrlFilter@29ad358c, org.springframework.security.web.context.request.async.WebAsyncManagerIntegrationFilter@fd42b93, org.springframework.security.web.context.SecurityContextPersistenceFilter@2d154a38, org.springframework.security.web.header.HeaderWriterFilter@21996ae2, org.springframework.security.web.authentication.logout.LogoutFilter@2b515b5c, org.springframework.security.oauth2.client.web.OAuth2AuthorizationRequestRedirectFilter@abc771e, org.springframework.security.oauth2.client.web.OAuth2LoginAuthenticationFilter@1e0630cc, org.springframework.security.web.authentication.ui.DefaultLoginPageGeneratingFilter@7997b8a7, org.springframework.security.web.authentication.ui.DefaultLogoutPageGeneratingFilter@6639a9f0, org.springframework.security.web.savedrequest.RequestCacheAwareFilter@21be9ddc, org.springframework.security.web.servletapi.SecurityContextHolderAwareRequestFilter@4b9a2d73, org.springframework.security.web.authentication.AnonymousAuthenticationFilter@491665ab, org.springframework.security.web.session.SessionManagementFilter@2e239394, org.springframework.security.web.access.ExceptionTranslationFilter@5bcafda3, org.springframework.security.web.access.intercept.FilterSecurityInterceptor@47fc346e]
2022-12-04 20:22:07.516  WARN 6608 --- [    Test worker] JpaBaseConfiguration$JpaWebConfiguration : spring.jpa.open-in-view is enabled by default. Therefore, database queries may be performed during view rendering. Explicitly configure spring.jpa.open-in-view to disable this warning
2022-12-04 20:22:07.658  INFO 6608 --- [    Test worker] o.s.b.a.w.s.WelcomePageHandlerMapping    : Adding welcome page template: index
2022-12-04 20:22:07.908  INFO 6608 --- [    Test worker] o.s.b.w.embedded.tomcat.TomcatWebServer  : Tomcat started on port(s): 50182 (http) with context path ''
2022-12-04 20:22:07.908  INFO 6608 --- [    Test worker] s.a.ScheduledAnnotationBeanPostProcessor : No TaskScheduler/ScheduledExecutorService bean found for scheduled processing
2022-12-04 20:22:07.908  INFO 6608 --- [    Test worker] c.a.a.c.a.c.CommentApiControllerTest     : Started CommentApiControllerTest in 2.257 seconds (JVM running for 13.814)
2022-12-04 20:22:07.908  INFO 6608 --- [    Test worker] o.s.t.c.transaction.TransactionContext   : Began transaction (1) for test context [DefaultTestContext@149b14f6 testClass = CommentApiControllerTest, testInstance = com.azurealstn.alog.controller.api.comment.CommentApiControllerTest@589b0021, testMethod = modify_comment_api_o@CommentApiControllerTest, testException = [null], mergedContextConfiguration = [WebMergedContextConfiguration@6bce1a7f testClass = CommentApiControllerTest, locations = '{}', classes = '{class com.azurealstn.alog.AlogApplication}', contextInitializerClasses = '[]', activeProfiles = '{}', propertySourceLocations = '{}', propertySourceProperties = '{org.springframework.boot.test.context.SpringBootTestContextBootstrapper=true, server.port=0}', contextCustomizers = set[org.springframework.boot.test.autoconfigure.actuate.metrics.MetricsExportContextCustomizerFactory$DisableMetricExportContextCustomizer@59d2103b, org.springframework.boot.test.autoconfigure.properties.PropertyMappingContextCustomizer@0, org.springframework.boot.test.autoconfigure.web.servlet.WebDriverContextCustomizerFactory$Customizer@72a85671, org.springframework.boot.test.context.filter.ExcludeFilterContextCustomizer@4ae33a11, org.springframework.boot.test.json.DuplicateJsonObjectContextCustomizerFactory$DuplicateJsonObjectContextCustomizer@6d0b5baf, org.springframework.boot.test.mock.mockito.MockitoContextCustomizer@0, org.springframework.boot.test.web.client.TestRestTemplateContextCustomizer@5b58ed3c, org.springframework.boot.test.context.SpringBootTestArgs@1, org.springframework.boot.test.context.SpringBootTestWebEnvironment@48d61b48], resourceBasePath = 'src/main/webapp', contextLoader = 'org.springframework.boot.test.context.SpringBootContextLoader', parent = [null]], attributes = map['org.springframework.test.context.web.ServletTestExecutionListener.activateListener' -> false, 'org.springframework.test.context.event.ApplicationEventsTestExecutionListener.recordApplicationEvents' -> false]]; transaction manager [org.springframework.orm.jpa.JpaTransactionManager@37884b27]; rollback [true]
2022-12-04 20:22:07.924  INFO 6608 --- [    Test worker] o.a.c.c.C.[Tomcat].[localhost].[/]       : Initializing Spring TestDispatcherServlet ''
2022-12-04 20:22:07.924  INFO 6608 --- [    Test worker] o.s.t.web.servlet.TestDispatcherServlet  : Initializing Servlet ''
2022-12-04 20:22:07.924  INFO 6608 --- [    Test worker] o.s.t.web.servlet.TestDispatcherServlet  : Completed initialization in 0 ms
Hibernate: select comment0_.comment_id as comment_1_0_, comment0_.created_date as created_2_0_, comment0_.modified_date as modified3_0_, comment0_.content as content4_0_, comment0_.is_comment_me as is_comme5_0_, comment0_.level as level6_0_, comment0_.member_id as member_i8_0_, comment0_.posts_id as posts_id9_0_, comment0_.up_comment_id as up_comme7_0_ from comment comment0_
Hibernate: select posts0_.posts_id as posts_id1_5_, posts0_.created_date as created_2_5_, posts0_.modified_date as modified3_5_, posts0_.content as content4_5_, posts0_.description as descript5_5_, posts0_.likes as likes6_5_, posts0_.member_id as member_i9_5_, posts0_.secret as secret7_5_, posts0_.title as title8_5_ from posts posts0_
Hibernate: select member0_.member_id as member_i1_3_, member0_.created_date as created_2_3_, member0_.modified_date as modified3_3_, member0_.email as email4_3_, member0_.email_auth as email_au5_3_, member0_.name as name6_3_, member0_.picture as picture7_3_, member0_.role as role8_3_, member0_.short_bio as short_bi9_3_, member0_.username as usernam10_3_ from member member0_
Hibernate: insert into member (member_id, created_date, modified_date, email, email_auth, name, picture, role, short_bio, username) values (default, ?, ?, ?, ?, ?, ?, ?, ?, ?)
Hibernate: insert into posts (posts_id, created_date, modified_date, content, description, likes, member_id, secret, title) values (default, ?, ?, ?, ?, ?, ?, ?, ?)
Hibernate: insert into comment (comment_id, created_date, modified_date, content, is_comment_me, level, member_id, posts_id, up_comment_id) values (default, ?, ?, ?, ?, ?, ?, ?, ?)

MockHttpServletRequest:
      HTTP Method = PATCH
      Request URI = /api/v1/comment/1
       Parameters = {}
          Headers = [Content-Type:"application/json;charset=UTF-8", Content-Length:"40"]
             Body = {"content":"수정한 댓글입니다."}
    Session Attrs = {member=SessionMemberDto(id=1, name=슬로우스타터, email=azurealstn@naver.com, picture=test.jpg, username=haha, shortBio=안녕하세요!)}

Handler:
             Type = com.azurealstn.alog.controller.api.comment.CommentApiController
           Method = com.azurealstn.alog.controller.api.comment.CommentApiController#modify(CommentModifyRequestDto, Long)

Async:
    Async started = false
     Async result = null

Resolved Exception:
             Type = null

ModelAndView:
        View name = null
             View = null
            Model = null

FlashMap:
       Attributes = null

MockHttpServletResponse:
           Status = 200
    Error message = null
          Headers = [Content-Type:"application/json;charset=UTF-8"]
     Content type = application/json;charset=UTF-8
             Body = 1
    Forwarded URL = null
   Redirected URL = null
          Cookies = []
Hibernate: update comment set created_date=?, modified_date=?, content=?, is_comment_me=?, level=?, member_id=?, posts_id=?, up_comment_id=? where comment_id=?
Hibernate: select comment0_.comment_id as comment_1_0_, comment0_.created_date as created_2_0_, comment0_.modified_date as modified3_0_, comment0_.content as content4_0_, comment0_.is_comment_me as is_comme5_0_, comment0_.level as level6_0_, comment0_.member_id as member_i8_0_, comment0_.posts_id as posts_id9_0_, comment0_.up_comment_id as up_comme7_0_ from comment comment0_
Hibernate: select posts0_.posts_id as posts_id1_5_, posts0_.created_date as created_2_5_, posts0_.modified_date as modified3_5_, posts0_.content as content4_5_, posts0_.description as descript5_5_, posts0_.likes as likes6_5_, posts0_.member_id as member_i9_5_, posts0_.secret as secret7_5_, posts0_.title as title8_5_ from posts posts0_
Hibernate: select member0_.member_id as member_i1_3_, member0_.created_date as created_2_3_, member0_.modified_date as modified3_3_, member0_.email as email4_3_, member0_.email_auth as email_au5_3_, member0_.name as name6_3_, member0_.picture as picture7_3_, member0_.role as role8_3_, member0_.short_bio as short_bi9_3_, member0_.username as usernam10_3_ from member member0_
2022-12-04 20:22:07.971  INFO 6608 --- [    Test worker] o.s.t.c.transaction.TransactionContext   : Rolled back transaction for test: [DefaultTestContext@149b14f6 testClass = CommentApiControllerTest, testInstance = com.azurealstn.alog.controller.api.comment.CommentApiControllerTest@589b0021, testMethod = modify_comment_api_o@CommentApiControllerTest, testException = [null], mergedContextConfiguration = [WebMergedContextConfiguration@6bce1a7f testClass = CommentApiControllerTest, locations = '{}', classes = '{class com.azurealstn.alog.AlogApplication}', contextInitializerClasses = '[]', activeProfiles = '{}', propertySourceLocations = '{}', propertySourceProperties = '{org.springframework.boot.test.context.SpringBootTestContextBootstrapper=true, server.port=0}', contextCustomizers = set[org.springframework.boot.test.autoconfigure.actuate.metrics.MetricsExportContextCustomizerFactory$DisableMetricExportContextCustomizer@59d2103b, org.springframework.boot.test.autoconfigure.properties.PropertyMappingContextCustomizer@0, org.springframework.boot.test.autoconfigure.web.servlet.WebDriverContextCustomizerFactory$Customizer@72a85671, org.springframework.boot.test.context.filter.ExcludeFilterContextCustomizer@4ae33a11, org.springframework.boot.test.json.DuplicateJsonObjectContextCustomizerFactory$DuplicateJsonObjectContextCustomizer@6d0b5baf, org.springframework.boot.test.mock.mockito.MockitoContextCustomizer@0, org.springframework.boot.test.web.client.TestRestTemplateContextCustomizer@5b58ed3c, org.springframework.boot.test.context.SpringBootTestArgs@1, org.springframework.boot.test.context.SpringBootTestWebEnvironment@48d61b48], resourceBasePath = 'src/main/webapp', contextLoader = 'org.springframework.boot.test.context.SpringBootContextLoader', parent = [null]], attributes = map['org.springframework.test.context.web.ServletTestExecutionListener.activateListener' -> false, 'org.springframework.test.context.event.ApplicationEventsTestExecutionListener.recordApplicationEvents' -> false]]
2022-12-04 20:22:07.971  INFO 6608 --- [    Test worker] o.s.t.c.transaction.TransactionContext   : Began transaction (1) for test context [DefaultTestContext@149b14f6 testClass = CommentApiControllerTest, testInstance = com.azurealstn.alog.controller.api.comment.CommentApiControllerTest@4f3891db, testMethod = create_comment@CommentApiControllerTest, testException = [null], mergedContextConfiguration = [WebMergedContextConfiguration@6bce1a7f testClass = CommentApiControllerTest, locations = '{}', classes = '{class com.azurealstn.alog.AlogApplication}', contextInitializerClasses = '[]', activeProfiles = '{}', propertySourceLocations = '{}', propertySourceProperties = '{org.springframework.boot.test.context.SpringBootTestContextBootstrapper=true, server.port=0}', contextCustomizers = set[org.springframework.boot.test.autoconfigure.actuate.metrics.MetricsExportContextCustomizerFactory$DisableMetricExportContextCustomizer@59d2103b, org.springframework.boot.test.autoconfigure.properties.PropertyMappingContextCustomizer@0, org.springframework.boot.test.autoconfigure.web.servlet.WebDriverContextCustomizerFactory$Customizer@72a85671, org.springframework.boot.test.context.filter.ExcludeFilterContextCustomizer@4ae33a11, org.springframework.boot.test.json.DuplicateJsonObjectContextCustomizerFactory$DuplicateJsonObjectContextCustomizer@6d0b5baf, org.springframework.boot.test.mock.mockito.MockitoContextCustomizer@0, org.springframework.boot.test.web.client.TestRestTemplateContextCustomizer@5b58ed3c, org.springframework.boot.test.context.SpringBootTestArgs@1, org.springframework.boot.test.context.SpringBootTestWebEnvironment@48d61b48], resourceBasePath = 'src/main/webapp', contextLoader = 'org.springframework.boot.test.context.SpringBootContextLoader', parent = [null]], attributes = map['org.springframework.test.context.web.ServletTestExecutionListener.activateListener' -> false, 'org.springframework.test.context.event.ApplicationEventsTestExecutionListener.recordApplicationEvents' -> false]]; transaction manager [org.springframework.orm.jpa.JpaTransactionManager@37884b27]; rollback [true]
2022-12-04 20:22:07.971  INFO 6608 --- [    Test worker] o.a.c.c.C.[Tomcat].[localhost].[/]       : Initializing Spring TestDispatcherServlet ''
2022-12-04 20:22:07.971  INFO 6608 --- [    Test worker] o.s.t.web.servlet.TestDispatcherServlet  : Initializing Servlet ''
2022-12-04 20:22:07.971  INFO 6608 --- [    Test worker] o.s.t.web.servlet.TestDispatcherServlet  : Completed initialization in 0 ms
Hibernate: select comment0_.comment_id as comment_1_0_, comment0_.created_date as created_2_0_, comment0_.modified_date as modified3_0_, comment0_.content as content4_0_, comment0_.is_comment_me as is_comme5_0_, comment0_.level as level6_0_, comment0_.member_id as member_i8_0_, comment0_.posts_id as posts_id9_0_, comment0_.up_comment_id as up_comme7_0_ from comment comment0_
Hibernate: select posts0_.posts_id as posts_id1_5_, posts0_.created_date as created_2_5_, posts0_.modified_date as modified3_5_, posts0_.content as content4_5_, posts0_.description as descript5_5_, posts0_.likes as likes6_5_, posts0_.member_id as member_i9_5_, posts0_.secret as secret7_5_, posts0_.title as title8_5_ from posts posts0_
Hibernate: select member0_.member_id as member_i1_3_, member0_.created_date as created_2_3_, member0_.modified_date as modified3_3_, member0_.email as email4_3_, member0_.email_auth as email_au5_3_, member0_.name as name6_3_, member0_.picture as picture7_3_, member0_.role as role8_3_, member0_.short_bio as short_bi9_3_, member0_.username as usernam10_3_ from member member0_
Hibernate: insert into member (member_id, created_date, modified_date, email, email_auth, name, picture, role, short_bio, username) values (default, ?, ?, ?, ?, ?, ?, ?, ?, ?)
Hibernate: insert into posts (posts_id, created_date, modified_date, content, description, likes, member_id, secret, title) values (default, ?, ?, ?, ?, ?, ?, ?, ?)
Hibernate: insert into comment (comment_id, created_date, modified_date, content, is_comment_me, level, member_id, posts_id, up_comment_id) values (default, ?, ?, ?, ?, ?, ?, ?, ?)

MockHttpServletRequest:
      HTTP Method = POST
      Request URI = /api/v1/comment
       Parameters = {}
          Headers = [Content-Type:"application/json;charset=UTF-8", Content-Length:"111"]
             Body = {"content":"댓글입니다.","member":null,"posts":null,"upCommentId":null,"level":1,"memberId":2,"postsId":2}
    Session Attrs = {member=SessionMemberDto(id=2, name=슬로우스타터, email=azurealstn@naver.com, picture=test.jpg, username=haha, shortBio=안녕하세요!)}

Handler:
             Type = com.azurealstn.alog.controller.api.comment.CommentApiController
           Method = com.azurealstn.alog.controller.api.comment.CommentApiController#create(CommentCreateRequestDto)

Async:
    Async started = false
     Async result = null

Resolved Exception:
             Type = null

ModelAndView:
        View name = null
             View = null
            Model = null

FlashMap:
       Attributes = null

MockHttpServletResponse:
           Status = 200
    Error message = null
          Headers = [Content-Type:"application/json;charset=UTF-8"]
     Content type = application/json;charset=UTF-8
             Body = 2
    Forwarded URL = null
   Redirected URL = null
          Cookies = []
Hibernate: select comment0_.comment_id as comment_1_0_, comment0_.created_date as created_2_0_, comment0_.modified_date as modified3_0_, comment0_.content as content4_0_, comment0_.is_comment_me as is_comme5_0_, comment0_.level as level6_0_, comment0_.member_id as member_i8_0_, comment0_.posts_id as posts_id9_0_, comment0_.up_comment_id as up_comme7_0_ from comment comment0_
Hibernate: select posts0_.posts_id as posts_id1_5_, posts0_.created_date as created_2_5_, posts0_.modified_date as modified3_5_, posts0_.content as content4_5_, posts0_.description as descript5_5_, posts0_.likes as likes6_5_, posts0_.member_id as member_i9_5_, posts0_.secret as secret7_5_, posts0_.title as title8_5_ from posts posts0_
Hibernate: select member0_.member_id as member_i1_3_, member0_.created_date as created_2_3_, member0_.modified_date as modified3_3_, member0_.email as email4_3_, member0_.email_auth as email_au5_3_, member0_.name as name6_3_, member0_.picture as picture7_3_, member0_.role as role8_3_, member0_.short_bio as short_bi9_3_, member0_.username as usernam10_3_ from member member0_
2022-12-04 20:22:07.986  INFO 6608 --- [    Test worker] o.s.t.c.transaction.TransactionContext   : Rolled back transaction for test: [DefaultTestContext@149b14f6 testClass = CommentApiControllerTest, testInstance = com.azurealstn.alog.controller.api.comment.CommentApiControllerTest@4f3891db, testMethod = create_comment@CommentApiControllerTest, testException = [null], mergedContextConfiguration = [WebMergedContextConfiguration@6bce1a7f testClass = CommentApiControllerTest, locations = '{}', classes = '{class com.azurealstn.alog.AlogApplication}', contextInitializerClasses = '[]', activeProfiles = '{}', propertySourceLocations = '{}', propertySourceProperties = '{org.springframework.boot.test.context.SpringBootTestContextBootstrapper=true, server.port=0}', contextCustomizers = set[org.springframework.boot.test.autoconfigure.actuate.metrics.MetricsExportContextCustomizerFactory$DisableMetricExportContextCustomizer@59d2103b, org.springframework.boot.test.autoconfigure.properties.PropertyMappingContextCustomizer@0, org.springframework.boot.test.autoconfigure.web.servlet.WebDriverContextCustomizerFactory$Customizer@72a85671, org.springframework.boot.test.context.filter.ExcludeFilterContextCustomizer@4ae33a11, org.springframework.boot.test.json.DuplicateJsonObjectContextCustomizerFactory$DuplicateJsonObjectContextCustomizer@6d0b5baf, org.springframework.boot.test.mock.mockito.MockitoContextCustomizer@0, org.springframework.boot.test.web.client.TestRestTemplateContextCustomizer@5b58ed3c, org.springframework.boot.test.context.SpringBootTestArgs@1, org.springframework.boot.test.context.SpringBootTestWebEnvironment@48d61b48], resourceBasePath = 'src/main/webapp', contextLoader = 'org.springframework.boot.test.context.SpringBootContextLoader', parent = [null]], attributes = map['org.springframework.test.context.web.ServletTestExecutionListener.activateListener' -> false, 'org.springframework.test.context.event.ApplicationEventsTestExecutionListener.recordApplicationEvents' -> false]]
2022-12-04 20:22:07.986  INFO 6608 --- [    Test worker] o.s.t.c.transaction.TransactionContext   : Began transaction (1) for test context [DefaultTestContext@149b14f6 testClass = CommentApiControllerTest, testInstance = com.azurealstn.alog.controller.api.comment.CommentApiControllerTest@758836f6, testMethod = delete_comment_api@CommentApiControllerTest, testException = [null], mergedContextConfiguration = [WebMergedContextConfiguration@6bce1a7f testClass = CommentApiControllerTest, locations = '{}', classes = '{class com.azurealstn.alog.AlogApplication}', contextInitializerClasses = '[]', activeProfiles = '{}', propertySourceLocations = '{}', propertySourceProperties = '{org.springframework.boot.test.context.SpringBootTestContextBootstrapper=true, server.port=0}', contextCustomizers = set[org.springframework.boot.test.autoconfigure.actuate.metrics.MetricsExportContextCustomizerFactory$DisableMetricExportContextCustomizer@59d2103b, org.springframework.boot.test.autoconfigure.properties.PropertyMappingContextCustomizer@0, org.springframework.boot.test.autoconfigure.web.servlet.WebDriverContextCustomizerFactory$Customizer@72a85671, org.springframework.boot.test.context.filter.ExcludeFilterContextCustomizer@4ae33a11, org.springframework.boot.test.json.DuplicateJsonObjectContextCustomizerFactory$DuplicateJsonObjectContextCustomizer@6d0b5baf, org.springframework.boot.test.mock.mockito.MockitoContextCustomizer@0, org.springframework.boot.test.web.client.TestRestTemplateContextCustomizer@5b58ed3c, org.springframework.boot.test.context.SpringBootTestArgs@1, org.springframework.boot.test.context.SpringBootTestWebEnvironment@48d61b48], resourceBasePath = 'src/main/webapp', contextLoader = 'org.springframework.boot.test.context.SpringBootContextLoader', parent = [null]], attributes = map['org.springframework.test.context.web.ServletTestExecutionListener.activateListener' -> false, 'org.springframework.test.context.event.ApplicationEventsTestExecutionListener.recordApplicationEvents' -> false]]; transaction manager [org.springframework.orm.jpa.JpaTransactionManager@37884b27]; rollback [true]
2022-12-04 20:22:07.986  INFO 6608 --- [    Test worker] o.a.c.c.C.[Tomcat].[localhost].[/]       : Initializing Spring TestDispatcherServlet ''
2022-12-04 20:22:07.986  INFO 6608 --- [    Test worker] o.s.t.web.servlet.TestDispatcherServlet  : Initializing Servlet ''
2022-12-04 20:22:07.986  INFO 6608 --- [    Test worker] o.s.t.web.servlet.TestDispatcherServlet  : Completed initialization in 0 ms
Hibernate: select comment0_.comment_id as comment_1_0_, comment0_.created_date as created_2_0_, comment0_.modified_date as modified3_0_, comment0_.content as content4_0_, comment0_.is_comment_me as is_comme5_0_, comment0_.level as level6_0_, comment0_.member_id as member_i8_0_, comment0_.posts_id as posts_id9_0_, comment0_.up_comment_id as up_comme7_0_ from comment comment0_
Hibernate: select posts0_.posts_id as posts_id1_5_, posts0_.created_date as created_2_5_, posts0_.modified_date as modified3_5_, posts0_.content as content4_5_, posts0_.description as descript5_5_, posts0_.likes as likes6_5_, posts0_.member_id as member_i9_5_, posts0_.secret as secret7_5_, posts0_.title as title8_5_ from posts posts0_
Hibernate: select member0_.member_id as member_i1_3_, member0_.created_date as created_2_3_, member0_.modified_date as modified3_3_, member0_.email as email4_3_, member0_.email_auth as email_au5_3_, member0_.name as name6_3_, member0_.picture as picture7_3_, member0_.role as role8_3_, member0_.short_bio as short_bi9_3_, member0_.username as usernam10_3_ from member member0_
Hibernate: insert into member (member_id, created_date, modified_date, email, email_auth, name, picture, role, short_bio, username) values (default, ?, ?, ?, ?, ?, ?, ?, ?, ?)
Hibernate: insert into posts (posts_id, created_date, modified_date, content, description, likes, member_id, secret, title) values (default, ?, ?, ?, ?, ?, ?, ?, ?)
Hibernate: insert into comment (comment_id, created_date, modified_date, content, is_comment_me, level, member_id, posts_id, up_comment_id) values (default, ?, ?, ?, ?, ?, ?, ?, ?)
Hibernate: select comment0_.comment_id as comment_1_0_, comment0_.created_date as created_2_0_, comment0_.modified_date as modified3_0_, comment0_.content as content4_0_, comment0_.is_comment_me as is_comme5_0_, comment0_.level as level6_0_, comment0_.member_id as member_i8_0_, comment0_.posts_id as posts_id9_0_, comment0_.up_comment_id as up_comme7_0_ from comment comment0_ where comment0_.level=? and comment0_.up_comment_id=?

MockHttpServletRequest:
      HTTP Method = DELETE
      Request URI = /api/v1/comment/3
       Parameters = {}
          Headers = [Content-Type:"application/json;charset=UTF-8"]
             Body = null
    Session Attrs = {member=SessionMemberDto(id=3, name=슬로우스타터, email=azurealstn@naver.com, picture=test.jpg, username=haha, shortBio=안녕하세요!)}

Handler:
             Type = com.azurealstn.alog.controller.api.comment.CommentApiController
           Method = com.azurealstn.alog.controller.api.comment.CommentApiController#delete(Long)

Async:
    Async started = false
     Async result = null

Resolved Exception:
             Type = null

ModelAndView:
        View name = null
             View = null
            Model = null

FlashMap:
       Attributes = null

MockHttpServletResponse:
           Status = 200
    Error message = null
          Headers = []
     Content type = null
             Body = 
    Forwarded URL = null
   Redirected URL = null
          Cookies = []
Hibernate: delete from comment where comment_id=?
Hibernate: select comment0_.comment_id as comment_1_0_, comment0_.created_date as created_2_0_, comment0_.modified_date as modified3_0_, comment0_.content as content4_0_, comment0_.is_comment_me as is_comme5_0_, comment0_.level as level6_0_, comment0_.member_id as member_i8_0_, comment0_.posts_id as posts_id9_0_, comment0_.up_comment_id as up_comme7_0_ from comment comment0_
Hibernate: select posts0_.posts_id as posts_id1_5_, posts0_.created_date as created_2_5_, posts0_.modified_date as modified3_5_, posts0_.content as content4_5_, posts0_.description as descript5_5_, posts0_.likes as likes6_5_, posts0_.member_id as member_i9_5_, posts0_.secret as secret7_5_, posts0_.title as title8_5_ from posts posts0_
Hibernate: select member0_.member_id as member_i1_3_, member0_.created_date as created_2_3_, member0_.modified_date as modified3_3_, member0_.email as email4_3_, member0_.email_auth as email_au5_3_, member0_.name as name6_3_, member0_.picture as picture7_3_, member0_.role as role8_3_, member0_.short_bio as short_bi9_3_, member0_.username as usernam10_3_ from member member0_
2022-12-04 20:22:08.018  INFO 6608 --- [    Test worker] o.s.t.c.transaction.TransactionContext   : Rolled back transaction for test: [DefaultTestContext@149b14f6 testClass = CommentApiControllerTest, testInstance = com.azurealstn.alog.controller.api.comment.CommentApiControllerTest@758836f6, testMethod = delete_comment_api@CommentApiControllerTest, testException = [null], mergedContextConfiguration = [WebMergedContextConfiguration@6bce1a7f testClass = CommentApiControllerTest, locations = '{}', classes = '{class com.azurealstn.alog.AlogApplication}', contextInitializerClasses = '[]', activeProfiles = '{}', propertySourceLocations = '{}', propertySourceProperties = '{org.springframework.boot.test.context.SpringBootTestContextBootstrapper=true, server.port=0}', contextCustomizers = set[org.springframework.boot.test.autoconfigure.actuate.metrics.MetricsExportContextCustomizerFactory$DisableMetricExportContextCustomizer@59d2103b, org.springframework.boot.test.autoconfigure.properties.PropertyMappingContextCustomizer@0, org.springframework.boot.test.autoconfigure.web.servlet.WebDriverContextCustomizerFactory$Customizer@72a85671, org.springframework.boot.test.context.filter.ExcludeFilterContextCustomizer@4ae33a11, org.springframework.boot.test.json.DuplicateJsonObjectContextCustomizerFactory$DuplicateJsonObjectContextCustomizer@6d0b5baf, org.springframework.boot.test.mock.mockito.MockitoContextCustomizer@0, org.springframework.boot.test.web.client.TestRestTemplateContextCustomizer@5b58ed3c, org.springframework.boot.test.context.SpringBootTestArgs@1, org.springframework.boot.test.context.SpringBootTestWebEnvironment@48d61b48], resourceBasePath = 'src/main/webapp', contextLoader = 'org.springframework.boot.test.context.SpringBootContextLoader', parent = [null]], attributes = map['org.springframework.test.context.web.ServletTestExecutionListener.activateListener' -> false, 'org.springframework.test.context.event.ApplicationEventsTestExecutionListener.recordApplicationEvents' -> false]]
]]></system-out>
  <system-err><![CDATA[]]></system-err>
</testsuite>
