<?xml version="1.0" encoding="UTF-8"?>
<testsuite name="com.azurealstn.alog.controller.api.posts.PostsApiControllerTest" tests="16" skipped="0" failures="0" errors="0" timestamp="2022-12-04T11:02:10" hostname="DESKTOP-4HIAQNR" time="0.566">
  <properties/>
  <testcase name="/posts 게시글 등록시 데이터 검증 내용" classname="com.azurealstn.alog.controller.api.posts.PostsApiControllerTest" time="0.019"/>
  <testcase name="게시글 수정시 DB 수정 실패 데이터 검증 제목" classname="com.azurealstn.alog.controller.api.posts.PostsApiControllerTest" time="0.021"/>
  <testcase name="/api/v1/posts/{postsId} 요청시 글 단건 조회 성공" classname="com.azurealstn.alog.controller.api.posts.PostsApiControllerTest" time="0.026"/>
  <testcase name="/api/v1/posts/{postsId} 요청시 글 단건 조회 실패" classname="com.azurealstn.alog.controller.api.posts.PostsApiControllerTest" time="0.033"/>
  <testcase name="게시글 삭제시 DB 삭제 실패" classname="com.azurealstn.alog.controller.api.posts.PostsApiControllerTest" time="0.05"/>
  <testcase name="글 목록 첫번째 페이지 조회" classname="com.azurealstn.alog.controller.api.posts.PostsApiControllerTest" time="0.074"/>
  <testcase name="글 목록 두번째 페이지 조회" classname="com.azurealstn.alog.controller.api.posts.PostsApiControllerTest" time="0.07"/>
  <testcase name="게시글 수정시 DB 수정 실패 데이터 검증 내용" classname="com.azurealstn.alog.controller.api.posts.PostsApiControllerTest" time="0.015"/>
  <testcase name="회원별로 글 목록" classname="com.azurealstn.alog.controller.api.posts.PostsApiControllerTest" time="0.106"/>
  <testcase name="/posts 게시글 등록시 데이터 검증 제목" classname="com.azurealstn.alog.controller.api.posts.PostsApiControllerTest" time="0.012"/>
  <testcase name="/posts 게시글 등록시 데이터 검증 소개" classname="com.azurealstn.alog.controller.api.posts.PostsApiControllerTest" time="0.012"/>
  <testcase name="게시글 삭제시 DB 삭제" classname="com.azurealstn.alog.controller.api.posts.PostsApiControllerTest" time="0.014"/>
  <testcase name="게시글 수정시 DB 수정 성공" classname="com.azurealstn.alog.controller.api.posts.PostsApiControllerTest" time="0.017"/>
  <testcase name="게시글 수정시 DB 수정 실패" classname="com.azurealstn.alog.controller.api.posts.PostsApiControllerTest" time="0.014"/>
  <testcase name="/posts 게시글 등록시 DB 저장" classname="com.azurealstn.alog.controller.api.posts.PostsApiControllerTest" time="0.016"/>
  <testcase name="?page=1이 아닌 ?page=0으로 요청해도 첫 페이지를 가져온다." classname="com.azurealstn.alog.controller.api.posts.PostsApiControllerTest" time="0.052"/>
  <system-out><![CDATA[2022-12-04 20:02:10.331  INFO 8024 --- [    Test worker] .b.t.c.SpringBootTestContextBootstrapper : Neither @ContextConfiguration nor @ContextHierarchy found for test class [com.azurealstn.alog.controller.api.posts.PostsApiControllerTest], using SpringBootContextLoader
2022-12-04 20:02:10.347  INFO 8024 --- [    Test worker] o.s.t.c.support.AbstractContextLoader    : Could not detect default resource locations for test class [com.azurealstn.alog.controller.api.posts.PostsApiControllerTest]: no resource found for suffixes {-context.xml, Context.groovy}.
2022-12-04 20:02:10.347  INFO 8024 --- [    Test worker] t.c.s.AnnotationConfigContextLoaderUtils : Could not detect default configuration classes for test class [com.azurealstn.alog.controller.api.posts.PostsApiControllerTest]: PostsApiControllerTest does not declare any static, non-private, non-final, nested classes annotated with @Configuration.
2022-12-04 20:02:10.347  INFO 8024 --- [    Test worker] .b.t.c.SpringBootTestContextBootstrapper : Found @SpringBootConfiguration com.azurealstn.alog.AlogApplication for test class com.azurealstn.alog.controller.api.posts.PostsApiControllerTest
2022-12-04 20:02:10.347  INFO 8024 --- [    Test worker] .b.t.c.SpringBootTestContextBootstrapper : Loaded default TestExecutionListener class names from location [META-INF/spring.factories]: [org.springframework.security.test.context.support.WithSecurityContextTestExecutionListener, org.springframework.security.test.context.support.ReactorContextTestExecutionListener, org.springframework.boot.test.autoconfigure.restdocs.RestDocsTestExecutionListener, org.springframework.boot.test.autoconfigure.web.client.MockRestServiceServerResetTestExecutionListener, org.springframework.boot.test.autoconfigure.web.servlet.MockMvcPrintOnlyOnFailureTestExecutionListener, org.springframework.boot.test.autoconfigure.web.servlet.WebDriverTestExecutionListener, org.springframework.boot.test.autoconfigure.webservices.client.MockWebServiceServerTestExecutionListener, org.springframework.boot.test.mock.mockito.MockitoTestExecutionListener, org.springframework.boot.test.mock.mockito.ResetMocksTestExecutionListener, org.springframework.test.context.web.ServletTestExecutionListener, org.springframework.test.context.support.DirtiesContextBeforeModesTestExecutionListener, org.springframework.test.context.event.ApplicationEventsTestExecutionListener, org.springframework.test.context.support.DependencyInjectionTestExecutionListener, org.springframework.test.context.support.DirtiesContextTestExecutionListener, org.springframework.test.context.transaction.TransactionalTestExecutionListener, org.springframework.test.context.jdbc.SqlScriptsTestExecutionListener, org.springframework.test.context.event.EventPublishingTestExecutionListener]
2022-12-04 20:02:10.347  INFO 8024 --- [    Test worker] .b.t.c.SpringBootTestContextBootstrapper : Using TestExecutionListeners: [org.springframework.test.context.web.ServletTestExecutionListener@5a524a19, org.springframework.test.context.support.DirtiesContextBeforeModesTestExecutionListener@60e9bda0, org.springframework.test.context.event.ApplicationEventsTestExecutionListener@13a4e21, org.springframework.boot.test.mock.mockito.MockitoTestExecutionListener@317e9159, org.springframework.boot.test.autoconfigure.SpringBootDependencyInjectionTestExecutionListener@79b417ed, org.springframework.test.context.support.DirtiesContextTestExecutionListener@549db1c6, org.springframework.test.context.transaction.TransactionalTestExecutionListener@785a632, org.springframework.test.context.jdbc.SqlScriptsTestExecutionListener@42b41bc2, org.springframework.security.test.context.support.WithSecurityContextTestExecutionListener@1be66706, org.springframework.test.context.event.EventPublishingTestExecutionListener@22ccf63d, org.springframework.security.test.context.support.ReactorContextTestExecutionListener@8d27060, org.springframework.boot.test.autoconfigure.restdocs.RestDocsTestExecutionListener@6a5a00b3, org.springframework.boot.test.autoconfigure.web.client.MockRestServiceServerResetTestExecutionListener@42ac84a9, org.springframework.boot.test.autoconfigure.web.servlet.MockMvcPrintOnlyOnFailureTestExecutionListener@794efdf, org.springframework.boot.test.autoconfigure.web.servlet.WebDriverTestExecutionListener@1cdece3d, org.springframework.boot.test.autoconfigure.webservices.client.MockWebServiceServerTestExecutionListener@263b0a8d, org.springframework.boot.test.mock.mockito.ResetMocksTestExecutionListener@945b2f]
2022-12-04 20:02:10.347  INFO 8024 --- [    Test worker] o.s.t.c.transaction.TransactionContext   : Began transaction (1) for test context [DefaultTestContext@351b70c1 testClass = PostsApiControllerTest, testInstance = com.azurealstn.alog.controller.api.posts.PostsApiControllerTest@9fcca41, testMethod = posts_create_api_validate_content@PostsApiControllerTest, testException = [null], mergedContextConfiguration = [WebMergedContextConfiguration@3b82fb7 testClass = PostsApiControllerTest, locations = '{}', classes = '{class com.azurealstn.alog.AlogApplication}', contextInitializerClasses = '[]', activeProfiles = '{}', propertySourceLocations = '{}', propertySourceProperties = '{org.springframework.boot.test.context.SpringBootTestContextBootstrapper=true, server.port=0}', contextCustomizers = set[org.springframework.boot.test.autoconfigure.actuate.metrics.MetricsExportContextCustomizerFactory$DisableMetricExportContextCustomizer@39dcf4b0, org.springframework.boot.test.autoconfigure.properties.PropertyMappingContextCustomizer@0, org.springframework.boot.test.autoconfigure.web.servlet.WebDriverContextCustomizerFactory$Customizer@6722db6e, org.springframework.boot.test.context.filter.ExcludeFilterContextCustomizer@7a48e6e2, org.springframework.boot.test.json.DuplicateJsonObjectContextCustomizerFactory$DuplicateJsonObjectContextCustomizer@631e06ab, org.springframework.boot.test.mock.mockito.MockitoContextCustomizer@0, org.springframework.boot.test.web.client.TestRestTemplateContextCustomizer@24faea88, org.springframework.boot.test.context.SpringBootTestArgs@1, org.springframework.boot.test.context.SpringBootTestWebEnvironment@68d279ec], resourceBasePath = 'src/main/webapp', contextLoader = 'org.springframework.boot.test.context.SpringBootContextLoader', parent = [null]], attributes = map['org.springframework.test.context.web.ServletTestExecutionListener.activateListener' -> false, 'org.springframework.test.context.event.ApplicationEventsTestExecutionListener.recordApplicationEvents' -> false]]; transaction manager [org.springframework.orm.jpa.JpaTransactionManager@74a8d26c]; rollback [true]
2022-12-04 20:02:10.347  INFO 8024 --- [    Test worker] o.a.c.c.C.[Tomcat].[localhost].[/]       : Initializing Spring TestDispatcherServlet ''
2022-12-04 20:02:10.347  INFO 8024 --- [    Test worker] o.s.t.web.servlet.TestDispatcherServlet  : Initializing Servlet ''
2022-12-04 20:02:10.347  INFO 8024 --- [    Test worker] o.s.t.web.servlet.TestDispatcherServlet  : Completed initialization in 0 ms
Hibernate: select posts0_.posts_id as posts_id1_5_, posts0_.created_date as created_2_5_, posts0_.modified_date as modified3_5_, posts0_.content as content4_5_, posts0_.description as descript5_5_, posts0_.likes as likes6_5_, posts0_.member_id as member_i9_5_, posts0_.secret as secret7_5_, posts0_.title as title8_5_ from posts posts0_
Hibernate: select member0_.member_id as member_i1_3_, member0_.created_date as created_2_3_, member0_.modified_date as modified3_3_, member0_.email as email4_3_, member0_.email_auth as email_au5_3_, member0_.name as name6_3_, member0_.picture as picture7_3_, member0_.role as role8_3_, member0_.short_bio as short_bi9_3_, member0_.username as usernam10_3_ from member member0_
Hibernate: insert into member (member_id, created_date, modified_date, email, email_auth, name, picture, role, short_bio, username) values (default, ?, ?, ?, ?, ?, ?, ?, ?, ?)

MockHttpServletRequest:
      HTTP Method = POST
      Request URI = /api/v1/posts
       Parameters = {}
          Headers = [Content-Type:"application/json;charset=UTF-8", Content-Length:"374"]
             Body = {"title":"안녕하세요","content":"","member":{"createdDate":"2022-12-04T20:02:10.3470255","modifiedDate":"2022-12-04T20:02:10.3470255","id":167,"email":"azurealstn@naver.com","name":"슬로우스타터","picture":"test.jpg","role":"MEMBER","emailAuth":true,"username":"haha","shortBio":"안녕하세요!","roleKey":"ROLE_MEMBER"},"description":"소개글","secret":null}
    Session Attrs = {member=SessionMemberDto(id=167, name=슬로우스타터, email=azurealstn@naver.com, picture=test.jpg, username=haha, shortBio=안녕하세요!)}

Handler:
             Type = com.azurealstn.alog.controller.api.posts.PostsApiController
           Method = com.azurealstn.alog.controller.api.posts.PostsApiController#create(PostsCreateRequestDto)

Async:
    Async started = false
     Async result = null

Resolved Exception:
             Type = org.springframework.web.bind.MethodArgumentNotValidException

ModelAndView:
        View name = null
             View = null
            Model = null

FlashMap:
       Attributes = null

MockHttpServletResponse:
           Status = 400
    Error message = null
          Headers = [Content-Type:"application/json;charset=UTF-8"]
     Content type = application/json;charset=UTF-8
             Body = {"code":"400","message":"클라이언트의 잘못된 요청이 있습니다. (application/json)","validation":[{"fieldName":"content","errorMessage":"내용이 비어있습니다."}]}
    Forwarded URL = null
   Redirected URL = null
          Cookies = []
Hibernate: select posts0_.posts_id as posts_id1_5_, posts0_.created_date as created_2_5_, posts0_.modified_date as modified3_5_, posts0_.content as content4_5_, posts0_.description as descript5_5_, posts0_.likes as likes6_5_, posts0_.member_id as member_i9_5_, posts0_.secret as secret7_5_, posts0_.title as title8_5_ from posts posts0_
Hibernate: select member0_.member_id as member_i1_3_, member0_.created_date as created_2_3_, member0_.modified_date as modified3_3_, member0_.email as email4_3_, member0_.email_auth as email_au5_3_, member0_.name as name6_3_, member0_.picture as picture7_3_, member0_.role as role8_3_, member0_.short_bio as short_bi9_3_, member0_.username as usernam10_3_ from member member0_
2022-12-04 20:02:10.362  INFO 8024 --- [    Test worker] o.s.t.c.transaction.TransactionContext   : Rolled back transaction for test: [DefaultTestContext@351b70c1 testClass = PostsApiControllerTest, testInstance = com.azurealstn.alog.controller.api.posts.PostsApiControllerTest@9fcca41, testMethod = posts_create_api_validate_content@PostsApiControllerTest, testException = [null], mergedContextConfiguration = [WebMergedContextConfiguration@3b82fb7 testClass = PostsApiControllerTest, locations = '{}', classes = '{class com.azurealstn.alog.AlogApplication}', contextInitializerClasses = '[]', activeProfiles = '{}', propertySourceLocations = '{}', propertySourceProperties = '{org.springframework.boot.test.context.SpringBootTestContextBootstrapper=true, server.port=0}', contextCustomizers = set[org.springframework.boot.test.autoconfigure.actuate.metrics.MetricsExportContextCustomizerFactory$DisableMetricExportContextCustomizer@39dcf4b0, org.springframework.boot.test.autoconfigure.properties.PropertyMappingContextCustomizer@0, org.springframework.boot.test.autoconfigure.web.servlet.WebDriverContextCustomizerFactory$Customizer@6722db6e, org.springframework.boot.test.context.filter.ExcludeFilterContextCustomizer@7a48e6e2, org.springframework.boot.test.json.DuplicateJsonObjectContextCustomizerFactory$DuplicateJsonObjectContextCustomizer@631e06ab, org.springframework.boot.test.mock.mockito.MockitoContextCustomizer@0, org.springframework.boot.test.web.client.TestRestTemplateContextCustomizer@24faea88, org.springframework.boot.test.context.SpringBootTestArgs@1, org.springframework.boot.test.context.SpringBootTestWebEnvironment@68d279ec], resourceBasePath = 'src/main/webapp', contextLoader = 'org.springframework.boot.test.context.SpringBootContextLoader', parent = [null]], attributes = map['org.springframework.test.context.web.ServletTestExecutionListener.activateListener' -> false, 'org.springframework.test.context.event.ApplicationEventsTestExecutionListener.recordApplicationEvents' -> false]]
2022-12-04 20:02:10.362  INFO 8024 --- [    Test worker] o.s.t.c.transaction.TransactionContext   : Began transaction (1) for test context [DefaultTestContext@351b70c1 testClass = PostsApiControllerTest, testInstance = com.azurealstn.alog.controller.api.posts.PostsApiControllerTest@56ec941b, testMethod = modify_posts_api_x_title@PostsApiControllerTest, testException = [null], mergedContextConfiguration = [WebMergedContextConfiguration@3b82fb7 testClass = PostsApiControllerTest, locations = '{}', classes = '{class com.azurealstn.alog.AlogApplication}', contextInitializerClasses = '[]', activeProfiles = '{}', propertySourceLocations = '{}', propertySourceProperties = '{org.springframework.boot.test.context.SpringBootTestContextBootstrapper=true, server.port=0}', contextCustomizers = set[org.springframework.boot.test.autoconfigure.actuate.metrics.MetricsExportContextCustomizerFactory$DisableMetricExportContextCustomizer@39dcf4b0, org.springframework.boot.test.autoconfigure.properties.PropertyMappingContextCustomizer@0, org.springframework.boot.test.autoconfigure.web.servlet.WebDriverContextCustomizerFactory$Customizer@6722db6e, org.springframework.boot.test.context.filter.ExcludeFilterContextCustomizer@7a48e6e2, org.springframework.boot.test.json.DuplicateJsonObjectContextCustomizerFactory$DuplicateJsonObjectContextCustomizer@631e06ab, org.springframework.boot.test.mock.mockito.MockitoContextCustomizer@0, org.springframework.boot.test.web.client.TestRestTemplateContextCustomizer@24faea88, org.springframework.boot.test.context.SpringBootTestArgs@1, org.springframework.boot.test.context.SpringBootTestWebEnvironment@68d279ec], resourceBasePath = 'src/main/webapp', contextLoader = 'org.springframework.boot.test.context.SpringBootContextLoader', parent = [null]], attributes = map['org.springframework.test.context.web.ServletTestExecutionListener.activateListener' -> false, 'org.springframework.test.context.event.ApplicationEventsTestExecutionListener.recordApplicationEvents' -> false]]; transaction manager [org.springframework.orm.jpa.JpaTransactionManager@74a8d26c]; rollback [true]
2022-12-04 20:02:10.362  INFO 8024 --- [    Test worker] o.a.c.c.C.[Tomcat].[localhost].[/]       : Initializing Spring TestDispatcherServlet ''
2022-12-04 20:02:10.362  INFO 8024 --- [    Test worker] o.s.t.web.servlet.TestDispatcherServlet  : Initializing Servlet ''
2022-12-04 20:02:10.362  INFO 8024 --- [    Test worker] o.s.t.web.servlet.TestDispatcherServlet  : Completed initialization in 0 ms
Hibernate: select posts0_.posts_id as posts_id1_5_, posts0_.created_date as created_2_5_, posts0_.modified_date as modified3_5_, posts0_.content as content4_5_, posts0_.description as descript5_5_, posts0_.likes as likes6_5_, posts0_.member_id as member_i9_5_, posts0_.secret as secret7_5_, posts0_.title as title8_5_ from posts posts0_
Hibernate: select member0_.member_id as member_i1_3_, member0_.created_date as created_2_3_, member0_.modified_date as modified3_3_, member0_.email as email4_3_, member0_.email_auth as email_au5_3_, member0_.name as name6_3_, member0_.picture as picture7_3_, member0_.role as role8_3_, member0_.short_bio as short_bi9_3_, member0_.username as usernam10_3_ from member member0_
Hibernate: insert into member (member_id, created_date, modified_date, email, email_auth, name, picture, role, short_bio, username) values (default, ?, ?, ?, ?, ?, ?, ?, ?, ?)
Hibernate: insert into posts (posts_id, created_date, modified_date, content, description, likes, member_id, secret, title) values (default, ?, ?, ?, ?, ?, ?, ?, ?)

MockHttpServletRequest:
      HTTP Method = PUT
      Request URI = /api/v1/posts/229
       Parameters = {}
          Headers = [Content-Type:"application/json;charset=UTF-8", Content-Length:"95"]
             Body = {"title":"    ","content":"내용입니다.","description":"소개글입니다.","secret":null}
    Session Attrs = {member=SessionMemberDto(id=168, name=슬로우스타터, email=azurealstn@naver.com, picture=test.jpg, username=haha, shortBio=안녕하세요!)}

Handler:
             Type = com.azurealstn.alog.controller.api.posts.PostsApiController
           Method = com.azurealstn.alog.controller.api.posts.PostsApiController#modify(Long, PostsModifyRequestDto)

Async:
    Async started = false
     Async result = null

Resolved Exception:
             Type = org.springframework.web.bind.MethodArgumentNotValidException

ModelAndView:
        View name = null
             View = null
            Model = null

FlashMap:
       Attributes = null

MockHttpServletResponse:
           Status = 400
    Error message = null
          Headers = [Content-Type:"application/json;charset=UTF-8"]
     Content type = application/json;charset=UTF-8
             Body = {"code":"400","message":"클라이언트의 잘못된 요청이 있습니다. (application/json)","validation":[{"fieldName":"title","errorMessage":"제목이 비어있습니다."}]}
    Forwarded URL = null
   Redirected URL = null
          Cookies = []
Hibernate: select posts0_.posts_id as posts_id1_5_, posts0_.created_date as created_2_5_, posts0_.modified_date as modified3_5_, posts0_.content as content4_5_, posts0_.description as descript5_5_, posts0_.likes as likes6_5_, posts0_.member_id as member_i9_5_, posts0_.secret as secret7_5_, posts0_.title as title8_5_ from posts posts0_
Hibernate: select member0_.member_id as member_i1_3_, member0_.created_date as created_2_3_, member0_.modified_date as modified3_3_, member0_.email as email4_3_, member0_.email_auth as email_au5_3_, member0_.name as name6_3_, member0_.picture as picture7_3_, member0_.role as role8_3_, member0_.short_bio as short_bi9_3_, member0_.username as usernam10_3_ from member member0_
2022-12-04 20:02:10.378  INFO 8024 --- [    Test worker] o.s.t.c.transaction.TransactionContext   : Rolled back transaction for test: [DefaultTestContext@351b70c1 testClass = PostsApiControllerTest, testInstance = com.azurealstn.alog.controller.api.posts.PostsApiControllerTest@56ec941b, testMethod = modify_posts_api_x_title@PostsApiControllerTest, testException = [null], mergedContextConfiguration = [WebMergedContextConfiguration@3b82fb7 testClass = PostsApiControllerTest, locations = '{}', classes = '{class com.azurealstn.alog.AlogApplication}', contextInitializerClasses = '[]', activeProfiles = '{}', propertySourceLocations = '{}', propertySourceProperties = '{org.springframework.boot.test.context.SpringBootTestContextBootstrapper=true, server.port=0}', contextCustomizers = set[org.springframework.boot.test.autoconfigure.actuate.metrics.MetricsExportContextCustomizerFactory$DisableMetricExportContextCustomizer@39dcf4b0, org.springframework.boot.test.autoconfigure.properties.PropertyMappingContextCustomizer@0, org.springframework.boot.test.autoconfigure.web.servlet.WebDriverContextCustomizerFactory$Customizer@6722db6e, org.springframework.boot.test.context.filter.ExcludeFilterContextCustomizer@7a48e6e2, org.springframework.boot.test.json.DuplicateJsonObjectContextCustomizerFactory$DuplicateJsonObjectContextCustomizer@631e06ab, org.springframework.boot.test.mock.mockito.MockitoContextCustomizer@0, org.springframework.boot.test.web.client.TestRestTemplateContextCustomizer@24faea88, org.springframework.boot.test.context.SpringBootTestArgs@1, org.springframework.boot.test.context.SpringBootTestWebEnvironment@68d279ec], resourceBasePath = 'src/main/webapp', contextLoader = 'org.springframework.boot.test.context.SpringBootContextLoader', parent = [null]], attributes = map['org.springframework.test.context.web.ServletTestExecutionListener.activateListener' -> false, 'org.springframework.test.context.event.ApplicationEventsTestExecutionListener.recordApplicationEvents' -> false]]
2022-12-04 20:02:10.393  INFO 8024 --- [    Test worker] o.s.t.c.transaction.TransactionContext   : Began transaction (1) for test context [DefaultTestContext@351b70c1 testClass = PostsApiControllerTest, testInstance = com.azurealstn.alog.controller.api.posts.PostsApiControllerTest@716be52c, testMethod = select_posts_o@PostsApiControllerTest, testException = [null], mergedContextConfiguration = [WebMergedContextConfiguration@3b82fb7 testClass = PostsApiControllerTest, locations = '{}', classes = '{class com.azurealstn.alog.AlogApplication}', contextInitializerClasses = '[]', activeProfiles = '{}', propertySourceLocations = '{}', propertySourceProperties = '{org.springframework.boot.test.context.SpringBootTestContextBootstrapper=true, server.port=0}', contextCustomizers = set[org.springframework.boot.test.autoconfigure.actuate.metrics.MetricsExportContextCustomizerFactory$DisableMetricExportContextCustomizer@39dcf4b0, org.springframework.boot.test.autoconfigure.properties.PropertyMappingContextCustomizer@0, org.springframework.boot.test.autoconfigure.web.servlet.WebDriverContextCustomizerFactory$Customizer@6722db6e, org.springframework.boot.test.context.filter.ExcludeFilterContextCustomizer@7a48e6e2, org.springframework.boot.test.json.DuplicateJsonObjectContextCustomizerFactory$DuplicateJsonObjectContextCustomizer@631e06ab, org.springframework.boot.test.mock.mockito.MockitoContextCustomizer@0, org.springframework.boot.test.web.client.TestRestTemplateContextCustomizer@24faea88, org.springframework.boot.test.context.SpringBootTestArgs@1, org.springframework.boot.test.context.SpringBootTestWebEnvironment@68d279ec], resourceBasePath = 'src/main/webapp', contextLoader = 'org.springframework.boot.test.context.SpringBootContextLoader', parent = [null]], attributes = map['org.springframework.test.context.web.ServletTestExecutionListener.activateListener' -> false, 'org.springframework.test.context.event.ApplicationEventsTestExecutionListener.recordApplicationEvents' -> false]]; transaction manager [org.springframework.orm.jpa.JpaTransactionManager@74a8d26c]; rollback [true]
2022-12-04 20:02:10.393  INFO 8024 --- [    Test worker] o.a.c.c.C.[Tomcat].[localhost].[/]       : Initializing Spring TestDispatcherServlet ''
2022-12-04 20:02:10.393  INFO 8024 --- [    Test worker] o.s.t.web.servlet.TestDispatcherServlet  : Initializing Servlet ''
2022-12-04 20:02:10.393  INFO 8024 --- [    Test worker] o.s.t.web.servlet.TestDispatcherServlet  : Completed initialization in 0 ms
Hibernate: select posts0_.posts_id as posts_id1_5_, posts0_.created_date as created_2_5_, posts0_.modified_date as modified3_5_, posts0_.content as content4_5_, posts0_.description as descript5_5_, posts0_.likes as likes6_5_, posts0_.member_id as member_i9_5_, posts0_.secret as secret7_5_, posts0_.title as title8_5_ from posts posts0_
Hibernate: select member0_.member_id as member_i1_3_, member0_.created_date as created_2_3_, member0_.modified_date as modified3_3_, member0_.email as email4_3_, member0_.email_auth as email_au5_3_, member0_.name as name6_3_, member0_.picture as picture7_3_, member0_.role as role8_3_, member0_.short_bio as short_bi9_3_, member0_.username as usernam10_3_ from member member0_
Hibernate: insert into member (member_id, created_date, modified_date, email, email_auth, name, picture, role, short_bio, username) values (default, ?, ?, ?, ?, ?, ?, ?, ?, ?)
Hibernate: insert into posts (posts_id, created_date, modified_date, content, description, likes, member_id, secret, title) values (default, ?, ?, ?, ?, ?, ?, ?, ?)

MockHttpServletRequest:
      HTTP Method = GET
      Request URI = /api/v1/auth/posts-data/230
       Parameters = {}
          Headers = [Content-Type:"application/json;charset=UTF-8"]
             Body = null
    Session Attrs = {member=SessionMemberDto(id=169, name=슬로우스타터, email=azurealstn@naver.com, picture=test.jpg, username=haha, shortBio=안녕하세요!)}

Handler:
             Type = com.azurealstn.alog.controller.api.posts.PostsApiController
           Method = com.azurealstn.alog.controller.api.posts.PostsApiController#findById(Long)

Async:
    Async started = false
     Async result = null

Resolved Exception:
             Type = null

ModelAndView:
        View name = null
             View = null
            Model = null

FlashMap:
       Attributes = null

MockHttpServletResponse:
           Status = 200
    Error message = null
          Headers = [Content-Type:"application/json;charset=UTF-8"]
     Content type = application/json;charset=UTF-8
             Body = {"id":230,"title":"foo","content":"bar","member":{"createdDate":"2022-12-04T20:02:10.393904","modifiedDate":"2022-12-04T20:02:10.393904","id":169,"email":"azurealstn@naver.com","name":"슬로우스타터","picture":"test.jpg","role":"MEMBER","emailAuth":true,"username":"haha","shortBio":"안녕하세요!","roleKey":"ROLE_MEMBER"},"description":"소개글","secret":null,"previousTime":"2022년 12월 4일","hashTagNames":[],"likeCount":0,"commentCount":0,"storeFilename":null,"totalRowCount":0,"imageUrl":null}
    Forwarded URL = null
   Redirected URL = null
          Cookies = []
Hibernate: select posts0_.posts_id as posts_id1_5_, posts0_.created_date as created_2_5_, posts0_.modified_date as modified3_5_, posts0_.content as content4_5_, posts0_.description as descript5_5_, posts0_.likes as likes6_5_, posts0_.member_id as member_i9_5_, posts0_.secret as secret7_5_, posts0_.title as title8_5_ from posts posts0_
Hibernate: select member0_.member_id as member_i1_3_, member0_.created_date as created_2_3_, member0_.modified_date as modified3_3_, member0_.email as email4_3_, member0_.email_auth as email_au5_3_, member0_.name as name6_3_, member0_.picture as picture7_3_, member0_.role as role8_3_, member0_.short_bio as short_bi9_3_, member0_.username as usernam10_3_ from member member0_
2022-12-04 20:02:10.409  INFO 8024 --- [    Test worker] o.s.t.c.transaction.TransactionContext   : Rolled back transaction for test: [DefaultTestContext@351b70c1 testClass = PostsApiControllerTest, testInstance = com.azurealstn.alog.controller.api.posts.PostsApiControllerTest@716be52c, testMethod = select_posts_o@PostsApiControllerTest, testException = [null], mergedContextConfiguration = [WebMergedContextConfiguration@3b82fb7 testClass = PostsApiControllerTest, locations = '{}', classes = '{class com.azurealstn.alog.AlogApplication}', contextInitializerClasses = '[]', activeProfiles = '{}', propertySourceLocations = '{}', propertySourceProperties = '{org.springframework.boot.test.context.SpringBootTestContextBootstrapper=true, server.port=0}', contextCustomizers = set[org.springframework.boot.test.autoconfigure.actuate.metrics.MetricsExportContextCustomizerFactory$DisableMetricExportContextCustomizer@39dcf4b0, org.springframework.boot.test.autoconfigure.properties.PropertyMappingContextCustomizer@0, org.springframework.boot.test.autoconfigure.web.servlet.WebDriverContextCustomizerFactory$Customizer@6722db6e, org.springframework.boot.test.context.filter.ExcludeFilterContextCustomizer@7a48e6e2, org.springframework.boot.test.json.DuplicateJsonObjectContextCustomizerFactory$DuplicateJsonObjectContextCustomizer@631e06ab, org.springframework.boot.test.mock.mockito.MockitoContextCustomizer@0, org.springframework.boot.test.web.client.TestRestTemplateContextCustomizer@24faea88, org.springframework.boot.test.context.SpringBootTestArgs@1, org.springframework.boot.test.context.SpringBootTestWebEnvironment@68d279ec], resourceBasePath = 'src/main/webapp', contextLoader = 'org.springframework.boot.test.context.SpringBootContextLoader', parent = [null]], attributes = map['org.springframework.test.context.web.ServletTestExecutionListener.activateListener' -> false, 'org.springframework.test.context.event.ApplicationEventsTestExecutionListener.recordApplicationEvents' -> false]]
2022-12-04 20:02:10.409  INFO 8024 --- [    Test worker] o.s.t.c.transaction.TransactionContext   : Began transaction (1) for test context [DefaultTestContext@351b70c1 testClass = PostsApiControllerTest, testInstance = com.azurealstn.alog.controller.api.posts.PostsApiControllerTest@35b331de, testMethod = select_posts_x@PostsApiControllerTest, testException = [null], mergedContextConfiguration = [WebMergedContextConfiguration@3b82fb7 testClass = PostsApiControllerTest, locations = '{}', classes = '{class com.azurealstn.alog.AlogApplication}', contextInitializerClasses = '[]', activeProfiles = '{}', propertySourceLocations = '{}', propertySourceProperties = '{org.springframework.boot.test.context.SpringBootTestContextBootstrapper=true, server.port=0}', contextCustomizers = set[org.springframework.boot.test.autoconfigure.actuate.metrics.MetricsExportContextCustomizerFactory$DisableMetricExportContextCustomizer@39dcf4b0, org.springframework.boot.test.autoconfigure.properties.PropertyMappingContextCustomizer@0, org.springframework.boot.test.autoconfigure.web.servlet.WebDriverContextCustomizerFactory$Customizer@6722db6e, org.springframework.boot.test.context.filter.ExcludeFilterContextCustomizer@7a48e6e2, org.springframework.boot.test.json.DuplicateJsonObjectContextCustomizerFactory$DuplicateJsonObjectContextCustomizer@631e06ab, org.springframework.boot.test.mock.mockito.MockitoContextCustomizer@0, org.springframework.boot.test.web.client.TestRestTemplateContextCustomizer@24faea88, org.springframework.boot.test.context.SpringBootTestArgs@1, org.springframework.boot.test.context.SpringBootTestWebEnvironment@68d279ec], resourceBasePath = 'src/main/webapp', contextLoader = 'org.springframework.boot.test.context.SpringBootContextLoader', parent = [null]], attributes = map['org.springframework.test.context.web.ServletTestExecutionListener.activateListener' -> false, 'org.springframework.test.context.event.ApplicationEventsTestExecutionListener.recordApplicationEvents' -> false]]; transaction manager [org.springframework.orm.jpa.JpaTransactionManager@74a8d26c]; rollback [true]
2022-12-04 20:02:10.409  INFO 8024 --- [    Test worker] o.a.c.c.C.[Tomcat].[localhost].[/]       : Initializing Spring TestDispatcherServlet ''
2022-12-04 20:02:10.409  INFO 8024 --- [    Test worker] o.s.t.web.servlet.TestDispatcherServlet  : Initializing Servlet ''
2022-12-04 20:02:10.409  INFO 8024 --- [    Test worker] o.s.t.web.servlet.TestDispatcherServlet  : Completed initialization in 0 ms
Hibernate: select posts0_.posts_id as posts_id1_5_, posts0_.created_date as created_2_5_, posts0_.modified_date as modified3_5_, posts0_.content as content4_5_, posts0_.description as descript5_5_, posts0_.likes as likes6_5_, posts0_.member_id as member_i9_5_, posts0_.secret as secret7_5_, posts0_.title as title8_5_ from posts posts0_
Hibernate: select member0_.member_id as member_i1_3_, member0_.created_date as created_2_3_, member0_.modified_date as modified3_3_, member0_.email as email4_3_, member0_.email_auth as email_au5_3_, member0_.name as name6_3_, member0_.picture as picture7_3_, member0_.role as role8_3_, member0_.short_bio as short_bi9_3_, member0_.username as usernam10_3_ from member member0_
Hibernate: insert into member (member_id, created_date, modified_date, email, email_auth, name, picture, role, short_bio, username) values (default, ?, ?, ?, ?, ?, ?, ?, ?, ?)
Hibernate: insert into posts (posts_id, created_date, modified_date, content, description, likes, member_id, secret, title) values (default, ?, ?, ?, ?, ?, ?, ?, ?)
Hibernate: select posts0_.posts_id as posts_id1_5_0_, posts0_.created_date as created_2_5_0_, posts0_.modified_date as modified3_5_0_, posts0_.content as content4_5_0_, posts0_.description as descript5_5_0_, posts0_.likes as likes6_5_0_, posts0_.member_id as member_i9_5_0_, posts0_.secret as secret7_5_0_, posts0_.title as title8_5_0_, member1_.member_id as member_i1_3_1_, member1_.created_date as created_2_3_1_, member1_.modified_date as modified3_3_1_, member1_.email as email4_3_1_, member1_.email_auth as email_au5_3_1_, member1_.name as name6_3_1_, member1_.picture as picture7_3_1_, member1_.role as role8_3_1_, member1_.short_bio as short_bi9_3_1_, member1_.username as usernam10_3_1_ from posts posts0_ left outer join member member1_ on posts0_.member_id=member1_.member_id where posts0_.posts_id=?

MockHttpServletRequest:
      HTTP Method = GET
      Request URI = /api/v1/auth/posts-data/232
       Parameters = {}
          Headers = [Content-Type:"application/json;charset=UTF-8"]
             Body = null
    Session Attrs = {member=SessionMemberDto(id=170, name=슬로우스타터, email=azurealstn@naver.com, picture=test.jpg, username=haha, shortBio=안녕하세요!)}

Handler:
             Type = com.azurealstn.alog.controller.api.posts.PostsApiController
           Method = com.azurealstn.alog.controller.api.posts.PostsApiController#findById(Long)

Async:
    Async started = false
     Async result = null

Resolved Exception:
             Type = com.azurealstn.alog.Infra.exception.posts.PostsNotFound

ModelAndView:
        View name = null
             View = null
            Model = null

FlashMap:
       Attributes = null

MockHttpServletResponse:
           Status = 404
    Error message = null
          Headers = [Content-Type:"application/json;charset=UTF-8"]
     Content type = application/json;charset=UTF-8
             Body = {"code":"404","message":"해당 글이 없습니다.","validation":[]}
    Forwarded URL = null
   Redirected URL = null
          Cookies = []
Hibernate: select posts0_.posts_id as posts_id1_5_, posts0_.created_date as created_2_5_, posts0_.modified_date as modified3_5_, posts0_.content as content4_5_, posts0_.description as descript5_5_, posts0_.likes as likes6_5_, posts0_.member_id as member_i9_5_, posts0_.secret as secret7_5_, posts0_.title as title8_5_ from posts posts0_
Hibernate: select member0_.member_id as member_i1_3_, member0_.created_date as created_2_3_, member0_.modified_date as modified3_3_, member0_.email as email4_3_, member0_.email_auth as email_au5_3_, member0_.name as name6_3_, member0_.picture as picture7_3_, member0_.role as role8_3_, member0_.short_bio as short_bi9_3_, member0_.username as usernam10_3_ from member member0_
2022-12-04 20:02:10.440  INFO 8024 --- [    Test worker] o.s.t.c.transaction.TransactionContext   : Rolled back transaction for test: [DefaultTestContext@351b70c1 testClass = PostsApiControllerTest, testInstance = com.azurealstn.alog.controller.api.posts.PostsApiControllerTest@35b331de, testMethod = select_posts_x@PostsApiControllerTest, testException = [null], mergedContextConfiguration = [WebMergedContextConfiguration@3b82fb7 testClass = PostsApiControllerTest, locations = '{}', classes = '{class com.azurealstn.alog.AlogApplication}', contextInitializerClasses = '[]', activeProfiles = '{}', propertySourceLocations = '{}', propertySourceProperties = '{org.springframework.boot.test.context.SpringBootTestContextBootstrapper=true, server.port=0}', contextCustomizers = set[org.springframework.boot.test.autoconfigure.actuate.metrics.MetricsExportContextCustomizerFactory$DisableMetricExportContextCustomizer@39dcf4b0, org.springframework.boot.test.autoconfigure.properties.PropertyMappingContextCustomizer@0, org.springframework.boot.test.autoconfigure.web.servlet.WebDriverContextCustomizerFactory$Customizer@6722db6e, org.springframework.boot.test.context.filter.ExcludeFilterContextCustomizer@7a48e6e2, org.springframework.boot.test.json.DuplicateJsonObjectContextCustomizerFactory$DuplicateJsonObjectContextCustomizer@631e06ab, org.springframework.boot.test.mock.mockito.MockitoContextCustomizer@0, org.springframework.boot.test.web.client.TestRestTemplateContextCustomizer@24faea88, org.springframework.boot.test.context.SpringBootTestArgs@1, org.springframework.boot.test.context.SpringBootTestWebEnvironment@68d279ec], resourceBasePath = 'src/main/webapp', contextLoader = 'org.springframework.boot.test.context.SpringBootContextLoader', parent = [null]], attributes = map['org.springframework.test.context.web.ServletTestExecutionListener.activateListener' -> false, 'org.springframework.test.context.event.ApplicationEventsTestExecutionListener.recordApplicationEvents' -> false]]
2022-12-04 20:02:10.440  INFO 8024 --- [    Test worker] o.s.t.c.transaction.TransactionContext   : Began transaction (1) for test context [DefaultTestContext@351b70c1 testClass = PostsApiControllerTest, testInstance = com.azurealstn.alog.controller.api.posts.PostsApiControllerTest@6170aa63, testMethod = delete_posts_api_x@PostsApiControllerTest, testException = [null], mergedContextConfiguration = [WebMergedContextConfiguration@3b82fb7 testClass = PostsApiControllerTest, locations = '{}', classes = '{class com.azurealstn.alog.AlogApplication}', contextInitializerClasses = '[]', activeProfiles = '{}', propertySourceLocations = '{}', propertySourceProperties = '{org.springframework.boot.test.context.SpringBootTestContextBootstrapper=true, server.port=0}', contextCustomizers = set[org.springframework.boot.test.autoconfigure.actuate.metrics.MetricsExportContextCustomizerFactory$DisableMetricExportContextCustomizer@39dcf4b0, org.springframework.boot.test.autoconfigure.properties.PropertyMappingContextCustomizer@0, org.springframework.boot.test.autoconfigure.web.servlet.WebDriverContextCustomizerFactory$Customizer@6722db6e, org.springframework.boot.test.context.filter.ExcludeFilterContextCustomizer@7a48e6e2, org.springframework.boot.test.json.DuplicateJsonObjectContextCustomizerFactory$DuplicateJsonObjectContextCustomizer@631e06ab, org.springframework.boot.test.mock.mockito.MockitoContextCustomizer@0, org.springframework.boot.test.web.client.TestRestTemplateContextCustomizer@24faea88, org.springframework.boot.test.context.SpringBootTestArgs@1, org.springframework.boot.test.context.SpringBootTestWebEnvironment@68d279ec], resourceBasePath = 'src/main/webapp', contextLoader = 'org.springframework.boot.test.context.SpringBootContextLoader', parent = [null]], attributes = map['org.springframework.test.context.web.ServletTestExecutionListener.activateListener' -> false, 'org.springframework.test.context.event.ApplicationEventsTestExecutionListener.recordApplicationEvents' -> false]]; transaction manager [org.springframework.orm.jpa.JpaTransactionManager@74a8d26c]; rollback [true]
2022-12-04 20:02:10.456  INFO 8024 --- [    Test worker] o.a.c.c.C.[Tomcat].[localhost].[/]       : Initializing Spring TestDispatcherServlet ''
2022-12-04 20:02:10.456  INFO 8024 --- [    Test worker] o.s.t.web.servlet.TestDispatcherServlet  : Initializing Servlet ''
2022-12-04 20:02:10.456  INFO 8024 --- [    Test worker] o.s.t.web.servlet.TestDispatcherServlet  : Completed initialization in 0 ms
Hibernate: select posts0_.posts_id as posts_id1_5_, posts0_.created_date as created_2_5_, posts0_.modified_date as modified3_5_, posts0_.content as content4_5_, posts0_.description as descript5_5_, posts0_.likes as likes6_5_, posts0_.member_id as member_i9_5_, posts0_.secret as secret7_5_, posts0_.title as title8_5_ from posts posts0_
Hibernate: select member0_.member_id as member_i1_3_, member0_.created_date as created_2_3_, member0_.modified_date as modified3_3_, member0_.email as email4_3_, member0_.email_auth as email_au5_3_, member0_.name as name6_3_, member0_.picture as picture7_3_, member0_.role as role8_3_, member0_.short_bio as short_bi9_3_, member0_.username as usernam10_3_ from member member0_
Hibernate: insert into member (member_id, created_date, modified_date, email, email_auth, name, picture, role, short_bio, username) values (default, ?, ?, ?, ?, ?, ?, ?, ?, ?)
Hibernate: insert into posts (posts_id, created_date, modified_date, content, description, likes, member_id, secret, title) values (default, ?, ?, ?, ?, ?, ?, ?, ?)
Hibernate: select posts0_.posts_id as posts_id1_5_0_, posts0_.created_date as created_2_5_0_, posts0_.modified_date as modified3_5_0_, posts0_.content as content4_5_0_, posts0_.description as descript5_5_0_, posts0_.likes as likes6_5_0_, posts0_.member_id as member_i9_5_0_, posts0_.secret as secret7_5_0_, posts0_.title as title8_5_0_, member1_.member_id as member_i1_3_1_, member1_.created_date as created_2_3_1_, member1_.modified_date as modified3_3_1_, member1_.email as email4_3_1_, member1_.email_auth as email_au5_3_1_, member1_.name as name6_3_1_, member1_.picture as picture7_3_1_, member1_.role as role8_3_1_, member1_.short_bio as short_bi9_3_1_, member1_.username as usernam10_3_1_ from posts posts0_ left outer join member member1_ on posts0_.member_id=member1_.member_id where posts0_.posts_id=?

MockHttpServletRequest:
      HTTP Method = DELETE
      Request URI = /api/v1/posts/233
       Parameters = {}
          Headers = [Content-Type:"application/json;charset=UTF-8"]
             Body = null
    Session Attrs = {member=SessionMemberDto(id=171, name=슬로우스타터, email=azurealstn@naver.com, picture=test.jpg, username=haha, shortBio=안녕하세요!)}

Handler:
             Type = com.azurealstn.alog.controller.api.posts.PostsApiController
           Method = com.azurealstn.alog.controller.api.posts.PostsApiController#posts(Long)

Async:
    Async started = false
     Async result = null

Resolved Exception:
             Type = com.azurealstn.alog.Infra.exception.posts.PostsNotFound

ModelAndView:
        View name = null
             View = null
            Model = null

FlashMap:
       Attributes = null

MockHttpServletResponse:
           Status = 404
    Error message = null
          Headers = [Content-Type:"application/json;charset=UTF-8"]
     Content type = application/json;charset=UTF-8
             Body = {"code":"404","message":"해당 글이 없습니다.","validation":[]}
    Forwarded URL = null
   Redirected URL = null
          Cookies = []
Hibernate: select posts0_.posts_id as posts_id1_5_, posts0_.created_date as created_2_5_, posts0_.modified_date as modified3_5_, posts0_.content as content4_5_, posts0_.description as descript5_5_, posts0_.likes as likes6_5_, posts0_.member_id as member_i9_5_, posts0_.secret as secret7_5_, posts0_.title as title8_5_ from posts posts0_
Hibernate: select member0_.member_id as member_i1_3_, member0_.created_date as created_2_3_, member0_.modified_date as modified3_3_, member0_.email as email4_3_, member0_.email_auth as email_au5_3_, member0_.name as name6_3_, member0_.picture as picture7_3_, member0_.role as role8_3_, member0_.short_bio as short_bi9_3_, member0_.username as usernam10_3_ from member member0_
2022-12-04 20:02:10.503  INFO 8024 --- [    Test worker] o.s.t.c.transaction.TransactionContext   : Rolled back transaction for test: [DefaultTestContext@351b70c1 testClass = PostsApiControllerTest, testInstance = com.azurealstn.alog.controller.api.posts.PostsApiControllerTest@6170aa63, testMethod = delete_posts_api_x@PostsApiControllerTest, testException = [null], mergedContextConfiguration = [WebMergedContextConfiguration@3b82fb7 testClass = PostsApiControllerTest, locations = '{}', classes = '{class com.azurealstn.alog.AlogApplication}', contextInitializerClasses = '[]', activeProfiles = '{}', propertySourceLocations = '{}', propertySourceProperties = '{org.springframework.boot.test.context.SpringBootTestContextBootstrapper=true, server.port=0}', contextCustomizers = set[org.springframework.boot.test.autoconfigure.actuate.metrics.MetricsExportContextCustomizerFactory$DisableMetricExportContextCustomizer@39dcf4b0, org.springframework.boot.test.autoconfigure.properties.PropertyMappingContextCustomizer@0, org.springframework.boot.test.autoconfigure.web.servlet.WebDriverContextCustomizerFactory$Customizer@6722db6e, org.springframework.boot.test.context.filter.ExcludeFilterContextCustomizer@7a48e6e2, org.springframework.boot.test.json.DuplicateJsonObjectContextCustomizerFactory$DuplicateJsonObjectContextCustomizer@631e06ab, org.springframework.boot.test.mock.mockito.MockitoContextCustomizer@0, org.springframework.boot.test.web.client.TestRestTemplateContextCustomizer@24faea88, org.springframework.boot.test.context.SpringBootTestArgs@1, org.springframework.boot.test.context.SpringBootTestWebEnvironment@68d279ec], resourceBasePath = 'src/main/webapp', contextLoader = 'org.springframework.boot.test.context.SpringBootContextLoader', parent = [null]], attributes = map['org.springframework.test.context.web.ServletTestExecutionListener.activateListener' -> false, 'org.springframework.test.context.event.ApplicationEventsTestExecutionListener.recordApplicationEvents' -> false]]
2022-12-04 20:02:10.503  INFO 8024 --- [    Test worker] o.s.t.c.transaction.TransactionContext   : Began transaction (1) for test context [DefaultTestContext@351b70c1 testClass = PostsApiControllerTest, testInstance = com.azurealstn.alog.controller.api.posts.PostsApiControllerTest@274029ca, testMethod = findAll_posts_first_page@PostsApiControllerTest, testException = [null], mergedContextConfiguration = [WebMergedContextConfiguration@3b82fb7 testClass = PostsApiControllerTest, locations = '{}', classes = '{class com.azurealstn.alog.AlogApplication}', contextInitializerClasses = '[]', activeProfiles = '{}', propertySourceLocations = '{}', propertySourceProperties = '{org.springframework.boot.test.context.SpringBootTestContextBootstrapper=true, server.port=0}', contextCustomizers = set[org.springframework.boot.test.autoconfigure.actuate.metrics.MetricsExportContextCustomizerFactory$DisableMetricExportContextCustomizer@39dcf4b0, org.springframework.boot.test.autoconfigure.properties.PropertyMappingContextCustomizer@0, org.springframework.boot.test.autoconfigure.web.servlet.WebDriverContextCustomizerFactory$Customizer@6722db6e, org.springframework.boot.test.context.filter.ExcludeFilterContextCustomizer@7a48e6e2, org.springframework.boot.test.json.DuplicateJsonObjectContextCustomizerFactory$DuplicateJsonObjectContextCustomizer@631e06ab, org.springframework.boot.test.mock.mockito.MockitoContextCustomizer@0, org.springframework.boot.test.web.client.TestRestTemplateContextCustomizer@24faea88, org.springframework.boot.test.context.SpringBootTestArgs@1, org.springframework.boot.test.context.SpringBootTestWebEnvironment@68d279ec], resourceBasePath = 'src/main/webapp', contextLoader = 'org.springframework.boot.test.context.SpringBootContextLoader', parent = [null]], attributes = map['org.springframework.test.context.web.ServletTestExecutionListener.activateListener' -> false, 'org.springframework.test.context.event.ApplicationEventsTestExecutionListener.recordApplicationEvents' -> false]]; transaction manager [org.springframework.orm.jpa.JpaTransactionManager@74a8d26c]; rollback [true]
2022-12-04 20:02:10.503  INFO 8024 --- [    Test worker] o.a.c.c.C.[Tomcat].[localhost].[/]       : Initializing Spring TestDispatcherServlet ''
2022-12-04 20:02:10.503  INFO 8024 --- [    Test worker] o.s.t.web.servlet.TestDispatcherServlet  : Initializing Servlet ''
2022-12-04 20:02:10.503  INFO 8024 --- [    Test worker] o.s.t.web.servlet.TestDispatcherServlet  : Completed initialization in 0 ms
Hibernate: select posts0_.posts_id as posts_id1_5_, posts0_.created_date as created_2_5_, posts0_.modified_date as modified3_5_, posts0_.content as content4_5_, posts0_.description as descript5_5_, posts0_.likes as likes6_5_, posts0_.member_id as member_i9_5_, posts0_.secret as secret7_5_, posts0_.title as title8_5_ from posts posts0_
Hibernate: select member0_.member_id as member_i1_3_, member0_.created_date as created_2_3_, member0_.modified_date as modified3_3_, member0_.email as email4_3_, member0_.email_auth as email_au5_3_, member0_.name as name6_3_, member0_.picture as picture7_3_, member0_.role as role8_3_, member0_.short_bio as short_bi9_3_, member0_.username as usernam10_3_ from member member0_
Hibernate: insert into member (member_id, created_date, modified_date, email, email_auth, name, picture, role, short_bio, username) values (default, ?, ?, ?, ?, ?, ?, ?, ?, ?)
Hibernate: insert into posts (posts_id, created_date, modified_date, content, description, likes, member_id, secret, title) values (default, ?, ?, ?, ?, ?, ?, ?, ?)
Hibernate: insert into posts (posts_id, created_date, modified_date, content, description, likes, member_id, secret, title) values (default, ?, ?, ?, ?, ?, ?, ?, ?)
Hibernate: insert into posts (posts_id, created_date, modified_date, content, description, likes, member_id, secret, title) values (default, ?, ?, ?, ?, ?, ?, ?, ?)
Hibernate: insert into posts (posts_id, created_date, modified_date, content, description, likes, member_id, secret, title) values (default, ?, ?, ?, ?, ?, ?, ?, ?)
Hibernate: insert into posts (posts_id, created_date, modified_date, content, description, likes, member_id, secret, title) values (default, ?, ?, ?, ?, ?, ?, ?, ?)
Hibernate: insert into posts (posts_id, created_date, modified_date, content, description, likes, member_id, secret, title) values (default, ?, ?, ?, ?, ?, ?, ?, ?)
Hibernate: insert into posts (posts_id, created_date, modified_date, content, description, likes, member_id, secret, title) values (default, ?, ?, ?, ?, ?, ?, ?, ?)
Hibernate: insert into posts (posts_id, created_date, modified_date, content, description, likes, member_id, secret, title) values (default, ?, ?, ?, ?, ?, ?, ?, ?)
Hibernate: insert into posts (posts_id, created_date, modified_date, content, description, likes, member_id, secret, title) values (default, ?, ?, ?, ?, ?, ?, ?, ?)
Hibernate: insert into posts (posts_id, created_date, modified_date, content, description, likes, member_id, secret, title) values (default, ?, ?, ?, ?, ?, ?, ?, ?)
Hibernate: insert into posts (posts_id, created_date, modified_date, content, description, likes, member_id, secret, title) values (default, ?, ?, ?, ?, ?, ?, ?, ?)
Hibernate: insert into posts (posts_id, created_date, modified_date, content, description, likes, member_id, secret, title) values (default, ?, ?, ?, ?, ?, ?, ?, ?)
Hibernate: insert into posts (posts_id, created_date, modified_date, content, description, likes, member_id, secret, title) values (default, ?, ?, ?, ?, ?, ?, ?, ?)
Hibernate: insert into posts (posts_id, created_date, modified_date, content, description, likes, member_id, secret, title) values (default, ?, ?, ?, ?, ?, ?, ?, ?)
Hibernate: insert into posts (posts_id, created_date, modified_date, content, description, likes, member_id, secret, title) values (default, ?, ?, ?, ?, ?, ?, ?, ?)
Hibernate: insert into posts (posts_id, created_date, modified_date, content, description, likes, member_id, secret, title) values (default, ?, ?, ?, ?, ?, ?, ?, ?)
Hibernate: insert into posts (posts_id, created_date, modified_date, content, description, likes, member_id, secret, title) values (default, ?, ?, ?, ?, ?, ?, ?, ?)
Hibernate: insert into posts (posts_id, created_date, modified_date, content, description, likes, member_id, secret, title) values (default, ?, ?, ?, ?, ?, ?, ?, ?)
Hibernate: insert into posts (posts_id, created_date, modified_date, content, description, likes, member_id, secret, title) values (default, ?, ?, ?, ?, ?, ?, ?, ?)
Hibernate: insert into posts (posts_id, created_date, modified_date, content, description, likes, member_id, secret, title) values (default, ?, ?, ?, ?, ?, ?, ?, ?)
Hibernate: insert into posts (posts_id, created_date, modified_date, content, description, likes, member_id, secret, title) values (default, ?, ?, ?, ?, ?, ?, ?, ?)
Hibernate: insert into posts (posts_id, created_date, modified_date, content, description, likes, member_id, secret, title) values (default, ?, ?, ?, ?, ?, ?, ?, ?)
Hibernate: insert into posts (posts_id, created_date, modified_date, content, description, likes, member_id, secret, title) values (default, ?, ?, ?, ?, ?, ?, ?, ?)
Hibernate: insert into posts (posts_id, created_date, modified_date, content, description, likes, member_id, secret, title) values (default, ?, ?, ?, ?, ?, ?, ?, ?)
Hibernate: insert into posts (posts_id, created_date, modified_date, content, description, likes, member_id, secret, title) values (default, ?, ?, ?, ?, ?, ?, ?, ?)
Hibernate: insert into posts (posts_id, created_date, modified_date, content, description, likes, member_id, secret, title) values (default, ?, ?, ?, ?, ?, ?, ?, ?)
Hibernate: insert into posts (posts_id, created_date, modified_date, content, description, likes, member_id, secret, title) values (default, ?, ?, ?, ?, ?, ?, ?, ?)
Hibernate: insert into posts (posts_id, created_date, modified_date, content, description, likes, member_id, secret, title) values (default, ?, ?, ?, ?, ?, ?, ?, ?)
Hibernate: insert into posts (posts_id, created_date, modified_date, content, description, likes, member_id, secret, title) values (default, ?, ?, ?, ?, ?, ?, ?, ?)
Hibernate: insert into posts (posts_id, created_date, modified_date, content, description, likes, member_id, secret, title) values (default, ?, ?, ?, ?, ?, ?, ?, ?)
Hibernate: select posts0_.posts_id as posts_id1_5_, posts0_.created_date as created_2_5_, posts0_.modified_date as modified3_5_, posts0_.content as content4_5_, posts0_.description as descript5_5_, posts0_.likes as likes6_5_, posts0_.member_id as member_i9_5_, posts0_.secret as secret7_5_, posts0_.title as title8_5_ from posts posts0_ where posts0_.secret=?
Hibernate: select posts0_.posts_id as posts_id1_5_, posts0_.created_date as created_2_5_, posts0_.modified_date as modified3_5_, posts0_.content as content4_5_, posts0_.description as descript5_5_, posts0_.likes as likes6_5_, posts0_.member_id as member_i9_5_, posts0_.secret as secret7_5_, posts0_.title as title8_5_ from posts posts0_ where posts0_.secret=? order by posts0_.posts_id desc limit ?

MockHttpServletRequest:
      HTTP Method = GET
      Request URI = /api/v1/auth/posts
       Parameters = {page=[1], size=[9]}
          Headers = [Content-Type:"application/json;charset=UTF-8"]
             Body = null
    Session Attrs = {member=SessionMemberDto(id=172, name=슬로우스타터, email=azurealstn@naver.com, picture=test.jpg, username=haha, shortBio=안녕하세요!)}

Handler:
             Type = com.azurealstn.alog.controller.api.posts.PostsApiController
           Method = com.azurealstn.alog.controller.api.posts.PostsApiController#posts(PostsSearchDto)

Async:
    Async started = false
     Async result = null

Resolved Exception:
             Type = null

ModelAndView:
        View name = null
             View = null
            Model = null

FlashMap:
       Attributes = null

MockHttpServletResponse:
           Status = 200
    Error message = null
          Headers = [Content-Type:"application/json;charset=UTF-8"]
     Content type = application/json;charset=UTF-8
             Body = [{"id":262,"title":"test 제목 - 30","content":"뭐로 할까 - 30","member":{"createdDate":"2022-12-04T20:02:10.5032884","modifiedDate":"2022-12-04T20:02:10.5032884","id":172,"email":"azurealstn@naver.com","name":"슬로우스타터","picture":"test.jpg","role":"MEMBER","emailAuth":true,"username":"haha","shortBio":"안녕하세요!","roleKey":"ROLE_MEMBER"},"description":"소개글 - 30","secret":false,"previousTime":"2022년 12월 4일","hashTagNames":[],"likeCount":0,"commentCount":0,"storeFilename":null,"totalRowCount":0,"imageUrl":null},{"id":261,"title":"test 제목 - 29","content":"뭐로 할까 - 29","member":{"createdDate":"2022-12-04T20:02:10.5032884","modifiedDate":"2022-12-04T20:02:10.5032884","id":172,"email":"azurealstn@naver.com","name":"슬로우스타터","picture":"test.jpg","role":"MEMBER","emailAuth":true,"username":"haha","shortBio":"안녕하세요!","roleKey":"ROLE_MEMBER"},"description":"소개글 - 29","secret":false,"previousTime":"2022년 12월 4일","hashTagNames":[],"likeCount":0,"commentCount":0,"storeFilename":null,"totalRowCount":0,"imageUrl":null},{"id":260,"title":"test 제목 - 28","content":"뭐로 할까 - 28","member":{"createdDate":"2022-12-04T20:02:10.5032884","modifiedDate":"2022-12-04T20:02:10.5032884","id":172,"email":"azurealstn@naver.com","name":"슬로우스타터","picture":"test.jpg","role":"MEMBER","emailAuth":true,"username":"haha","shortBio":"안녕하세요!","roleKey":"ROLE_MEMBER"},"description":"소개글 - 28","secret":false,"previousTime":"2022년 12월 4일","hashTagNames":[],"likeCount":0,"commentCount":0,"storeFilename":null,"totalRowCount":0,"imageUrl":null},{"id":259,"title":"test 제목 - 27","content":"뭐로 할까 - 27","member":{"createdDate":"2022-12-04T20:02:10.5032884","modifiedDate":"2022-12-04T20:02:10.5032884","id":172,"email":"azurealstn@naver.com","name":"슬로우스타터","picture":"test.jpg","role":"MEMBER","emailAuth":true,"username":"haha","shortBio":"안녕하세요!","roleKey":"ROLE_MEMBER"},"description":"소개글 - 27","secret":false,"previousTime":"2022년 12월 4일","hashTagNames":[],"likeCount":0,"commentCount":0,"storeFilename":null,"totalRowCount":0,"imageUrl":null},{"id":258,"title":"test 제목 - 26","content":"뭐로 할까 - 26","member":{"createdDate":"2022-12-04T20:02:10.5032884","modifiedDate":"2022-12-04T20:02:10.5032884","id":172,"email":"azurealstn@naver.com","name":"슬로우스타터","picture":"test.jpg","role":"MEMBER","emailAuth":true,"username":"haha","shortBio":"안녕하세요!","roleKey":"ROLE_MEMBER"},"description":"소개글 - 26","secret":false,"previousTime":"2022년 12월 4일","hashTagNames":[],"likeCount":0,"commentCount":0,"storeFilename":null,"totalRowCount":0,"imageUrl":null},{"id":257,"title":"test 제목 - 25","content":"뭐로 할까 - 25","member":{"createdDate":"2022-12-04T20:02:10.5032884","modifiedDate":"2022-12-04T20:02:10.5032884","id":172,"email":"azurealstn@naver.com","name":"슬로우스타터","picture":"test.jpg","role":"MEMBER","emailAuth":true,"username":"haha","shortBio":"안녕하세요!","roleKey":"ROLE_MEMBER"},"description":"소개글 - 25","secret":false,"previousTime":"2022년 12월 4일","hashTagNames":[],"likeCount":0,"commentCount":0,"storeFilename":null,"totalRowCount":0,"imageUrl":null},{"id":256,"title":"test 제목 - 24","content":"뭐로 할까 - 24","member":{"createdDate":"2022-12-04T20:02:10.5032884","modifiedDate":"2022-12-04T20:02:10.5032884","id":172,"email":"azurealstn@naver.com","name":"슬로우스타터","picture":"test.jpg","role":"MEMBER","emailAuth":true,"username":"haha","shortBio":"안녕하세요!","roleKey":"ROLE_MEMBER"},"description":"소개글 - 24","secret":false,"previousTime":"2022년 12월 4일","hashTagNames":[],"likeCount":0,"commentCount":0,"storeFilename":null,"totalRowCount":0,"imageUrl":null},{"id":255,"title":"test 제목 - 23","content":"뭐로 할까 - 23","member":{"createdDate":"2022-12-04T20:02:10.5032884","modifiedDate":"2022-12-04T20:02:10.5032884","id":172,"email":"azurealstn@naver.com","name":"슬로우스타터","picture":"test.jpg","role":"MEMBER","emailAuth":true,"username":"haha","shortBio":"안녕하세요!","roleKey":"ROLE_MEMBER"},"description":"소개글 - 23","secret":false,"previousTime":"2022년 12월 4일","hashTagNames":[],"likeCount":0,"commentCount":0,"storeFilename":null,"totalRowCount":0,"imageUrl":null},{"id":254,"title":"test 제목 - 22","content":"뭐로 할까 - 22","member":{"createdDate":"2022-12-04T20:02:10.5032884","modifiedDate":"2022-12-04T20:02:10.5032884","id":172,"email":"azurealstn@naver.com","name":"슬로우스타터","picture":"test.jpg","role":"MEMBER","emailAuth":true,"username":"haha","shortBio":"안녕하세요!","roleKey":"ROLE_MEMBER"},"description":"소개글 - 22","secret":false,"previousTime":"2022년 12월 4일","hashTagNames":[],"likeCount":0,"commentCount":0,"storeFilename":null,"totalRowCount":0,"imageUrl":null}]
    Forwarded URL = null
   Redirected URL = null
          Cookies = []
Hibernate: select posts0_.posts_id as posts_id1_5_, posts0_.created_date as created_2_5_, posts0_.modified_date as modified3_5_, posts0_.content as content4_5_, posts0_.description as descript5_5_, posts0_.likes as likes6_5_, posts0_.member_id as member_i9_5_, posts0_.secret as secret7_5_, posts0_.title as title8_5_ from posts posts0_
Hibernate: select member0_.member_id as member_i1_3_, member0_.created_date as created_2_3_, member0_.modified_date as modified3_3_, member0_.email as email4_3_, member0_.email_auth as email_au5_3_, member0_.name as name6_3_, member0_.picture as picture7_3_, member0_.role as role8_3_, member0_.short_bio as short_bi9_3_, member0_.username as usernam10_3_ from member member0_
2022-12-04 20:02:10.566  INFO 8024 --- [    Test worker] o.s.t.c.transaction.TransactionContext   : Rolled back transaction for test: [DefaultTestContext@351b70c1 testClass = PostsApiControllerTest, testInstance = com.azurealstn.alog.controller.api.posts.PostsApiControllerTest@274029ca, testMethod = findAll_posts_first_page@PostsApiControllerTest, testException = [null], mergedContextConfiguration = [WebMergedContextConfiguration@3b82fb7 testClass = PostsApiControllerTest, locations = '{}', classes = '{class com.azurealstn.alog.AlogApplication}', contextInitializerClasses = '[]', activeProfiles = '{}', propertySourceLocations = '{}', propertySourceProperties = '{org.springframework.boot.test.context.SpringBootTestContextBootstrapper=true, server.port=0}', contextCustomizers = set[org.springframework.boot.test.autoconfigure.actuate.metrics.MetricsExportContextCustomizerFactory$DisableMetricExportContextCustomizer@39dcf4b0, org.springframework.boot.test.autoconfigure.properties.PropertyMappingContextCustomizer@0, org.springframework.boot.test.autoconfigure.web.servlet.WebDriverContextCustomizerFactory$Customizer@6722db6e, org.springframework.boot.test.context.filter.ExcludeFilterContextCustomizer@7a48e6e2, org.springframework.boot.test.json.DuplicateJsonObjectContextCustomizerFactory$DuplicateJsonObjectContextCustomizer@631e06ab, org.springframework.boot.test.mock.mockito.MockitoContextCustomizer@0, org.springframework.boot.test.web.client.TestRestTemplateContextCustomizer@24faea88, org.springframework.boot.test.context.SpringBootTestArgs@1, org.springframework.boot.test.context.SpringBootTestWebEnvironment@68d279ec], resourceBasePath = 'src/main/webapp', contextLoader = 'org.springframework.boot.test.context.SpringBootContextLoader', parent = [null]], attributes = map['org.springframework.test.context.web.ServletTestExecutionListener.activateListener' -> false, 'org.springframework.test.context.event.ApplicationEventsTestExecutionListener.recordApplicationEvents' -> false]]
2022-12-04 20:02:10.582  INFO 8024 --- [    Test worker] o.s.t.c.transaction.TransactionContext   : Began transaction (1) for test context [DefaultTestContext@351b70c1 testClass = PostsApiControllerTest, testInstance = com.azurealstn.alog.controller.api.posts.PostsApiControllerTest@111d4b1c, testMethod = findAll_posts_second_page@PostsApiControllerTest, testException = [null], mergedContextConfiguration = [WebMergedContextConfiguration@3b82fb7 testClass = PostsApiControllerTest, locations = '{}', classes = '{class com.azurealstn.alog.AlogApplication}', contextInitializerClasses = '[]', activeProfiles = '{}', propertySourceLocations = '{}', propertySourceProperties = '{org.springframework.boot.test.context.SpringBootTestContextBootstrapper=true, server.port=0}', contextCustomizers = set[org.springframework.boot.test.autoconfigure.actuate.metrics.MetricsExportContextCustomizerFactory$DisableMetricExportContextCustomizer@39dcf4b0, org.springframework.boot.test.autoconfigure.properties.PropertyMappingContextCustomizer@0, org.springframework.boot.test.autoconfigure.web.servlet.WebDriverContextCustomizerFactory$Customizer@6722db6e, org.springframework.boot.test.context.filter.ExcludeFilterContextCustomizer@7a48e6e2, org.springframework.boot.test.json.DuplicateJsonObjectContextCustomizerFactory$DuplicateJsonObjectContextCustomizer@631e06ab, org.springframework.boot.test.mock.mockito.MockitoContextCustomizer@0, org.springframework.boot.test.web.client.TestRestTemplateContextCustomizer@24faea88, org.springframework.boot.test.context.SpringBootTestArgs@1, org.springframework.boot.test.context.SpringBootTestWebEnvironment@68d279ec], resourceBasePath = 'src/main/webapp', contextLoader = 'org.springframework.boot.test.context.SpringBootContextLoader', parent = [null]], attributes = map['org.springframework.test.context.web.ServletTestExecutionListener.activateListener' -> false, 'org.springframework.test.context.event.ApplicationEventsTestExecutionListener.recordApplicationEvents' -> false]]; transaction manager [org.springframework.orm.jpa.JpaTransactionManager@74a8d26c]; rollback [true]
2022-12-04 20:02:10.582  INFO 8024 --- [    Test worker] o.a.c.c.C.[Tomcat].[localhost].[/]       : Initializing Spring TestDispatcherServlet ''
2022-12-04 20:02:10.582  INFO 8024 --- [    Test worker] o.s.t.web.servlet.TestDispatcherServlet  : Initializing Servlet ''
2022-12-04 20:02:10.582  INFO 8024 --- [    Test worker] o.s.t.web.servlet.TestDispatcherServlet  : Completed initialization in 0 ms
Hibernate: select posts0_.posts_id as posts_id1_5_, posts0_.created_date as created_2_5_, posts0_.modified_date as modified3_5_, posts0_.content as content4_5_, posts0_.description as descript5_5_, posts0_.likes as likes6_5_, posts0_.member_id as member_i9_5_, posts0_.secret as secret7_5_, posts0_.title as title8_5_ from posts posts0_
Hibernate: select member0_.member_id as member_i1_3_, member0_.created_date as created_2_3_, member0_.modified_date as modified3_3_, member0_.email as email4_3_, member0_.email_auth as email_au5_3_, member0_.name as name6_3_, member0_.picture as picture7_3_, member0_.role as role8_3_, member0_.short_bio as short_bi9_3_, member0_.username as usernam10_3_ from member member0_
Hibernate: insert into member (member_id, created_date, modified_date, email, email_auth, name, picture, role, short_bio, username) values (default, ?, ?, ?, ?, ?, ?, ?, ?, ?)
Hibernate: insert into posts (posts_id, created_date, modified_date, content, description, likes, member_id, secret, title) values (default, ?, ?, ?, ?, ?, ?, ?, ?)
Hibernate: insert into posts (posts_id, created_date, modified_date, content, description, likes, member_id, secret, title) values (default, ?, ?, ?, ?, ?, ?, ?, ?)
Hibernate: insert into posts (posts_id, created_date, modified_date, content, description, likes, member_id, secret, title) values (default, ?, ?, ?, ?, ?, ?, ?, ?)
Hibernate: insert into posts (posts_id, created_date, modified_date, content, description, likes, member_id, secret, title) values (default, ?, ?, ?, ?, ?, ?, ?, ?)
Hibernate: insert into posts (posts_id, created_date, modified_date, content, description, likes, member_id, secret, title) values (default, ?, ?, ?, ?, ?, ?, ?, ?)
Hibernate: insert into posts (posts_id, created_date, modified_date, content, description, likes, member_id, secret, title) values (default, ?, ?, ?, ?, ?, ?, ?, ?)
Hibernate: insert into posts (posts_id, created_date, modified_date, content, description, likes, member_id, secret, title) values (default, ?, ?, ?, ?, ?, ?, ?, ?)
Hibernate: insert into posts (posts_id, created_date, modified_date, content, description, likes, member_id, secret, title) values (default, ?, ?, ?, ?, ?, ?, ?, ?)
Hibernate: insert into posts (posts_id, created_date, modified_date, content, description, likes, member_id, secret, title) values (default, ?, ?, ?, ?, ?, ?, ?, ?)
Hibernate: insert into posts (posts_id, created_date, modified_date, content, description, likes, member_id, secret, title) values (default, ?, ?, ?, ?, ?, ?, ?, ?)
Hibernate: insert into posts (posts_id, created_date, modified_date, content, description, likes, member_id, secret, title) values (default, ?, ?, ?, ?, ?, ?, ?, ?)
Hibernate: insert into posts (posts_id, created_date, modified_date, content, description, likes, member_id, secret, title) values (default, ?, ?, ?, ?, ?, ?, ?, ?)
Hibernate: insert into posts (posts_id, created_date, modified_date, content, description, likes, member_id, secret, title) values (default, ?, ?, ?, ?, ?, ?, ?, ?)
Hibernate: insert into posts (posts_id, created_date, modified_date, content, description, likes, member_id, secret, title) values (default, ?, ?, ?, ?, ?, ?, ?, ?)
Hibernate: insert into posts (posts_id, created_date, modified_date, content, description, likes, member_id, secret, title) values (default, ?, ?, ?, ?, ?, ?, ?, ?)
Hibernate: insert into posts (posts_id, created_date, modified_date, content, description, likes, member_id, secret, title) values (default, ?, ?, ?, ?, ?, ?, ?, ?)
Hibernate: insert into posts (posts_id, created_date, modified_date, content, description, likes, member_id, secret, title) values (default, ?, ?, ?, ?, ?, ?, ?, ?)
Hibernate: insert into posts (posts_id, created_date, modified_date, content, description, likes, member_id, secret, title) values (default, ?, ?, ?, ?, ?, ?, ?, ?)
Hibernate: insert into posts (posts_id, created_date, modified_date, content, description, likes, member_id, secret, title) values (default, ?, ?, ?, ?, ?, ?, ?, ?)
Hibernate: insert into posts (posts_id, created_date, modified_date, content, description, likes, member_id, secret, title) values (default, ?, ?, ?, ?, ?, ?, ?, ?)
Hibernate: insert into posts (posts_id, created_date, modified_date, content, description, likes, member_id, secret, title) values (default, ?, ?, ?, ?, ?, ?, ?, ?)
Hibernate: insert into posts (posts_id, created_date, modified_date, content, description, likes, member_id, secret, title) values (default, ?, ?, ?, ?, ?, ?, ?, ?)
Hibernate: insert into posts (posts_id, created_date, modified_date, content, description, likes, member_id, secret, title) values (default, ?, ?, ?, ?, ?, ?, ?, ?)
Hibernate: insert into posts (posts_id, created_date, modified_date, content, description, likes, member_id, secret, title) values (default, ?, ?, ?, ?, ?, ?, ?, ?)
Hibernate: insert into posts (posts_id, created_date, modified_date, content, description, likes, member_id, secret, title) values (default, ?, ?, ?, ?, ?, ?, ?, ?)
Hibernate: insert into posts (posts_id, created_date, modified_date, content, description, likes, member_id, secret, title) values (default, ?, ?, ?, ?, ?, ?, ?, ?)
Hibernate: insert into posts (posts_id, created_date, modified_date, content, description, likes, member_id, secret, title) values (default, ?, ?, ?, ?, ?, ?, ?, ?)
Hibernate: insert into posts (posts_id, created_date, modified_date, content, description, likes, member_id, secret, title) values (default, ?, ?, ?, ?, ?, ?, ?, ?)
Hibernate: insert into posts (posts_id, created_date, modified_date, content, description, likes, member_id, secret, title) values (default, ?, ?, ?, ?, ?, ?, ?, ?)
Hibernate: insert into posts (posts_id, created_date, modified_date, content, description, likes, member_id, secret, title) values (default, ?, ?, ?, ?, ?, ?, ?, ?)
Hibernate: select posts0_.posts_id as posts_id1_5_, posts0_.created_date as created_2_5_, posts0_.modified_date as modified3_5_, posts0_.content as content4_5_, posts0_.description as descript5_5_, posts0_.likes as likes6_5_, posts0_.member_id as member_i9_5_, posts0_.secret as secret7_5_, posts0_.title as title8_5_ from posts posts0_ where posts0_.secret=?
Hibernate: select posts0_.posts_id as posts_id1_5_, posts0_.created_date as created_2_5_, posts0_.modified_date as modified3_5_, posts0_.content as content4_5_, posts0_.description as descript5_5_, posts0_.likes as likes6_5_, posts0_.member_id as member_i9_5_, posts0_.secret as secret7_5_, posts0_.title as title8_5_ from posts posts0_ where posts0_.secret=? order by posts0_.posts_id desc limit ? offset ?

MockHttpServletRequest:
      HTTP Method = GET
      Request URI = /api/v1/auth/posts
       Parameters = {page=[2], size=[9]}
          Headers = [Content-Type:"application/json;charset=UTF-8"]
             Body = null
    Session Attrs = {}

Handler:
             Type = com.azurealstn.alog.controller.api.posts.PostsApiController
           Method = com.azurealstn.alog.controller.api.posts.PostsApiController#posts(PostsSearchDto)

Async:
    Async started = false
     Async result = null

Resolved Exception:
             Type = null

ModelAndView:
        View name = null
             View = null
            Model = null

FlashMap:
       Attributes = null

MockHttpServletResponse:
           Status = 200
    Error message = null
          Headers = [Content-Type:"application/json;charset=UTF-8"]
     Content type = application/json;charset=UTF-8
             Body = [{"id":283,"title":"test 제목 - 21","content":"뭐로 할까 - 21","member":{"createdDate":"2022-12-04T20:02:10.582563","modifiedDate":"2022-12-04T20:02:10.582563","id":173,"email":"azurealstn@naver.com","name":"슬로우스타터","picture":"test.jpg","role":"MEMBER","emailAuth":true,"username":"haha","shortBio":"안녕하세요!","roleKey":"ROLE_MEMBER"},"description":"소개글 - 21","secret":false,"previousTime":"2022년 12월 4일","hashTagNames":[],"likeCount":0,"commentCount":0,"storeFilename":null,"totalRowCount":0,"imageUrl":null},{"id":282,"title":"test 제목 - 20","content":"뭐로 할까 - 20","member":{"createdDate":"2022-12-04T20:02:10.582563","modifiedDate":"2022-12-04T20:02:10.582563","id":173,"email":"azurealstn@naver.com","name":"슬로우스타터","picture":"test.jpg","role":"MEMBER","emailAuth":true,"username":"haha","shortBio":"안녕하세요!","roleKey":"ROLE_MEMBER"},"description":"소개글 - 20","secret":false,"previousTime":"2022년 12월 4일","hashTagNames":[],"likeCount":0,"commentCount":0,"storeFilename":null,"totalRowCount":0,"imageUrl":null},{"id":281,"title":"test 제목 - 19","content":"뭐로 할까 - 19","member":{"createdDate":"2022-12-04T20:02:10.582563","modifiedDate":"2022-12-04T20:02:10.582563","id":173,"email":"azurealstn@naver.com","name":"슬로우스타터","picture":"test.jpg","role":"MEMBER","emailAuth":true,"username":"haha","shortBio":"안녕하세요!","roleKey":"ROLE_MEMBER"},"description":"소개글 - 19","secret":false,"previousTime":"2022년 12월 4일","hashTagNames":[],"likeCount":0,"commentCount":0,"storeFilename":null,"totalRowCount":0,"imageUrl":null},{"id":280,"title":"test 제목 - 18","content":"뭐로 할까 - 18","member":{"createdDate":"2022-12-04T20:02:10.582563","modifiedDate":"2022-12-04T20:02:10.582563","id":173,"email":"azurealstn@naver.com","name":"슬로우스타터","picture":"test.jpg","role":"MEMBER","emailAuth":true,"username":"haha","shortBio":"안녕하세요!","roleKey":"ROLE_MEMBER"},"description":"소개글 - 18","secret":false,"previousTime":"2022년 12월 4일","hashTagNames":[],"likeCount":0,"commentCount":0,"storeFilename":null,"totalRowCount":0,"imageUrl":null},{"id":279,"title":"test 제목 - 17","content":"뭐로 할까 - 17","member":{"createdDate":"2022-12-04T20:02:10.582563","modifiedDate":"2022-12-04T20:02:10.582563","id":173,"email":"azurealstn@naver.com","name":"슬로우스타터","picture":"test.jpg","role":"MEMBER","emailAuth":true,"username":"haha","shortBio":"안녕하세요!","roleKey":"ROLE_MEMBER"},"description":"소개글 - 17","secret":false,"previousTime":"2022년 12월 4일","hashTagNames":[],"likeCount":0,"commentCount":0,"storeFilename":null,"totalRowCount":0,"imageUrl":null},{"id":278,"title":"test 제목 - 16","content":"뭐로 할까 - 16","member":{"createdDate":"2022-12-04T20:02:10.582563","modifiedDate":"2022-12-04T20:02:10.582563","id":173,"email":"azurealstn@naver.com","name":"슬로우스타터","picture":"test.jpg","role":"MEMBER","emailAuth":true,"username":"haha","shortBio":"안녕하세요!","roleKey":"ROLE_MEMBER"},"description":"소개글 - 16","secret":false,"previousTime":"2022년 12월 4일","hashTagNames":[],"likeCount":0,"commentCount":0,"storeFilename":null,"totalRowCount":0,"imageUrl":null},{"id":277,"title":"test 제목 - 15","content":"뭐로 할까 - 15","member":{"createdDate":"2022-12-04T20:02:10.582563","modifiedDate":"2022-12-04T20:02:10.582563","id":173,"email":"azurealstn@naver.com","name":"슬로우스타터","picture":"test.jpg","role":"MEMBER","emailAuth":true,"username":"haha","shortBio":"안녕하세요!","roleKey":"ROLE_MEMBER"},"description":"소개글 - 15","secret":false,"previousTime":"2022년 12월 4일","hashTagNames":[],"likeCount":0,"commentCount":0,"storeFilename":null,"totalRowCount":0,"imageUrl":null},{"id":276,"title":"test 제목 - 14","content":"뭐로 할까 - 14","member":{"createdDate":"2022-12-04T20:02:10.582563","modifiedDate":"2022-12-04T20:02:10.582563","id":173,"email":"azurealstn@naver.com","name":"슬로우스타터","picture":"test.jpg","role":"MEMBER","emailAuth":true,"username":"haha","shortBio":"안녕하세요!","roleKey":"ROLE_MEMBER"},"description":"소개글 - 14","secret":false,"previousTime":"2022년 12월 4일","hashTagNames":[],"likeCount":0,"commentCount":0,"storeFilename":null,"totalRowCount":0,"imageUrl":null},{"id":275,"title":"test 제목 - 13","content":"뭐로 할까 - 13","member":{"createdDate":"2022-12-04T20:02:10.582563","modifiedDate":"2022-12-04T20:02:10.582563","id":173,"email":"azurealstn@naver.com","name":"슬로우스타터","picture":"test.jpg","role":"MEMBER","emailAuth":true,"username":"haha","shortBio":"안녕하세요!","roleKey":"ROLE_MEMBER"},"description":"소개글 - 13","secret":false,"previousTime":"2022년 12월 4일","hashTagNames":[],"likeCount":0,"commentCount":0,"storeFilename":null,"totalRowCount":0,"imageUrl":null}]
    Forwarded URL = null
   Redirected URL = null
          Cookies = []
Hibernate: select posts0_.posts_id as posts_id1_5_, posts0_.created_date as created_2_5_, posts0_.modified_date as modified3_5_, posts0_.content as content4_5_, posts0_.description as descript5_5_, posts0_.likes as likes6_5_, posts0_.member_id as member_i9_5_, posts0_.secret as secret7_5_, posts0_.title as title8_5_ from posts posts0_
Hibernate: select member0_.member_id as member_i1_3_, member0_.created_date as created_2_3_, member0_.modified_date as modified3_3_, member0_.email as email4_3_, member0_.email_auth as email_au5_3_, member0_.name as name6_3_, member0_.picture as picture7_3_, member0_.role as role8_3_, member0_.short_bio as short_bi9_3_, member0_.username as usernam10_3_ from member member0_
2022-12-04 20:02:10.645  INFO 8024 --- [    Test worker] o.s.t.c.transaction.TransactionContext   : Rolled back transaction for test: [DefaultTestContext@351b70c1 testClass = PostsApiControllerTest, testInstance = com.azurealstn.alog.controller.api.posts.PostsApiControllerTest@111d4b1c, testMethod = findAll_posts_second_page@PostsApiControllerTest, testException = [null], mergedContextConfiguration = [WebMergedContextConfiguration@3b82fb7 testClass = PostsApiControllerTest, locations = '{}', classes = '{class com.azurealstn.alog.AlogApplication}', contextInitializerClasses = '[]', activeProfiles = '{}', propertySourceLocations = '{}', propertySourceProperties = '{org.springframework.boot.test.context.SpringBootTestContextBootstrapper=true, server.port=0}', contextCustomizers = set[org.springframework.boot.test.autoconfigure.actuate.metrics.MetricsExportContextCustomizerFactory$DisableMetricExportContextCustomizer@39dcf4b0, org.springframework.boot.test.autoconfigure.properties.PropertyMappingContextCustomizer@0, org.springframework.boot.test.autoconfigure.web.servlet.WebDriverContextCustomizerFactory$Customizer@6722db6e, org.springframework.boot.test.context.filter.ExcludeFilterContextCustomizer@7a48e6e2, org.springframework.boot.test.json.DuplicateJsonObjectContextCustomizerFactory$DuplicateJsonObjectContextCustomizer@631e06ab, org.springframework.boot.test.mock.mockito.MockitoContextCustomizer@0, org.springframework.boot.test.web.client.TestRestTemplateContextCustomizer@24faea88, org.springframework.boot.test.context.SpringBootTestArgs@1, org.springframework.boot.test.context.SpringBootTestWebEnvironment@68d279ec], resourceBasePath = 'src/main/webapp', contextLoader = 'org.springframework.boot.test.context.SpringBootContextLoader', parent = [null]], attributes = map['org.springframework.test.context.web.ServletTestExecutionListener.activateListener' -> false, 'org.springframework.test.context.event.ApplicationEventsTestExecutionListener.recordApplicationEvents' -> false]]
2022-12-04 20:02:10.645  INFO 8024 --- [    Test worker] o.s.t.c.transaction.TransactionContext   : Began transaction (1) for test context [DefaultTestContext@351b70c1 testClass = PostsApiControllerTest, testInstance = com.azurealstn.alog.controller.api.posts.PostsApiControllerTest@40d013cb, testMethod = modify_posts_api_x_content@PostsApiControllerTest, testException = [null], mergedContextConfiguration = [WebMergedContextConfiguration@3b82fb7 testClass = PostsApiControllerTest, locations = '{}', classes = '{class com.azurealstn.alog.AlogApplication}', contextInitializerClasses = '[]', activeProfiles = '{}', propertySourceLocations = '{}', propertySourceProperties = '{org.springframework.boot.test.context.SpringBootTestContextBootstrapper=true, server.port=0}', contextCustomizers = set[org.springframework.boot.test.autoconfigure.actuate.metrics.MetricsExportContextCustomizerFactory$DisableMetricExportContextCustomizer@39dcf4b0, org.springframework.boot.test.autoconfigure.properties.PropertyMappingContextCustomizer@0, org.springframework.boot.test.autoconfigure.web.servlet.WebDriverContextCustomizerFactory$Customizer@6722db6e, org.springframework.boot.test.context.filter.ExcludeFilterContextCustomizer@7a48e6e2, org.springframework.boot.test.json.DuplicateJsonObjectContextCustomizerFactory$DuplicateJsonObjectContextCustomizer@631e06ab, org.springframework.boot.test.mock.mockito.MockitoContextCustomizer@0, org.springframework.boot.test.web.client.TestRestTemplateContextCustomizer@24faea88, org.springframework.boot.test.context.SpringBootTestArgs@1, org.springframework.boot.test.context.SpringBootTestWebEnvironment@68d279ec], resourceBasePath = 'src/main/webapp', contextLoader = 'org.springframework.boot.test.context.SpringBootContextLoader', parent = [null]], attributes = map['org.springframework.test.context.web.ServletTestExecutionListener.activateListener' -> false, 'org.springframework.test.context.event.ApplicationEventsTestExecutionListener.recordApplicationEvents' -> false]]; transaction manager [org.springframework.orm.jpa.JpaTransactionManager@74a8d26c]; rollback [true]
2022-12-04 20:02:10.645  INFO 8024 --- [    Test worker] o.a.c.c.C.[Tomcat].[localhost].[/]       : Initializing Spring TestDispatcherServlet ''
2022-12-04 20:02:10.645  INFO 8024 --- [    Test worker] o.s.t.web.servlet.TestDispatcherServlet  : Initializing Servlet ''
2022-12-04 20:02:10.645  INFO 8024 --- [    Test worker] o.s.t.web.servlet.TestDispatcherServlet  : Completed initialization in 0 ms
Hibernate: select posts0_.posts_id as posts_id1_5_, posts0_.created_date as created_2_5_, posts0_.modified_date as modified3_5_, posts0_.content as content4_5_, posts0_.description as descript5_5_, posts0_.likes as likes6_5_, posts0_.member_id as member_i9_5_, posts0_.secret as secret7_5_, posts0_.title as title8_5_ from posts posts0_
Hibernate: select member0_.member_id as member_i1_3_, member0_.created_date as created_2_3_, member0_.modified_date as modified3_3_, member0_.email as email4_3_, member0_.email_auth as email_au5_3_, member0_.name as name6_3_, member0_.picture as picture7_3_, member0_.role as role8_3_, member0_.short_bio as short_bi9_3_, member0_.username as usernam10_3_ from member member0_
Hibernate: insert into member (member_id, created_date, modified_date, email, email_auth, name, picture, role, short_bio, username) values (default, ?, ?, ?, ?, ?, ?, ?, ?, ?)
Hibernate: insert into posts (posts_id, created_date, modified_date, content, description, likes, member_id, secret, title) values (default, ?, ?, ?, ?, ?, ?, ?, ?)

MockHttpServletRequest:
      HTTP Method = PUT
      Request URI = /api/v1/posts/293
       Parameters = {}
          Headers = [Content-Type:"application/json;charset=UTF-8", Content-Length:"96"]
             Body = {"title":"제목입니다.","content":"     ","description":"소개글입니다.","secret":null}
    Session Attrs = {member=SessionMemberDto(id=174, name=슬로우스타터, email=azurealstn@naver.com, picture=test.jpg, username=haha, shortBio=안녕하세요!)}

Handler:
             Type = com.azurealstn.alog.controller.api.posts.PostsApiController
           Method = com.azurealstn.alog.controller.api.posts.PostsApiController#modify(Long, PostsModifyRequestDto)

Async:
    Async started = false
     Async result = null

Resolved Exception:
             Type = org.springframework.web.bind.MethodArgumentNotValidException

ModelAndView:
        View name = null
             View = null
            Model = null

FlashMap:
       Attributes = null

MockHttpServletResponse:
           Status = 400
    Error message = null
          Headers = [Content-Type:"application/json;charset=UTF-8"]
     Content type = application/json;charset=UTF-8
             Body = {"code":"400","message":"클라이언트의 잘못된 요청이 있습니다. (application/json)","validation":[{"fieldName":"content","errorMessage":"내용이 비어있습니다."}]}
    Forwarded URL = null
   Redirected URL = null
          Cookies = []
Hibernate: select posts0_.posts_id as posts_id1_5_, posts0_.created_date as created_2_5_, posts0_.modified_date as modified3_5_, posts0_.content as content4_5_, posts0_.description as descript5_5_, posts0_.likes as likes6_5_, posts0_.member_id as member_i9_5_, posts0_.secret as secret7_5_, posts0_.title as title8_5_ from posts posts0_
Hibernate: select member0_.member_id as member_i1_3_, member0_.created_date as created_2_3_, member0_.modified_date as modified3_3_, member0_.email as email4_3_, member0_.email_auth as email_au5_3_, member0_.name as name6_3_, member0_.picture as picture7_3_, member0_.role as role8_3_, member0_.short_bio as short_bi9_3_, member0_.username as usernam10_3_ from member member0_
2022-12-04 20:02:10.660  INFO 8024 --- [    Test worker] o.s.t.c.transaction.TransactionContext   : Rolled back transaction for test: [DefaultTestContext@351b70c1 testClass = PostsApiControllerTest, testInstance = com.azurealstn.alog.controller.api.posts.PostsApiControllerTest@40d013cb, testMethod = modify_posts_api_x_content@PostsApiControllerTest, testException = [null], mergedContextConfiguration = [WebMergedContextConfiguration@3b82fb7 testClass = PostsApiControllerTest, locations = '{}', classes = '{class com.azurealstn.alog.AlogApplication}', contextInitializerClasses = '[]', activeProfiles = '{}', propertySourceLocations = '{}', propertySourceProperties = '{org.springframework.boot.test.context.SpringBootTestContextBootstrapper=true, server.port=0}', contextCustomizers = set[org.springframework.boot.test.autoconfigure.actuate.metrics.MetricsExportContextCustomizerFactory$DisableMetricExportContextCustomizer@39dcf4b0, org.springframework.boot.test.autoconfigure.properties.PropertyMappingContextCustomizer@0, org.springframework.boot.test.autoconfigure.web.servlet.WebDriverContextCustomizerFactory$Customizer@6722db6e, org.springframework.boot.test.context.filter.ExcludeFilterContextCustomizer@7a48e6e2, org.springframework.boot.test.json.DuplicateJsonObjectContextCustomizerFactory$DuplicateJsonObjectContextCustomizer@631e06ab, org.springframework.boot.test.mock.mockito.MockitoContextCustomizer@0, org.springframework.boot.test.web.client.TestRestTemplateContextCustomizer@24faea88, org.springframework.boot.test.context.SpringBootTestArgs@1, org.springframework.boot.test.context.SpringBootTestWebEnvironment@68d279ec], resourceBasePath = 'src/main/webapp', contextLoader = 'org.springframework.boot.test.context.SpringBootContextLoader', parent = [null]], attributes = map['org.springframework.test.context.web.ServletTestExecutionListener.activateListener' -> false, 'org.springframework.test.context.event.ApplicationEventsTestExecutionListener.recordApplicationEvents' -> false]]
2022-12-04 20:02:10.660  INFO 8024 --- [    Test worker] o.s.t.c.transaction.TransactionContext   : Began transaction (1) for test context [DefaultTestContext@351b70c1 testClass = PostsApiControllerTest, testInstance = com.azurealstn.alog.controller.api.posts.PostsApiControllerTest@1264bde8, testMethod = findAll_posts_by_member@PostsApiControllerTest, testException = [null], mergedContextConfiguration = [WebMergedContextConfiguration@3b82fb7 testClass = PostsApiControllerTest, locations = '{}', classes = '{class com.azurealstn.alog.AlogApplication}', contextInitializerClasses = '[]', activeProfiles = '{}', propertySourceLocations = '{}', propertySourceProperties = '{org.springframework.boot.test.context.SpringBootTestContextBootstrapper=true, server.port=0}', contextCustomizers = set[org.springframework.boot.test.autoconfigure.actuate.metrics.MetricsExportContextCustomizerFactory$DisableMetricExportContextCustomizer@39dcf4b0, org.springframework.boot.test.autoconfigure.properties.PropertyMappingContextCustomizer@0, org.springframework.boot.test.autoconfigure.web.servlet.WebDriverContextCustomizerFactory$Customizer@6722db6e, org.springframework.boot.test.context.filter.ExcludeFilterContextCustomizer@7a48e6e2, org.springframework.boot.test.json.DuplicateJsonObjectContextCustomizerFactory$DuplicateJsonObjectContextCustomizer@631e06ab, org.springframework.boot.test.mock.mockito.MockitoContextCustomizer@0, org.springframework.boot.test.web.client.TestRestTemplateContextCustomizer@24faea88, org.springframework.boot.test.context.SpringBootTestArgs@1, org.springframework.boot.test.context.SpringBootTestWebEnvironment@68d279ec], resourceBasePath = 'src/main/webapp', contextLoader = 'org.springframework.boot.test.context.SpringBootContextLoader', parent = [null]], attributes = map['org.springframework.test.context.web.ServletTestExecutionListener.activateListener' -> false, 'org.springframework.test.context.event.ApplicationEventsTestExecutionListener.recordApplicationEvents' -> false]]; transaction manager [org.springframework.orm.jpa.JpaTransactionManager@74a8d26c]; rollback [true]
2022-12-04 20:02:10.660  INFO 8024 --- [    Test worker] o.a.c.c.C.[Tomcat].[localhost].[/]       : Initializing Spring TestDispatcherServlet ''
2022-12-04 20:02:10.660  INFO 8024 --- [    Test worker] o.s.t.web.servlet.TestDispatcherServlet  : Initializing Servlet ''
2022-12-04 20:02:10.660  INFO 8024 --- [    Test worker] o.s.t.web.servlet.TestDispatcherServlet  : Completed initialization in 0 ms
Hibernate: select posts0_.posts_id as posts_id1_5_, posts0_.created_date as created_2_5_, posts0_.modified_date as modified3_5_, posts0_.content as content4_5_, posts0_.description as descript5_5_, posts0_.likes as likes6_5_, posts0_.member_id as member_i9_5_, posts0_.secret as secret7_5_, posts0_.title as title8_5_ from posts posts0_
Hibernate: select member0_.member_id as member_i1_3_, member0_.created_date as created_2_3_, member0_.modified_date as modified3_3_, member0_.email as email4_3_, member0_.email_auth as email_au5_3_, member0_.name as name6_3_, member0_.picture as picture7_3_, member0_.role as role8_3_, member0_.short_bio as short_bi9_3_, member0_.username as usernam10_3_ from member member0_
Hibernate: insert into member (member_id, created_date, modified_date, email, email_auth, name, picture, role, short_bio, username) values (default, ?, ?, ?, ?, ?, ?, ?, ?, ?)
Hibernate: insert into posts (posts_id, created_date, modified_date, content, description, likes, member_id, secret, title) values (default, ?, ?, ?, ?, ?, ?, ?, ?)
Hibernate: insert into posts (posts_id, created_date, modified_date, content, description, likes, member_id, secret, title) values (default, ?, ?, ?, ?, ?, ?, ?, ?)
Hibernate: insert into posts (posts_id, created_date, modified_date, content, description, likes, member_id, secret, title) values (default, ?, ?, ?, ?, ?, ?, ?, ?)
Hibernate: insert into posts (posts_id, created_date, modified_date, content, description, likes, member_id, secret, title) values (default, ?, ?, ?, ?, ?, ?, ?, ?)
Hibernate: insert into posts (posts_id, created_date, modified_date, content, description, likes, member_id, secret, title) values (default, ?, ?, ?, ?, ?, ?, ?, ?)
Hibernate: insert into posts (posts_id, created_date, modified_date, content, description, likes, member_id, secret, title) values (default, ?, ?, ?, ?, ?, ?, ?, ?)
Hibernate: insert into posts (posts_id, created_date, modified_date, content, description, likes, member_id, secret, title) values (default, ?, ?, ?, ?, ?, ?, ?, ?)
Hibernate: insert into posts (posts_id, created_date, modified_date, content, description, likes, member_id, secret, title) values (default, ?, ?, ?, ?, ?, ?, ?, ?)
Hibernate: insert into posts (posts_id, created_date, modified_date, content, description, likes, member_id, secret, title) values (default, ?, ?, ?, ?, ?, ?, ?, ?)
Hibernate: insert into posts (posts_id, created_date, modified_date, content, description, likes, member_id, secret, title) values (default, ?, ?, ?, ?, ?, ?, ?, ?)
Hibernate: insert into posts (posts_id, created_date, modified_date, content, description, likes, member_id, secret, title) values (default, ?, ?, ?, ?, ?, ?, ?, ?)
Hibernate: insert into posts (posts_id, created_date, modified_date, content, description, likes, member_id, secret, title) values (default, ?, ?, ?, ?, ?, ?, ?, ?)
Hibernate: insert into posts (posts_id, created_date, modified_date, content, description, likes, member_id, secret, title) values (default, ?, ?, ?, ?, ?, ?, ?, ?)
Hibernate: insert into posts (posts_id, created_date, modified_date, content, description, likes, member_id, secret, title) values (default, ?, ?, ?, ?, ?, ?, ?, ?)
Hibernate: insert into posts (posts_id, created_date, modified_date, content, description, likes, member_id, secret, title) values (default, ?, ?, ?, ?, ?, ?, ?, ?)
Hibernate: insert into posts (posts_id, created_date, modified_date, content, description, likes, member_id, secret, title) values (default, ?, ?, ?, ?, ?, ?, ?, ?)
Hibernate: insert into posts (posts_id, created_date, modified_date, content, description, likes, member_id, secret, title) values (default, ?, ?, ?, ?, ?, ?, ?, ?)
Hibernate: insert into posts (posts_id, created_date, modified_date, content, description, likes, member_id, secret, title) values (default, ?, ?, ?, ?, ?, ?, ?, ?)
Hibernate: insert into posts (posts_id, created_date, modified_date, content, description, likes, member_id, secret, title) values (default, ?, ?, ?, ?, ?, ?, ?, ?)
Hibernate: insert into posts (posts_id, created_date, modified_date, content, description, likes, member_id, secret, title) values (default, ?, ?, ?, ?, ?, ?, ?, ?)
Hibernate: insert into posts (posts_id, created_date, modified_date, content, description, likes, member_id, secret, title) values (default, ?, ?, ?, ?, ?, ?, ?, ?)
Hibernate: insert into posts (posts_id, created_date, modified_date, content, description, likes, member_id, secret, title) values (default, ?, ?, ?, ?, ?, ?, ?, ?)
Hibernate: insert into posts (posts_id, created_date, modified_date, content, description, likes, member_id, secret, title) values (default, ?, ?, ?, ?, ?, ?, ?, ?)
Hibernate: insert into posts (posts_id, created_date, modified_date, content, description, likes, member_id, secret, title) values (default, ?, ?, ?, ?, ?, ?, ?, ?)
Hibernate: insert into posts (posts_id, created_date, modified_date, content, description, likes, member_id, secret, title) values (default, ?, ?, ?, ?, ?, ?, ?, ?)
Hibernate: insert into posts (posts_id, created_date, modified_date, content, description, likes, member_id, secret, title) values (default, ?, ?, ?, ?, ?, ?, ?, ?)
Hibernate: insert into posts (posts_id, created_date, modified_date, content, description, likes, member_id, secret, title) values (default, ?, ?, ?, ?, ?, ?, ?, ?)
Hibernate: insert into posts (posts_id, created_date, modified_date, content, description, likes, member_id, secret, title) values (default, ?, ?, ?, ?, ?, ?, ?, ?)
Hibernate: insert into posts (posts_id, created_date, modified_date, content, description, likes, member_id, secret, title) values (default, ?, ?, ?, ?, ?, ?, ?, ?)
Hibernate: insert into posts (posts_id, created_date, modified_date, content, description, likes, member_id, secret, title) values (default, ?, ?, ?, ?, ?, ?, ?, ?)
Hibernate: select posts0_.posts_id as posts_id1_5_, posts0_.created_date as created_2_5_, posts0_.modified_date as modified3_5_, posts0_.content as content4_5_, posts0_.description as descript5_5_, posts0_.likes as likes6_5_, posts0_.member_id as member_i9_5_, posts0_.secret as secret7_5_, posts0_.title as title8_5_ from posts posts0_ where posts0_.member_id=? order by posts0_.posts_id desc
Hibernate: select hashtag0_.hashtag_id as hashtag_1_2_, hashtag0_.created_date as created_2_2_, hashtag0_.modified_date as modified3_2_, hashtag0_.name as name4_2_ from hashtag hashtag0_ left outer join posts_hashtag_map postshasht1_ on (hashtag0_.hashtag_id=postshasht1_.hashtag_id) left outer join posts posts2_ on (postshasht1_.posts_id=posts2_.posts_id) where posts2_.posts_id=?
Hibernate: select hashtag0_.hashtag_id as hashtag_1_2_, hashtag0_.created_date as created_2_2_, hashtag0_.modified_date as modified3_2_, hashtag0_.name as name4_2_ from hashtag hashtag0_ left outer join posts_hashtag_map postshasht1_ on (hashtag0_.hashtag_id=postshasht1_.hashtag_id) left outer join posts posts2_ on (postshasht1_.posts_id=posts2_.posts_id) where posts2_.posts_id=?
Hibernate: select hashtag0_.hashtag_id as hashtag_1_2_, hashtag0_.created_date as created_2_2_, hashtag0_.modified_date as modified3_2_, hashtag0_.name as name4_2_ from hashtag hashtag0_ left outer join posts_hashtag_map postshasht1_ on (hashtag0_.hashtag_id=postshasht1_.hashtag_id) left outer join posts posts2_ on (postshasht1_.posts_id=posts2_.posts_id) where posts2_.posts_id=?
Hibernate: select hashtag0_.hashtag_id as hashtag_1_2_, hashtag0_.created_date as created_2_2_, hashtag0_.modified_date as modified3_2_, hashtag0_.name as name4_2_ from hashtag hashtag0_ left outer join posts_hashtag_map postshasht1_ on (hashtag0_.hashtag_id=postshasht1_.hashtag_id) left outer join posts posts2_ on (postshasht1_.posts_id=posts2_.posts_id) where posts2_.posts_id=?
Hibernate: select hashtag0_.hashtag_id as hashtag_1_2_, hashtag0_.created_date as created_2_2_, hashtag0_.modified_date as modified3_2_, hashtag0_.name as name4_2_ from hashtag hashtag0_ left outer join posts_hashtag_map postshasht1_ on (hashtag0_.hashtag_id=postshasht1_.hashtag_id) left outer join posts posts2_ on (postshasht1_.posts_id=posts2_.posts_id) where posts2_.posts_id=?
Hibernate: select hashtag0_.hashtag_id as hashtag_1_2_, hashtag0_.created_date as created_2_2_, hashtag0_.modified_date as modified3_2_, hashtag0_.name as name4_2_ from hashtag hashtag0_ left outer join posts_hashtag_map postshasht1_ on (hashtag0_.hashtag_id=postshasht1_.hashtag_id) left outer join posts posts2_ on (postshasht1_.posts_id=posts2_.posts_id) where posts2_.posts_id=?
Hibernate: select hashtag0_.hashtag_id as hashtag_1_2_, hashtag0_.created_date as created_2_2_, hashtag0_.modified_date as modified3_2_, hashtag0_.name as name4_2_ from hashtag hashtag0_ left outer join posts_hashtag_map postshasht1_ on (hashtag0_.hashtag_id=postshasht1_.hashtag_id) left outer join posts posts2_ on (postshasht1_.posts_id=posts2_.posts_id) where posts2_.posts_id=?
Hibernate: select hashtag0_.hashtag_id as hashtag_1_2_, hashtag0_.created_date as created_2_2_, hashtag0_.modified_date as modified3_2_, hashtag0_.name as name4_2_ from hashtag hashtag0_ left outer join posts_hashtag_map postshasht1_ on (hashtag0_.hashtag_id=postshasht1_.hashtag_id) left outer join posts posts2_ on (postshasht1_.posts_id=posts2_.posts_id) where posts2_.posts_id=?
Hibernate: select hashtag0_.hashtag_id as hashtag_1_2_, hashtag0_.created_date as created_2_2_, hashtag0_.modified_date as modified3_2_, hashtag0_.name as name4_2_ from hashtag hashtag0_ left outer join posts_hashtag_map postshasht1_ on (hashtag0_.hashtag_id=postshasht1_.hashtag_id) left outer join posts posts2_ on (postshasht1_.posts_id=posts2_.posts_id) where posts2_.posts_id=?
Hibernate: select hashtag0_.hashtag_id as hashtag_1_2_, hashtag0_.created_date as created_2_2_, hashtag0_.modified_date as modified3_2_, hashtag0_.name as name4_2_ from hashtag hashtag0_ left outer join posts_hashtag_map postshasht1_ on (hashtag0_.hashtag_id=postshasht1_.hashtag_id) left outer join posts posts2_ on (postshasht1_.posts_id=posts2_.posts_id) where posts2_.posts_id=?
Hibernate: select hashtag0_.hashtag_id as hashtag_1_2_, hashtag0_.created_date as created_2_2_, hashtag0_.modified_date as modified3_2_, hashtag0_.name as name4_2_ from hashtag hashtag0_ left outer join posts_hashtag_map postshasht1_ on (hashtag0_.hashtag_id=postshasht1_.hashtag_id) left outer join posts posts2_ on (postshasht1_.posts_id=posts2_.posts_id) where posts2_.posts_id=?
Hibernate: select hashtag0_.hashtag_id as hashtag_1_2_, hashtag0_.created_date as created_2_2_, hashtag0_.modified_date as modified3_2_, hashtag0_.name as name4_2_ from hashtag hashtag0_ left outer join posts_hashtag_map postshasht1_ on (hashtag0_.hashtag_id=postshasht1_.hashtag_id) left outer join posts posts2_ on (postshasht1_.posts_id=posts2_.posts_id) where posts2_.posts_id=?
Hibernate: select hashtag0_.hashtag_id as hashtag_1_2_, hashtag0_.created_date as created_2_2_, hashtag0_.modified_date as modified3_2_, hashtag0_.name as name4_2_ from hashtag hashtag0_ left outer join posts_hashtag_map postshasht1_ on (hashtag0_.hashtag_id=postshasht1_.hashtag_id) left outer join posts posts2_ on (postshasht1_.posts_id=posts2_.posts_id) where posts2_.posts_id=?
Hibernate: select hashtag0_.hashtag_id as hashtag_1_2_, hashtag0_.created_date as created_2_2_, hashtag0_.modified_date as modified3_2_, hashtag0_.name as name4_2_ from hashtag hashtag0_ left outer join posts_hashtag_map postshasht1_ on (hashtag0_.hashtag_id=postshasht1_.hashtag_id) left outer join posts posts2_ on (postshasht1_.posts_id=posts2_.posts_id) where posts2_.posts_id=?
Hibernate: select hashtag0_.hashtag_id as hashtag_1_2_, hashtag0_.created_date as created_2_2_, hashtag0_.modified_date as modified3_2_, hashtag0_.name as name4_2_ from hashtag hashtag0_ left outer join posts_hashtag_map postshasht1_ on (hashtag0_.hashtag_id=postshasht1_.hashtag_id) left outer join posts posts2_ on (postshasht1_.posts_id=posts2_.posts_id) where posts2_.posts_id=?
Hibernate: select hashtag0_.hashtag_id as hashtag_1_2_, hashtag0_.created_date as created_2_2_, hashtag0_.modified_date as modified3_2_, hashtag0_.name as name4_2_ from hashtag hashtag0_ left outer join posts_hashtag_map postshasht1_ on (hashtag0_.hashtag_id=postshasht1_.hashtag_id) left outer join posts posts2_ on (postshasht1_.posts_id=posts2_.posts_id) where posts2_.posts_id=?
Hibernate: select hashtag0_.hashtag_id as hashtag_1_2_, hashtag0_.created_date as created_2_2_, hashtag0_.modified_date as modified3_2_, hashtag0_.name as name4_2_ from hashtag hashtag0_ left outer join posts_hashtag_map postshasht1_ on (hashtag0_.hashtag_id=postshasht1_.hashtag_id) left outer join posts posts2_ on (postshasht1_.posts_id=posts2_.posts_id) where posts2_.posts_id=?
Hibernate: select hashtag0_.hashtag_id as hashtag_1_2_, hashtag0_.created_date as created_2_2_, hashtag0_.modified_date as modified3_2_, hashtag0_.name as name4_2_ from hashtag hashtag0_ left outer join posts_hashtag_map postshasht1_ on (hashtag0_.hashtag_id=postshasht1_.hashtag_id) left outer join posts posts2_ on (postshasht1_.posts_id=posts2_.posts_id) where posts2_.posts_id=?
Hibernate: select hashtag0_.hashtag_id as hashtag_1_2_, hashtag0_.created_date as created_2_2_, hashtag0_.modified_date as modified3_2_, hashtag0_.name as name4_2_ from hashtag hashtag0_ left outer join posts_hashtag_map postshasht1_ on (hashtag0_.hashtag_id=postshasht1_.hashtag_id) left outer join posts posts2_ on (postshasht1_.posts_id=posts2_.posts_id) where posts2_.posts_id=?
Hibernate: select hashtag0_.hashtag_id as hashtag_1_2_, hashtag0_.created_date as created_2_2_, hashtag0_.modified_date as modified3_2_, hashtag0_.name as name4_2_ from hashtag hashtag0_ left outer join posts_hashtag_map postshasht1_ on (hashtag0_.hashtag_id=postshasht1_.hashtag_id) left outer join posts posts2_ on (postshasht1_.posts_id=posts2_.posts_id) where posts2_.posts_id=?
Hibernate: select hashtag0_.hashtag_id as hashtag_1_2_, hashtag0_.created_date as created_2_2_, hashtag0_.modified_date as modified3_2_, hashtag0_.name as name4_2_ from hashtag hashtag0_ left outer join posts_hashtag_map postshasht1_ on (hashtag0_.hashtag_id=postshasht1_.hashtag_id) left outer join posts posts2_ on (postshasht1_.posts_id=posts2_.posts_id) where posts2_.posts_id=?
Hibernate: select hashtag0_.hashtag_id as hashtag_1_2_, hashtag0_.created_date as created_2_2_, hashtag0_.modified_date as modified3_2_, hashtag0_.name as name4_2_ from hashtag hashtag0_ left outer join posts_hashtag_map postshasht1_ on (hashtag0_.hashtag_id=postshasht1_.hashtag_id) left outer join posts posts2_ on (postshasht1_.posts_id=posts2_.posts_id) where posts2_.posts_id=?
Hibernate: select hashtag0_.hashtag_id as hashtag_1_2_, hashtag0_.created_date as created_2_2_, hashtag0_.modified_date as modified3_2_, hashtag0_.name as name4_2_ from hashtag hashtag0_ left outer join posts_hashtag_map postshasht1_ on (hashtag0_.hashtag_id=postshasht1_.hashtag_id) left outer join posts posts2_ on (postshasht1_.posts_id=posts2_.posts_id) where posts2_.posts_id=?
Hibernate: select hashtag0_.hashtag_id as hashtag_1_2_, hashtag0_.created_date as created_2_2_, hashtag0_.modified_date as modified3_2_, hashtag0_.name as name4_2_ from hashtag hashtag0_ left outer join posts_hashtag_map postshasht1_ on (hashtag0_.hashtag_id=postshasht1_.hashtag_id) left outer join posts posts2_ on (postshasht1_.posts_id=posts2_.posts_id) where posts2_.posts_id=?
Hibernate: select hashtag0_.hashtag_id as hashtag_1_2_, hashtag0_.created_date as created_2_2_, hashtag0_.modified_date as modified3_2_, hashtag0_.name as name4_2_ from hashtag hashtag0_ left outer join posts_hashtag_map postshasht1_ on (hashtag0_.hashtag_id=postshasht1_.hashtag_id) left outer join posts posts2_ on (postshasht1_.posts_id=posts2_.posts_id) where posts2_.posts_id=?
Hibernate: select hashtag0_.hashtag_id as hashtag_1_2_, hashtag0_.created_date as created_2_2_, hashtag0_.modified_date as modified3_2_, hashtag0_.name as name4_2_ from hashtag hashtag0_ left outer join posts_hashtag_map postshasht1_ on (hashtag0_.hashtag_id=postshasht1_.hashtag_id) left outer join posts posts2_ on (postshasht1_.posts_id=posts2_.posts_id) where posts2_.posts_id=?
Hibernate: select hashtag0_.hashtag_id as hashtag_1_2_, hashtag0_.created_date as created_2_2_, hashtag0_.modified_date as modified3_2_, hashtag0_.name as name4_2_ from hashtag hashtag0_ left outer join posts_hashtag_map postshasht1_ on (hashtag0_.hashtag_id=postshasht1_.hashtag_id) left outer join posts posts2_ on (postshasht1_.posts_id=posts2_.posts_id) where posts2_.posts_id=?
Hibernate: select hashtag0_.hashtag_id as hashtag_1_2_, hashtag0_.created_date as created_2_2_, hashtag0_.modified_date as modified3_2_, hashtag0_.name as name4_2_ from hashtag hashtag0_ left outer join posts_hashtag_map postshasht1_ on (hashtag0_.hashtag_id=postshasht1_.hashtag_id) left outer join posts posts2_ on (postshasht1_.posts_id=posts2_.posts_id) where posts2_.posts_id=?
Hibernate: select hashtag0_.hashtag_id as hashtag_1_2_, hashtag0_.created_date as created_2_2_, hashtag0_.modified_date as modified3_2_, hashtag0_.name as name4_2_ from hashtag hashtag0_ left outer join posts_hashtag_map postshasht1_ on (hashtag0_.hashtag_id=postshasht1_.hashtag_id) left outer join posts posts2_ on (postshasht1_.posts_id=posts2_.posts_id) where posts2_.posts_id=?
Hibernate: select hashtag0_.hashtag_id as hashtag_1_2_, hashtag0_.created_date as created_2_2_, hashtag0_.modified_date as modified3_2_, hashtag0_.name as name4_2_ from hashtag hashtag0_ left outer join posts_hashtag_map postshasht1_ on (hashtag0_.hashtag_id=postshasht1_.hashtag_id) left outer join posts posts2_ on (postshasht1_.posts_id=posts2_.posts_id) where posts2_.posts_id=?

MockHttpServletRequest:
      HTTP Method = GET
      Request URI = /api/v1/posts/by-member
       Parameters = {}
          Headers = [Content-Type:"application/json;charset=UTF-8"]
             Body = null
    Session Attrs = {member=SessionMemberDto(id=175, name=슬로우스타터, email=azurealstn@naver.com, picture=test.jpg, username=haha, shortBio=안녕하세요!)}

Handler:
             Type = com.azurealstn.alog.controller.api.posts.PostsApiController
           Method = com.azurealstn.alog.controller.api.posts.PostsApiController#postsListByMember()

Async:
    Async started = false
     Async result = null

Resolved Exception:
             Type = null

ModelAndView:
        View name = null
             View = null
            Model = null

FlashMap:
       Attributes = null

MockHttpServletResponse:
           Status = 200
    Error message = null
          Headers = [Content-Type:"application/json;charset=UTF-8"]
     Content type = application/json;charset=UTF-8
             Body = [{"id":323,"title":"test 제목 - 30","content":"뭐로 할까 - 30","member":{"createdDate":"2022-12-04T20:02:10.6606924","modifiedDate":"2022-12-04T20:02:10.6606924","id":175,"email":"azurealstn@naver.com","name":"슬로우스타터","picture":"test.jpg","role":"MEMBER","emailAuth":true,"username":"haha","shortBio":"안녕하세요!","roleKey":"ROLE_MEMBER"},"description":"소개글 - 30","secret":null,"previousTime":"2022년 12월 4일","hashTagNames":[],"likeCount":0,"commentCount":0,"storeFilename":null,"totalRowCount":0,"imageUrl":null},{"id":322,"title":"test 제목 - 29","content":"뭐로 할까 - 29","member":{"createdDate":"2022-12-04T20:02:10.6606924","modifiedDate":"2022-12-04T20:02:10.6606924","id":175,"email":"azurealstn@naver.com","name":"슬로우스타터","picture":"test.jpg","role":"MEMBER","emailAuth":true,"username":"haha","shortBio":"안녕하세요!","roleKey":"ROLE_MEMBER"},"description":"소개글 - 29","secret":null,"previousTime":"2022년 12월 4일","hashTagNames":[],"likeCount":0,"commentCount":0,"storeFilename":null,"totalRowCount":0,"imageUrl":null},{"id":321,"title":"test 제목 - 28","content":"뭐로 할까 - 28","member":{"createdDate":"2022-12-04T20:02:10.6606924","modifiedDate":"2022-12-04T20:02:10.6606924","id":175,"email":"azurealstn@naver.com","name":"슬로우스타터","picture":"test.jpg","role":"MEMBER","emailAuth":true,"username":"haha","shortBio":"안녕하세요!","roleKey":"ROLE_MEMBER"},"description":"소개글 - 28","secret":null,"previousTime":"2022년 12월 4일","hashTagNames":[],"likeCount":0,"commentCount":0,"storeFilename":null,"totalRowCount":0,"imageUrl":null},{"id":320,"title":"test 제목 - 27","content":"뭐로 할까 - 27","member":{"createdDate":"2022-12-04T20:02:10.6606924","modifiedDate":"2022-12-04T20:02:10.6606924","id":175,"email":"azurealstn@naver.com","name":"슬로우스타터","picture":"test.jpg","role":"MEMBER","emailAuth":true,"username":"haha","shortBio":"안녕하세요!","roleKey":"ROLE_MEMBER"},"description":"소개글 - 27","secret":null,"previousTime":"2022년 12월 4일","hashTagNames":[],"likeCount":0,"commentCount":0,"storeFilename":null,"totalRowCount":0,"imageUrl":null},{"id":319,"title":"test 제목 - 26","content":"뭐로 할까 - 26","member":{"createdDate":"2022-12-04T20:02:10.6606924","modifiedDate":"2022-12-04T20:02:10.6606924","id":175,"email":"azurealstn@naver.com","name":"슬로우스타터","picture":"test.jpg","role":"MEMBER","emailAuth":true,"username":"haha","shortBio":"안녕하세요!","roleKey":"ROLE_MEMBER"},"description":"소개글 - 26","secret":null,"previousTime":"2022년 12월 4일","hashTagNames":[],"likeCount":0,"commentCount":0,"storeFilename":null,"totalRowCount":0,"imageUrl":null},{"id":318,"title":"test 제목 - 25","content":"뭐로 할까 - 25","member":{"createdDate":"2022-12-04T20:02:10.6606924","modifiedDate":"2022-12-04T20:02:10.6606924","id":175,"email":"azurealstn@naver.com","name":"슬로우스타터","picture":"test.jpg","role":"MEMBER","emailAuth":true,"username":"haha","shortBio":"안녕하세요!","roleKey":"ROLE_MEMBER"},"description":"소개글 - 25","secret":null,"previousTime":"2022년 12월 4일","hashTagNames":[],"likeCount":0,"commentCount":0,"storeFilename":null,"totalRowCount":0,"imageUrl":null},{"id":317,"title":"test 제목 - 24","content":"뭐로 할까 - 24","member":{"createdDate":"2022-12-04T20:02:10.6606924","modifiedDate":"2022-12-04T20:02:10.6606924","id":175,"email":"azurealstn@naver.com","name":"슬로우스타터","picture":"test.jpg","role":"MEMBER","emailAuth":true,"username":"haha","shortBio":"안녕하세요!","roleKey":"ROLE_MEMBER"},"description":"소개글 - 24","secret":null,"previousTime":"2022년 12월 4일","hashTagNames":[],"likeCount":0,"commentCount":0,"storeFilename":null,"totalRowCount":0,"imageUrl":null},{"id":316,"title":"test 제목 - 23","content":"뭐로 할까 - 23","member":{"createdDate":"2022-12-04T20:02:10.6606924","modifiedDate":"2022-12-04T20:02:10.6606924","id":175,"email":"azurealstn@naver.com","name":"슬로우스타터","picture":"test.jpg","role":"MEMBER","emailAuth":true,"username":"haha","shortBio":"안녕하세요!","roleKey":"ROLE_MEMBER"},"description":"소개글 - 23","secret":null,"previousTime":"2022년 12월 4일","hashTagNames":[],"likeCount":0,"commentCount":0,"storeFilename":null,"totalRowCount":0,"imageUrl":null},{"id":315,"title":"test 제목 - 22","content":"뭐로 할까 - 22","member":{"createdDate":"2022-12-04T20:02:10.6606924","modifiedDate":"2022-12-04T20:02:10.6606924","id":175,"email":"azurealstn@naver.com","name":"슬로우스타터","picture":"test.jpg","role":"MEMBER","emailAuth":true,"username":"haha","shortBio":"안녕하세요!","roleKey":"ROLE_MEMBER"},"description":"소개글 - 22","secret":null,"previousTime":"2022년 12월 4일","hashTagNames":[],"likeCount":0,"commentCount":0,"storeFilename":null,"totalRowCount":0,"imageUrl":null},{"id":314,"title":"test 제목 - 21","content":"뭐로 할까 - 21","member":{"createdDate":"2022-12-04T20:02:10.6606924","modifiedDate":"2022-12-04T20:02:10.6606924","id":175,"email":"azurealstn@naver.com","name":"슬로우스타터","picture":"test.jpg","role":"MEMBER","emailAuth":true,"username":"haha","shortBio":"안녕하세요!","roleKey":"ROLE_MEMBER"},"description":"소개글 - 21","secret":null,"previousTime":"2022년 12월 4일","hashTagNames":[],"likeCount":0,"commentCount":0,"storeFilename":null,"totalRowCount":0,"imageUrl":null},{"id":313,"title":"test 제목 - 20","content":"뭐로 할까 - 20","member":{"createdDate":"2022-12-04T20:02:10.6606924","modifiedDate":"2022-12-04T20:02:10.6606924","id":175,"email":"azurealstn@naver.com","name":"슬로우스타터","picture":"test.jpg","role":"MEMBER","emailAuth":true,"username":"haha","shortBio":"안녕하세요!","roleKey":"ROLE_MEMBER"},"description":"소개글 - 20","secret":null,"previousTime":"2022년 12월 4일","hashTagNames":[],"likeCount":0,"commentCount":0,"storeFilename":null,"totalRowCount":0,"imageUrl":null},{"id":312,"title":"test 제목 - 19","content":"뭐로 할까 - 19","member":{"createdDate":"2022-12-04T20:02:10.6606924","modifiedDate":"2022-12-04T20:02:10.6606924","id":175,"email":"azurealstn@naver.com","name":"슬로우스타터","picture":"test.jpg","role":"MEMBER","emailAuth":true,"username":"haha","shortBio":"안녕하세요!","roleKey":"ROLE_MEMBER"},"description":"소개글 - 19","secret":null,"previousTime":"2022년 12월 4일","hashTagNames":[],"likeCount":0,"commentCount":0,"storeFilename":null,"totalRowCount":0,"imageUrl":null},{"id":311,"title":"test 제목 - 18","content":"뭐로 할까 - 18","member":{"createdDate":"2022-12-04T20:02:10.6606924","modifiedDate":"2022-12-04T20:02:10.6606924","id":175,"email":"azurealstn@naver.com","name":"슬로우스타터","picture":"test.jpg","role":"MEMBER","emailAuth":true,"username":"haha","shortBio":"안녕하세요!","roleKey":"ROLE_MEMBER"},"description":"소개글 - 18","secret":null,"previousTime":"2022년 12월 4일","hashTagNames":[],"likeCount":0,"commentCount":0,"storeFilename":null,"totalRowCount":0,"imageUrl":null},{"id":310,"title":"test 제목 - 17","content":"뭐로 할까 - 17","member":{"createdDate":"2022-12-04T20:02:10.6606924","modifiedDate":"2022-12-04T20:02:10.6606924","id":175,"email":"azurealstn@naver.com","name":"슬로우스타터","picture":"test.jpg","role":"MEMBER","emailAuth":true,"username":"haha","shortBio":"안녕하세요!","roleKey":"ROLE_MEMBER"},"description":"소개글 - 17","secret":null,"previousTime":"2022년 12월 4일","hashTagNames":[],"likeCount":0,"commentCount":0,"storeFilename":null,"totalRowCount":0,"imageUrl":null},{"id":309,"title":"test 제목 - 16","content":"뭐로 할까 - 16","member":{"createdDate":"2022-12-04T20:02:10.6606924","modifiedDate":"2022-12-04T20:02:10.6606924","id":175,"email":"azurealstn@naver.com","name":"슬로우스타터","picture":"test.jpg","role":"MEMBER","emailAuth":true,"username":"haha","shortBio":"안녕하세요!","roleKey":"ROLE_MEMBER"},"description":"소개글 - 16","secret":null,"previousTime":"2022년 12월 4일","hashTagNames":[],"likeCount":0,"commentCount":0,"storeFilename":null,"totalRowCount":0,"imageUrl":null},{"id":308,"title":"test 제목 - 15","content":"뭐로 할까 - 15","member":{"createdDate":"2022-12-04T20:02:10.6606924","modifiedDate":"2022-12-04T20:02:10.6606924","id":175,"email":"azurealstn@naver.com","name":"슬로우스타터","picture":"test.jpg","role":"MEMBER","emailAuth":true,"username":"haha","shortBio":"안녕하세요!","roleKey":"ROLE_MEMBER"},"description":"소개글 - 15","secret":null,"previousTime":"2022년 12월 4일","hashTagNames":[],"likeCount":0,"commentCount":0,"storeFilename":null,"totalRowCount":0,"imageUrl":null},{"id":307,"title":"test 제목 - 14","content":"뭐로 할까 - 14","member":{"createdDate":"2022-12-04T20:02:10.6606924","modifiedDate":"2022-12-04T20:02:10.6606924","id":175,"email":"azurealstn@naver.com","name":"슬로우스타터","picture":"test.jpg","role":"MEMBER","emailAuth":true,"username":"haha","shortBio":"안녕하세요!","roleKey":"ROLE_MEMBER"},"description":"소개글 - 14","secret":null,"previousTime":"2022년 12월 4일","hashTagNames":[],"likeCount":0,"commentCount":0,"storeFilename":null,"totalRowCount":0,"imageUrl":null},{"id":306,"title":"test 제목 - 13","content":"뭐로 할까 - 13","member":{"createdDate":"2022-12-04T20:02:10.6606924","modifiedDate":"2022-12-04T20:02:10.6606924","id":175,"email":"azurealstn@naver.com","name":"슬로우스타터","picture":"test.jpg","role":"MEMBER","emailAuth":true,"username":"haha","shortBio":"안녕하세요!","roleKey":"ROLE_MEMBER"},"description":"소개글 - 13","secret":null,"previousTime":"2022년 12월 4일","hashTagNames":[],"likeCount":0,"commentCount":0,"storeFilename":null,"totalRowCount":0,"imageUrl":null},{"id":305,"title":"test 제목 - 12","content":"뭐로 할까 - 12","member":{"createdDate":"2022-12-04T20:02:10.6606924","modifiedDate":"2022-12-04T20:02:10.6606924","id":175,"email":"azurealstn@naver.com","name":"슬로우스타터","picture":"test.jpg","role":"MEMBER","emailAuth":true,"username":"haha","shortBio":"안녕하세요!","roleKey":"ROLE_MEMBER"},"description":"소개글 - 12","secret":null,"previousTime":"2022년 12월 4일","hashTagNames":[],"likeCount":0,"commentCount":0,"storeFilename":null,"totalRowCount":0,"imageUrl":null},{"id":304,"title":"test 제목 - 11","content":"뭐로 할까 - 11","member":{"createdDate":"2022-12-04T20:02:10.6606924","modifiedDate":"2022-12-04T20:02:10.6606924","id":175,"email":"azurealstn@naver.com","name":"슬로우스타터","picture":"test.jpg","role":"MEMBER","emailAuth":true,"username":"haha","shortBio":"안녕하세요!","roleKey":"ROLE_MEMBER"},"description":"소개글 - 11","secret":null,"previousTime":"2022년 12월 4일","hashTagNames":[],"likeCount":0,"commentCount":0,"storeFilename":null,"totalRowCount":0,"imageUrl":null},{"id":303,"title":"test 제목 - 10","content":"뭐로 할까 - 10","member":{"createdDate":"2022-12-04T20:02:10.6606924","modifiedDate":"2022-12-04T20:02:10.6606924","id":175,"email":"azurealstn@naver.com","name":"슬로우스타터","picture":"test.jpg","role":"MEMBER","emailAuth":true,"username":"haha","shortBio":"안녕하세요!","roleKey":"ROLE_MEMBER"},"description":"소개글 - 10","secret":null,"previousTime":"2022년 12월 4일","hashTagNames":[],"likeCount":0,"commentCount":0,"storeFilename":null,"totalRowCount":0,"imageUrl":null},{"id":302,"title":"test 제목 - 9","content":"뭐로 할까 - 9","member":{"createdDate":"2022-12-04T20:02:10.6606924","modifiedDate":"2022-12-04T20:02:10.6606924","id":175,"email":"azurealstn@naver.com","name":"슬로우스타터","picture":"test.jpg","role":"MEMBER","emailAuth":true,"username":"haha","shortBio":"안녕하세요!","roleKey":"ROLE_MEMBER"},"description":"소개글 - 9","secret":null,"previousTime":"2022년 12월 4일","hashTagNames":[],"likeCount":0,"commentCount":0,"storeFilename":null,"totalRowCount":0,"imageUrl":null},{"id":301,"title":"test 제목 - 8","content":"뭐로 할까 - 8","member":{"createdDate":"2022-12-04T20:02:10.6606924","modifiedDate":"2022-12-04T20:02:10.6606924","id":175,"email":"azurealstn@naver.com","name":"슬로우스타터","picture":"test.jpg","role":"MEMBER","emailAuth":true,"username":"haha","shortBio":"안녕하세요!","roleKey":"ROLE_MEMBER"},"description":"소개글 - 8","secret":null,"previousTime":"2022년 12월 4일","hashTagNames":[],"likeCount":0,"commentCount":0,"storeFilename":null,"totalRowCount":0,"imageUrl":null},{"id":300,"title":"test 제목 - 7","content":"뭐로 할까 - 7","member":{"createdDate":"2022-12-04T20:02:10.6606924","modifiedDate":"2022-12-04T20:02:10.6606924","id":175,"email":"azurealstn@naver.com","name":"슬로우스타터","picture":"test.jpg","role":"MEMBER","emailAuth":true,"username":"haha","shortBio":"안녕하세요!","roleKey":"ROLE_MEMBER"},"description":"소개글 - 7","secret":null,"previousTime":"2022년 12월 4일","hashTagNames":[],"likeCount":0,"commentCount":0,"storeFilename":null,"totalRowCount":0,"imageUrl":null},{"id":299,"title":"test 제목 - 6","content":"뭐로 할까 - 6","member":{"createdDate":"2022-12-04T20:02:10.6606924","modifiedDate":"2022-12-04T20:02:10.6606924","id":175,"email":"azurealstn@naver.com","name":"슬로우스타터","picture":"test.jpg","role":"MEMBER","emailAuth":true,"username":"haha","shortBio":"안녕하세요!","roleKey":"ROLE_MEMBER"},"description":"소개글 - 6","secret":null,"previousTime":"2022년 12월 4일","hashTagNames":[],"likeCount":0,"commentCount":0,"storeFilename":null,"totalRowCount":0,"imageUrl":null},{"id":298,"title":"test 제목 - 5","content":"뭐로 할까 - 5","member":{"createdDate":"2022-12-04T20:02:10.6606924","modifiedDate":"2022-12-04T20:02:10.6606924","id":175,"email":"azurealstn@naver.com","name":"슬로우스타터","picture":"test.jpg","role":"MEMBER","emailAuth":true,"username":"haha","shortBio":"안녕하세요!","roleKey":"ROLE_MEMBER"},"description":"소개글 - 5","secret":null,"previousTime":"2022년 12월 4일","hashTagNames":[],"likeCount":0,"commentCount":0,"storeFilename":null,"totalRowCount":0,"imageUrl":null},{"id":297,"title":"test 제목 - 4","content":"뭐로 할까 - 4","member":{"createdDate":"2022-12-04T20:02:10.6606924","modifiedDate":"2022-12-04T20:02:10.6606924","id":175,"email":"azurealstn@naver.com","name":"슬로우스타터","picture":"test.jpg","role":"MEMBER","emailAuth":true,"username":"haha","shortBio":"안녕하세요!","roleKey":"ROLE_MEMBER"},"description":"소개글 - 4","secret":null,"previousTime":"2022년 12월 4일","hashTagNames":[],"likeCount":0,"commentCount":0,"storeFilename":null,"totalRowCount":0,"imageUrl":null},{"id":296,"title":"test 제목 - 3","content":"뭐로 할까 - 3","member":{"createdDate":"2022-12-04T20:02:10.6606924","modifiedDate":"2022-12-04T20:02:10.6606924","id":175,"email":"azurealstn@naver.com","name":"슬로우스타터","picture":"test.jpg","role":"MEMBER","emailAuth":true,"username":"haha","shortBio":"안녕하세요!","roleKey":"ROLE_MEMBER"},"description":"소개글 - 3","secret":null,"previousTime":"2022년 12월 4일","hashTagNames":[],"likeCount":0,"commentCount":0,"storeFilename":null,"totalRowCount":0,"imageUrl":null},{"id":295,"title":"test 제목 - 2","content":"뭐로 할까 - 2","member":{"createdDate":"2022-12-04T20:02:10.6606924","modifiedDate":"2022-12-04T20:02:10.6606924","id":175,"email":"azurealstn@naver.com","name":"슬로우스타터","picture":"test.jpg","role":"MEMBER","emailAuth":true,"username":"haha","shortBio":"안녕하세요!","roleKey":"ROLE_MEMBER"},"description":"소개글 - 2","secret":null,"previousTime":"2022년 12월 4일","hashTagNames":[],"likeCount":0,"commentCount":0,"storeFilename":null,"totalRowCount":0,"imageUrl":null},{"id":294,"title":"test 제목 - 1","content":"뭐로 할까 - 1","member":{"createdDate":"2022-12-04T20:02:10.6606924","modifiedDate":"2022-12-04T20:02:10.6606924","id":175,"email":"azurealstn@naver.com","name":"슬로우스타터","picture":"test.jpg","role":"MEMBER","emailAuth":true,"username":"haha","shortBio":"안녕하세요!","roleKey":"ROLE_MEMBER"},"description":"소개글 - 1","secret":null,"previousTime":"2022년 12월 4일","hashTagNames":[],"likeCount":0,"commentCount":0,"storeFilename":null,"totalRowCount":0,"imageUrl":null}]
    Forwarded URL = null
   Redirected URL = null
          Cookies = []
Hibernate: select posts0_.posts_id as posts_id1_5_, posts0_.created_date as created_2_5_, posts0_.modified_date as modified3_5_, posts0_.content as content4_5_, posts0_.description as descript5_5_, posts0_.likes as likes6_5_, posts0_.member_id as member_i9_5_, posts0_.secret as secret7_5_, posts0_.title as title8_5_ from posts posts0_
Hibernate: select member0_.member_id as member_i1_3_, member0_.created_date as created_2_3_, member0_.modified_date as modified3_3_, member0_.email as email4_3_, member0_.email_auth as email_au5_3_, member0_.name as name6_3_, member0_.picture as picture7_3_, member0_.role as role8_3_, member0_.short_bio as short_bi9_3_, member0_.username as usernam10_3_ from member member0_
2022-12-04 20:02:10.770  INFO 8024 --- [    Test worker] o.s.t.c.transaction.TransactionContext   : Rolled back transaction for test: [DefaultTestContext@351b70c1 testClass = PostsApiControllerTest, testInstance = com.azurealstn.alog.controller.api.posts.PostsApiControllerTest@1264bde8, testMethod = findAll_posts_by_member@PostsApiControllerTest, testException = [null], mergedContextConfiguration = [WebMergedContextConfiguration@3b82fb7 testClass = PostsApiControllerTest, locations = '{}', classes = '{class com.azurealstn.alog.AlogApplication}', contextInitializerClasses = '[]', activeProfiles = '{}', propertySourceLocations = '{}', propertySourceProperties = '{org.springframework.boot.test.context.SpringBootTestContextBootstrapper=true, server.port=0}', contextCustomizers = set[org.springframework.boot.test.autoconfigure.actuate.metrics.MetricsExportContextCustomizerFactory$DisableMetricExportContextCustomizer@39dcf4b0, org.springframework.boot.test.autoconfigure.properties.PropertyMappingContextCustomizer@0, org.springframework.boot.test.autoconfigure.web.servlet.WebDriverContextCustomizerFactory$Customizer@6722db6e, org.springframework.boot.test.context.filter.ExcludeFilterContextCustomizer@7a48e6e2, org.springframework.boot.test.json.DuplicateJsonObjectContextCustomizerFactory$DuplicateJsonObjectContextCustomizer@631e06ab, org.springframework.boot.test.mock.mockito.MockitoContextCustomizer@0, org.springframework.boot.test.web.client.TestRestTemplateContextCustomizer@24faea88, org.springframework.boot.test.context.SpringBootTestArgs@1, org.springframework.boot.test.context.SpringBootTestWebEnvironment@68d279ec], resourceBasePath = 'src/main/webapp', contextLoader = 'org.springframework.boot.test.context.SpringBootContextLoader', parent = [null]], attributes = map['org.springframework.test.context.web.ServletTestExecutionListener.activateListener' -> false, 'org.springframework.test.context.event.ApplicationEventsTestExecutionListener.recordApplicationEvents' -> false]]
2022-12-04 20:02:10.770  INFO 8024 --- [    Test worker] o.s.t.c.transaction.TransactionContext   : Began transaction (1) for test context [DefaultTestContext@351b70c1 testClass = PostsApiControllerTest, testInstance = com.azurealstn.alog.controller.api.posts.PostsApiControllerTest@51336aad, testMethod = posts_create_api_validate_title@PostsApiControllerTest, testException = [null], mergedContextConfiguration = [WebMergedContextConfiguration@3b82fb7 testClass = PostsApiControllerTest, locations = '{}', classes = '{class com.azurealstn.alog.AlogApplication}', contextInitializerClasses = '[]', activeProfiles = '{}', propertySourceLocations = '{}', propertySourceProperties = '{org.springframework.boot.test.context.SpringBootTestContextBootstrapper=true, server.port=0}', contextCustomizers = set[org.springframework.boot.test.autoconfigure.actuate.metrics.MetricsExportContextCustomizerFactory$DisableMetricExportContextCustomizer@39dcf4b0, org.springframework.boot.test.autoconfigure.properties.PropertyMappingContextCustomizer@0, org.springframework.boot.test.autoconfigure.web.servlet.WebDriverContextCustomizerFactory$Customizer@6722db6e, org.springframework.boot.test.context.filter.ExcludeFilterContextCustomizer@7a48e6e2, org.springframework.boot.test.json.DuplicateJsonObjectContextCustomizerFactory$DuplicateJsonObjectContextCustomizer@631e06ab, org.springframework.boot.test.mock.mockito.MockitoContextCustomizer@0, org.springframework.boot.test.web.client.TestRestTemplateContextCustomizer@24faea88, org.springframework.boot.test.context.SpringBootTestArgs@1, org.springframework.boot.test.context.SpringBootTestWebEnvironment@68d279ec], resourceBasePath = 'src/main/webapp', contextLoader = 'org.springframework.boot.test.context.SpringBootContextLoader', parent = [null]], attributes = map['org.springframework.test.context.web.ServletTestExecutionListener.activateListener' -> false, 'org.springframework.test.context.event.ApplicationEventsTestExecutionListener.recordApplicationEvents' -> false]]; transaction manager [org.springframework.orm.jpa.JpaTransactionManager@74a8d26c]; rollback [true]
2022-12-04 20:02:10.770  INFO 8024 --- [    Test worker] o.a.c.c.C.[Tomcat].[localhost].[/]       : Initializing Spring TestDispatcherServlet ''
2022-12-04 20:02:10.770  INFO 8024 --- [    Test worker] o.s.t.web.servlet.TestDispatcherServlet  : Initializing Servlet ''
2022-12-04 20:02:10.770  INFO 8024 --- [    Test worker] o.s.t.web.servlet.TestDispatcherServlet  : Completed initialization in 0 ms
Hibernate: select posts0_.posts_id as posts_id1_5_, posts0_.created_date as created_2_5_, posts0_.modified_date as modified3_5_, posts0_.content as content4_5_, posts0_.description as descript5_5_, posts0_.likes as likes6_5_, posts0_.member_id as member_i9_5_, posts0_.secret as secret7_5_, posts0_.title as title8_5_ from posts posts0_
Hibernate: select member0_.member_id as member_i1_3_, member0_.created_date as created_2_3_, member0_.modified_date as modified3_3_, member0_.email as email4_3_, member0_.email_auth as email_au5_3_, member0_.name as name6_3_, member0_.picture as picture7_3_, member0_.role as role8_3_, member0_.short_bio as short_bi9_3_, member0_.username as usernam10_3_ from member member0_
Hibernate: insert into member (member_id, created_date, modified_date, email, email_auth, name, picture, role, short_bio, username) values (default, ?, ?, ?, ?, ?, ?, ?, ?, ?)

MockHttpServletRequest:
      HTTP Method = POST
      Request URI = /api/v1/posts
       Parameters = {}
          Headers = [Content-Type:"application/json;charset=UTF-8", Content-Length:"375"]
             Body = {"title":"","content":"안녕하세요?","member":{"createdDate":"2022-12-04T20:02:10.7700763","modifiedDate":"2022-12-04T20:02:10.7700763","id":176,"email":"azurealstn@naver.com","name":"슬로우스타터","picture":"test.jpg","role":"MEMBER","emailAuth":true,"username":"haha","shortBio":"안녕하세요!","roleKey":"ROLE_MEMBER"},"description":"소개글","secret":null}
    Session Attrs = {member=SessionMemberDto(id=176, name=슬로우스타터, email=azurealstn@naver.com, picture=test.jpg, username=haha, shortBio=안녕하세요!)}

Handler:
             Type = com.azurealstn.alog.controller.api.posts.PostsApiController
           Method = com.azurealstn.alog.controller.api.posts.PostsApiController#create(PostsCreateRequestDto)

Async:
    Async started = false
     Async result = null

Resolved Exception:
             Type = org.springframework.web.bind.MethodArgumentNotValidException

ModelAndView:
        View name = null
             View = null
            Model = null

FlashMap:
       Attributes = null

MockHttpServletResponse:
           Status = 400
    Error message = null
          Headers = [Content-Type:"application/json;charset=UTF-8"]
     Content type = application/json;charset=UTF-8
             Body = {"code":"400","message":"클라이언트의 잘못된 요청이 있습니다. (application/json)","validation":[{"fieldName":"title","errorMessage":"제목이 비어있습니다."}]}
    Forwarded URL = null
   Redirected URL = null
          Cookies = []
Hibernate: select posts0_.posts_id as posts_id1_5_, posts0_.created_date as created_2_5_, posts0_.modified_date as modified3_5_, posts0_.content as content4_5_, posts0_.description as descript5_5_, posts0_.likes as likes6_5_, posts0_.member_id as member_i9_5_, posts0_.secret as secret7_5_, posts0_.title as title8_5_ from posts posts0_
Hibernate: select member0_.member_id as member_i1_3_, member0_.created_date as created_2_3_, member0_.modified_date as modified3_3_, member0_.email as email4_3_, member0_.email_auth as email_au5_3_, member0_.name as name6_3_, member0_.picture as picture7_3_, member0_.role as role8_3_, member0_.short_bio as short_bi9_3_, member0_.username as usernam10_3_ from member member0_
2022-12-04 20:02:10.785  INFO 8024 --- [    Test worker] o.s.t.c.transaction.TransactionContext   : Rolled back transaction for test: [DefaultTestContext@351b70c1 testClass = PostsApiControllerTest, testInstance = com.azurealstn.alog.controller.api.posts.PostsApiControllerTest@51336aad, testMethod = posts_create_api_validate_title@PostsApiControllerTest, testException = [null], mergedContextConfiguration = [WebMergedContextConfiguration@3b82fb7 testClass = PostsApiControllerTest, locations = '{}', classes = '{class com.azurealstn.alog.AlogApplication}', contextInitializerClasses = '[]', activeProfiles = '{}', propertySourceLocations = '{}', propertySourceProperties = '{org.springframework.boot.test.context.SpringBootTestContextBootstrapper=true, server.port=0}', contextCustomizers = set[org.springframework.boot.test.autoconfigure.actuate.metrics.MetricsExportContextCustomizerFactory$DisableMetricExportContextCustomizer@39dcf4b0, org.springframework.boot.test.autoconfigure.properties.PropertyMappingContextCustomizer@0, org.springframework.boot.test.autoconfigure.web.servlet.WebDriverContextCustomizerFactory$Customizer@6722db6e, org.springframework.boot.test.context.filter.ExcludeFilterContextCustomizer@7a48e6e2, org.springframework.boot.test.json.DuplicateJsonObjectContextCustomizerFactory$DuplicateJsonObjectContextCustomizer@631e06ab, org.springframework.boot.test.mock.mockito.MockitoContextCustomizer@0, org.springframework.boot.test.web.client.TestRestTemplateContextCustomizer@24faea88, org.springframework.boot.test.context.SpringBootTestArgs@1, org.springframework.boot.test.context.SpringBootTestWebEnvironment@68d279ec], resourceBasePath = 'src/main/webapp', contextLoader = 'org.springframework.boot.test.context.SpringBootContextLoader', parent = [null]], attributes = map['org.springframework.test.context.web.ServletTestExecutionListener.activateListener' -> false, 'org.springframework.test.context.event.ApplicationEventsTestExecutionListener.recordApplicationEvents' -> false]]
2022-12-04 20:02:10.785  INFO 8024 --- [    Test worker] o.s.t.c.transaction.TransactionContext   : Began transaction (1) for test context [DefaultTestContext@351b70c1 testClass = PostsApiControllerTest, testInstance = com.azurealstn.alog.controller.api.posts.PostsApiControllerTest@e4e7ae8, testMethod = posts_create_api_validate_description@PostsApiControllerTest, testException = [null], mergedContextConfiguration = [WebMergedContextConfiguration@3b82fb7 testClass = PostsApiControllerTest, locations = '{}', classes = '{class com.azurealstn.alog.AlogApplication}', contextInitializerClasses = '[]', activeProfiles = '{}', propertySourceLocations = '{}', propertySourceProperties = '{org.springframework.boot.test.context.SpringBootTestContextBootstrapper=true, server.port=0}', contextCustomizers = set[org.springframework.boot.test.autoconfigure.actuate.metrics.MetricsExportContextCustomizerFactory$DisableMetricExportContextCustomizer@39dcf4b0, org.springframework.boot.test.autoconfigure.properties.PropertyMappingContextCustomizer@0, org.springframework.boot.test.autoconfigure.web.servlet.WebDriverContextCustomizerFactory$Customizer@6722db6e, org.springframework.boot.test.context.filter.ExcludeFilterContextCustomizer@7a48e6e2, org.springframework.boot.test.json.DuplicateJsonObjectContextCustomizerFactory$DuplicateJsonObjectContextCustomizer@631e06ab, org.springframework.boot.test.mock.mockito.MockitoContextCustomizer@0, org.springframework.boot.test.web.client.TestRestTemplateContextCustomizer@24faea88, org.springframework.boot.test.context.SpringBootTestArgs@1, org.springframework.boot.test.context.SpringBootTestWebEnvironment@68d279ec], resourceBasePath = 'src/main/webapp', contextLoader = 'org.springframework.boot.test.context.SpringBootContextLoader', parent = [null]], attributes = map['org.springframework.test.context.web.ServletTestExecutionListener.activateListener' -> false, 'org.springframework.test.context.event.ApplicationEventsTestExecutionListener.recordApplicationEvents' -> false]]; transaction manager [org.springframework.orm.jpa.JpaTransactionManager@74a8d26c]; rollback [true]
2022-12-04 20:02:10.785  INFO 8024 --- [    Test worker] o.a.c.c.C.[Tomcat].[localhost].[/]       : Initializing Spring TestDispatcherServlet ''
2022-12-04 20:02:10.785  INFO 8024 --- [    Test worker] o.s.t.web.servlet.TestDispatcherServlet  : Initializing Servlet ''
2022-12-04 20:02:10.785  INFO 8024 --- [    Test worker] o.s.t.web.servlet.TestDispatcherServlet  : Completed initialization in 0 ms
Hibernate: select posts0_.posts_id as posts_id1_5_, posts0_.created_date as created_2_5_, posts0_.modified_date as modified3_5_, posts0_.content as content4_5_, posts0_.description as descript5_5_, posts0_.likes as likes6_5_, posts0_.member_id as member_i9_5_, posts0_.secret as secret7_5_, posts0_.title as title8_5_ from posts posts0_
Hibernate: select member0_.member_id as member_i1_3_, member0_.created_date as created_2_3_, member0_.modified_date as modified3_3_, member0_.email as email4_3_, member0_.email_auth as email_au5_3_, member0_.name as name6_3_, member0_.picture as picture7_3_, member0_.role as role8_3_, member0_.short_bio as short_bi9_3_, member0_.username as usernam10_3_ from member member0_
Hibernate: insert into member (member_id, created_date, modified_date, email, email_auth, name, picture, role, short_bio, username) values (default, ?, ?, ?, ?, ?, ?, ?, ?, ?)

MockHttpServletRequest:
      HTTP Method = POST
      Request URI = /api/v1/posts
       Parameters = {}
          Headers = [Content-Type:"application/json;charset=UTF-8", Content-Length:"979"]
             Body = {"title":"안녕하세요","content":"제목입니다.","member":{"createdDate":"2022-12-04T20:02:10.785702","modifiedDate":"2022-12-04T20:02:10.785702","id":177,"email":"azurealstn@naver.com","name":"슬로우스타터","picture":"test.jpg","role":"MEMBER","emailAuth":true,"username":"haha","shortBio":"안녕하세요!","roleKey":"ROLE_MEMBER"},"description":"글자가다섯글자가다섯글자가다섯글자가다섯글자가다섯글자가다섯글자가다섯글자가다섯글자가다섯글자가다섯글자가다섯글자가다섯글자가다섯글자가다섯글자가다섯글자가다섯글자가다섯글자가다섯글자가다섯글자가다섯글자가다섯글자가다섯글자가다섯글자가다섯글자가다섯글자가다섯글자가다섯글자가다섯글자가다섯글자가다섯글자가다섯글자가다섯글자가다섯글자가다섯글자가다섯글자가다섯글자가다섯글자가다섯글자가다섯글자가다섯","secret":null}
    Session Attrs = {member=SessionMemberDto(id=177, name=슬로우스타터, email=azurealstn@naver.com, picture=test.jpg, username=haha, shortBio=안녕하세요!)}

Handler:
             Type = com.azurealstn.alog.controller.api.posts.PostsApiController
           Method = com.azurealstn.alog.controller.api.posts.PostsApiController#create(PostsCreateRequestDto)

Async:
    Async started = false
     Async result = null

Resolved Exception:
             Type = org.springframework.web.bind.MethodArgumentNotValidException

ModelAndView:
        View name = null
             View = null
            Model = null

FlashMap:
       Attributes = null

MockHttpServletResponse:
           Status = 400
    Error message = null
          Headers = [Content-Type:"application/json;charset=UTF-8"]
     Content type = application/json;charset=UTF-8
             Body = {"code":"400","message":"클라이언트의 잘못된 요청이 있습니다. (application/json)","validation":[{"fieldName":"description","errorMessage":"포스트 소개 글을 150자 내로 적어주세요."}]}
    Forwarded URL = null
   Redirected URL = null
          Cookies = []
Hibernate: select posts0_.posts_id as posts_id1_5_, posts0_.created_date as created_2_5_, posts0_.modified_date as modified3_5_, posts0_.content as content4_5_, posts0_.description as descript5_5_, posts0_.likes as likes6_5_, posts0_.member_id as member_i9_5_, posts0_.secret as secret7_5_, posts0_.title as title8_5_ from posts posts0_
Hibernate: select member0_.member_id as member_i1_3_, member0_.created_date as created_2_3_, member0_.modified_date as modified3_3_, member0_.email as email4_3_, member0_.email_auth as email_au5_3_, member0_.name as name6_3_, member0_.picture as picture7_3_, member0_.role as role8_3_, member0_.short_bio as short_bi9_3_, member0_.username as usernam10_3_ from member member0_
2022-12-04 20:02:10.785  INFO 8024 --- [    Test worker] o.s.t.c.transaction.TransactionContext   : Rolled back transaction for test: [DefaultTestContext@351b70c1 testClass = PostsApiControllerTest, testInstance = com.azurealstn.alog.controller.api.posts.PostsApiControllerTest@e4e7ae8, testMethod = posts_create_api_validate_description@PostsApiControllerTest, testException = [null], mergedContextConfiguration = [WebMergedContextConfiguration@3b82fb7 testClass = PostsApiControllerTest, locations = '{}', classes = '{class com.azurealstn.alog.AlogApplication}', contextInitializerClasses = '[]', activeProfiles = '{}', propertySourceLocations = '{}', propertySourceProperties = '{org.springframework.boot.test.context.SpringBootTestContextBootstrapper=true, server.port=0}', contextCustomizers = set[org.springframework.boot.test.autoconfigure.actuate.metrics.MetricsExportContextCustomizerFactory$DisableMetricExportContextCustomizer@39dcf4b0, org.springframework.boot.test.autoconfigure.properties.PropertyMappingContextCustomizer@0, org.springframework.boot.test.autoconfigure.web.servlet.WebDriverContextCustomizerFactory$Customizer@6722db6e, org.springframework.boot.test.context.filter.ExcludeFilterContextCustomizer@7a48e6e2, org.springframework.boot.test.json.DuplicateJsonObjectContextCustomizerFactory$DuplicateJsonObjectContextCustomizer@631e06ab, org.springframework.boot.test.mock.mockito.MockitoContextCustomizer@0, org.springframework.boot.test.web.client.TestRestTemplateContextCustomizer@24faea88, org.springframework.boot.test.context.SpringBootTestArgs@1, org.springframework.boot.test.context.SpringBootTestWebEnvironment@68d279ec], resourceBasePath = 'src/main/webapp', contextLoader = 'org.springframework.boot.test.context.SpringBootContextLoader', parent = [null]], attributes = map['org.springframework.test.context.web.ServletTestExecutionListener.activateListener' -> false, 'org.springframework.test.context.event.ApplicationEventsTestExecutionListener.recordApplicationEvents' -> false]]
2022-12-04 20:02:10.801  INFO 8024 --- [    Test worker] o.s.t.c.transaction.TransactionContext   : Began transaction (1) for test context [DefaultTestContext@351b70c1 testClass = PostsApiControllerTest, testInstance = com.azurealstn.alog.controller.api.posts.PostsApiControllerTest@4beea618, testMethod = delete_posts_api@PostsApiControllerTest, testException = [null], mergedContextConfiguration = [WebMergedContextConfiguration@3b82fb7 testClass = PostsApiControllerTest, locations = '{}', classes = '{class com.azurealstn.alog.AlogApplication}', contextInitializerClasses = '[]', activeProfiles = '{}', propertySourceLocations = '{}', propertySourceProperties = '{org.springframework.boot.test.context.SpringBootTestContextBootstrapper=true, server.port=0}', contextCustomizers = set[org.springframework.boot.test.autoconfigure.actuate.metrics.MetricsExportContextCustomizerFactory$DisableMetricExportContextCustomizer@39dcf4b0, org.springframework.boot.test.autoconfigure.properties.PropertyMappingContextCustomizer@0, org.springframework.boot.test.autoconfigure.web.servlet.WebDriverContextCustomizerFactory$Customizer@6722db6e, org.springframework.boot.test.context.filter.ExcludeFilterContextCustomizer@7a48e6e2, org.springframework.boot.test.json.DuplicateJsonObjectContextCustomizerFactory$DuplicateJsonObjectContextCustomizer@631e06ab, org.springframework.boot.test.mock.mockito.MockitoContextCustomizer@0, org.springframework.boot.test.web.client.TestRestTemplateContextCustomizer@24faea88, org.springframework.boot.test.context.SpringBootTestArgs@1, org.springframework.boot.test.context.SpringBootTestWebEnvironment@68d279ec], resourceBasePath = 'src/main/webapp', contextLoader = 'org.springframework.boot.test.context.SpringBootContextLoader', parent = [null]], attributes = map['org.springframework.test.context.web.ServletTestExecutionListener.activateListener' -> false, 'org.springframework.test.context.event.ApplicationEventsTestExecutionListener.recordApplicationEvents' -> false]]; transaction manager [org.springframework.orm.jpa.JpaTransactionManager@74a8d26c]; rollback [true]
2022-12-04 20:02:10.801  INFO 8024 --- [    Test worker] o.a.c.c.C.[Tomcat].[localhost].[/]       : Initializing Spring TestDispatcherServlet ''
2022-12-04 20:02:10.801  INFO 8024 --- [    Test worker] o.s.t.web.servlet.TestDispatcherServlet  : Initializing Servlet ''
2022-12-04 20:02:10.801  INFO 8024 --- [    Test worker] o.s.t.web.servlet.TestDispatcherServlet  : Completed initialization in 0 ms
Hibernate: select posts0_.posts_id as posts_id1_5_, posts0_.created_date as created_2_5_, posts0_.modified_date as modified3_5_, posts0_.content as content4_5_, posts0_.description as descript5_5_, posts0_.likes as likes6_5_, posts0_.member_id as member_i9_5_, posts0_.secret as secret7_5_, posts0_.title as title8_5_ from posts posts0_
Hibernate: select member0_.member_id as member_i1_3_, member0_.created_date as created_2_3_, member0_.modified_date as modified3_3_, member0_.email as email4_3_, member0_.email_auth as email_au5_3_, member0_.name as name6_3_, member0_.picture as picture7_3_, member0_.role as role8_3_, member0_.short_bio as short_bi9_3_, member0_.username as usernam10_3_ from member member0_
Hibernate: insert into member (member_id, created_date, modified_date, email, email_auth, name, picture, role, short_bio, username) values (default, ?, ?, ?, ?, ?, ?, ?, ?, ?)
Hibernate: insert into posts (posts_id, created_date, modified_date, content, description, likes, member_id, secret, title) values (default, ?, ?, ?, ?, ?, ?, ?, ?)

MockHttpServletRequest:
      HTTP Method = DELETE
      Request URI = /api/v1/posts/324
       Parameters = {}
          Headers = [Content-Type:"application/json;charset=UTF-8"]
             Body = null
    Session Attrs = {member=SessionMemberDto(id=178, name=슬로우스타터, email=azurealstn@naver.com, picture=test.jpg, username=haha, shortBio=안녕하세요!)}

Handler:
             Type = com.azurealstn.alog.controller.api.posts.PostsApiController
           Method = com.azurealstn.alog.controller.api.posts.PostsApiController#posts(Long)

Async:
    Async started = false
     Async result = null

Resolved Exception:
             Type = null

ModelAndView:
        View name = null
             View = null
            Model = null

FlashMap:
       Attributes = null

MockHttpServletResponse:
           Status = 200
    Error message = null
          Headers = []
     Content type = null
             Body = 
    Forwarded URL = null
   Redirected URL = null
          Cookies = []
Hibernate: delete from posts where posts_id=?
Hibernate: select posts0_.posts_id as posts_id1_5_, posts0_.created_date as created_2_5_, posts0_.modified_date as modified3_5_, posts0_.content as content4_5_, posts0_.description as descript5_5_, posts0_.likes as likes6_5_, posts0_.member_id as member_i9_5_, posts0_.secret as secret7_5_, posts0_.title as title8_5_ from posts posts0_
Hibernate: select member0_.member_id as member_i1_3_, member0_.created_date as created_2_3_, member0_.modified_date as modified3_3_, member0_.email as email4_3_, member0_.email_auth as email_au5_3_, member0_.name as name6_3_, member0_.picture as picture7_3_, member0_.role as role8_3_, member0_.short_bio as short_bi9_3_, member0_.username as usernam10_3_ from member member0_
2022-12-04 20:02:10.801  INFO 8024 --- [    Test worker] o.s.t.c.transaction.TransactionContext   : Rolled back transaction for test: [DefaultTestContext@351b70c1 testClass = PostsApiControllerTest, testInstance = com.azurealstn.alog.controller.api.posts.PostsApiControllerTest@4beea618, testMethod = delete_posts_api@PostsApiControllerTest, testException = [null], mergedContextConfiguration = [WebMergedContextConfiguration@3b82fb7 testClass = PostsApiControllerTest, locations = '{}', classes = '{class com.azurealstn.alog.AlogApplication}', contextInitializerClasses = '[]', activeProfiles = '{}', propertySourceLocations = '{}', propertySourceProperties = '{org.springframework.boot.test.context.SpringBootTestContextBootstrapper=true, server.port=0}', contextCustomizers = set[org.springframework.boot.test.autoconfigure.actuate.metrics.MetricsExportContextCustomizerFactory$DisableMetricExportContextCustomizer@39dcf4b0, org.springframework.boot.test.autoconfigure.properties.PropertyMappingContextCustomizer@0, org.springframework.boot.test.autoconfigure.web.servlet.WebDriverContextCustomizerFactory$Customizer@6722db6e, org.springframework.boot.test.context.filter.ExcludeFilterContextCustomizer@7a48e6e2, org.springframework.boot.test.json.DuplicateJsonObjectContextCustomizerFactory$DuplicateJsonObjectContextCustomizer@631e06ab, org.springframework.boot.test.mock.mockito.MockitoContextCustomizer@0, org.springframework.boot.test.web.client.TestRestTemplateContextCustomizer@24faea88, org.springframework.boot.test.context.SpringBootTestArgs@1, org.springframework.boot.test.context.SpringBootTestWebEnvironment@68d279ec], resourceBasePath = 'src/main/webapp', contextLoader = 'org.springframework.boot.test.context.SpringBootContextLoader', parent = [null]], attributes = map['org.springframework.test.context.web.ServletTestExecutionListener.activateListener' -> false, 'org.springframework.test.context.event.ApplicationEventsTestExecutionListener.recordApplicationEvents' -> false]]
2022-12-04 20:02:10.801  INFO 8024 --- [    Test worker] o.s.t.c.transaction.TransactionContext   : Began transaction (1) for test context [DefaultTestContext@351b70c1 testClass = PostsApiControllerTest, testInstance = com.azurealstn.alog.controller.api.posts.PostsApiControllerTest@6125b27a, testMethod = modify_posts_api_o@PostsApiControllerTest, testException = [null], mergedContextConfiguration = [WebMergedContextConfiguration@3b82fb7 testClass = PostsApiControllerTest, locations = '{}', classes = '{class com.azurealstn.alog.AlogApplication}', contextInitializerClasses = '[]', activeProfiles = '{}', propertySourceLocations = '{}', propertySourceProperties = '{org.springframework.boot.test.context.SpringBootTestContextBootstrapper=true, server.port=0}', contextCustomizers = set[org.springframework.boot.test.autoconfigure.actuate.metrics.MetricsExportContextCustomizerFactory$DisableMetricExportContextCustomizer@39dcf4b0, org.springframework.boot.test.autoconfigure.properties.PropertyMappingContextCustomizer@0, org.springframework.boot.test.autoconfigure.web.servlet.WebDriverContextCustomizerFactory$Customizer@6722db6e, org.springframework.boot.test.context.filter.ExcludeFilterContextCustomizer@7a48e6e2, org.springframework.boot.test.json.DuplicateJsonObjectContextCustomizerFactory$DuplicateJsonObjectContextCustomizer@631e06ab, org.springframework.boot.test.mock.mockito.MockitoContextCustomizer@0, org.springframework.boot.test.web.client.TestRestTemplateContextCustomizer@24faea88, org.springframework.boot.test.context.SpringBootTestArgs@1, org.springframework.boot.test.context.SpringBootTestWebEnvironment@68d279ec], resourceBasePath = 'src/main/webapp', contextLoader = 'org.springframework.boot.test.context.SpringBootContextLoader', parent = [null]], attributes = map['org.springframework.test.context.web.ServletTestExecutionListener.activateListener' -> false, 'org.springframework.test.context.event.ApplicationEventsTestExecutionListener.recordApplicationEvents' -> false]]; transaction manager [org.springframework.orm.jpa.JpaTransactionManager@74a8d26c]; rollback [true]
2022-12-04 20:02:10.816  INFO 8024 --- [    Test worker] o.a.c.c.C.[Tomcat].[localhost].[/]       : Initializing Spring TestDispatcherServlet ''
2022-12-04 20:02:10.816  INFO 8024 --- [    Test worker] o.s.t.web.servlet.TestDispatcherServlet  : Initializing Servlet ''
2022-12-04 20:02:10.816  INFO 8024 --- [    Test worker] o.s.t.web.servlet.TestDispatcherServlet  : Completed initialization in 0 ms
Hibernate: select posts0_.posts_id as posts_id1_5_, posts0_.created_date as created_2_5_, posts0_.modified_date as modified3_5_, posts0_.content as content4_5_, posts0_.description as descript5_5_, posts0_.likes as likes6_5_, posts0_.member_id as member_i9_5_, posts0_.secret as secret7_5_, posts0_.title as title8_5_ from posts posts0_
Hibernate: select member0_.member_id as member_i1_3_, member0_.created_date as created_2_3_, member0_.modified_date as modified3_3_, member0_.email as email4_3_, member0_.email_auth as email_au5_3_, member0_.name as name6_3_, member0_.picture as picture7_3_, member0_.role as role8_3_, member0_.short_bio as short_bi9_3_, member0_.username as usernam10_3_ from member member0_
Hibernate: insert into member (member_id, created_date, modified_date, email, email_auth, name, picture, role, short_bio, username) values (default, ?, ?, ?, ?, ?, ?, ?, ?, ?)
Hibernate: insert into posts (posts_id, created_date, modified_date, content, description, likes, member_id, secret, title) values (default, ?, ?, ?, ?, ?, ?, ?, ?)

MockHttpServletRequest:
      HTTP Method = PUT
      Request URI = /api/v1/posts/325
       Parameters = {}
          Headers = [Content-Type:"application/json;charset=UTF-8", Content-Length:"107"]
             Body = {"title":"제목입니다.","content":"내용입니다.","description":"소개글입니다.","secret":null}
    Session Attrs = {member=SessionMemberDto(id=179, name=슬로우스타터, email=azurealstn@naver.com, picture=test.jpg, username=haha, shortBio=안녕하세요!)}

Handler:
             Type = com.azurealstn.alog.controller.api.posts.PostsApiController
           Method = com.azurealstn.alog.controller.api.posts.PostsApiController#modify(Long, PostsModifyRequestDto)

Async:
    Async started = false
     Async result = null

Resolved Exception:
             Type = null

ModelAndView:
        View name = null
             View = null
            Model = null

FlashMap:
       Attributes = null

MockHttpServletResponse:
           Status = 200
    Error message = null
          Headers = [Content-Type:"application/json;charset=UTF-8"]
     Content type = application/json;charset=UTF-8
             Body = 325
    Forwarded URL = null
   Redirected URL = null
          Cookies = []
Hibernate: update posts set created_date=?, modified_date=?, content=?, description=?, likes=?, member_id=?, secret=?, title=? where posts_id=?
Hibernate: select posts0_.posts_id as posts_id1_5_, posts0_.created_date as created_2_5_, posts0_.modified_date as modified3_5_, posts0_.content as content4_5_, posts0_.description as descript5_5_, posts0_.likes as likes6_5_, posts0_.member_id as member_i9_5_, posts0_.secret as secret7_5_, posts0_.title as title8_5_ from posts posts0_
Hibernate: select member0_.member_id as member_i1_3_, member0_.created_date as created_2_3_, member0_.modified_date as modified3_3_, member0_.email as email4_3_, member0_.email_auth as email_au5_3_, member0_.name as name6_3_, member0_.picture as picture7_3_, member0_.role as role8_3_, member0_.short_bio as short_bi9_3_, member0_.username as usernam10_3_ from member member0_
2022-12-04 20:02:10.816  INFO 8024 --- [    Test worker] o.s.t.c.transaction.TransactionContext   : Rolled back transaction for test: [DefaultTestContext@351b70c1 testClass = PostsApiControllerTest, testInstance = com.azurealstn.alog.controller.api.posts.PostsApiControllerTest@6125b27a, testMethod = modify_posts_api_o@PostsApiControllerTest, testException = [null], mergedContextConfiguration = [WebMergedContextConfiguration@3b82fb7 testClass = PostsApiControllerTest, locations = '{}', classes = '{class com.azurealstn.alog.AlogApplication}', contextInitializerClasses = '[]', activeProfiles = '{}', propertySourceLocations = '{}', propertySourceProperties = '{org.springframework.boot.test.context.SpringBootTestContextBootstrapper=true, server.port=0}', contextCustomizers = set[org.springframework.boot.test.autoconfigure.actuate.metrics.MetricsExportContextCustomizerFactory$DisableMetricExportContextCustomizer@39dcf4b0, org.springframework.boot.test.autoconfigure.properties.PropertyMappingContextCustomizer@0, org.springframework.boot.test.autoconfigure.web.servlet.WebDriverContextCustomizerFactory$Customizer@6722db6e, org.springframework.boot.test.context.filter.ExcludeFilterContextCustomizer@7a48e6e2, org.springframework.boot.test.json.DuplicateJsonObjectContextCustomizerFactory$DuplicateJsonObjectContextCustomizer@631e06ab, org.springframework.boot.test.mock.mockito.MockitoContextCustomizer@0, org.springframework.boot.test.web.client.TestRestTemplateContextCustomizer@24faea88, org.springframework.boot.test.context.SpringBootTestArgs@1, org.springframework.boot.test.context.SpringBootTestWebEnvironment@68d279ec], resourceBasePath = 'src/main/webapp', contextLoader = 'org.springframework.boot.test.context.SpringBootContextLoader', parent = [null]], attributes = map['org.springframework.test.context.web.ServletTestExecutionListener.activateListener' -> false, 'org.springframework.test.context.event.ApplicationEventsTestExecutionListener.recordApplicationEvents' -> false]]
2022-12-04 20:02:10.832  INFO 8024 --- [    Test worker] o.s.t.c.transaction.TransactionContext   : Began transaction (1) for test context [DefaultTestContext@351b70c1 testClass = PostsApiControllerTest, testInstance = com.azurealstn.alog.controller.api.posts.PostsApiControllerTest@489c57ed, testMethod = modify_posts_api_x@PostsApiControllerTest, testException = [null], mergedContextConfiguration = [WebMergedContextConfiguration@3b82fb7 testClass = PostsApiControllerTest, locations = '{}', classes = '{class com.azurealstn.alog.AlogApplication}', contextInitializerClasses = '[]', activeProfiles = '{}', propertySourceLocations = '{}', propertySourceProperties = '{org.springframework.boot.test.context.SpringBootTestContextBootstrapper=true, server.port=0}', contextCustomizers = set[org.springframework.boot.test.autoconfigure.actuate.metrics.MetricsExportContextCustomizerFactory$DisableMetricExportContextCustomizer@39dcf4b0, org.springframework.boot.test.autoconfigure.properties.PropertyMappingContextCustomizer@0, org.springframework.boot.test.autoconfigure.web.servlet.WebDriverContextCustomizerFactory$Customizer@6722db6e, org.springframework.boot.test.context.filter.ExcludeFilterContextCustomizer@7a48e6e2, org.springframework.boot.test.json.DuplicateJsonObjectContextCustomizerFactory$DuplicateJsonObjectContextCustomizer@631e06ab, org.springframework.boot.test.mock.mockito.MockitoContextCustomizer@0, org.springframework.boot.test.web.client.TestRestTemplateContextCustomizer@24faea88, org.springframework.boot.test.context.SpringBootTestArgs@1, org.springframework.boot.test.context.SpringBootTestWebEnvironment@68d279ec], resourceBasePath = 'src/main/webapp', contextLoader = 'org.springframework.boot.test.context.SpringBootContextLoader', parent = [null]], attributes = map['org.springframework.test.context.web.ServletTestExecutionListener.activateListener' -> false, 'org.springframework.test.context.event.ApplicationEventsTestExecutionListener.recordApplicationEvents' -> false]]; transaction manager [org.springframework.orm.jpa.JpaTransactionManager@74a8d26c]; rollback [true]
2022-12-04 20:02:10.832  INFO 8024 --- [    Test worker] o.a.c.c.C.[Tomcat].[localhost].[/]       : Initializing Spring TestDispatcherServlet ''
2022-12-04 20:02:10.832  INFO 8024 --- [    Test worker] o.s.t.web.servlet.TestDispatcherServlet  : Initializing Servlet ''
2022-12-04 20:02:10.832  INFO 8024 --- [    Test worker] o.s.t.web.servlet.TestDispatcherServlet  : Completed initialization in 0 ms
Hibernate: select posts0_.posts_id as posts_id1_5_, posts0_.created_date as created_2_5_, posts0_.modified_date as modified3_5_, posts0_.content as content4_5_, posts0_.description as descript5_5_, posts0_.likes as likes6_5_, posts0_.member_id as member_i9_5_, posts0_.secret as secret7_5_, posts0_.title as title8_5_ from posts posts0_
Hibernate: select member0_.member_id as member_i1_3_, member0_.created_date as created_2_3_, member0_.modified_date as modified3_3_, member0_.email as email4_3_, member0_.email_auth as email_au5_3_, member0_.name as name6_3_, member0_.picture as picture7_3_, member0_.role as role8_3_, member0_.short_bio as short_bi9_3_, member0_.username as usernam10_3_ from member member0_
Hibernate: insert into member (member_id, created_date, modified_date, email, email_auth, name, picture, role, short_bio, username) values (default, ?, ?, ?, ?, ?, ?, ?, ?, ?)
Hibernate: insert into posts (posts_id, created_date, modified_date, content, description, likes, member_id, secret, title) values (default, ?, ?, ?, ?, ?, ?, ?, ?)
Hibernate: select posts0_.posts_id as posts_id1_5_0_, posts0_.created_date as created_2_5_0_, posts0_.modified_date as modified3_5_0_, posts0_.content as content4_5_0_, posts0_.description as descript5_5_0_, posts0_.likes as likes6_5_0_, posts0_.member_id as member_i9_5_0_, posts0_.secret as secret7_5_0_, posts0_.title as title8_5_0_, member1_.member_id as member_i1_3_1_, member1_.created_date as created_2_3_1_, member1_.modified_date as modified3_3_1_, member1_.email as email4_3_1_, member1_.email_auth as email_au5_3_1_, member1_.name as name6_3_1_, member1_.picture as picture7_3_1_, member1_.role as role8_3_1_, member1_.short_bio as short_bi9_3_1_, member1_.username as usernam10_3_1_ from posts posts0_ left outer join member member1_ on posts0_.member_id=member1_.member_id where posts0_.posts_id=?

MockHttpServletRequest:
      HTTP Method = PUT
      Request URI = /api/v1/posts/327
       Parameters = {}
          Headers = [Content-Type:"application/json;charset=UTF-8", Content-Length:"107"]
             Body = {"title":"제목입니다.","content":"내용입니다.","description":"소개글입니다.","secret":null}
    Session Attrs = {member=SessionMemberDto(id=180, name=슬로우스타터, email=azurealstn@naver.com, picture=test.jpg, username=haha, shortBio=안녕하세요!)}

Handler:
             Type = com.azurealstn.alog.controller.api.posts.PostsApiController
           Method = com.azurealstn.alog.controller.api.posts.PostsApiController#modify(Long, PostsModifyRequestDto)

Async:
    Async started = false
     Async result = null

Resolved Exception:
             Type = com.azurealstn.alog.Infra.exception.posts.PostsNotFound

ModelAndView:
        View name = null
             View = null
            Model = null

FlashMap:
       Attributes = null

MockHttpServletResponse:
           Status = 404
    Error message = null
          Headers = [Content-Type:"application/json;charset=UTF-8"]
     Content type = application/json;charset=UTF-8
             Body = {"code":"404","message":"해당 글이 없습니다.","validation":[]}
    Forwarded URL = null
   Redirected URL = null
          Cookies = []
Hibernate: select posts0_.posts_id as posts_id1_5_, posts0_.created_date as created_2_5_, posts0_.modified_date as modified3_5_, posts0_.content as content4_5_, posts0_.description as descript5_5_, posts0_.likes as likes6_5_, posts0_.member_id as member_i9_5_, posts0_.secret as secret7_5_, posts0_.title as title8_5_ from posts posts0_
Hibernate: select member0_.member_id as member_i1_3_, member0_.created_date as created_2_3_, member0_.modified_date as modified3_3_, member0_.email as email4_3_, member0_.email_auth as email_au5_3_, member0_.name as name6_3_, member0_.picture as picture7_3_, member0_.role as role8_3_, member0_.short_bio as short_bi9_3_, member0_.username as usernam10_3_ from member member0_
2022-12-04 20:02:10.832  INFO 8024 --- [    Test worker] o.s.t.c.transaction.TransactionContext   : Rolled back transaction for test: [DefaultTestContext@351b70c1 testClass = PostsApiControllerTest, testInstance = com.azurealstn.alog.controller.api.posts.PostsApiControllerTest@489c57ed, testMethod = modify_posts_api_x@PostsApiControllerTest, testException = [null], mergedContextConfiguration = [WebMergedContextConfiguration@3b82fb7 testClass = PostsApiControllerTest, locations = '{}', classes = '{class com.azurealstn.alog.AlogApplication}', contextInitializerClasses = '[]', activeProfiles = '{}', propertySourceLocations = '{}', propertySourceProperties = '{org.springframework.boot.test.context.SpringBootTestContextBootstrapper=true, server.port=0}', contextCustomizers = set[org.springframework.boot.test.autoconfigure.actuate.metrics.MetricsExportContextCustomizerFactory$DisableMetricExportContextCustomizer@39dcf4b0, org.springframework.boot.test.autoconfigure.properties.PropertyMappingContextCustomizer@0, org.springframework.boot.test.autoconfigure.web.servlet.WebDriverContextCustomizerFactory$Customizer@6722db6e, org.springframework.boot.test.context.filter.ExcludeFilterContextCustomizer@7a48e6e2, org.springframework.boot.test.json.DuplicateJsonObjectContextCustomizerFactory$DuplicateJsonObjectContextCustomizer@631e06ab, org.springframework.boot.test.mock.mockito.MockitoContextCustomizer@0, org.springframework.boot.test.web.client.TestRestTemplateContextCustomizer@24faea88, org.springframework.boot.test.context.SpringBootTestArgs@1, org.springframework.boot.test.context.SpringBootTestWebEnvironment@68d279ec], resourceBasePath = 'src/main/webapp', contextLoader = 'org.springframework.boot.test.context.SpringBootContextLoader', parent = [null]], attributes = map['org.springframework.test.context.web.ServletTestExecutionListener.activateListener' -> false, 'org.springframework.test.context.event.ApplicationEventsTestExecutionListener.recordApplicationEvents' -> false]]
2022-12-04 20:02:10.848  INFO 8024 --- [    Test worker] o.s.t.c.transaction.TransactionContext   : Began transaction (1) for test context [DefaultTestContext@351b70c1 testClass = PostsApiControllerTest, testInstance = com.azurealstn.alog.controller.api.posts.PostsApiControllerTest@1a7ca7a3, testMethod = create_posts@PostsApiControllerTest, testException = [null], mergedContextConfiguration = [WebMergedContextConfiguration@3b82fb7 testClass = PostsApiControllerTest, locations = '{}', classes = '{class com.azurealstn.alog.AlogApplication}', contextInitializerClasses = '[]', activeProfiles = '{}', propertySourceLocations = '{}', propertySourceProperties = '{org.springframework.boot.test.context.SpringBootTestContextBootstrapper=true, server.port=0}', contextCustomizers = set[org.springframework.boot.test.autoconfigure.actuate.metrics.MetricsExportContextCustomizerFactory$DisableMetricExportContextCustomizer@39dcf4b0, org.springframework.boot.test.autoconfigure.properties.PropertyMappingContextCustomizer@0, org.springframework.boot.test.autoconfigure.web.servlet.WebDriverContextCustomizerFactory$Customizer@6722db6e, org.springframework.boot.test.context.filter.ExcludeFilterContextCustomizer@7a48e6e2, org.springframework.boot.test.json.DuplicateJsonObjectContextCustomizerFactory$DuplicateJsonObjectContextCustomizer@631e06ab, org.springframework.boot.test.mock.mockito.MockitoContextCustomizer@0, org.springframework.boot.test.web.client.TestRestTemplateContextCustomizer@24faea88, org.springframework.boot.test.context.SpringBootTestArgs@1, org.springframework.boot.test.context.SpringBootTestWebEnvironment@68d279ec], resourceBasePath = 'src/main/webapp', contextLoader = 'org.springframework.boot.test.context.SpringBootContextLoader', parent = [null]], attributes = map['org.springframework.test.context.web.ServletTestExecutionListener.activateListener' -> false, 'org.springframework.test.context.event.ApplicationEventsTestExecutionListener.recordApplicationEvents' -> false]]; transaction manager [org.springframework.orm.jpa.JpaTransactionManager@74a8d26c]; rollback [true]
2022-12-04 20:02:10.848  INFO 8024 --- [    Test worker] o.a.c.c.C.[Tomcat].[localhost].[/]       : Initializing Spring TestDispatcherServlet ''
2022-12-04 20:02:10.848  INFO 8024 --- [    Test worker] o.s.t.web.servlet.TestDispatcherServlet  : Initializing Servlet ''
2022-12-04 20:02:10.848  INFO 8024 --- [    Test worker] o.s.t.web.servlet.TestDispatcherServlet  : Completed initialization in 0 ms
Hibernate: select posts0_.posts_id as posts_id1_5_, posts0_.created_date as created_2_5_, posts0_.modified_date as modified3_5_, posts0_.content as content4_5_, posts0_.description as descript5_5_, posts0_.likes as likes6_5_, posts0_.member_id as member_i9_5_, posts0_.secret as secret7_5_, posts0_.title as title8_5_ from posts posts0_
Hibernate: select member0_.member_id as member_i1_3_, member0_.created_date as created_2_3_, member0_.modified_date as modified3_3_, member0_.email as email4_3_, member0_.email_auth as email_au5_3_, member0_.name as name6_3_, member0_.picture as picture7_3_, member0_.role as role8_3_, member0_.short_bio as short_bi9_3_, member0_.username as usernam10_3_ from member member0_
Hibernate: insert into member (member_id, created_date, modified_date, email, email_auth, name, picture, role, short_bio, username) values (default, ?, ?, ?, ?, ?, ?, ?, ?, ?)
Hibernate: select member0_.member_id as member_i1_3_, member0_.created_date as created_2_3_, member0_.modified_date as modified3_3_, member0_.email as email4_3_, member0_.email_auth as email_au5_3_, member0_.name as name6_3_, member0_.picture as picture7_3_, member0_.role as role8_3_, member0_.short_bio as short_bi9_3_, member0_.username as usernam10_3_ from member member0_ where member0_.email=?
Hibernate: insert into posts (posts_id, created_date, modified_date, content, description, likes, member_id, secret, title) values (default, ?, ?, ?, ?, ?, ?, ?, ?)

MockHttpServletRequest:
      HTTP Method = POST
      Request URI = /api/v1/posts
       Parameters = {}
          Headers = [Content-Type:"application/json;charset=UTF-8", Content-Length:"398"]
             Body = {"title":"제목입니다.","content":"내용입니다.","member":{"createdDate":"2022-12-04T20:02:10.8482057","modifiedDate":"2022-12-04T20:02:10.8482057","id":181,"email":"azurealstn@naver.com","name":"슬로우스타터","picture":"test.jpg","role":"MEMBER","emailAuth":true,"username":"haha","shortBio":"안녕하세요!","roleKey":"ROLE_MEMBER"},"description":"소개입니다.","secret":null}
    Session Attrs = {member=SessionMemberDto(id=181, name=슬로우스타터, email=azurealstn@naver.com, picture=test.jpg, username=haha, shortBio=안녕하세요!)}

Handler:
             Type = com.azurealstn.alog.controller.api.posts.PostsApiController
           Method = com.azurealstn.alog.controller.api.posts.PostsApiController#create(PostsCreateRequestDto)

Async:
    Async started = false
     Async result = null

Resolved Exception:
             Type = null

ModelAndView:
        View name = null
             View = null
            Model = null

FlashMap:
       Attributes = null

MockHttpServletResponse:
           Status = 200
    Error message = null
          Headers = [Content-Type:"application/json;charset=UTF-8"]
     Content type = application/json;charset=UTF-8
             Body = 327
    Forwarded URL = null
   Redirected URL = null
          Cookies = []
Hibernate: select posts0_.posts_id as posts_id1_5_, posts0_.created_date as created_2_5_, posts0_.modified_date as modified3_5_, posts0_.content as content4_5_, posts0_.description as descript5_5_, posts0_.likes as likes6_5_, posts0_.member_id as member_i9_5_, posts0_.secret as secret7_5_, posts0_.title as title8_5_ from posts posts0_
Hibernate: select member0_.member_id as member_i1_3_, member0_.created_date as created_2_3_, member0_.modified_date as modified3_3_, member0_.email as email4_3_, member0_.email_auth as email_au5_3_, member0_.name as name6_3_, member0_.picture as picture7_3_, member0_.role as role8_3_, member0_.short_bio as short_bi9_3_, member0_.username as usernam10_3_ from member member0_
2022-12-04 20:02:10.863  INFO 8024 --- [    Test worker] o.s.t.c.transaction.TransactionContext   : Rolled back transaction for test: [DefaultTestContext@351b70c1 testClass = PostsApiControllerTest, testInstance = com.azurealstn.alog.controller.api.posts.PostsApiControllerTest@1a7ca7a3, testMethod = create_posts@PostsApiControllerTest, testException = [null], mergedContextConfiguration = [WebMergedContextConfiguration@3b82fb7 testClass = PostsApiControllerTest, locations = '{}', classes = '{class com.azurealstn.alog.AlogApplication}', contextInitializerClasses = '[]', activeProfiles = '{}', propertySourceLocations = '{}', propertySourceProperties = '{org.springframework.boot.test.context.SpringBootTestContextBootstrapper=true, server.port=0}', contextCustomizers = set[org.springframework.boot.test.autoconfigure.actuate.metrics.MetricsExportContextCustomizerFactory$DisableMetricExportContextCustomizer@39dcf4b0, org.springframework.boot.test.autoconfigure.properties.PropertyMappingContextCustomizer@0, org.springframework.boot.test.autoconfigure.web.servlet.WebDriverContextCustomizerFactory$Customizer@6722db6e, org.springframework.boot.test.context.filter.ExcludeFilterContextCustomizer@7a48e6e2, org.springframework.boot.test.json.DuplicateJsonObjectContextCustomizerFactory$DuplicateJsonObjectContextCustomizer@631e06ab, org.springframework.boot.test.mock.mockito.MockitoContextCustomizer@0, org.springframework.boot.test.web.client.TestRestTemplateContextCustomizer@24faea88, org.springframework.boot.test.context.SpringBootTestArgs@1, org.springframework.boot.test.context.SpringBootTestWebEnvironment@68d279ec], resourceBasePath = 'src/main/webapp', contextLoader = 'org.springframework.boot.test.context.SpringBootContextLoader', parent = [null]], attributes = map['org.springframework.test.context.web.ServletTestExecutionListener.activateListener' -> false, 'org.springframework.test.context.event.ApplicationEventsTestExecutionListener.recordApplicationEvents' -> false]]
2022-12-04 20:02:10.863  INFO 8024 --- [    Test worker] o.s.t.c.transaction.TransactionContext   : Began transaction (1) for test context [DefaultTestContext@351b70c1 testClass = PostsApiControllerTest, testInstance = com.azurealstn.alog.controller.api.posts.PostsApiControllerTest@78363803, testMethod = first_page_zero@PostsApiControllerTest, testException = [null], mergedContextConfiguration = [WebMergedContextConfiguration@3b82fb7 testClass = PostsApiControllerTest, locations = '{}', classes = '{class com.azurealstn.alog.AlogApplication}', contextInitializerClasses = '[]', activeProfiles = '{}', propertySourceLocations = '{}', propertySourceProperties = '{org.springframework.boot.test.context.SpringBootTestContextBootstrapper=true, server.port=0}', contextCustomizers = set[org.springframework.boot.test.autoconfigure.actuate.metrics.MetricsExportContextCustomizerFactory$DisableMetricExportContextCustomizer@39dcf4b0, org.springframework.boot.test.autoconfigure.properties.PropertyMappingContextCustomizer@0, org.springframework.boot.test.autoconfigure.web.servlet.WebDriverContextCustomizerFactory$Customizer@6722db6e, org.springframework.boot.test.context.filter.ExcludeFilterContextCustomizer@7a48e6e2, org.springframework.boot.test.json.DuplicateJsonObjectContextCustomizerFactory$DuplicateJsonObjectContextCustomizer@631e06ab, org.springframework.boot.test.mock.mockito.MockitoContextCustomizer@0, org.springframework.boot.test.web.client.TestRestTemplateContextCustomizer@24faea88, org.springframework.boot.test.context.SpringBootTestArgs@1, org.springframework.boot.test.context.SpringBootTestWebEnvironment@68d279ec], resourceBasePath = 'src/main/webapp', contextLoader = 'org.springframework.boot.test.context.SpringBootContextLoader', parent = [null]], attributes = map['org.springframework.test.context.web.ServletTestExecutionListener.activateListener' -> false, 'org.springframework.test.context.event.ApplicationEventsTestExecutionListener.recordApplicationEvents' -> false]]; transaction manager [org.springframework.orm.jpa.JpaTransactionManager@74a8d26c]; rollback [true]
2022-12-04 20:02:10.863  INFO 8024 --- [    Test worker] o.a.c.c.C.[Tomcat].[localhost].[/]       : Initializing Spring TestDispatcherServlet ''
2022-12-04 20:02:10.863  INFO 8024 --- [    Test worker] o.s.t.web.servlet.TestDispatcherServlet  : Initializing Servlet ''
2022-12-04 20:02:10.863  INFO 8024 --- [    Test worker] o.s.t.web.servlet.TestDispatcherServlet  : Completed initialization in 0 ms
Hibernate: select posts0_.posts_id as posts_id1_5_, posts0_.created_date as created_2_5_, posts0_.modified_date as modified3_5_, posts0_.content as content4_5_, posts0_.description as descript5_5_, posts0_.likes as likes6_5_, posts0_.member_id as member_i9_5_, posts0_.secret as secret7_5_, posts0_.title as title8_5_ from posts posts0_
Hibernate: select member0_.member_id as member_i1_3_, member0_.created_date as created_2_3_, member0_.modified_date as modified3_3_, member0_.email as email4_3_, member0_.email_auth as email_au5_3_, member0_.name as name6_3_, member0_.picture as picture7_3_, member0_.role as role8_3_, member0_.short_bio as short_bi9_3_, member0_.username as usernam10_3_ from member member0_
Hibernate: insert into member (member_id, created_date, modified_date, email, email_auth, name, picture, role, short_bio, username) values (default, ?, ?, ?, ?, ?, ?, ?, ?, ?)
Hibernate: insert into posts (posts_id, created_date, modified_date, content, description, likes, member_id, secret, title) values (default, ?, ?, ?, ?, ?, ?, ?, ?)
Hibernate: insert into posts (posts_id, created_date, modified_date, content, description, likes, member_id, secret, title) values (default, ?, ?, ?, ?, ?, ?, ?, ?)
Hibernate: insert into posts (posts_id, created_date, modified_date, content, description, likes, member_id, secret, title) values (default, ?, ?, ?, ?, ?, ?, ?, ?)
Hibernate: insert into posts (posts_id, created_date, modified_date, content, description, likes, member_id, secret, title) values (default, ?, ?, ?, ?, ?, ?, ?, ?)
Hibernate: insert into posts (posts_id, created_date, modified_date, content, description, likes, member_id, secret, title) values (default, ?, ?, ?, ?, ?, ?, ?, ?)
Hibernate: insert into posts (posts_id, created_date, modified_date, content, description, likes, member_id, secret, title) values (default, ?, ?, ?, ?, ?, ?, ?, ?)
Hibernate: insert into posts (posts_id, created_date, modified_date, content, description, likes, member_id, secret, title) values (default, ?, ?, ?, ?, ?, ?, ?, ?)
Hibernate: insert into posts (posts_id, created_date, modified_date, content, description, likes, member_id, secret, title) values (default, ?, ?, ?, ?, ?, ?, ?, ?)
Hibernate: insert into posts (posts_id, created_date, modified_date, content, description, likes, member_id, secret, title) values (default, ?, ?, ?, ?, ?, ?, ?, ?)
Hibernate: insert into posts (posts_id, created_date, modified_date, content, description, likes, member_id, secret, title) values (default, ?, ?, ?, ?, ?, ?, ?, ?)
Hibernate: insert into posts (posts_id, created_date, modified_date, content, description, likes, member_id, secret, title) values (default, ?, ?, ?, ?, ?, ?, ?, ?)
Hibernate: insert into posts (posts_id, created_date, modified_date, content, description, likes, member_id, secret, title) values (default, ?, ?, ?, ?, ?, ?, ?, ?)
Hibernate: insert into posts (posts_id, created_date, modified_date, content, description, likes, member_id, secret, title) values (default, ?, ?, ?, ?, ?, ?, ?, ?)
Hibernate: insert into posts (posts_id, created_date, modified_date, content, description, likes, member_id, secret, title) values (default, ?, ?, ?, ?, ?, ?, ?, ?)
Hibernate: insert into posts (posts_id, created_date, modified_date, content, description, likes, member_id, secret, title) values (default, ?, ?, ?, ?, ?, ?, ?, ?)
Hibernate: insert into posts (posts_id, created_date, modified_date, content, description, likes, member_id, secret, title) values (default, ?, ?, ?, ?, ?, ?, ?, ?)
Hibernate: insert into posts (posts_id, created_date, modified_date, content, description, likes, member_id, secret, title) values (default, ?, ?, ?, ?, ?, ?, ?, ?)
Hibernate: insert into posts (posts_id, created_date, modified_date, content, description, likes, member_id, secret, title) values (default, ?, ?, ?, ?, ?, ?, ?, ?)
Hibernate: insert into posts (posts_id, created_date, modified_date, content, description, likes, member_id, secret, title) values (default, ?, ?, ?, ?, ?, ?, ?, ?)
Hibernate: insert into posts (posts_id, created_date, modified_date, content, description, likes, member_id, secret, title) values (default, ?, ?, ?, ?, ?, ?, ?, ?)
Hibernate: insert into posts (posts_id, created_date, modified_date, content, description, likes, member_id, secret, title) values (default, ?, ?, ?, ?, ?, ?, ?, ?)
Hibernate: insert into posts (posts_id, created_date, modified_date, content, description, likes, member_id, secret, title) values (default, ?, ?, ?, ?, ?, ?, ?, ?)
Hibernate: insert into posts (posts_id, created_date, modified_date, content, description, likes, member_id, secret, title) values (default, ?, ?, ?, ?, ?, ?, ?, ?)
Hibernate: insert into posts (posts_id, created_date, modified_date, content, description, likes, member_id, secret, title) values (default, ?, ?, ?, ?, ?, ?, ?, ?)
Hibernate: insert into posts (posts_id, created_date, modified_date, content, description, likes, member_id, secret, title) values (default, ?, ?, ?, ?, ?, ?, ?, ?)
Hibernate: insert into posts (posts_id, created_date, modified_date, content, description, likes, member_id, secret, title) values (default, ?, ?, ?, ?, ?, ?, ?, ?)
Hibernate: insert into posts (posts_id, created_date, modified_date, content, description, likes, member_id, secret, title) values (default, ?, ?, ?, ?, ?, ?, ?, ?)
Hibernate: insert into posts (posts_id, created_date, modified_date, content, description, likes, member_id, secret, title) values (default, ?, ?, ?, ?, ?, ?, ?, ?)
Hibernate: insert into posts (posts_id, created_date, modified_date, content, description, likes, member_id, secret, title) values (default, ?, ?, ?, ?, ?, ?, ?, ?)
Hibernate: insert into posts (posts_id, created_date, modified_date, content, description, likes, member_id, secret, title) values (default, ?, ?, ?, ?, ?, ?, ?, ?)
Hibernate: select posts0_.posts_id as posts_id1_5_, posts0_.created_date as created_2_5_, posts0_.modified_date as modified3_5_, posts0_.content as content4_5_, posts0_.description as descript5_5_, posts0_.likes as likes6_5_, posts0_.member_id as member_i9_5_, posts0_.secret as secret7_5_, posts0_.title as title8_5_ from posts posts0_ where posts0_.secret=?
Hibernate: select posts0_.posts_id as posts_id1_5_, posts0_.created_date as created_2_5_, posts0_.modified_date as modified3_5_, posts0_.content as content4_5_, posts0_.description as descript5_5_, posts0_.likes as likes6_5_, posts0_.member_id as member_i9_5_, posts0_.secret as secret7_5_, posts0_.title as title8_5_ from posts posts0_ where posts0_.secret=? order by posts0_.posts_id desc limit ?

MockHttpServletRequest:
      HTTP Method = GET
      Request URI = /api/v1/auth/posts
       Parameters = {page=[0], size=[9]}
          Headers = [Content-Type:"application/json;charset=UTF-8"]
             Body = null
    Session Attrs = {}

Handler:
             Type = com.azurealstn.alog.controller.api.posts.PostsApiController
           Method = com.azurealstn.alog.controller.api.posts.PostsApiController#posts(PostsSearchDto)

Async:
    Async started = false
     Async result = null

Resolved Exception:
             Type = null

ModelAndView:
        View name = null
             View = null
            Model = null

FlashMap:
       Attributes = null

MockHttpServletResponse:
           Status = 200
    Error message = null
          Headers = [Content-Type:"application/json;charset=UTF-8"]
     Content type = application/json;charset=UTF-8
             Body = [{"id":357,"title":"test 제목 - 30","content":"뭐로 할까 - 30","member":{"createdDate":"2022-12-04T20:02:10.8638325","modifiedDate":"2022-12-04T20:02:10.8638325","id":182,"email":"azurealstn@naver.com","name":"슬로우스타터","picture":"test.jpg","role":"MEMBER","emailAuth":true,"username":"haha","shortBio":"안녕하세요!","roleKey":"ROLE_MEMBER"},"description":"소개글 - 30","secret":false,"previousTime":"2022년 12월 4일","hashTagNames":[],"likeCount":0,"commentCount":0,"storeFilename":null,"totalRowCount":0,"imageUrl":null},{"id":356,"title":"test 제목 - 29","content":"뭐로 할까 - 29","member":{"createdDate":"2022-12-04T20:02:10.8638325","modifiedDate":"2022-12-04T20:02:10.8638325","id":182,"email":"azurealstn@naver.com","name":"슬로우스타터","picture":"test.jpg","role":"MEMBER","emailAuth":true,"username":"haha","shortBio":"안녕하세요!","roleKey":"ROLE_MEMBER"},"description":"소개글 - 29","secret":false,"previousTime":"2022년 12월 4일","hashTagNames":[],"likeCount":0,"commentCount":0,"storeFilename":null,"totalRowCount":0,"imageUrl":null},{"id":355,"title":"test 제목 - 28","content":"뭐로 할까 - 28","member":{"createdDate":"2022-12-04T20:02:10.8638325","modifiedDate":"2022-12-04T20:02:10.8638325","id":182,"email":"azurealstn@naver.com","name":"슬로우스타터","picture":"test.jpg","role":"MEMBER","emailAuth":true,"username":"haha","shortBio":"안녕하세요!","roleKey":"ROLE_MEMBER"},"description":"소개글 - 28","secret":false,"previousTime":"2022년 12월 4일","hashTagNames":[],"likeCount":0,"commentCount":0,"storeFilename":null,"totalRowCount":0,"imageUrl":null},{"id":354,"title":"test 제목 - 27","content":"뭐로 할까 - 27","member":{"createdDate":"2022-12-04T20:02:10.8638325","modifiedDate":"2022-12-04T20:02:10.8638325","id":182,"email":"azurealstn@naver.com","name":"슬로우스타터","picture":"test.jpg","role":"MEMBER","emailAuth":true,"username":"haha","shortBio":"안녕하세요!","roleKey":"ROLE_MEMBER"},"description":"소개글 - 27","secret":false,"previousTime":"2022년 12월 4일","hashTagNames":[],"likeCount":0,"commentCount":0,"storeFilename":null,"totalRowCount":0,"imageUrl":null},{"id":353,"title":"test 제목 - 26","content":"뭐로 할까 - 26","member":{"createdDate":"2022-12-04T20:02:10.8638325","modifiedDate":"2022-12-04T20:02:10.8638325","id":182,"email":"azurealstn@naver.com","name":"슬로우스타터","picture":"test.jpg","role":"MEMBER","emailAuth":true,"username":"haha","shortBio":"안녕하세요!","roleKey":"ROLE_MEMBER"},"description":"소개글 - 26","secret":false,"previousTime":"2022년 12월 4일","hashTagNames":[],"likeCount":0,"commentCount":0,"storeFilename":null,"totalRowCount":0,"imageUrl":null},{"id":352,"title":"test 제목 - 25","content":"뭐로 할까 - 25","member":{"createdDate":"2022-12-04T20:02:10.8638325","modifiedDate":"2022-12-04T20:02:10.8638325","id":182,"email":"azurealstn@naver.com","name":"슬로우스타터","picture":"test.jpg","role":"MEMBER","emailAuth":true,"username":"haha","shortBio":"안녕하세요!","roleKey":"ROLE_MEMBER"},"description":"소개글 - 25","secret":false,"previousTime":"2022년 12월 4일","hashTagNames":[],"likeCount":0,"commentCount":0,"storeFilename":null,"totalRowCount":0,"imageUrl":null},{"id":351,"title":"test 제목 - 24","content":"뭐로 할까 - 24","member":{"createdDate":"2022-12-04T20:02:10.8638325","modifiedDate":"2022-12-04T20:02:10.8638325","id":182,"email":"azurealstn@naver.com","name":"슬로우스타터","picture":"test.jpg","role":"MEMBER","emailAuth":true,"username":"haha","shortBio":"안녕하세요!","roleKey":"ROLE_MEMBER"},"description":"소개글 - 24","secret":false,"previousTime":"2022년 12월 4일","hashTagNames":[],"likeCount":0,"commentCount":0,"storeFilename":null,"totalRowCount":0,"imageUrl":null},{"id":350,"title":"test 제목 - 23","content":"뭐로 할까 - 23","member":{"createdDate":"2022-12-04T20:02:10.8638325","modifiedDate":"2022-12-04T20:02:10.8638325","id":182,"email":"azurealstn@naver.com","name":"슬로우스타터","picture":"test.jpg","role":"MEMBER","emailAuth":true,"username":"haha","shortBio":"안녕하세요!","roleKey":"ROLE_MEMBER"},"description":"소개글 - 23","secret":false,"previousTime":"2022년 12월 4일","hashTagNames":[],"likeCount":0,"commentCount":0,"storeFilename":null,"totalRowCount":0,"imageUrl":null},{"id":349,"title":"test 제목 - 22","content":"뭐로 할까 - 22","member":{"createdDate":"2022-12-04T20:02:10.8638325","modifiedDate":"2022-12-04T20:02:10.8638325","id":182,"email":"azurealstn@naver.com","name":"슬로우스타터","picture":"test.jpg","role":"MEMBER","emailAuth":true,"username":"haha","shortBio":"안녕하세요!","roleKey":"ROLE_MEMBER"},"description":"소개글 - 22","secret":false,"previousTime":"2022년 12월 4일","hashTagNames":[],"likeCount":0,"commentCount":0,"storeFilename":null,"totalRowCount":0,"imageUrl":null}]
    Forwarded URL = null
   Redirected URL = null
          Cookies = []
Hibernate: select posts0_.posts_id as posts_id1_5_, posts0_.created_date as created_2_5_, posts0_.modified_date as modified3_5_, posts0_.content as content4_5_, posts0_.description as descript5_5_, posts0_.likes as likes6_5_, posts0_.member_id as member_i9_5_, posts0_.secret as secret7_5_, posts0_.title as title8_5_ from posts posts0_
Hibernate: select member0_.member_id as member_i1_3_, member0_.created_date as created_2_3_, member0_.modified_date as modified3_3_, member0_.email as email4_3_, member0_.email_auth as email_au5_3_, member0_.name as name6_3_, member0_.picture as picture7_3_, member0_.role as role8_3_, member0_.short_bio as short_bi9_3_, member0_.username as usernam10_3_ from member member0_
2022-12-04 20:02:10.910  INFO 8024 --- [    Test worker] o.s.t.c.transaction.TransactionContext   : Rolled back transaction for test: [DefaultTestContext@351b70c1 testClass = PostsApiControllerTest, testInstance = com.azurealstn.alog.controller.api.posts.PostsApiControllerTest@78363803, testMethod = first_page_zero@PostsApiControllerTest, testException = [null], mergedContextConfiguration = [WebMergedContextConfiguration@3b82fb7 testClass = PostsApiControllerTest, locations = '{}', classes = '{class com.azurealstn.alog.AlogApplication}', contextInitializerClasses = '[]', activeProfiles = '{}', propertySourceLocations = '{}', propertySourceProperties = '{org.springframework.boot.test.context.SpringBootTestContextBootstrapper=true, server.port=0}', contextCustomizers = set[org.springframework.boot.test.autoconfigure.actuate.metrics.MetricsExportContextCustomizerFactory$DisableMetricExportContextCustomizer@39dcf4b0, org.springframework.boot.test.autoconfigure.properties.PropertyMappingContextCustomizer@0, org.springframework.boot.test.autoconfigure.web.servlet.WebDriverContextCustomizerFactory$Customizer@6722db6e, org.springframework.boot.test.context.filter.ExcludeFilterContextCustomizer@7a48e6e2, org.springframework.boot.test.json.DuplicateJsonObjectContextCustomizerFactory$DuplicateJsonObjectContextCustomizer@631e06ab, org.springframework.boot.test.mock.mockito.MockitoContextCustomizer@0, org.springframework.boot.test.web.client.TestRestTemplateContextCustomizer@24faea88, org.springframework.boot.test.context.SpringBootTestArgs@1, org.springframework.boot.test.context.SpringBootTestWebEnvironment@68d279ec], resourceBasePath = 'src/main/webapp', contextLoader = 'org.springframework.boot.test.context.SpringBootContextLoader', parent = [null]], attributes = map['org.springframework.test.context.web.ServletTestExecutionListener.activateListener' -> false, 'org.springframework.test.context.event.ApplicationEventsTestExecutionListener.recordApplicationEvents' -> false]]
]]></system-out>
  <system-err><![CDATA[]]></system-err>
</testsuite>
