<?xml version="1.0" encoding="UTF-8"?>
<testsuite name="com.azurealstn.alog.controller.api.login.LoginApiControllerTest" tests="2" skipped="0" failures="0" errors="0" timestamp="2022-12-04T11:02:09" hostname="DESKTOP-4HIAQNR" time="0.086">
  <properties/>
  <testcase name="login for email valid input Test" classname="com.azurealstn.alog.controller.api.login.LoginApiControllerTest" time="0.044"/>
  <testcase name="login for email valid Test" classname="com.azurealstn.alog.controller.api.login.LoginApiControllerTest" time="0.042"/>
  <system-out><![CDATA[2022-12-04 20:02:07.955  INFO 8024 --- [    Test worker] .b.t.c.SpringBootTestContextBootstrapper : Neither @ContextConfiguration nor @ContextHierarchy found for test class [com.azurealstn.alog.controller.api.login.LoginApiControllerTest], using SpringBootContextLoader
2022-12-04 20:02:07.955  INFO 8024 --- [    Test worker] o.s.t.c.support.AbstractContextLoader    : Could not detect default resource locations for test class [com.azurealstn.alog.controller.api.login.LoginApiControllerTest]: no resource found for suffixes {-context.xml, Context.groovy}.
2022-12-04 20:02:07.955  INFO 8024 --- [    Test worker] t.c.s.AnnotationConfigContextLoaderUtils : Could not detect default configuration classes for test class [com.azurealstn.alog.controller.api.login.LoginApiControllerTest]: LoginApiControllerTest does not declare any static, non-private, non-final, nested classes annotated with @Configuration.
2022-12-04 20:02:07.970  INFO 8024 --- [    Test worker] .b.t.c.SpringBootTestContextBootstrapper : Found @SpringBootConfiguration com.azurealstn.alog.AlogApplication for test class com.azurealstn.alog.controller.api.login.LoginApiControllerTest
2022-12-04 20:02:07.970  INFO 8024 --- [    Test worker] .b.t.c.SpringBootTestContextBootstrapper : Loaded default TestExecutionListener class names from location [META-INF/spring.factories]: [org.springframework.security.test.context.support.WithSecurityContextTestExecutionListener, org.springframework.security.test.context.support.ReactorContextTestExecutionListener, org.springframework.boot.test.autoconfigure.restdocs.RestDocsTestExecutionListener, org.springframework.boot.test.autoconfigure.web.client.MockRestServiceServerResetTestExecutionListener, org.springframework.boot.test.autoconfigure.web.servlet.MockMvcPrintOnlyOnFailureTestExecutionListener, org.springframework.boot.test.autoconfigure.web.servlet.WebDriverTestExecutionListener, org.springframework.boot.test.autoconfigure.webservices.client.MockWebServiceServerTestExecutionListener, org.springframework.boot.test.mock.mockito.MockitoTestExecutionListener, org.springframework.boot.test.mock.mockito.ResetMocksTestExecutionListener, org.springframework.test.context.web.ServletTestExecutionListener, org.springframework.test.context.support.DirtiesContextBeforeModesTestExecutionListener, org.springframework.test.context.event.ApplicationEventsTestExecutionListener, org.springframework.test.context.support.DependencyInjectionTestExecutionListener, org.springframework.test.context.support.DirtiesContextTestExecutionListener, org.springframework.test.context.transaction.TransactionalTestExecutionListener, org.springframework.test.context.jdbc.SqlScriptsTestExecutionListener, org.springframework.test.context.event.EventPublishingTestExecutionListener]
2022-12-04 20:02:07.970  INFO 8024 --- [    Test worker] .b.t.c.SpringBootTestContextBootstrapper : Using TestExecutionListeners: [org.springframework.test.context.web.ServletTestExecutionListener@260715eb, org.springframework.test.context.support.DirtiesContextBeforeModesTestExecutionListener@642f1d22, org.springframework.test.context.event.ApplicationEventsTestExecutionListener@2e1e46e7, org.springframework.boot.test.mock.mockito.MockitoTestExecutionListener@edb28f6, org.springframework.boot.test.autoconfigure.SpringBootDependencyInjectionTestExecutionListener@10eddc8b, org.springframework.test.context.support.DirtiesContextTestExecutionListener@cb715b9, org.springframework.test.context.transaction.TransactionalTestExecutionListener@50c253b6, org.springframework.test.context.jdbc.SqlScriptsTestExecutionListener@7094dc0, org.springframework.security.test.context.support.WithSecurityContextTestExecutionListener@797ed02e, org.springframework.test.context.event.EventPublishingTestExecutionListener@4d500865, org.springframework.security.test.context.support.ReactorContextTestExecutionListener@fcdad9a, org.springframework.boot.test.autoconfigure.restdocs.RestDocsTestExecutionListener@426786ee, org.springframework.boot.test.autoconfigure.web.client.MockRestServiceServerResetTestExecutionListener@4d97c12c, org.springframework.boot.test.autoconfigure.web.servlet.MockMvcPrintOnlyOnFailureTestExecutionListener@c9ebdb, org.springframework.boot.test.autoconfigure.web.servlet.WebDriverTestExecutionListener@620a2725, org.springframework.boot.test.autoconfigure.webservices.client.MockWebServiceServerTestExecutionListener@1ca49d7c, org.springframework.boot.test.mock.mockito.ResetMocksTestExecutionListener@6f49a165]

  .   ____          _            __ _ _
 /\\ / ___'_ __ _ _(_)_ __  __ _ \ \ \ \
( ( )\___ | '_ | '_| | '_ \/ _` | \ \ \ \
 \\/  ___)| |_)| | | | | || (_| |  ) ) ) )
  '  |____| .__|_| |_|_| |_\__, | / / / /
 =========|_|==============|___/=/_/_/_/
 :: Spring Boot ::                (v2.7.4)

2022-12-04 20:02:08.001  INFO 8024 --- [    Test worker] c.a.a.c.a.login.LoginApiControllerTest   : Starting LoginApiControllerTest using Java 11.0.13 on DESKTOP-4HIAQNR with PID 8024 (started by azure in C:\project\intellij-project\2022\alog)
2022-12-04 20:02:08.001  INFO 8024 --- [    Test worker] c.a.a.c.a.login.LoginApiControllerTest   : The following 1 profile is active: "mail"
2022-12-04 20:02:08.283  INFO 8024 --- [    Test worker] .s.d.r.c.RepositoryConfigurationDelegate : Bootstrapping Spring Data JPA repositories in DEFAULT mode.
2022-12-04 20:02:08.361  INFO 8024 --- [    Test worker] .s.d.r.c.RepositoryConfigurationDelegate : Finished Spring Data repository scanning in 74 ms. Found 10 JPA repository interfaces.
2022-12-04 20:02:08.486  INFO 8024 --- [    Test worker] com.zaxxer.hikari.HikariDataSource       : HikariPool-4 - Starting...
2022-12-04 20:02:08.501  INFO 8024 --- [    Test worker] com.zaxxer.hikari.HikariDataSource       : HikariPool-4 - Start completed.
2022-12-04 20:02:08.548  INFO 8024 --- [    Test worker] o.hibernate.jpa.internal.util.LogHelper  : HHH000204: Processing PersistenceUnitInfo [name: default]
2022-12-04 20:02:08.564  INFO 8024 --- [    Test worker] org.hibernate.dialect.Dialect            : HHH000400: Using dialect: org.hibernate.dialect.H2Dialect
2022-12-04 20:02:08.658  INFO 8024 --- [    Test worker] o.h.e.t.j.p.i.JtaPlatformInitiator       : HHH000490: Using JtaPlatform implementation: [org.hibernate.engine.transaction.jta.platform.internal.NoJtaPlatform]
2022-12-04 20:02:08.658  INFO 8024 --- [    Test worker] j.LocalContainerEntityManagerFactoryBean : Initialized JPA EntityManagerFactory for persistence unit 'default'
2022-12-04 20:02:09.064  INFO 8024 --- [    Test worker] o.s.s.web.DefaultSecurityFilterChain     : Will secure any request with [org.springframework.security.web.session.DisableEncodeUrlFilter@4b17474d, org.springframework.security.web.context.request.async.WebAsyncManagerIntegrationFilter@4279fc70, org.springframework.security.web.context.SecurityContextPersistenceFilter@d2eb3a0, org.springframework.security.web.header.HeaderWriterFilter@4898cd22, org.springframework.security.web.authentication.logout.LogoutFilter@421a0ba2, org.springframework.security.oauth2.client.web.OAuth2AuthorizationRequestRedirectFilter@3393d740, org.springframework.security.oauth2.client.web.OAuth2LoginAuthenticationFilter@37eb27a2, org.springframework.security.web.authentication.ui.DefaultLoginPageGeneratingFilter@5d2d4939, org.springframework.security.web.authentication.ui.DefaultLogoutPageGeneratingFilter@6ffd0aa8, org.springframework.security.web.savedrequest.RequestCacheAwareFilter@2869fe47, org.springframework.security.web.servletapi.SecurityContextHolderAwareRequestFilter@520acc7a, org.springframework.security.web.authentication.AnonymousAuthenticationFilter@1c5f6c2, org.springframework.security.web.session.SessionManagementFilter@3519f35, org.springframework.security.web.access.ExceptionTranslationFilter@576c8cea, org.springframework.security.web.access.intercept.FilterSecurityInterceptor@754f951a]
2022-12-04 20:02:09.173  WARN 8024 --- [    Test worker] JpaBaseConfiguration$JpaWebConfiguration : spring.jpa.open-in-view is enabled by default. Therefore, database queries may be performed during view rendering. Explicitly configure spring.jpa.open-in-view to disable this warning
2022-12-04 20:02:09.315  INFO 8024 --- [    Test worker] o.s.b.a.h2.H2ConsoleAutoConfiguration    : H2 console available at '/h2-console'. Database available at 'jdbc:h2:tcp://localhost/~/alog'
2022-12-04 20:02:09.331  INFO 8024 --- [    Test worker] o.s.b.a.w.s.WelcomePageHandlerMapping    : Adding welcome page template: index
2022-12-04 20:02:09.612  INFO 8024 --- [    Test worker] o.s.b.t.m.w.SpringBootMockServletContext : Initializing Spring TestDispatcherServlet ''
2022-12-04 20:02:09.612  INFO 8024 --- [    Test worker] o.s.t.web.servlet.TestDispatcherServlet  : Initializing Servlet ''
2022-12-04 20:02:09.612  INFO 8024 --- [    Test worker] o.s.t.web.servlet.TestDispatcherServlet  : Completed initialization in 0 ms
2022-12-04 20:02:09.612  INFO 8024 --- [    Test worker] s.a.ScheduledAnnotationBeanPostProcessor : No TaskScheduler/ScheduledExecutorService bean found for scheduled processing
2022-12-04 20:02:09.612  INFO 8024 --- [    Test worker] c.a.a.c.a.login.LoginApiControllerTest   : Started LoginApiControllerTest in 1.637 seconds (JVM running for 16.745)

MockHttpServletRequest:
      HTTP Method = POST
      Request URI = /api/v1/auth/login
       Parameters = {}
          Headers = [Content-Type:"application/json;charset=UTF-8", Content-Length:"58"]
             Body = {"email":"azurealst","authToken":null,"existsEmail":false}
    Session Attrs = {}

Handler:
             Type = com.azurealstn.alog.controller.api.login.LoginApiController
           Method = com.azurealstn.alog.controller.api.login.LoginApiController#login(LoginRequestDto)

Async:
    Async started = false
     Async result = null

Resolved Exception:
             Type = org.springframework.web.bind.MethodArgumentNotValidException

ModelAndView:
        View name = null
             View = null
            Model = null

FlashMap:
       Attributes = null

MockHttpServletResponse:
           Status = 400
    Error message = null
          Headers = [Content-Type:"application/json", X-Content-Type-Options:"nosniff", X-XSS-Protection:"1; mode=block", Cache-Control:"no-cache, no-store, max-age=0, must-revalidate", Pragma:"no-cache", Expires:"0"]
     Content type = application/json
             Body = {"code":"400","message":"클라이언트의 잘못된 요청이 있습니다. (application/json)","validation":[{"fieldName":"email","errorMessage":"잘못된 이메일 형식입니다."}]}
    Forwarded URL = null
   Redirected URL = null
          Cookies = []
Hibernate: select member0_.member_id as col_0_0_ from member member0_ where member0_.email=? limit ?
Hibernate: insert into email_auth (email_auth_id, created_date, modified_date, auth_token, email, expired, expired_date) values (default, ?, ?, ?, ?, ?, ?)

MockHttpServletRequest:
      HTTP Method = POST
      Request URI = /api/v1/auth/login
       Parameters = {}
          Headers = [Content-Type:"application/json;charset=UTF-8", Content-Length:"69"]
             Body = {"email":"azurealstn@naver.com","authToken":null,"existsEmail":false}
    Session Attrs = {}

Handler:
             Type = com.azurealstn.alog.controller.api.login.LoginApiController
           Method = com.azurealstn.alog.controller.api.login.LoginApiController#login(LoginRequestDto)

Async:
    Async started = false
     Async result = null

Resolved Exception:
             Type = null

ModelAndView:
        View name = null
             View = null
            Model = null

FlashMap:
       Attributes = null

MockHttpServletResponse:
           Status = 200
    Error message = null
          Headers = [Content-Type:"application/json", X-Content-Type-Options:"nosniff", X-XSS-Protection:"1; mode=block", Cache-Control:"no-cache, no-store, max-age=0, must-revalidate", Pragma:"no-cache", Expires:"0"]
     Content type = application/json
             Body = {"email":"azurealstn@naver.com","existsEmail":false}
    Forwarded URL = null
   Redirected URL = null
          Cookies = []
]]></system-out>
  <system-err><![CDATA[]]></system-err>
</testsuite>
