<?xml version="1.0" encoding="UTF-8"?>
<testsuite name="com.azurealstn.alog.service.login.LoginServiceTest" tests="3" skipped="0" failures="0" errors="0" timestamp="2022-12-04T11:02:11" hostname="DESKTOP-4HIAQNR" time="0.03">
  <properties/>
  <testcase name="email로 회원 조회하기 실패" classname="com.azurealstn.alog.service.login.LoginServiceTest" time="0.013"/>
  <testcase name="login 가상 테스트" classname="com.azurealstn.alog.service.login.LoginServiceTest" time="0.007"/>
  <testcase name="email로 회원 조회하기" classname="com.azurealstn.alog.service.login.LoginServiceTest" time="0.008"/>
  <system-out><![CDATA[2022-12-04 20:02:11.786  INFO 8024 --- [    Test worker] .b.t.c.SpringBootTestContextBootstrapper : Neither @ContextConfiguration nor @ContextHierarchy found for test class [com.azurealstn.alog.service.login.LoginServiceTest], using SpringBootContextLoader
2022-12-04 20:02:11.786  INFO 8024 --- [    Test worker] o.s.t.c.support.AbstractContextLoader    : Could not detect default resource locations for test class [com.azurealstn.alog.service.login.LoginServiceTest]: no resource found for suffixes {-context.xml, Context.groovy}.
2022-12-04 20:02:11.786  INFO 8024 --- [    Test worker] t.c.s.AnnotationConfigContextLoaderUtils : Could not detect default configuration classes for test class [com.azurealstn.alog.service.login.LoginServiceTest]: LoginServiceTest does not declare any static, non-private, non-final, nested classes annotated with @Configuration.
2022-12-04 20:02:11.786  INFO 8024 --- [    Test worker] .b.t.c.SpringBootTestContextBootstrapper : Found @SpringBootConfiguration com.azurealstn.alog.AlogApplication for test class com.azurealstn.alog.service.login.LoginServiceTest
2022-12-04 20:02:11.786  INFO 8024 --- [    Test worker] .b.t.c.SpringBootTestContextBootstrapper : Loaded default TestExecutionListener class names from location [META-INF/spring.factories]: [org.springframework.security.test.context.support.WithSecurityContextTestExecutionListener, org.springframework.security.test.context.support.ReactorContextTestExecutionListener, org.springframework.boot.test.autoconfigure.restdocs.RestDocsTestExecutionListener, org.springframework.boot.test.autoconfigure.web.client.MockRestServiceServerResetTestExecutionListener, org.springframework.boot.test.autoconfigure.web.servlet.MockMvcPrintOnlyOnFailureTestExecutionListener, org.springframework.boot.test.autoconfigure.web.servlet.WebDriverTestExecutionListener, org.springframework.boot.test.autoconfigure.webservices.client.MockWebServiceServerTestExecutionListener, org.springframework.boot.test.mock.mockito.MockitoTestExecutionListener, org.springframework.boot.test.mock.mockito.ResetMocksTestExecutionListener, org.springframework.test.context.web.ServletTestExecutionListener, org.springframework.test.context.support.DirtiesContextBeforeModesTestExecutionListener, org.springframework.test.context.event.ApplicationEventsTestExecutionListener, org.springframework.test.context.support.DependencyInjectionTestExecutionListener, org.springframework.test.context.support.DirtiesContextTestExecutionListener, org.springframework.test.context.transaction.TransactionalTestExecutionListener, org.springframework.test.context.jdbc.SqlScriptsTestExecutionListener, org.springframework.test.context.event.EventPublishingTestExecutionListener]
2022-12-04 20:02:11.802  INFO 8024 --- [    Test worker] .b.t.c.SpringBootTestContextBootstrapper : Using TestExecutionListeners: [org.springframework.test.context.web.ServletTestExecutionListener@4ab56032, org.springframework.test.context.support.DirtiesContextBeforeModesTestExecutionListener@66c162a5, org.springframework.test.context.event.ApplicationEventsTestExecutionListener@4f0aa08b, org.springframework.boot.test.mock.mockito.MockitoTestExecutionListener@1d48a31, org.springframework.boot.test.autoconfigure.SpringBootDependencyInjectionTestExecutionListener@6001cec9, org.springframework.test.context.support.DirtiesContextTestExecutionListener@db85c26, org.springframework.test.context.transaction.TransactionalTestExecutionListener@172cabe2, org.springframework.test.context.jdbc.SqlScriptsTestExecutionListener@320c3e34, org.springframework.security.test.context.support.WithSecurityContextTestExecutionListener@5c15c93a, org.springframework.test.context.event.EventPublishingTestExecutionListener@1383f7f2, org.springframework.security.test.context.support.ReactorContextTestExecutionListener@61022ddb, org.springframework.boot.test.autoconfigure.restdocs.RestDocsTestExecutionListener@32ac4251, org.springframework.boot.test.autoconfigure.web.client.MockRestServiceServerResetTestExecutionListener@40020127, org.springframework.boot.test.autoconfigure.web.servlet.MockMvcPrintOnlyOnFailureTestExecutionListener@4cb242b2, org.springframework.boot.test.autoconfigure.web.servlet.WebDriverTestExecutionListener@3caed20a, org.springframework.boot.test.autoconfigure.webservices.client.MockWebServiceServerTestExecutionListener@6c40a104, org.springframework.boot.test.mock.mockito.ResetMocksTestExecutionListener@3c9b9e92]
2022-12-04 20:02:11.802  INFO 8024 --- [    Test worker] o.s.t.c.transaction.TransactionContext   : Began transaction (1) for test context [DefaultTestContext@21b8e988 testClass = LoginServiceTest, testInstance = com.azurealstn.alog.service.login.LoginServiceTest@54cc182a, testMethod = find_by_email_fail@LoginServiceTest, testException = [null], mergedContextConfiguration = [WebMergedContextConfiguration@4ea505e2 testClass = LoginServiceTest, locations = '{}', classes = '{class com.azurealstn.alog.AlogApplication}', contextInitializerClasses = '[]', activeProfiles = '{}', propertySourceLocations = '{}', propertySourceProperties = '{org.springframework.boot.test.context.SpringBootTestContextBootstrapper=true}', contextCustomizers = set[org.springframework.boot.test.autoconfigure.actuate.metrics.MetricsExportContextCustomizerFactory$DisableMetricExportContextCustomizer@39dcf4b0, org.springframework.boot.test.autoconfigure.properties.PropertyMappingContextCustomizer@0, org.springframework.boot.test.autoconfigure.web.servlet.WebDriverContextCustomizerFactory$Customizer@6722db6e, org.springframework.boot.test.context.filter.ExcludeFilterContextCustomizer@7a48e6e2, org.springframework.boot.test.json.DuplicateJsonObjectContextCustomizerFactory$DuplicateJsonObjectContextCustomizer@631e06ab, org.springframework.boot.test.mock.mockito.MockitoContextCustomizer@0, org.springframework.boot.test.web.client.TestRestTemplateContextCustomizer@24faea88, org.springframework.boot.test.context.SpringBootTestArgs@1, org.springframework.boot.test.context.SpringBootTestWebEnvironment@7b993c65], resourceBasePath = 'src/main/webapp', contextLoader = 'org.springframework.boot.test.context.SpringBootContextLoader', parent = [null]], attributes = map['org.springframework.test.context.web.ServletTestExecutionListener.activateListener' -> true, 'org.springframework.test.context.web.ServletTestExecutionListener.populatedRequestContextHolder' -> true, 'org.springframework.test.context.web.ServletTestExecutionListener.resetRequestContextHolder' -> true, 'org.springframework.test.context.event.ApplicationEventsTestExecutionListener.recordApplicationEvents' -> false]]; transaction manager [org.springframework.orm.jpa.JpaTransactionManager@19cee7ed]; rollback [true]
Hibernate: select member0_.member_id as member_i1_3_, member0_.created_date as created_2_3_, member0_.modified_date as modified3_3_, member0_.email as email4_3_, member0_.email_auth as email_au5_3_, member0_.name as name6_3_, member0_.picture as picture7_3_, member0_.role as role8_3_, member0_.short_bio as short_bi9_3_, member0_.username as usernam10_3_ from member member0_
Hibernate: insert into member (member_id, created_date, modified_date, email, email_auth, name, picture, role, short_bio, username) values (default, ?, ?, ?, ?, ?, ?, ?, ?, ?)
Hibernate: select member0_.member_id as member_i1_3_, member0_.created_date as created_2_3_, member0_.modified_date as modified3_3_, member0_.email as email4_3_, member0_.email_auth as email_au5_3_, member0_.name as name6_3_, member0_.picture as picture7_3_, member0_.role as role8_3_, member0_.short_bio as short_bi9_3_, member0_.username as usernam10_3_ from member member0_ where member0_.email=?
2022-12-04 20:02:11.818  INFO 8024 --- [    Test worker] o.s.t.c.transaction.TransactionContext   : Rolled back transaction for test: [DefaultTestContext@21b8e988 testClass = LoginServiceTest, testInstance = com.azurealstn.alog.service.login.LoginServiceTest@54cc182a, testMethod = find_by_email_fail@LoginServiceTest, testException = [null], mergedContextConfiguration = [WebMergedContextConfiguration@4ea505e2 testClass = LoginServiceTest, locations = '{}', classes = '{class com.azurealstn.alog.AlogApplication}', contextInitializerClasses = '[]', activeProfiles = '{}', propertySourceLocations = '{}', propertySourceProperties = '{org.springframework.boot.test.context.SpringBootTestContextBootstrapper=true}', contextCustomizers = set[org.springframework.boot.test.autoconfigure.actuate.metrics.MetricsExportContextCustomizerFactory$DisableMetricExportContextCustomizer@39dcf4b0, org.springframework.boot.test.autoconfigure.properties.PropertyMappingContextCustomizer@0, org.springframework.boot.test.autoconfigure.web.servlet.WebDriverContextCustomizerFactory$Customizer@6722db6e, org.springframework.boot.test.context.filter.ExcludeFilterContextCustomizer@7a48e6e2, org.springframework.boot.test.json.DuplicateJsonObjectContextCustomizerFactory$DuplicateJsonObjectContextCustomizer@631e06ab, org.springframework.boot.test.mock.mockito.MockitoContextCustomizer@0, org.springframework.boot.test.web.client.TestRestTemplateContextCustomizer@24faea88, org.springframework.boot.test.context.SpringBootTestArgs@1, org.springframework.boot.test.context.SpringBootTestWebEnvironment@7b993c65], resourceBasePath = 'src/main/webapp', contextLoader = 'org.springframework.boot.test.context.SpringBootContextLoader', parent = [null]], attributes = map['org.springframework.test.context.web.ServletTestExecutionListener.activateListener' -> true, 'org.springframework.test.context.web.ServletTestExecutionListener.populatedRequestContextHolder' -> true, 'org.springframework.test.context.web.ServletTestExecutionListener.resetRequestContextHolder' -> true, 'org.springframework.test.context.event.ApplicationEventsTestExecutionListener.recordApplicationEvents' -> false]]
2022-12-04 20:02:11.818  INFO 8024 --- [    Test worker] o.s.t.c.transaction.TransactionContext   : Began transaction (1) for test context [DefaultTestContext@21b8e988 testClass = LoginServiceTest, testInstance = com.azurealstn.alog.service.login.LoginServiceTest@451211cf, testMethod = login_virtual_test@LoginServiceTest, testException = [null], mergedContextConfiguration = [WebMergedContextConfiguration@4ea505e2 testClass = LoginServiceTest, locations = '{}', classes = '{class com.azurealstn.alog.AlogApplication}', contextInitializerClasses = '[]', activeProfiles = '{}', propertySourceLocations = '{}', propertySourceProperties = '{org.springframework.boot.test.context.SpringBootTestContextBootstrapper=true}', contextCustomizers = set[org.springframework.boot.test.autoconfigure.actuate.metrics.MetricsExportContextCustomizerFactory$DisableMetricExportContextCustomizer@39dcf4b0, org.springframework.boot.test.autoconfigure.properties.PropertyMappingContextCustomizer@0, org.springframework.boot.test.autoconfigure.web.servlet.WebDriverContextCustomizerFactory$Customizer@6722db6e, org.springframework.boot.test.context.filter.ExcludeFilterContextCustomizer@7a48e6e2, org.springframework.boot.test.json.DuplicateJsonObjectContextCustomizerFactory$DuplicateJsonObjectContextCustomizer@631e06ab, org.springframework.boot.test.mock.mockito.MockitoContextCustomizer@0, org.springframework.boot.test.web.client.TestRestTemplateContextCustomizer@24faea88, org.springframework.boot.test.context.SpringBootTestArgs@1, org.springframework.boot.test.context.SpringBootTestWebEnvironment@7b993c65], resourceBasePath = 'src/main/webapp', contextLoader = 'org.springframework.boot.test.context.SpringBootContextLoader', parent = [null]], attributes = map['org.springframework.test.context.web.ServletTestExecutionListener.activateListener' -> true, 'org.springframework.test.context.web.ServletTestExecutionListener.populatedRequestContextHolder' -> true, 'org.springframework.test.context.web.ServletTestExecutionListener.resetRequestContextHolder' -> true, 'org.springframework.test.context.event.ApplicationEventsTestExecutionListener.recordApplicationEvents' -> false]]; transaction manager [org.springframework.orm.jpa.JpaTransactionManager@19cee7ed]; rollback [true]
Hibernate: select member0_.member_id as member_i1_3_, member0_.created_date as created_2_3_, member0_.modified_date as modified3_3_, member0_.email as email4_3_, member0_.email_auth as email_au5_3_, member0_.name as name6_3_, member0_.picture as picture7_3_, member0_.role as role8_3_, member0_.short_bio as short_bi9_3_, member0_.username as usernam10_3_ from member member0_
Hibernate: insert into member (member_id, created_date, modified_date, email, email_auth, name, picture, role, short_bio, username) values (default, ?, ?, ?, ?, ?, ?, ?, ?, ?)
Hibernate: select member0_.member_id as col_0_0_ from member member0_ where member0_.email=? limit ?
2022-12-04 20:02:11.818  INFO 8024 --- [    Test worker] o.s.t.c.transaction.TransactionContext   : Rolled back transaction for test: [DefaultTestContext@21b8e988 testClass = LoginServiceTest, testInstance = com.azurealstn.alog.service.login.LoginServiceTest@451211cf, testMethod = login_virtual_test@LoginServiceTest, testException = [null], mergedContextConfiguration = [WebMergedContextConfiguration@4ea505e2 testClass = LoginServiceTest, locations = '{}', classes = '{class com.azurealstn.alog.AlogApplication}', contextInitializerClasses = '[]', activeProfiles = '{}', propertySourceLocations = '{}', propertySourceProperties = '{org.springframework.boot.test.context.SpringBootTestContextBootstrapper=true}', contextCustomizers = set[org.springframework.boot.test.autoconfigure.actuate.metrics.MetricsExportContextCustomizerFactory$DisableMetricExportContextCustomizer@39dcf4b0, org.springframework.boot.test.autoconfigure.properties.PropertyMappingContextCustomizer@0, org.springframework.boot.test.autoconfigure.web.servlet.WebDriverContextCustomizerFactory$Customizer@6722db6e, org.springframework.boot.test.context.filter.ExcludeFilterContextCustomizer@7a48e6e2, org.springframework.boot.test.json.DuplicateJsonObjectContextCustomizerFactory$DuplicateJsonObjectContextCustomizer@631e06ab, org.springframework.boot.test.mock.mockito.MockitoContextCustomizer@0, org.springframework.boot.test.web.client.TestRestTemplateContextCustomizer@24faea88, org.springframework.boot.test.context.SpringBootTestArgs@1, org.springframework.boot.test.context.SpringBootTestWebEnvironment@7b993c65], resourceBasePath = 'src/main/webapp', contextLoader = 'org.springframework.boot.test.context.SpringBootContextLoader', parent = [null]], attributes = map['org.springframework.test.context.web.ServletTestExecutionListener.activateListener' -> true, 'org.springframework.test.context.web.ServletTestExecutionListener.populatedRequestContextHolder' -> true, 'org.springframework.test.context.web.ServletTestExecutionListener.resetRequestContextHolder' -> true, 'org.springframework.test.context.event.ApplicationEventsTestExecutionListener.recordApplicationEvents' -> false]]
2022-12-04 20:02:11.833  INFO 8024 --- [    Test worker] o.s.t.c.transaction.TransactionContext   : Began transaction (1) for test context [DefaultTestContext@21b8e988 testClass = LoginServiceTest, testInstance = com.azurealstn.alog.service.login.LoginServiceTest@b46d595, testMethod = find_by_email@LoginServiceTest, testException = [null], mergedContextConfiguration = [WebMergedContextConfiguration@4ea505e2 testClass = LoginServiceTest, locations = '{}', classes = '{class com.azurealstn.alog.AlogApplication}', contextInitializerClasses = '[]', activeProfiles = '{}', propertySourceLocations = '{}', propertySourceProperties = '{org.springframework.boot.test.context.SpringBootTestContextBootstrapper=true}', contextCustomizers = set[org.springframework.boot.test.autoconfigure.actuate.metrics.MetricsExportContextCustomizerFactory$DisableMetricExportContextCustomizer@39dcf4b0, org.springframework.boot.test.autoconfigure.properties.PropertyMappingContextCustomizer@0, org.springframework.boot.test.autoconfigure.web.servlet.WebDriverContextCustomizerFactory$Customizer@6722db6e, org.springframework.boot.test.context.filter.ExcludeFilterContextCustomizer@7a48e6e2, org.springframework.boot.test.json.DuplicateJsonObjectContextCustomizerFactory$DuplicateJsonObjectContextCustomizer@631e06ab, org.springframework.boot.test.mock.mockito.MockitoContextCustomizer@0, org.springframework.boot.test.web.client.TestRestTemplateContextCustomizer@24faea88, org.springframework.boot.test.context.SpringBootTestArgs@1, org.springframework.boot.test.context.SpringBootTestWebEnvironment@7b993c65], resourceBasePath = 'src/main/webapp', contextLoader = 'org.springframework.boot.test.context.SpringBootContextLoader', parent = [null]], attributes = map['org.springframework.test.context.web.ServletTestExecutionListener.activateListener' -> true, 'org.springframework.test.context.web.ServletTestExecutionListener.populatedRequestContextHolder' -> true, 'org.springframework.test.context.web.ServletTestExecutionListener.resetRequestContextHolder' -> true, 'org.springframework.test.context.event.ApplicationEventsTestExecutionListener.recordApplicationEvents' -> false]]; transaction manager [org.springframework.orm.jpa.JpaTransactionManager@19cee7ed]; rollback [true]
Hibernate: select member0_.member_id as member_i1_3_, member0_.created_date as created_2_3_, member0_.modified_date as modified3_3_, member0_.email as email4_3_, member0_.email_auth as email_au5_3_, member0_.name as name6_3_, member0_.picture as picture7_3_, member0_.role as role8_3_, member0_.short_bio as short_bi9_3_, member0_.username as usernam10_3_ from member member0_
Hibernate: insert into member (member_id, created_date, modified_date, email, email_auth, name, picture, role, short_bio, username) values (default, ?, ?, ?, ?, ?, ?, ?, ?, ?)
Hibernate: select member0_.member_id as member_i1_3_, member0_.created_date as created_2_3_, member0_.modified_date as modified3_3_, member0_.email as email4_3_, member0_.email_auth as email_au5_3_, member0_.name as name6_3_, member0_.picture as picture7_3_, member0_.role as role8_3_, member0_.short_bio as short_bi9_3_, member0_.username as usernam10_3_ from member member0_ where member0_.email=?
2022-12-04 20:02:11.833  INFO 8024 --- [    Test worker] o.s.t.c.transaction.TransactionContext   : Rolled back transaction for test: [DefaultTestContext@21b8e988 testClass = LoginServiceTest, testInstance = com.azurealstn.alog.service.login.LoginServiceTest@b46d595, testMethod = find_by_email@LoginServiceTest, testException = [null], mergedContextConfiguration = [WebMergedContextConfiguration@4ea505e2 testClass = LoginServiceTest, locations = '{}', classes = '{class com.azurealstn.alog.AlogApplication}', contextInitializerClasses = '[]', activeProfiles = '{}', propertySourceLocations = '{}', propertySourceProperties = '{org.springframework.boot.test.context.SpringBootTestContextBootstrapper=true}', contextCustomizers = set[org.springframework.boot.test.autoconfigure.actuate.metrics.MetricsExportContextCustomizerFactory$DisableMetricExportContextCustomizer@39dcf4b0, org.springframework.boot.test.autoconfigure.properties.PropertyMappingContextCustomizer@0, org.springframework.boot.test.autoconfigure.web.servlet.WebDriverContextCustomizerFactory$Customizer@6722db6e, org.springframework.boot.test.context.filter.ExcludeFilterContextCustomizer@7a48e6e2, org.springframework.boot.test.json.DuplicateJsonObjectContextCustomizerFactory$DuplicateJsonObjectContextCustomizer@631e06ab, org.springframework.boot.test.mock.mockito.MockitoContextCustomizer@0, org.springframework.boot.test.web.client.TestRestTemplateContextCustomizer@24faea88, org.springframework.boot.test.context.SpringBootTestArgs@1, org.springframework.boot.test.context.SpringBootTestWebEnvironment@7b993c65], resourceBasePath = 'src/main/webapp', contextLoader = 'org.springframework.boot.test.context.SpringBootContextLoader', parent = [null]], attributes = map['org.springframework.test.context.web.ServletTestExecutionListener.activateListener' -> true, 'org.springframework.test.context.web.ServletTestExecutionListener.populatedRequestContextHolder' -> true, 'org.springframework.test.context.web.ServletTestExecutionListener.resetRequestContextHolder' -> true, 'org.springframework.test.context.event.ApplicationEventsTestExecutionListener.recordApplicationEvents' -> false]]
]]></system-out>
  <system-err><![CDATA[]]></system-err>
</testsuite>
