<?xml version="1.0" encoding="UTF-8"?>
<testsuite name="com.azurealstn.alog.controller.api.hashtag.HashTagApiControllerTest" tests="2" skipped="0" failures="0" errors="0" timestamp="2022-12-04T11:22:08" hostname="DESKTOP-4HIAQNR" time="0.119">
  <properties/>
  <testcase name="해시태그 리스트 조회 성공" classname="com.azurealstn.alog.controller.api.hashtag.HashTagApiControllerTest" time="0.102"/>
  <testcase name="해시태그 등록시 DB 저장" classname="com.azurealstn.alog.controller.api.hashtag.HashTagApiControllerTest" time="0.016"/>
  <system-out><![CDATA[2022-12-04 20:22:08.158  INFO 6608 --- [    Test worker] .b.t.c.SpringBootTestContextBootstrapper : Neither @ContextConfiguration nor @ContextHierarchy found for test class [com.azurealstn.alog.controller.api.hashtag.HashTagApiControllerTest], using SpringBootContextLoader
2022-12-04 20:22:08.158  INFO 6608 --- [    Test worker] o.s.t.c.support.AbstractContextLoader    : Could not detect default resource locations for test class [com.azurealstn.alog.controller.api.hashtag.HashTagApiControllerTest]: no resource found for suffixes {-context.xml, Context.groovy}.
2022-12-04 20:22:08.158  INFO 6608 --- [    Test worker] t.c.s.AnnotationConfigContextLoaderUtils : Could not detect default configuration classes for test class [com.azurealstn.alog.controller.api.hashtag.HashTagApiControllerTest]: HashTagApiControllerTest does not declare any static, non-private, non-final, nested classes annotated with @Configuration.
2022-12-04 20:22:08.158  INFO 6608 --- [    Test worker] .b.t.c.SpringBootTestContextBootstrapper : Found @SpringBootConfiguration com.azurealstn.alog.AlogApplication for test class com.azurealstn.alog.controller.api.hashtag.HashTagApiControllerTest
2022-12-04 20:22:08.158  INFO 6608 --- [    Test worker] .b.t.c.SpringBootTestContextBootstrapper : Loaded default TestExecutionListener class names from location [META-INF/spring.factories]: [org.springframework.security.test.context.support.WithSecurityContextTestExecutionListener, org.springframework.security.test.context.support.ReactorContextTestExecutionListener, org.springframework.boot.test.autoconfigure.restdocs.RestDocsTestExecutionListener, org.springframework.boot.test.autoconfigure.web.client.MockRestServiceServerResetTestExecutionListener, org.springframework.boot.test.autoconfigure.web.servlet.MockMvcPrintOnlyOnFailureTestExecutionListener, org.springframework.boot.test.autoconfigure.web.servlet.WebDriverTestExecutionListener, org.springframework.boot.test.autoconfigure.webservices.client.MockWebServiceServerTestExecutionListener, org.springframework.boot.test.mock.mockito.MockitoTestExecutionListener, org.springframework.boot.test.mock.mockito.ResetMocksTestExecutionListener, org.springframework.test.context.web.ServletTestExecutionListener, org.springframework.test.context.support.DirtiesContextBeforeModesTestExecutionListener, org.springframework.test.context.event.ApplicationEventsTestExecutionListener, org.springframework.test.context.support.DependencyInjectionTestExecutionListener, org.springframework.test.context.support.DirtiesContextTestExecutionListener, org.springframework.test.context.transaction.TransactionalTestExecutionListener, org.springframework.test.context.jdbc.SqlScriptsTestExecutionListener, org.springframework.test.context.event.EventPublishingTestExecutionListener]
2022-12-04 20:22:08.158  INFO 6608 --- [    Test worker] .b.t.c.SpringBootTestContextBootstrapper : Using TestExecutionListeners: [org.springframework.test.context.web.ServletTestExecutionListener@5f914d68, org.springframework.test.context.support.DirtiesContextBeforeModesTestExecutionListener@177244f5, org.springframework.test.context.event.ApplicationEventsTestExecutionListener@73515663, org.springframework.boot.test.mock.mockito.MockitoTestExecutionListener@867ce95, org.springframework.boot.test.autoconfigure.SpringBootDependencyInjectionTestExecutionListener@5d4838fc, org.springframework.test.context.support.DirtiesContextTestExecutionListener@58989a4c, org.springframework.test.context.transaction.TransactionalTestExecutionListener@21833d72, org.springframework.test.context.jdbc.SqlScriptsTestExecutionListener@17a65cb1, org.springframework.security.test.context.support.WithSecurityContextTestExecutionListener@bb51961, org.springframework.test.context.event.EventPublishingTestExecutionListener@1763a8a1, org.springframework.security.test.context.support.ReactorContextTestExecutionListener@2fb37f92, org.springframework.boot.test.autoconfigure.restdocs.RestDocsTestExecutionListener@a55ed01, org.springframework.boot.test.autoconfigure.web.client.MockRestServiceServerResetTestExecutionListener@2988933b, org.springframework.boot.test.autoconfigure.web.servlet.MockMvcPrintOnlyOnFailureTestExecutionListener@2324100b, org.springframework.boot.test.autoconfigure.web.servlet.WebDriverTestExecutionListener@17dfa412, org.springframework.boot.test.autoconfigure.webservices.client.MockWebServiceServerTestExecutionListener@32c77e0d, org.springframework.boot.test.mock.mockito.ResetMocksTestExecutionListener@5fbb2225]
2022-12-04 20:22:08.158  INFO 6608 --- [    Test worker] o.s.t.c.transaction.TransactionContext   : Began transaction (1) for test context [DefaultTestContext@16594479 testClass = HashTagApiControllerTest, testInstance = com.azurealstn.alog.controller.api.hashtag.HashTagApiControllerTest@1045fe3b, testMethod = select_hashtag@HashTagApiControllerTest, testException = [null], mergedContextConfiguration = [WebMergedContextConfiguration@23a24fea testClass = HashTagApiControllerTest, locations = '{}', classes = '{class com.azurealstn.alog.AlogApplication}', contextInitializerClasses = '[]', activeProfiles = '{}', propertySourceLocations = '{}', propertySourceProperties = '{org.springframework.boot.test.context.SpringBootTestContextBootstrapper=true, server.port=0}', contextCustomizers = set[org.springframework.boot.test.autoconfigure.actuate.metrics.MetricsExportContextCustomizerFactory$DisableMetricExportContextCustomizer@59d2103b, org.springframework.boot.test.autoconfigure.properties.PropertyMappingContextCustomizer@0, org.springframework.boot.test.autoconfigure.web.servlet.WebDriverContextCustomizerFactory$Customizer@72a85671, org.springframework.boot.test.context.filter.ExcludeFilterContextCustomizer@4ae33a11, org.springframework.boot.test.json.DuplicateJsonObjectContextCustomizerFactory$DuplicateJsonObjectContextCustomizer@6d0b5baf, org.springframework.boot.test.mock.mockito.MockitoContextCustomizer@0, org.springframework.boot.test.web.client.TestRestTemplateContextCustomizer@5b58ed3c, org.springframework.boot.test.context.SpringBootTestArgs@1, org.springframework.boot.test.context.SpringBootTestWebEnvironment@48d61b48], resourceBasePath = 'src/main/webapp', contextLoader = 'org.springframework.boot.test.context.SpringBootContextLoader', parent = [null]], attributes = map['org.springframework.test.context.web.ServletTestExecutionListener.activateListener' -> false, 'org.springframework.test.context.event.ApplicationEventsTestExecutionListener.recordApplicationEvents' -> false]]; transaction manager [org.springframework.orm.jpa.JpaTransactionManager@37884b27]; rollback [true]
2022-12-04 20:22:08.174  INFO 6608 --- [    Test worker] o.a.c.c.C.[Tomcat].[localhost].[/]       : Initializing Spring TestDispatcherServlet ''
2022-12-04 20:22:08.174  INFO 6608 --- [    Test worker] o.s.t.web.servlet.TestDispatcherServlet  : Initializing Servlet ''
2022-12-04 20:22:08.174  INFO 6608 --- [    Test worker] o.s.t.web.servlet.TestDispatcherServlet  : Completed initialization in 0 ms
Hibernate: select postshasht0_.posts_hashtag_map_id as posts_ha1_6_, postshasht0_.created_date as created_2_6_, postshasht0_.modified_date as modified3_6_, postshasht0_.hashtag_id as hashtag_4_6_, postshasht0_.posts_id as posts_id5_6_ from posts_hashtag_map postshasht0_
Hibernate: select hashtag0_.hashtag_id as hashtag_1_2_, hashtag0_.created_date as created_2_2_, hashtag0_.modified_date as modified3_2_, hashtag0_.name as name4_2_ from hashtag hashtag0_
Hibernate: select posts0_.posts_id as posts_id1_5_, posts0_.created_date as created_2_5_, posts0_.modified_date as modified3_5_, posts0_.content as content4_5_, posts0_.description as descript5_5_, posts0_.likes as likes6_5_, posts0_.member_id as member_i9_5_, posts0_.secret as secret7_5_, posts0_.title as title8_5_ from posts posts0_
Hibernate: select member0_.member_id as member_i1_3_, member0_.created_date as created_2_3_, member0_.modified_date as modified3_3_, member0_.email as email4_3_, member0_.email_auth as email_au5_3_, member0_.name as name6_3_, member0_.picture as picture7_3_, member0_.role as role8_3_, member0_.short_bio as short_bi9_3_, member0_.username as usernam10_3_ from member member0_
Hibernate: insert into member (member_id, created_date, modified_date, email, email_auth, name, picture, role, short_bio, username) values (default, ?, ?, ?, ?, ?, ?, ?, ?, ?)
Hibernate: insert into posts (posts_id, created_date, modified_date, content, description, likes, member_id, secret, title) values (default, ?, ?, ?, ?, ?, ?, ?, ?)
Hibernate: insert into hashtag (hashtag_id, created_date, modified_date, name) values (default, ?, ?, ?)
Hibernate: insert into hashtag (hashtag_id, created_date, modified_date, name) values (default, ?, ?, ?)
Hibernate: insert into posts_hashtag_map (posts_hashtag_map_id, created_date, modified_date, hashtag_id, posts_id) values (default, ?, ?, ?, ?)
Hibernate: insert into posts_hashtag_map (posts_hashtag_map_id, created_date, modified_date, hashtag_id, posts_id) values (default, ?, ?, ?, ?)
Hibernate: select hashtag0_.hashtag_id as hashtag_1_2_, hashtag0_.created_date as created_2_2_, hashtag0_.modified_date as modified3_2_, hashtag0_.name as name4_2_ from hashtag hashtag0_ left outer join posts_hashtag_map postshasht1_ on (hashtag0_.hashtag_id=postshasht1_.hashtag_id) left outer join posts posts2_ on (postshasht1_.posts_id=posts2_.posts_id) where posts2_.posts_id=?

MockHttpServletRequest:
      HTTP Method = GET
      Request URI = /api/v1/hashtag/4
       Parameters = {}
          Headers = [Content-Type:"application/json;charset=UTF-8"]
             Body = null
    Session Attrs = {member=SessionMemberDto(id=4, name=슬로우스타터, email=azurealstn@naver.com, picture=test.jpg, username=haha, shortBio=안녕하세요!)}

Handler:
             Type = com.azurealstn.alog.controller.api.hashtag.HashTagApiController
           Method = com.azurealstn.alog.controller.api.hashtag.HashTagApiController#findByTags(Long)

Async:
    Async started = false
     Async result = null

Resolved Exception:
             Type = null

ModelAndView:
        View name = null
             View = null
            Model = null

FlashMap:
       Attributes = null

MockHttpServletResponse:
           Status = 200
    Error message = null
          Headers = [Content-Type:"application/json;charset=UTF-8"]
     Content type = application/json;charset=UTF-8
             Body = [{"name":"AWS 공부","posts":{"createdDate":"2022-12-04T20:22:08.174289","modifiedDate":"2022-12-04T20:22:08.174289","id":4,"member":{"createdDate":"2022-12-04T20:22:08.174289","modifiedDate":"2022-12-04T20:22:08.174289","id":4,"email":"azurealstn@naver.com","name":"슬로우스타터","picture":"test.jpg","role":"MEMBER","emailAuth":true,"username":"haha","shortBio":"안녕하세요!","roleKey":"ROLE_MEMBER"},"title":"foo","content":"bar","description":"소개글","secret":false,"likes":null}},{"name":"Java 공부","posts":{"createdDate":"2022-12-04T20:22:08.174289","modifiedDate":"2022-12-04T20:22:08.174289","id":4,"member":{"createdDate":"2022-12-04T20:22:08.174289","modifiedDate":"2022-12-04T20:22:08.174289","id":4,"email":"azurealstn@naver.com","name":"슬로우스타터","picture":"test.jpg","role":"MEMBER","emailAuth":true,"username":"haha","shortBio":"안녕하세요!","roleKey":"ROLE_MEMBER"},"title":"foo","content":"bar","description":"소개글","secret":false,"likes":null}}]
    Forwarded URL = null
   Redirected URL = null
          Cookies = []
Hibernate: select postshasht0_.posts_hashtag_map_id as posts_ha1_6_, postshasht0_.created_date as created_2_6_, postshasht0_.modified_date as modified3_6_, postshasht0_.hashtag_id as hashtag_4_6_, postshasht0_.posts_id as posts_id5_6_ from posts_hashtag_map postshasht0_
Hibernate: select hashtag0_.hashtag_id as hashtag_1_2_, hashtag0_.created_date as created_2_2_, hashtag0_.modified_date as modified3_2_, hashtag0_.name as name4_2_ from hashtag hashtag0_
Hibernate: select posts0_.posts_id as posts_id1_5_, posts0_.created_date as created_2_5_, posts0_.modified_date as modified3_5_, posts0_.content as content4_5_, posts0_.description as descript5_5_, posts0_.likes as likes6_5_, posts0_.member_id as member_i9_5_, posts0_.secret as secret7_5_, posts0_.title as title8_5_ from posts posts0_
Hibernate: select member0_.member_id as member_i1_3_, member0_.created_date as created_2_3_, member0_.modified_date as modified3_3_, member0_.email as email4_3_, member0_.email_auth as email_au5_3_, member0_.name as name6_3_, member0_.picture as picture7_3_, member0_.role as role8_3_, member0_.short_bio as short_bi9_3_, member0_.username as usernam10_3_ from member member0_
2022-12-04 20:22:08.268  INFO 6608 --- [    Test worker] o.s.t.c.transaction.TransactionContext   : Rolled back transaction for test: [DefaultTestContext@16594479 testClass = HashTagApiControllerTest, testInstance = com.azurealstn.alog.controller.api.hashtag.HashTagApiControllerTest@1045fe3b, testMethod = select_hashtag@HashTagApiControllerTest, testException = [null], mergedContextConfiguration = [WebMergedContextConfiguration@23a24fea testClass = HashTagApiControllerTest, locations = '{}', classes = '{class com.azurealstn.alog.AlogApplication}', contextInitializerClasses = '[]', activeProfiles = '{}', propertySourceLocations = '{}', propertySourceProperties = '{org.springframework.boot.test.context.SpringBootTestContextBootstrapper=true, server.port=0}', contextCustomizers = set[org.springframework.boot.test.autoconfigure.actuate.metrics.MetricsExportContextCustomizerFactory$DisableMetricExportContextCustomizer@59d2103b, org.springframework.boot.test.autoconfigure.properties.PropertyMappingContextCustomizer@0, org.springframework.boot.test.autoconfigure.web.servlet.WebDriverContextCustomizerFactory$Customizer@72a85671, org.springframework.boot.test.context.filter.ExcludeFilterContextCustomizer@4ae33a11, org.springframework.boot.test.json.DuplicateJsonObjectContextCustomizerFactory$DuplicateJsonObjectContextCustomizer@6d0b5baf, org.springframework.boot.test.mock.mockito.MockitoContextCustomizer@0, org.springframework.boot.test.web.client.TestRestTemplateContextCustomizer@5b58ed3c, org.springframework.boot.test.context.SpringBootTestArgs@1, org.springframework.boot.test.context.SpringBootTestWebEnvironment@48d61b48], resourceBasePath = 'src/main/webapp', contextLoader = 'org.springframework.boot.test.context.SpringBootContextLoader', parent = [null]], attributes = map['org.springframework.test.context.web.ServletTestExecutionListener.activateListener' -> false, 'org.springframework.test.context.event.ApplicationEventsTestExecutionListener.recordApplicationEvents' -> false]]
2022-12-04 20:22:08.268  INFO 6608 --- [    Test worker] o.s.t.c.transaction.TransactionContext   : Began transaction (1) for test context [DefaultTestContext@16594479 testClass = HashTagApiControllerTest, testInstance = com.azurealstn.alog.controller.api.hashtag.HashTagApiControllerTest@3b05fba2, testMethod = create_posts@HashTagApiControllerTest, testException = [null], mergedContextConfiguration = [WebMergedContextConfiguration@23a24fea testClass = HashTagApiControllerTest, locations = '{}', classes = '{class com.azurealstn.alog.AlogApplication}', contextInitializerClasses = '[]', activeProfiles = '{}', propertySourceLocations = '{}', propertySourceProperties = '{org.springframework.boot.test.context.SpringBootTestContextBootstrapper=true, server.port=0}', contextCustomizers = set[org.springframework.boot.test.autoconfigure.actuate.metrics.MetricsExportContextCustomizerFactory$DisableMetricExportContextCustomizer@59d2103b, org.springframework.boot.test.autoconfigure.properties.PropertyMappingContextCustomizer@0, org.springframework.boot.test.autoconfigure.web.servlet.WebDriverContextCustomizerFactory$Customizer@72a85671, org.springframework.boot.test.context.filter.ExcludeFilterContextCustomizer@4ae33a11, org.springframework.boot.test.json.DuplicateJsonObjectContextCustomizerFactory$DuplicateJsonObjectContextCustomizer@6d0b5baf, org.springframework.boot.test.mock.mockito.MockitoContextCustomizer@0, org.springframework.boot.test.web.client.TestRestTemplateContextCustomizer@5b58ed3c, org.springframework.boot.test.context.SpringBootTestArgs@1, org.springframework.boot.test.context.SpringBootTestWebEnvironment@48d61b48], resourceBasePath = 'src/main/webapp', contextLoader = 'org.springframework.boot.test.context.SpringBootContextLoader', parent = [null]], attributes = map['org.springframework.test.context.web.ServletTestExecutionListener.activateListener' -> false, 'org.springframework.test.context.event.ApplicationEventsTestExecutionListener.recordApplicationEvents' -> false]]; transaction manager [org.springframework.orm.jpa.JpaTransactionManager@37884b27]; rollback [true]
2022-12-04 20:22:08.268  INFO 6608 --- [    Test worker] o.a.c.c.C.[Tomcat].[localhost].[/]       : Initializing Spring TestDispatcherServlet ''
2022-12-04 20:22:08.268  INFO 6608 --- [    Test worker] o.s.t.web.servlet.TestDispatcherServlet  : Initializing Servlet ''
2022-12-04 20:22:08.268  INFO 6608 --- [    Test worker] o.s.t.web.servlet.TestDispatcherServlet  : Completed initialization in 0 ms
Hibernate: select postshasht0_.posts_hashtag_map_id as posts_ha1_6_, postshasht0_.created_date as created_2_6_, postshasht0_.modified_date as modified3_6_, postshasht0_.hashtag_id as hashtag_4_6_, postshasht0_.posts_id as posts_id5_6_ from posts_hashtag_map postshasht0_
Hibernate: select hashtag0_.hashtag_id as hashtag_1_2_, hashtag0_.created_date as created_2_2_, hashtag0_.modified_date as modified3_2_, hashtag0_.name as name4_2_ from hashtag hashtag0_
Hibernate: select posts0_.posts_id as posts_id1_5_, posts0_.created_date as created_2_5_, posts0_.modified_date as modified3_5_, posts0_.content as content4_5_, posts0_.description as descript5_5_, posts0_.likes as likes6_5_, posts0_.member_id as member_i9_5_, posts0_.secret as secret7_5_, posts0_.title as title8_5_ from posts posts0_
Hibernate: select member0_.member_id as member_i1_3_, member0_.created_date as created_2_3_, member0_.modified_date as modified3_3_, member0_.email as email4_3_, member0_.email_auth as email_au5_3_, member0_.name as name6_3_, member0_.picture as picture7_3_, member0_.role as role8_3_, member0_.short_bio as short_bi9_3_, member0_.username as usernam10_3_ from member member0_
Hibernate: insert into member (member_id, created_date, modified_date, email, email_auth, name, picture, role, short_bio, username) values (default, ?, ?, ?, ?, ?, ?, ?, ?, ?)
Hibernate: insert into hashtag (hashtag_id, created_date, modified_date, name) values (default, ?, ?, ?)

MockHttpServletRequest:
      HTTP Method = POST
      Request URI = /api/v1/hashtag
       Parameters = {}
          Headers = [Content-Type:"application/json;charset=UTF-8", Content-Length:"21"]
             Body = {"name":"AWS 공부"}
    Session Attrs = {member=SessionMemberDto(id=5, name=슬로우스타터, email=azurealstn@naver.com, picture=test.jpg, username=haha, shortBio=안녕하세요!)}

Handler:
             Type = com.azurealstn.alog.controller.api.hashtag.HashTagApiController
           Method = com.azurealstn.alog.controller.api.hashtag.HashTagApiController#create(HashTagCreateRequestDto)

Async:
    Async started = false
     Async result = null

Resolved Exception:
             Type = null

ModelAndView:
        View name = null
             View = null
            Model = null

FlashMap:
       Attributes = null

MockHttpServletResponse:
           Status = 200
    Error message = null
          Headers = [Content-Type:"application/json;charset=UTF-8"]
     Content type = application/json;charset=UTF-8
             Body = 3
    Forwarded URL = null
   Redirected URL = null
          Cookies = []
Hibernate: select postshasht0_.posts_hashtag_map_id as posts_ha1_6_, postshasht0_.created_date as created_2_6_, postshasht0_.modified_date as modified3_6_, postshasht0_.hashtag_id as hashtag_4_6_, postshasht0_.posts_id as posts_id5_6_ from posts_hashtag_map postshasht0_
Hibernate: select hashtag0_.hashtag_id as hashtag_1_2_, hashtag0_.created_date as created_2_2_, hashtag0_.modified_date as modified3_2_, hashtag0_.name as name4_2_ from hashtag hashtag0_
Hibernate: delete from hashtag where hashtag_id=?
Hibernate: select posts0_.posts_id as posts_id1_5_, posts0_.created_date as created_2_5_, posts0_.modified_date as modified3_5_, posts0_.content as content4_5_, posts0_.description as descript5_5_, posts0_.likes as likes6_5_, posts0_.member_id as member_i9_5_, posts0_.secret as secret7_5_, posts0_.title as title8_5_ from posts posts0_
Hibernate: select member0_.member_id as member_i1_3_, member0_.created_date as created_2_3_, member0_.modified_date as modified3_3_, member0_.email as email4_3_, member0_.email_auth as email_au5_3_, member0_.name as name6_3_, member0_.picture as picture7_3_, member0_.role as role8_3_, member0_.short_bio as short_bi9_3_, member0_.username as usernam10_3_ from member member0_
2022-12-04 20:22:08.283  INFO 6608 --- [    Test worker] o.s.t.c.transaction.TransactionContext   : Rolled back transaction for test: [DefaultTestContext@16594479 testClass = HashTagApiControllerTest, testInstance = com.azurealstn.alog.controller.api.hashtag.HashTagApiControllerTest@3b05fba2, testMethod = create_posts@HashTagApiControllerTest, testException = [null], mergedContextConfiguration = [WebMergedContextConfiguration@23a24fea testClass = HashTagApiControllerTest, locations = '{}', classes = '{class com.azurealstn.alog.AlogApplication}', contextInitializerClasses = '[]', activeProfiles = '{}', propertySourceLocations = '{}', propertySourceProperties = '{org.springframework.boot.test.context.SpringBootTestContextBootstrapper=true, server.port=0}', contextCustomizers = set[org.springframework.boot.test.autoconfigure.actuate.metrics.MetricsExportContextCustomizerFactory$DisableMetricExportContextCustomizer@59d2103b, org.springframework.boot.test.autoconfigure.properties.PropertyMappingContextCustomizer@0, org.springframework.boot.test.autoconfigure.web.servlet.WebDriverContextCustomizerFactory$Customizer@72a85671, org.springframework.boot.test.context.filter.ExcludeFilterContextCustomizer@4ae33a11, org.springframework.boot.test.json.DuplicateJsonObjectContextCustomizerFactory$DuplicateJsonObjectContextCustomizer@6d0b5baf, org.springframework.boot.test.mock.mockito.MockitoContextCustomizer@0, org.springframework.boot.test.web.client.TestRestTemplateContextCustomizer@5b58ed3c, org.springframework.boot.test.context.SpringBootTestArgs@1, org.springframework.boot.test.context.SpringBootTestWebEnvironment@48d61b48], resourceBasePath = 'src/main/webapp', contextLoader = 'org.springframework.boot.test.context.SpringBootContextLoader', parent = [null]], attributes = map['org.springframework.test.context.web.ServletTestExecutionListener.activateListener' -> false, 'org.springframework.test.context.event.ApplicationEventsTestExecutionListener.recordApplicationEvents' -> false]]
]]></system-out>
  <system-err><![CDATA[]]></system-err>
</testsuite>
