<?xml version="1.0" encoding="UTF-8"?>
<testsuite name="com.azurealstn.alog.controller.api.posts.PostsApiControllerTest" tests="16" skipped="0" failures="0" errors="0" timestamp="2022-12-04T11:22:11" hostname="DESKTOP-4HIAQNR" time="0.397">
  <properties/>
  <testcase name="/posts 게시글 등록시 데이터 검증 내용" classname="com.azurealstn.alog.controller.api.posts.PostsApiControllerTest" time="0.015"/>
  <testcase name="게시글 수정시 DB 수정 실패 데이터 검증 제목" classname="com.azurealstn.alog.controller.api.posts.PostsApiControllerTest" time="0.015"/>
  <testcase name="/api/v1/posts/{postsId} 요청시 글 단건 조회 성공" classname="com.azurealstn.alog.controller.api.posts.PostsApiControllerTest" time="0.015"/>
  <testcase name="/api/v1/posts/{postsId} 요청시 글 단건 조회 실패" classname="com.azurealstn.alog.controller.api.posts.PostsApiControllerTest" time="0.014"/>
  <testcase name="게시글 삭제시 DB 삭제 실패" classname="com.azurealstn.alog.controller.api.posts.PostsApiControllerTest" time="0.013"/>
  <testcase name="글 목록 첫번째 페이지 조회" classname="com.azurealstn.alog.controller.api.posts.PostsApiControllerTest" time="0.047"/>
  <testcase name="글 목록 두번째 페이지 조회" classname="com.azurealstn.alog.controller.api.posts.PostsApiControllerTest" time="0.051"/>
  <testcase name="게시글 수정시 DB 수정 실패 데이터 검증 내용" classname="com.azurealstn.alog.controller.api.posts.PostsApiControllerTest" time="0.012"/>
  <testcase name="회원별로 글 목록" classname="com.azurealstn.alog.controller.api.posts.PostsApiControllerTest" time="0.082"/>
  <testcase name="/posts 게시글 등록시 데이터 검증 제목" classname="com.azurealstn.alog.controller.api.posts.PostsApiControllerTest" time="0.011"/>
  <testcase name="/posts 게시글 등록시 데이터 검증 소개" classname="com.azurealstn.alog.controller.api.posts.PostsApiControllerTest" time="0.017"/>
  <testcase name="게시글 삭제시 DB 삭제" classname="com.azurealstn.alog.controller.api.posts.PostsApiControllerTest" time="0.01"/>
  <testcase name="게시글 수정시 DB 수정 성공" classname="com.azurealstn.alog.controller.api.posts.PostsApiControllerTest" time="0.013"/>
  <testcase name="게시글 수정시 DB 수정 실패" classname="com.azurealstn.alog.controller.api.posts.PostsApiControllerTest" time="0.012"/>
  <testcase name="/posts 게시글 등록시 DB 저장" classname="com.azurealstn.alog.controller.api.posts.PostsApiControllerTest" time="0.014"/>
  <testcase name="?page=1이 아닌 ?page=0으로 요청해도 첫 페이지를 가져온다." classname="com.azurealstn.alog.controller.api.posts.PostsApiControllerTest" time="0.044"/>
  <system-out><![CDATA[2022-12-04 20:22:11.396  INFO 6608 --- [    Test worker] .b.t.c.SpringBootTestContextBootstrapper : Neither @ContextConfiguration nor @ContextHierarchy found for test class [com.azurealstn.alog.controller.api.posts.PostsApiControllerTest], using SpringBootContextLoader
2022-12-04 20:22:11.396  INFO 6608 --- [    Test worker] o.s.t.c.support.AbstractContextLoader    : Could not detect default resource locations for test class [com.azurealstn.alog.controller.api.posts.PostsApiControllerTest]: no resource found for suffixes {-context.xml, Context.groovy}.
2022-12-04 20:22:11.396  INFO 6608 --- [    Test worker] t.c.s.AnnotationConfigContextLoaderUtils : Could not detect default configuration classes for test class [com.azurealstn.alog.controller.api.posts.PostsApiControllerTest]: PostsApiControllerTest does not declare any static, non-private, non-final, nested classes annotated with @Configuration.
2022-12-04 20:22:11.396  INFO 6608 --- [    Test worker] .b.t.c.SpringBootTestContextBootstrapper : Found @SpringBootConfiguration com.azurealstn.alog.AlogApplication for test class com.azurealstn.alog.controller.api.posts.PostsApiControllerTest
2022-12-04 20:22:11.396  INFO 6608 --- [    Test worker] .b.t.c.SpringBootTestContextBootstrapper : Loaded default TestExecutionListener class names from location [META-INF/spring.factories]: [org.springframework.security.test.context.support.WithSecurityContextTestExecutionListener, org.springframework.security.test.context.support.ReactorContextTestExecutionListener, org.springframework.boot.test.autoconfigure.restdocs.RestDocsTestExecutionListener, org.springframework.boot.test.autoconfigure.web.client.MockRestServiceServerResetTestExecutionListener, org.springframework.boot.test.autoconfigure.web.servlet.MockMvcPrintOnlyOnFailureTestExecutionListener, org.springframework.boot.test.autoconfigure.web.servlet.WebDriverTestExecutionListener, org.springframework.boot.test.autoconfigure.webservices.client.MockWebServiceServerTestExecutionListener, org.springframework.boot.test.mock.mockito.MockitoTestExecutionListener, org.springframework.boot.test.mock.mockito.ResetMocksTestExecutionListener, org.springframework.test.context.web.ServletTestExecutionListener, org.springframework.test.context.support.DirtiesContextBeforeModesTestExecutionListener, org.springframework.test.context.event.ApplicationEventsTestExecutionListener, org.springframework.test.context.support.DependencyInjectionTestExecutionListener, org.springframework.test.context.support.DirtiesContextTestExecutionListener, org.springframework.test.context.transaction.TransactionalTestExecutionListener, org.springframework.test.context.jdbc.SqlScriptsTestExecutionListener, org.springframework.test.context.event.EventPublishingTestExecutionListener]
2022-12-04 20:22:11.396  INFO 6608 --- [    Test worker] .b.t.c.SpringBootTestContextBootstrapper : Using TestExecutionListeners: [org.springframework.test.context.web.ServletTestExecutionListener@2d10b5b4, org.springframework.test.context.support.DirtiesContextBeforeModesTestExecutionListener@669a3dd8, org.springframework.test.context.event.ApplicationEventsTestExecutionListener@35374c23, org.springframework.boot.test.mock.mockito.MockitoTestExecutionListener@78c95c22, org.springframework.boot.test.autoconfigure.SpringBootDependencyInjectionTestExecutionListener@505ceb9a, org.springframework.test.context.support.DirtiesContextTestExecutionListener@671f78b4, org.springframework.test.context.transaction.TransactionalTestExecutionListener@68c66620, org.springframework.test.context.jdbc.SqlScriptsTestExecutionListener@5a5c0f56, org.springframework.security.test.context.support.WithSecurityContextTestExecutionListener@6d6b2fbc, org.springframework.test.context.event.EventPublishingTestExecutionListener@71ad307d, org.springframework.security.test.context.support.ReactorContextTestExecutionListener@2a01bf0e, org.springframework.boot.test.autoconfigure.restdocs.RestDocsTestExecutionListener@101d33a7, org.springframework.boot.test.autoconfigure.web.client.MockRestServiceServerResetTestExecutionListener@24bff8d7, org.springframework.boot.test.autoconfigure.web.servlet.MockMvcPrintOnlyOnFailureTestExecutionListener@3c090ae5, org.springframework.boot.test.autoconfigure.web.servlet.WebDriverTestExecutionListener@1b572ba5, org.springframework.boot.test.autoconfigure.webservices.client.MockWebServiceServerTestExecutionListener@62aea363, org.springframework.boot.test.mock.mockito.ResetMocksTestExecutionListener@390c96a1]
2022-12-04 20:22:11.412  INFO 6608 --- [    Test worker] o.s.t.c.transaction.TransactionContext   : Began transaction (1) for test context [DefaultTestContext@58c2a890 testClass = PostsApiControllerTest, testInstance = com.azurealstn.alog.controller.api.posts.PostsApiControllerTest@3bdb3f28, testMethod = posts_create_api_validate_content@PostsApiControllerTest, testException = [null], mergedContextConfiguration = [WebMergedContextConfiguration@1653ae9d testClass = PostsApiControllerTest, locations = '{}', classes = '{class com.azurealstn.alog.AlogApplication}', contextInitializerClasses = '[]', activeProfiles = '{}', propertySourceLocations = '{}', propertySourceProperties = '{org.springframework.boot.test.context.SpringBootTestContextBootstrapper=true, server.port=0}', contextCustomizers = set[org.springframework.boot.test.autoconfigure.actuate.metrics.MetricsExportContextCustomizerFactory$DisableMetricExportContextCustomizer@59d2103b, org.springframework.boot.test.autoconfigure.properties.PropertyMappingContextCustomizer@0, org.springframework.boot.test.autoconfigure.web.servlet.WebDriverContextCustomizerFactory$Customizer@72a85671, org.springframework.boot.test.context.filter.ExcludeFilterContextCustomizer@4ae33a11, org.springframework.boot.test.json.DuplicateJsonObjectContextCustomizerFactory$DuplicateJsonObjectContextCustomizer@6d0b5baf, org.springframework.boot.test.mock.mockito.MockitoContextCustomizer@0, org.springframework.boot.test.web.client.TestRestTemplateContextCustomizer@5b58ed3c, org.springframework.boot.test.context.SpringBootTestArgs@1, org.springframework.boot.test.context.SpringBootTestWebEnvironment@48d61b48], resourceBasePath = 'src/main/webapp', contextLoader = 'org.springframework.boot.test.context.SpringBootContextLoader', parent = [null]], attributes = map['org.springframework.test.context.web.ServletTestExecutionListener.activateListener' -> false, 'org.springframework.test.context.event.ApplicationEventsTestExecutionListener.recordApplicationEvents' -> false]]; transaction manager [org.springframework.orm.jpa.JpaTransactionManager@37884b27]; rollback [true]
2022-12-04 20:22:11.412  INFO 6608 --- [    Test worker] o.a.c.c.C.[Tomcat].[localhost].[/]       : Initializing Spring TestDispatcherServlet ''
2022-12-04 20:22:11.412  INFO 6608 --- [    Test worker] o.s.t.web.servlet.TestDispatcherServlet  : Initializing Servlet ''
2022-12-04 20:22:11.412  INFO 6608 --- [    Test worker] o.s.t.web.servlet.TestDispatcherServlet  : Completed initialization in 0 ms
Hibernate: select posts0_.posts_id as posts_id1_5_, posts0_.created_date as created_2_5_, posts0_.modified_date as modified3_5_, posts0_.content as content4_5_, posts0_.description as descript5_5_, posts0_.likes as likes6_5_, posts0_.member_id as member_i9_5_, posts0_.secret as secret7_5_, posts0_.title as title8_5_ from posts posts0_
Hibernate: select member0_.member_id as member_i1_3_, member0_.created_date as created_2_3_, member0_.modified_date as modified3_3_, member0_.email as email4_3_, member0_.email_auth as email_au5_3_, member0_.name as name6_3_, member0_.picture as picture7_3_, member0_.role as role8_3_, member0_.short_bio as short_bi9_3_, member0_.username as usernam10_3_ from member member0_
Hibernate: insert into member (member_id, created_date, modified_date, email, email_auth, name, picture, role, short_bio, username) values (default, ?, ?, ?, ?, ?, ?, ?, ?, ?)

MockHttpServletRequest:
      HTTP Method = POST
      Request URI = /api/v1/posts
       Parameters = {}
          Headers = [Content-Type:"application/json;charset=UTF-8", Content-Length:"373"]
             Body = {"title":"안녕하세요","content":"","member":{"createdDate":"2022-12-04T20:22:11.4123533","modifiedDate":"2022-12-04T20:22:11.4123533","id":17,"email":"azurealstn@naver.com","name":"슬로우스타터","picture":"test.jpg","role":"MEMBER","emailAuth":true,"username":"haha","shortBio":"안녕하세요!","roleKey":"ROLE_MEMBER"},"description":"소개글","secret":null}
    Session Attrs = {member=SessionMemberDto(id=17, name=슬로우스타터, email=azurealstn@naver.com, picture=test.jpg, username=haha, shortBio=안녕하세요!)}

Handler:
             Type = com.azurealstn.alog.controller.api.posts.PostsApiController
           Method = com.azurealstn.alog.controller.api.posts.PostsApiController#create(PostsCreateRequestDto)

Async:
    Async started = false
     Async result = null

Resolved Exception:
             Type = org.springframework.web.bind.MethodArgumentNotValidException

ModelAndView:
        View name = null
             View = null
            Model = null

FlashMap:
       Attributes = null

MockHttpServletResponse:
           Status = 400
    Error message = null
          Headers = [Content-Type:"application/json;charset=UTF-8"]
     Content type = application/json;charset=UTF-8
             Body = {"code":"400","message":"클라이언트의 잘못된 요청이 있습니다. (application/json)","validation":[{"fieldName":"content","errorMessage":"내용이 비어있습니다."}]}
    Forwarded URL = null
   Redirected URL = null
          Cookies = []
Hibernate: select posts0_.posts_id as posts_id1_5_, posts0_.created_date as created_2_5_, posts0_.modified_date as modified3_5_, posts0_.content as content4_5_, posts0_.description as descript5_5_, posts0_.likes as likes6_5_, posts0_.member_id as member_i9_5_, posts0_.secret as secret7_5_, posts0_.title as title8_5_ from posts posts0_
Hibernate: select member0_.member_id as member_i1_3_, member0_.created_date as created_2_3_, member0_.modified_date as modified3_3_, member0_.email as email4_3_, member0_.email_auth as email_au5_3_, member0_.name as name6_3_, member0_.picture as picture7_3_, member0_.role as role8_3_, member0_.short_bio as short_bi9_3_, member0_.username as usernam10_3_ from member member0_
2022-12-04 20:22:11.427  INFO 6608 --- [    Test worker] o.s.t.c.transaction.TransactionContext   : Rolled back transaction for test: [DefaultTestContext@58c2a890 testClass = PostsApiControllerTest, testInstance = com.azurealstn.alog.controller.api.posts.PostsApiControllerTest@3bdb3f28, testMethod = posts_create_api_validate_content@PostsApiControllerTest, testException = [null], mergedContextConfiguration = [WebMergedContextConfiguration@1653ae9d testClass = PostsApiControllerTest, locations = '{}', classes = '{class com.azurealstn.alog.AlogApplication}', contextInitializerClasses = '[]', activeProfiles = '{}', propertySourceLocations = '{}', propertySourceProperties = '{org.springframework.boot.test.context.SpringBootTestContextBootstrapper=true, server.port=0}', contextCustomizers = set[org.springframework.boot.test.autoconfigure.actuate.metrics.MetricsExportContextCustomizerFactory$DisableMetricExportContextCustomizer@59d2103b, org.springframework.boot.test.autoconfigure.properties.PropertyMappingContextCustomizer@0, org.springframework.boot.test.autoconfigure.web.servlet.WebDriverContextCustomizerFactory$Customizer@72a85671, org.springframework.boot.test.context.filter.ExcludeFilterContextCustomizer@4ae33a11, org.springframework.boot.test.json.DuplicateJsonObjectContextCustomizerFactory$DuplicateJsonObjectContextCustomizer@6d0b5baf, org.springframework.boot.test.mock.mockito.MockitoContextCustomizer@0, org.springframework.boot.test.web.client.TestRestTemplateContextCustomizer@5b58ed3c, org.springframework.boot.test.context.SpringBootTestArgs@1, org.springframework.boot.test.context.SpringBootTestWebEnvironment@48d61b48], resourceBasePath = 'src/main/webapp', contextLoader = 'org.springframework.boot.test.context.SpringBootContextLoader', parent = [null]], attributes = map['org.springframework.test.context.web.ServletTestExecutionListener.activateListener' -> false, 'org.springframework.test.context.event.ApplicationEventsTestExecutionListener.recordApplicationEvents' -> false]]
2022-12-04 20:22:11.427  INFO 6608 --- [    Test worker] o.s.t.c.transaction.TransactionContext   : Began transaction (1) for test context [DefaultTestContext@58c2a890 testClass = PostsApiControllerTest, testInstance = com.azurealstn.alog.controller.api.posts.PostsApiControllerTest@1a2b83b1, testMethod = modify_posts_api_x_title@PostsApiControllerTest, testException = [null], mergedContextConfiguration = [WebMergedContextConfiguration@1653ae9d testClass = PostsApiControllerTest, locations = '{}', classes = '{class com.azurealstn.alog.AlogApplication}', contextInitializerClasses = '[]', activeProfiles = '{}', propertySourceLocations = '{}', propertySourceProperties = '{org.springframework.boot.test.context.SpringBootTestContextBootstrapper=true, server.port=0}', contextCustomizers = set[org.springframework.boot.test.autoconfigure.actuate.metrics.MetricsExportContextCustomizerFactory$DisableMetricExportContextCustomizer@59d2103b, org.springframework.boot.test.autoconfigure.properties.PropertyMappingContextCustomizer@0, org.springframework.boot.test.autoconfigure.web.servlet.WebDriverContextCustomizerFactory$Customizer@72a85671, org.springframework.boot.test.context.filter.ExcludeFilterContextCustomizer@4ae33a11, org.springframework.boot.test.json.DuplicateJsonObjectContextCustomizerFactory$DuplicateJsonObjectContextCustomizer@6d0b5baf, org.springframework.boot.test.mock.mockito.MockitoContextCustomizer@0, org.springframework.boot.test.web.client.TestRestTemplateContextCustomizer@5b58ed3c, org.springframework.boot.test.context.SpringBootTestArgs@1, org.springframework.boot.test.context.SpringBootTestWebEnvironment@48d61b48], resourceBasePath = 'src/main/webapp', contextLoader = 'org.springframework.boot.test.context.SpringBootContextLoader', parent = [null]], attributes = map['org.springframework.test.context.web.ServletTestExecutionListener.activateListener' -> false, 'org.springframework.test.context.event.ApplicationEventsTestExecutionListener.recordApplicationEvents' -> false]]; transaction manager [org.springframework.orm.jpa.JpaTransactionManager@37884b27]; rollback [true]
2022-12-04 20:22:11.427  INFO 6608 --- [    Test worker] o.a.c.c.C.[Tomcat].[localhost].[/]       : Initializing Spring TestDispatcherServlet ''
2022-12-04 20:22:11.427  INFO 6608 --- [    Test worker] o.s.t.web.servlet.TestDispatcherServlet  : Initializing Servlet ''
2022-12-04 20:22:11.427  INFO 6608 --- [    Test worker] o.s.t.web.servlet.TestDispatcherServlet  : Completed initialization in 0 ms
Hibernate: select posts0_.posts_id as posts_id1_5_, posts0_.created_date as created_2_5_, posts0_.modified_date as modified3_5_, posts0_.content as content4_5_, posts0_.description as descript5_5_, posts0_.likes as likes6_5_, posts0_.member_id as member_i9_5_, posts0_.secret as secret7_5_, posts0_.title as title8_5_ from posts posts0_
Hibernate: select member0_.member_id as member_i1_3_, member0_.created_date as created_2_3_, member0_.modified_date as modified3_3_, member0_.email as email4_3_, member0_.email_auth as email_au5_3_, member0_.name as name6_3_, member0_.picture as picture7_3_, member0_.role as role8_3_, member0_.short_bio as short_bi9_3_, member0_.username as usernam10_3_ from member member0_
Hibernate: insert into member (member_id, created_date, modified_date, email, email_auth, name, picture, role, short_bio, username) values (default, ?, ?, ?, ?, ?, ?, ?, ?, ?)
Hibernate: insert into posts (posts_id, created_date, modified_date, content, description, likes, member_id, secret, title) values (default, ?, ?, ?, ?, ?, ?, ?, ?)

MockHttpServletRequest:
      HTTP Method = PUT
      Request URI = /api/v1/posts/5
       Parameters = {}
          Headers = [Content-Type:"application/json;charset=UTF-8", Content-Length:"95"]
             Body = {"title":"    ","content":"내용입니다.","description":"소개글입니다.","secret":null}
    Session Attrs = {member=SessionMemberDto(id=18, name=슬로우스타터, email=azurealstn@naver.com, picture=test.jpg, username=haha, shortBio=안녕하세요!)}

Handler:
             Type = com.azurealstn.alog.controller.api.posts.PostsApiController
           Method = com.azurealstn.alog.controller.api.posts.PostsApiController#modify(Long, PostsModifyRequestDto)

Async:
    Async started = false
     Async result = null

Resolved Exception:
             Type = org.springframework.web.bind.MethodArgumentNotValidException

ModelAndView:
        View name = null
             View = null
            Model = null

FlashMap:
       Attributes = null

MockHttpServletResponse:
           Status = 400
    Error message = null
          Headers = [Content-Type:"application/json;charset=UTF-8"]
     Content type = application/json;charset=UTF-8
             Body = {"code":"400","message":"클라이언트의 잘못된 요청이 있습니다. (application/json)","validation":[{"fieldName":"title","errorMessage":"제목이 비어있습니다."}]}
    Forwarded URL = null
   Redirected URL = null
          Cookies = []
Hibernate: select posts0_.posts_id as posts_id1_5_, posts0_.created_date as created_2_5_, posts0_.modified_date as modified3_5_, posts0_.content as content4_5_, posts0_.description as descript5_5_, posts0_.likes as likes6_5_, posts0_.member_id as member_i9_5_, posts0_.secret as secret7_5_, posts0_.title as title8_5_ from posts posts0_
Hibernate: select member0_.member_id as member_i1_3_, member0_.created_date as created_2_3_, member0_.modified_date as modified3_3_, member0_.email as email4_3_, member0_.email_auth as email_au5_3_, member0_.name as name6_3_, member0_.picture as picture7_3_, member0_.role as role8_3_, member0_.short_bio as short_bi9_3_, member0_.username as usernam10_3_ from member member0_
2022-12-04 20:22:11.427  INFO 6608 --- [    Test worker] o.s.t.c.transaction.TransactionContext   : Rolled back transaction for test: [DefaultTestContext@58c2a890 testClass = PostsApiControllerTest, testInstance = com.azurealstn.alog.controller.api.posts.PostsApiControllerTest@1a2b83b1, testMethod = modify_posts_api_x_title@PostsApiControllerTest, testException = [null], mergedContextConfiguration = [WebMergedContextConfiguration@1653ae9d testClass = PostsApiControllerTest, locations = '{}', classes = '{class com.azurealstn.alog.AlogApplication}', contextInitializerClasses = '[]', activeProfiles = '{}', propertySourceLocations = '{}', propertySourceProperties = '{org.springframework.boot.test.context.SpringBootTestContextBootstrapper=true, server.port=0}', contextCustomizers = set[org.springframework.boot.test.autoconfigure.actuate.metrics.MetricsExportContextCustomizerFactory$DisableMetricExportContextCustomizer@59d2103b, org.springframework.boot.test.autoconfigure.properties.PropertyMappingContextCustomizer@0, org.springframework.boot.test.autoconfigure.web.servlet.WebDriverContextCustomizerFactory$Customizer@72a85671, org.springframework.boot.test.context.filter.ExcludeFilterContextCustomizer@4ae33a11, org.springframework.boot.test.json.DuplicateJsonObjectContextCustomizerFactory$DuplicateJsonObjectContextCustomizer@6d0b5baf, org.springframework.boot.test.mock.mockito.MockitoContextCustomizer@0, org.springframework.boot.test.web.client.TestRestTemplateContextCustomizer@5b58ed3c, org.springframework.boot.test.context.SpringBootTestArgs@1, org.springframework.boot.test.context.SpringBootTestWebEnvironment@48d61b48], resourceBasePath = 'src/main/webapp', contextLoader = 'org.springframework.boot.test.context.SpringBootContextLoader', parent = [null]], attributes = map['org.springframework.test.context.web.ServletTestExecutionListener.activateListener' -> false, 'org.springframework.test.context.event.ApplicationEventsTestExecutionListener.recordApplicationEvents' -> false]]
2022-12-04 20:22:11.443  INFO 6608 --- [    Test worker] o.s.t.c.transaction.TransactionContext   : Began transaction (1) for test context [DefaultTestContext@58c2a890 testClass = PostsApiControllerTest, testInstance = com.azurealstn.alog.controller.api.posts.PostsApiControllerTest@71a25687, testMethod = select_posts_o@PostsApiControllerTest, testException = [null], mergedContextConfiguration = [WebMergedContextConfiguration@1653ae9d testClass = PostsApiControllerTest, locations = '{}', classes = '{class com.azurealstn.alog.AlogApplication}', contextInitializerClasses = '[]', activeProfiles = '{}', propertySourceLocations = '{}', propertySourceProperties = '{org.springframework.boot.test.context.SpringBootTestContextBootstrapper=true, server.port=0}', contextCustomizers = set[org.springframework.boot.test.autoconfigure.actuate.metrics.MetricsExportContextCustomizerFactory$DisableMetricExportContextCustomizer@59d2103b, org.springframework.boot.test.autoconfigure.properties.PropertyMappingContextCustomizer@0, org.springframework.boot.test.autoconfigure.web.servlet.WebDriverContextCustomizerFactory$Customizer@72a85671, org.springframework.boot.test.context.filter.ExcludeFilterContextCustomizer@4ae33a11, org.springframework.boot.test.json.DuplicateJsonObjectContextCustomizerFactory$DuplicateJsonObjectContextCustomizer@6d0b5baf, org.springframework.boot.test.mock.mockito.MockitoContextCustomizer@0, org.springframework.boot.test.web.client.TestRestTemplateContextCustomizer@5b58ed3c, org.springframework.boot.test.context.SpringBootTestArgs@1, org.springframework.boot.test.context.SpringBootTestWebEnvironment@48d61b48], resourceBasePath = 'src/main/webapp', contextLoader = 'org.springframework.boot.test.context.SpringBootContextLoader', parent = [null]], attributes = map['org.springframework.test.context.web.ServletTestExecutionListener.activateListener' -> false, 'org.springframework.test.context.event.ApplicationEventsTestExecutionListener.recordApplicationEvents' -> false]]; transaction manager [org.springframework.orm.jpa.JpaTransactionManager@37884b27]; rollback [true]
2022-12-04 20:22:11.443  INFO 6608 --- [    Test worker] o.a.c.c.C.[Tomcat].[localhost].[/]       : Initializing Spring TestDispatcherServlet ''
2022-12-04 20:22:11.443  INFO 6608 --- [    Test worker] o.s.t.web.servlet.TestDispatcherServlet  : Initializing Servlet ''
2022-12-04 20:22:11.443  INFO 6608 --- [    Test worker] o.s.t.web.servlet.TestDispatcherServlet  : Completed initialization in 0 ms
Hibernate: select posts0_.posts_id as posts_id1_5_, posts0_.created_date as created_2_5_, posts0_.modified_date as modified3_5_, posts0_.content as content4_5_, posts0_.description as descript5_5_, posts0_.likes as likes6_5_, posts0_.member_id as member_i9_5_, posts0_.secret as secret7_5_, posts0_.title as title8_5_ from posts posts0_
Hibernate: select member0_.member_id as member_i1_3_, member0_.created_date as created_2_3_, member0_.modified_date as modified3_3_, member0_.email as email4_3_, member0_.email_auth as email_au5_3_, member0_.name as name6_3_, member0_.picture as picture7_3_, member0_.role as role8_3_, member0_.short_bio as short_bi9_3_, member0_.username as usernam10_3_ from member member0_
Hibernate: insert into member (member_id, created_date, modified_date, email, email_auth, name, picture, role, short_bio, username) values (default, ?, ?, ?, ?, ?, ?, ?, ?, ?)
Hibernate: insert into posts (posts_id, created_date, modified_date, content, description, likes, member_id, secret, title) values (default, ?, ?, ?, ?, ?, ?, ?, ?)

MockHttpServletRequest:
      HTTP Method = GET
      Request URI = /api/v1/auth/posts-data/6
       Parameters = {}
          Headers = [Content-Type:"application/json;charset=UTF-8"]
             Body = null
    Session Attrs = {member=SessionMemberDto(id=19, name=슬로우스타터, email=azurealstn@naver.com, picture=test.jpg, username=haha, shortBio=안녕하세요!)}

Handler:
             Type = com.azurealstn.alog.controller.api.posts.PostsApiController
           Method = com.azurealstn.alog.controller.api.posts.PostsApiController#findById(Long)

Async:
    Async started = false
     Async result = null

Resolved Exception:
             Type = null

ModelAndView:
        View name = null
             View = null
            Model = null

FlashMap:
       Attributes = null

MockHttpServletResponse:
           Status = 200
    Error message = null
          Headers = [Content-Type:"application/json;charset=UTF-8"]
     Content type = application/json;charset=UTF-8
             Body = {"id":6,"title":"foo","content":"bar","member":{"createdDate":"2022-12-04T20:22:11.4436064","modifiedDate":"2022-12-04T20:22:11.4436064","id":19,"email":"azurealstn@naver.com","name":"슬로우스타터","picture":"test.jpg","role":"MEMBER","emailAuth":true,"username":"haha","shortBio":"안녕하세요!","roleKey":"ROLE_MEMBER"},"description":"소개글","secret":null,"previousTime":"2022년 12월 4일","hashTagNames":[],"likeCount":0,"commentCount":0,"storeFilename":null,"totalRowCount":0,"imageUrl":null}
    Forwarded URL = null
   Redirected URL = null
          Cookies = []
Hibernate: select posts0_.posts_id as posts_id1_5_, posts0_.created_date as created_2_5_, posts0_.modified_date as modified3_5_, posts0_.content as content4_5_, posts0_.description as descript5_5_, posts0_.likes as likes6_5_, posts0_.member_id as member_i9_5_, posts0_.secret as secret7_5_, posts0_.title as title8_5_ from posts posts0_
Hibernate: select member0_.member_id as member_i1_3_, member0_.created_date as created_2_3_, member0_.modified_date as modified3_3_, member0_.email as email4_3_, member0_.email_auth as email_au5_3_, member0_.name as name6_3_, member0_.picture as picture7_3_, member0_.role as role8_3_, member0_.short_bio as short_bi9_3_, member0_.username as usernam10_3_ from member member0_
2022-12-04 20:22:11.459  INFO 6608 --- [    Test worker] o.s.t.c.transaction.TransactionContext   : Rolled back transaction for test: [DefaultTestContext@58c2a890 testClass = PostsApiControllerTest, testInstance = com.azurealstn.alog.controller.api.posts.PostsApiControllerTest@71a25687, testMethod = select_posts_o@PostsApiControllerTest, testException = [null], mergedContextConfiguration = [WebMergedContextConfiguration@1653ae9d testClass = PostsApiControllerTest, locations = '{}', classes = '{class com.azurealstn.alog.AlogApplication}', contextInitializerClasses = '[]', activeProfiles = '{}', propertySourceLocations = '{}', propertySourceProperties = '{org.springframework.boot.test.context.SpringBootTestContextBootstrapper=true, server.port=0}', contextCustomizers = set[org.springframework.boot.test.autoconfigure.actuate.metrics.MetricsExportContextCustomizerFactory$DisableMetricExportContextCustomizer@59d2103b, org.springframework.boot.test.autoconfigure.properties.PropertyMappingContextCustomizer@0, org.springframework.boot.test.autoconfigure.web.servlet.WebDriverContextCustomizerFactory$Customizer@72a85671, org.springframework.boot.test.context.filter.ExcludeFilterContextCustomizer@4ae33a11, org.springframework.boot.test.json.DuplicateJsonObjectContextCustomizerFactory$DuplicateJsonObjectContextCustomizer@6d0b5baf, org.springframework.boot.test.mock.mockito.MockitoContextCustomizer@0, org.springframework.boot.test.web.client.TestRestTemplateContextCustomizer@5b58ed3c, org.springframework.boot.test.context.SpringBootTestArgs@1, org.springframework.boot.test.context.SpringBootTestWebEnvironment@48d61b48], resourceBasePath = 'src/main/webapp', contextLoader = 'org.springframework.boot.test.context.SpringBootContextLoader', parent = [null]], attributes = map['org.springframework.test.context.web.ServletTestExecutionListener.activateListener' -> false, 'org.springframework.test.context.event.ApplicationEventsTestExecutionListener.recordApplicationEvents' -> false]]
2022-12-04 20:22:11.461  INFO 6608 --- [    Test worker] o.s.t.c.transaction.TransactionContext   : Began transaction (1) for test context [DefaultTestContext@58c2a890 testClass = PostsApiControllerTest, testInstance = com.azurealstn.alog.controller.api.posts.PostsApiControllerTest@475f30ee, testMethod = select_posts_x@PostsApiControllerTest, testException = [null], mergedContextConfiguration = [WebMergedContextConfiguration@1653ae9d testClass = PostsApiControllerTest, locations = '{}', classes = '{class com.azurealstn.alog.AlogApplication}', contextInitializerClasses = '[]', activeProfiles = '{}', propertySourceLocations = '{}', propertySourceProperties = '{org.springframework.boot.test.context.SpringBootTestContextBootstrapper=true, server.port=0}', contextCustomizers = set[org.springframework.boot.test.autoconfigure.actuate.metrics.MetricsExportContextCustomizerFactory$DisableMetricExportContextCustomizer@59d2103b, org.springframework.boot.test.autoconfigure.properties.PropertyMappingContextCustomizer@0, org.springframework.boot.test.autoconfigure.web.servlet.WebDriverContextCustomizerFactory$Customizer@72a85671, org.springframework.boot.test.context.filter.ExcludeFilterContextCustomizer@4ae33a11, org.springframework.boot.test.json.DuplicateJsonObjectContextCustomizerFactory$DuplicateJsonObjectContextCustomizer@6d0b5baf, org.springframework.boot.test.mock.mockito.MockitoContextCustomizer@0, org.springframework.boot.test.web.client.TestRestTemplateContextCustomizer@5b58ed3c, org.springframework.boot.test.context.SpringBootTestArgs@1, org.springframework.boot.test.context.SpringBootTestWebEnvironment@48d61b48], resourceBasePath = 'src/main/webapp', contextLoader = 'org.springframework.boot.test.context.SpringBootContextLoader', parent = [null]], attributes = map['org.springframework.test.context.web.ServletTestExecutionListener.activateListener' -> false, 'org.springframework.test.context.event.ApplicationEventsTestExecutionListener.recordApplicationEvents' -> false]]; transaction manager [org.springframework.orm.jpa.JpaTransactionManager@37884b27]; rollback [true]
2022-12-04 20:22:11.462  INFO 6608 --- [    Test worker] o.a.c.c.C.[Tomcat].[localhost].[/]       : Initializing Spring TestDispatcherServlet ''
2022-12-04 20:22:11.462  INFO 6608 --- [    Test worker] o.s.t.web.servlet.TestDispatcherServlet  : Initializing Servlet ''
2022-12-04 20:22:11.462  INFO 6608 --- [    Test worker] o.s.t.web.servlet.TestDispatcherServlet  : Completed initialization in 0 ms
Hibernate: select posts0_.posts_id as posts_id1_5_, posts0_.created_date as created_2_5_, posts0_.modified_date as modified3_5_, posts0_.content as content4_5_, posts0_.description as descript5_5_, posts0_.likes as likes6_5_, posts0_.member_id as member_i9_5_, posts0_.secret as secret7_5_, posts0_.title as title8_5_ from posts posts0_
Hibernate: select member0_.member_id as member_i1_3_, member0_.created_date as created_2_3_, member0_.modified_date as modified3_3_, member0_.email as email4_3_, member0_.email_auth as email_au5_3_, member0_.name as name6_3_, member0_.picture as picture7_3_, member0_.role as role8_3_, member0_.short_bio as short_bi9_3_, member0_.username as usernam10_3_ from member member0_
Hibernate: insert into member (member_id, created_date, modified_date, email, email_auth, name, picture, role, short_bio, username) values (default, ?, ?, ?, ?, ?, ?, ?, ?, ?)
Hibernate: insert into posts (posts_id, created_date, modified_date, content, description, likes, member_id, secret, title) values (default, ?, ?, ?, ?, ?, ?, ?, ?)
Hibernate: select posts0_.posts_id as posts_id1_5_0_, posts0_.created_date as created_2_5_0_, posts0_.modified_date as modified3_5_0_, posts0_.content as content4_5_0_, posts0_.description as descript5_5_0_, posts0_.likes as likes6_5_0_, posts0_.member_id as member_i9_5_0_, posts0_.secret as secret7_5_0_, posts0_.title as title8_5_0_, member1_.member_id as member_i1_3_1_, member1_.created_date as created_2_3_1_, member1_.modified_date as modified3_3_1_, member1_.email as email4_3_1_, member1_.email_auth as email_au5_3_1_, member1_.name as name6_3_1_, member1_.picture as picture7_3_1_, member1_.role as role8_3_1_, member1_.short_bio as short_bi9_3_1_, member1_.username as usernam10_3_1_ from posts posts0_ left outer join member member1_ on posts0_.member_id=member1_.member_id where posts0_.posts_id=?

MockHttpServletRequest:
      HTTP Method = GET
      Request URI = /api/v1/auth/posts-data/8
       Parameters = {}
          Headers = [Content-Type:"application/json;charset=UTF-8"]
             Body = null
    Session Attrs = {member=SessionMemberDto(id=20, name=슬로우스타터, email=azurealstn@naver.com, picture=test.jpg, username=haha, shortBio=안녕하세요!)}

Handler:
             Type = com.azurealstn.alog.controller.api.posts.PostsApiController
           Method = com.azurealstn.alog.controller.api.posts.PostsApiController#findById(Long)

Async:
    Async started = false
     Async result = null

Resolved Exception:
             Type = com.azurealstn.alog.Infra.exception.posts.PostsNotFound

ModelAndView:
        View name = null
             View = null
            Model = null

FlashMap:
       Attributes = null

MockHttpServletResponse:
           Status = 404
    Error message = null
          Headers = [Content-Type:"application/json;charset=UTF-8"]
     Content type = application/json;charset=UTF-8
             Body = {"code":"404","message":"해당 글이 없습니다.","validation":[]}
    Forwarded URL = null
   Redirected URL = null
          Cookies = []
Hibernate: select posts0_.posts_id as posts_id1_5_, posts0_.created_date as created_2_5_, posts0_.modified_date as modified3_5_, posts0_.content as content4_5_, posts0_.description as descript5_5_, posts0_.likes as likes6_5_, posts0_.member_id as member_i9_5_, posts0_.secret as secret7_5_, posts0_.title as title8_5_ from posts posts0_
Hibernate: select member0_.member_id as member_i1_3_, member0_.created_date as created_2_3_, member0_.modified_date as modified3_3_, member0_.email as email4_3_, member0_.email_auth as email_au5_3_, member0_.name as name6_3_, member0_.picture as picture7_3_, member0_.role as role8_3_, member0_.short_bio as short_bi9_3_, member0_.username as usernam10_3_ from member member0_
2022-12-04 20:22:11.464  INFO 6608 --- [    Test worker] o.s.t.c.transaction.TransactionContext   : Rolled back transaction for test: [DefaultTestContext@58c2a890 testClass = PostsApiControllerTest, testInstance = com.azurealstn.alog.controller.api.posts.PostsApiControllerTest@475f30ee, testMethod = select_posts_x@PostsApiControllerTest, testException = [null], mergedContextConfiguration = [WebMergedContextConfiguration@1653ae9d testClass = PostsApiControllerTest, locations = '{}', classes = '{class com.azurealstn.alog.AlogApplication}', contextInitializerClasses = '[]', activeProfiles = '{}', propertySourceLocations = '{}', propertySourceProperties = '{org.springframework.boot.test.context.SpringBootTestContextBootstrapper=true, server.port=0}', contextCustomizers = set[org.springframework.boot.test.autoconfigure.actuate.metrics.MetricsExportContextCustomizerFactory$DisableMetricExportContextCustomizer@59d2103b, org.springframework.boot.test.autoconfigure.properties.PropertyMappingContextCustomizer@0, org.springframework.boot.test.autoconfigure.web.servlet.WebDriverContextCustomizerFactory$Customizer@72a85671, org.springframework.boot.test.context.filter.ExcludeFilterContextCustomizer@4ae33a11, org.springframework.boot.test.json.DuplicateJsonObjectContextCustomizerFactory$DuplicateJsonObjectContextCustomizer@6d0b5baf, org.springframework.boot.test.mock.mockito.MockitoContextCustomizer@0, org.springframework.boot.test.web.client.TestRestTemplateContextCustomizer@5b58ed3c, org.springframework.boot.test.context.SpringBootTestArgs@1, org.springframework.boot.test.context.SpringBootTestWebEnvironment@48d61b48], resourceBasePath = 'src/main/webapp', contextLoader = 'org.springframework.boot.test.context.SpringBootContextLoader', parent = [null]], attributes = map['org.springframework.test.context.web.ServletTestExecutionListener.activateListener' -> false, 'org.springframework.test.context.event.ApplicationEventsTestExecutionListener.recordApplicationEvents' -> false]]
2022-12-04 20:22:11.464  INFO 6608 --- [    Test worker] o.s.t.c.transaction.TransactionContext   : Began transaction (1) for test context [DefaultTestContext@58c2a890 testClass = PostsApiControllerTest, testInstance = com.azurealstn.alog.controller.api.posts.PostsApiControllerTest@6bf1bfec, testMethod = delete_posts_api_x@PostsApiControllerTest, testException = [null], mergedContextConfiguration = [WebMergedContextConfiguration@1653ae9d testClass = PostsApiControllerTest, locations = '{}', classes = '{class com.azurealstn.alog.AlogApplication}', contextInitializerClasses = '[]', activeProfiles = '{}', propertySourceLocations = '{}', propertySourceProperties = '{org.springframework.boot.test.context.SpringBootTestContextBootstrapper=true, server.port=0}', contextCustomizers = set[org.springframework.boot.test.autoconfigure.actuate.metrics.MetricsExportContextCustomizerFactory$DisableMetricExportContextCustomizer@59d2103b, org.springframework.boot.test.autoconfigure.properties.PropertyMappingContextCustomizer@0, org.springframework.boot.test.autoconfigure.web.servlet.WebDriverContextCustomizerFactory$Customizer@72a85671, org.springframework.boot.test.context.filter.ExcludeFilterContextCustomizer@4ae33a11, org.springframework.boot.test.json.DuplicateJsonObjectContextCustomizerFactory$DuplicateJsonObjectContextCustomizer@6d0b5baf, org.springframework.boot.test.mock.mockito.MockitoContextCustomizer@0, org.springframework.boot.test.web.client.TestRestTemplateContextCustomizer@5b58ed3c, org.springframework.boot.test.context.SpringBootTestArgs@1, org.springframework.boot.test.context.SpringBootTestWebEnvironment@48d61b48], resourceBasePath = 'src/main/webapp', contextLoader = 'org.springframework.boot.test.context.SpringBootContextLoader', parent = [null]], attributes = map['org.springframework.test.context.web.ServletTestExecutionListener.activateListener' -> false, 'org.springframework.test.context.event.ApplicationEventsTestExecutionListener.recordApplicationEvents' -> false]]; transaction manager [org.springframework.orm.jpa.JpaTransactionManager@37884b27]; rollback [true]
2022-12-04 20:22:11.464  INFO 6608 --- [    Test worker] o.a.c.c.C.[Tomcat].[localhost].[/]       : Initializing Spring TestDispatcherServlet ''
2022-12-04 20:22:11.464  INFO 6608 --- [    Test worker] o.s.t.web.servlet.TestDispatcherServlet  : Initializing Servlet ''
2022-12-04 20:22:11.464  INFO 6608 --- [    Test worker] o.s.t.web.servlet.TestDispatcherServlet  : Completed initialization in 0 ms
Hibernate: select posts0_.posts_id as posts_id1_5_, posts0_.created_date as created_2_5_, posts0_.modified_date as modified3_5_, posts0_.content as content4_5_, posts0_.description as descript5_5_, posts0_.likes as likes6_5_, posts0_.member_id as member_i9_5_, posts0_.secret as secret7_5_, posts0_.title as title8_5_ from posts posts0_
Hibernate: select member0_.member_id as member_i1_3_, member0_.created_date as created_2_3_, member0_.modified_date as modified3_3_, member0_.email as email4_3_, member0_.email_auth as email_au5_3_, member0_.name as name6_3_, member0_.picture as picture7_3_, member0_.role as role8_3_, member0_.short_bio as short_bi9_3_, member0_.username as usernam10_3_ from member member0_
Hibernate: insert into member (member_id, created_date, modified_date, email, email_auth, name, picture, role, short_bio, username) values (default, ?, ?, ?, ?, ?, ?, ?, ?, ?)
Hibernate: insert into posts (posts_id, created_date, modified_date, content, description, likes, member_id, secret, title) values (default, ?, ?, ?, ?, ?, ?, ?, ?)
Hibernate: select posts0_.posts_id as posts_id1_5_0_, posts0_.created_date as created_2_5_0_, posts0_.modified_date as modified3_5_0_, posts0_.content as content4_5_0_, posts0_.description as descript5_5_0_, posts0_.likes as likes6_5_0_, posts0_.member_id as member_i9_5_0_, posts0_.secret as secret7_5_0_, posts0_.title as title8_5_0_, member1_.member_id as member_i1_3_1_, member1_.created_date as created_2_3_1_, member1_.modified_date as modified3_3_1_, member1_.email as email4_3_1_, member1_.email_auth as email_au5_3_1_, member1_.name as name6_3_1_, member1_.picture as picture7_3_1_, member1_.role as role8_3_1_, member1_.short_bio as short_bi9_3_1_, member1_.username as usernam10_3_1_ from posts posts0_ left outer join member member1_ on posts0_.member_id=member1_.member_id where posts0_.posts_id=?

MockHttpServletRequest:
      HTTP Method = DELETE
      Request URI = /api/v1/posts/9
       Parameters = {}
          Headers = [Content-Type:"application/json;charset=UTF-8"]
             Body = null
    Session Attrs = {member=SessionMemberDto(id=21, name=슬로우스타터, email=azurealstn@naver.com, picture=test.jpg, username=haha, shortBio=안녕하세요!)}

Handler:
             Type = com.azurealstn.alog.controller.api.posts.PostsApiController
           Method = com.azurealstn.alog.controller.api.posts.PostsApiController#posts(Long)

Async:
    Async started = false
     Async result = null

Resolved Exception:
             Type = com.azurealstn.alog.Infra.exception.posts.PostsNotFound

ModelAndView:
        View name = null
             View = null
            Model = null

FlashMap:
       Attributes = null

MockHttpServletResponse:
           Status = 404
    Error message = null
          Headers = [Content-Type:"application/json;charset=UTF-8"]
     Content type = application/json;charset=UTF-8
             Body = {"code":"404","message":"해당 글이 없습니다.","validation":[]}
    Forwarded URL = null
   Redirected URL = null
          Cookies = []
Hibernate: select posts0_.posts_id as posts_id1_5_, posts0_.created_date as created_2_5_, posts0_.modified_date as modified3_5_, posts0_.content as content4_5_, posts0_.description as descript5_5_, posts0_.likes as likes6_5_, posts0_.member_id as member_i9_5_, posts0_.secret as secret7_5_, posts0_.title as title8_5_ from posts posts0_
Hibernate: select member0_.member_id as member_i1_3_, member0_.created_date as created_2_3_, member0_.modified_date as modified3_3_, member0_.email as email4_3_, member0_.email_auth as email_au5_3_, member0_.name as name6_3_, member0_.picture as picture7_3_, member0_.role as role8_3_, member0_.short_bio as short_bi9_3_, member0_.username as usernam10_3_ from member member0_
2022-12-04 20:22:11.480  INFO 6608 --- [    Test worker] o.s.t.c.transaction.TransactionContext   : Rolled back transaction for test: [DefaultTestContext@58c2a890 testClass = PostsApiControllerTest, testInstance = com.azurealstn.alog.controller.api.posts.PostsApiControllerTest@6bf1bfec, testMethod = delete_posts_api_x@PostsApiControllerTest, testException = [null], mergedContextConfiguration = [WebMergedContextConfiguration@1653ae9d testClass = PostsApiControllerTest, locations = '{}', classes = '{class com.azurealstn.alog.AlogApplication}', contextInitializerClasses = '[]', activeProfiles = '{}', propertySourceLocations = '{}', propertySourceProperties = '{org.springframework.boot.test.context.SpringBootTestContextBootstrapper=true, server.port=0}', contextCustomizers = set[org.springframework.boot.test.autoconfigure.actuate.metrics.MetricsExportContextCustomizerFactory$DisableMetricExportContextCustomizer@59d2103b, org.springframework.boot.test.autoconfigure.properties.PropertyMappingContextCustomizer@0, org.springframework.boot.test.autoconfigure.web.servlet.WebDriverContextCustomizerFactory$Customizer@72a85671, org.springframework.boot.test.context.filter.ExcludeFilterContextCustomizer@4ae33a11, org.springframework.boot.test.json.DuplicateJsonObjectContextCustomizerFactory$DuplicateJsonObjectContextCustomizer@6d0b5baf, org.springframework.boot.test.mock.mockito.MockitoContextCustomizer@0, org.springframework.boot.test.web.client.TestRestTemplateContextCustomizer@5b58ed3c, org.springframework.boot.test.context.SpringBootTestArgs@1, org.springframework.boot.test.context.SpringBootTestWebEnvironment@48d61b48], resourceBasePath = 'src/main/webapp', contextLoader = 'org.springframework.boot.test.context.SpringBootContextLoader', parent = [null]], attributes = map['org.springframework.test.context.web.ServletTestExecutionListener.activateListener' -> false, 'org.springframework.test.context.event.ApplicationEventsTestExecutionListener.recordApplicationEvents' -> false]]
2022-12-04 20:22:11.480  INFO 6608 --- [    Test worker] o.s.t.c.transaction.TransactionContext   : Began transaction (1) for test context [DefaultTestContext@58c2a890 testClass = PostsApiControllerTest, testInstance = com.azurealstn.alog.controller.api.posts.PostsApiControllerTest@510f3f13, testMethod = findAll_posts_first_page@PostsApiControllerTest, testException = [null], mergedContextConfiguration = [WebMergedContextConfiguration@1653ae9d testClass = PostsApiControllerTest, locations = '{}', classes = '{class com.azurealstn.alog.AlogApplication}', contextInitializerClasses = '[]', activeProfiles = '{}', propertySourceLocations = '{}', propertySourceProperties = '{org.springframework.boot.test.context.SpringBootTestContextBootstrapper=true, server.port=0}', contextCustomizers = set[org.springframework.boot.test.autoconfigure.actuate.metrics.MetricsExportContextCustomizerFactory$DisableMetricExportContextCustomizer@59d2103b, org.springframework.boot.test.autoconfigure.properties.PropertyMappingContextCustomizer@0, org.springframework.boot.test.autoconfigure.web.servlet.WebDriverContextCustomizerFactory$Customizer@72a85671, org.springframework.boot.test.context.filter.ExcludeFilterContextCustomizer@4ae33a11, org.springframework.boot.test.json.DuplicateJsonObjectContextCustomizerFactory$DuplicateJsonObjectContextCustomizer@6d0b5baf, org.springframework.boot.test.mock.mockito.MockitoContextCustomizer@0, org.springframework.boot.test.web.client.TestRestTemplateContextCustomizer@5b58ed3c, org.springframework.boot.test.context.SpringBootTestArgs@1, org.springframework.boot.test.context.SpringBootTestWebEnvironment@48d61b48], resourceBasePath = 'src/main/webapp', contextLoader = 'org.springframework.boot.test.context.SpringBootContextLoader', parent = [null]], attributes = map['org.springframework.test.context.web.ServletTestExecutionListener.activateListener' -> false, 'org.springframework.test.context.event.ApplicationEventsTestExecutionListener.recordApplicationEvents' -> false]]; transaction manager [org.springframework.orm.jpa.JpaTransactionManager@37884b27]; rollback [true]
2022-12-04 20:22:11.480  INFO 6608 --- [    Test worker] o.a.c.c.C.[Tomcat].[localhost].[/]       : Initializing Spring TestDispatcherServlet ''
2022-12-04 20:22:11.480  INFO 6608 --- [    Test worker] o.s.t.web.servlet.TestDispatcherServlet  : Initializing Servlet ''
2022-12-04 20:22:11.480  INFO 6608 --- [    Test worker] o.s.t.web.servlet.TestDispatcherServlet  : Completed initialization in 0 ms
Hibernate: select posts0_.posts_id as posts_id1_5_, posts0_.created_date as created_2_5_, posts0_.modified_date as modified3_5_, posts0_.content as content4_5_, posts0_.description as descript5_5_, posts0_.likes as likes6_5_, posts0_.member_id as member_i9_5_, posts0_.secret as secret7_5_, posts0_.title as title8_5_ from posts posts0_
Hibernate: select member0_.member_id as member_i1_3_, member0_.created_date as created_2_3_, member0_.modified_date as modified3_3_, member0_.email as email4_3_, member0_.email_auth as email_au5_3_, member0_.name as name6_3_, member0_.picture as picture7_3_, member0_.role as role8_3_, member0_.short_bio as short_bi9_3_, member0_.username as usernam10_3_ from member member0_
Hibernate: insert into member (member_id, created_date, modified_date, email, email_auth, name, picture, role, short_bio, username) values (default, ?, ?, ?, ?, ?, ?, ?, ?, ?)
Hibernate: insert into posts (posts_id, created_date, modified_date, content, description, likes, member_id, secret, title) values (default, ?, ?, ?, ?, ?, ?, ?, ?)
Hibernate: insert into posts (posts_id, created_date, modified_date, content, description, likes, member_id, secret, title) values (default, ?, ?, ?, ?, ?, ?, ?, ?)
Hibernate: insert into posts (posts_id, created_date, modified_date, content, description, likes, member_id, secret, title) values (default, ?, ?, ?, ?, ?, ?, ?, ?)
Hibernate: insert into posts (posts_id, created_date, modified_date, content, description, likes, member_id, secret, title) values (default, ?, ?, ?, ?, ?, ?, ?, ?)
Hibernate: insert into posts (posts_id, created_date, modified_date, content, description, likes, member_id, secret, title) values (default, ?, ?, ?, ?, ?, ?, ?, ?)
Hibernate: insert into posts (posts_id, created_date, modified_date, content, description, likes, member_id, secret, title) values (default, ?, ?, ?, ?, ?, ?, ?, ?)
Hibernate: insert into posts (posts_id, created_date, modified_date, content, description, likes, member_id, secret, title) values (default, ?, ?, ?, ?, ?, ?, ?, ?)
Hibernate: insert into posts (posts_id, created_date, modified_date, content, description, likes, member_id, secret, title) values (default, ?, ?, ?, ?, ?, ?, ?, ?)
Hibernate: insert into posts (posts_id, created_date, modified_date, content, description, likes, member_id, secret, title) values (default, ?, ?, ?, ?, ?, ?, ?, ?)
Hibernate: insert into posts (posts_id, created_date, modified_date, content, description, likes, member_id, secret, title) values (default, ?, ?, ?, ?, ?, ?, ?, ?)
Hibernate: insert into posts (posts_id, created_date, modified_date, content, description, likes, member_id, secret, title) values (default, ?, ?, ?, ?, ?, ?, ?, ?)
Hibernate: insert into posts (posts_id, created_date, modified_date, content, description, likes, member_id, secret, title) values (default, ?, ?, ?, ?, ?, ?, ?, ?)
Hibernate: insert into posts (posts_id, created_date, modified_date, content, description, likes, member_id, secret, title) values (default, ?, ?, ?, ?, ?, ?, ?, ?)
Hibernate: insert into posts (posts_id, created_date, modified_date, content, description, likes, member_id, secret, title) values (default, ?, ?, ?, ?, ?, ?, ?, ?)
Hibernate: insert into posts (posts_id, created_date, modified_date, content, description, likes, member_id, secret, title) values (default, ?, ?, ?, ?, ?, ?, ?, ?)
Hibernate: insert into posts (posts_id, created_date, modified_date, content, description, likes, member_id, secret, title) values (default, ?, ?, ?, ?, ?, ?, ?, ?)
Hibernate: insert into posts (posts_id, created_date, modified_date, content, description, likes, member_id, secret, title) values (default, ?, ?, ?, ?, ?, ?, ?, ?)
Hibernate: insert into posts (posts_id, created_date, modified_date, content, description, likes, member_id, secret, title) values (default, ?, ?, ?, ?, ?, ?, ?, ?)
Hibernate: insert into posts (posts_id, created_date, modified_date, content, description, likes, member_id, secret, title) values (default, ?, ?, ?, ?, ?, ?, ?, ?)
Hibernate: insert into posts (posts_id, created_date, modified_date, content, description, likes, member_id, secret, title) values (default, ?, ?, ?, ?, ?, ?, ?, ?)
Hibernate: insert into posts (posts_id, created_date, modified_date, content, description, likes, member_id, secret, title) values (default, ?, ?, ?, ?, ?, ?, ?, ?)
Hibernate: insert into posts (posts_id, created_date, modified_date, content, description, likes, member_id, secret, title) values (default, ?, ?, ?, ?, ?, ?, ?, ?)
Hibernate: insert into posts (posts_id, created_date, modified_date, content, description, likes, member_id, secret, title) values (default, ?, ?, ?, ?, ?, ?, ?, ?)
Hibernate: insert into posts (posts_id, created_date, modified_date, content, description, likes, member_id, secret, title) values (default, ?, ?, ?, ?, ?, ?, ?, ?)
Hibernate: insert into posts (posts_id, created_date, modified_date, content, description, likes, member_id, secret, title) values (default, ?, ?, ?, ?, ?, ?, ?, ?)
Hibernate: insert into posts (posts_id, created_date, modified_date, content, description, likes, member_id, secret, title) values (default, ?, ?, ?, ?, ?, ?, ?, ?)
Hibernate: insert into posts (posts_id, created_date, modified_date, content, description, likes, member_id, secret, title) values (default, ?, ?, ?, ?, ?, ?, ?, ?)
Hibernate: insert into posts (posts_id, created_date, modified_date, content, description, likes, member_id, secret, title) values (default, ?, ?, ?, ?, ?, ?, ?, ?)
Hibernate: insert into posts (posts_id, created_date, modified_date, content, description, likes, member_id, secret, title) values (default, ?, ?, ?, ?, ?, ?, ?, ?)
Hibernate: insert into posts (posts_id, created_date, modified_date, content, description, likes, member_id, secret, title) values (default, ?, ?, ?, ?, ?, ?, ?, ?)
Hibernate: select posts0_.posts_id as posts_id1_5_, posts0_.created_date as created_2_5_, posts0_.modified_date as modified3_5_, posts0_.content as content4_5_, posts0_.description as descript5_5_, posts0_.likes as likes6_5_, posts0_.member_id as member_i9_5_, posts0_.secret as secret7_5_, posts0_.title as title8_5_ from posts posts0_ where posts0_.secret=?
Hibernate: select posts0_.posts_id as posts_id1_5_, posts0_.created_date as created_2_5_, posts0_.modified_date as modified3_5_, posts0_.content as content4_5_, posts0_.description as descript5_5_, posts0_.likes as likes6_5_, posts0_.member_id as member_i9_5_, posts0_.secret as secret7_5_, posts0_.title as title8_5_ from posts posts0_ where posts0_.secret=? order by posts0_.posts_id desc limit ?

MockHttpServletRequest:
      HTTP Method = GET
      Request URI = /api/v1/auth/posts
       Parameters = {page=[1], size=[9]}
          Headers = [Content-Type:"application/json;charset=UTF-8"]
             Body = null
    Session Attrs = {member=SessionMemberDto(id=22, name=슬로우스타터, email=azurealstn@naver.com, picture=test.jpg, username=haha, shortBio=안녕하세요!)}

Handler:
             Type = com.azurealstn.alog.controller.api.posts.PostsApiController
           Method = com.azurealstn.alog.controller.api.posts.PostsApiController#posts(PostsSearchDto)

Async:
    Async started = false
     Async result = null

Resolved Exception:
             Type = null

ModelAndView:
        View name = null
             View = null
            Model = null

FlashMap:
       Attributes = null

MockHttpServletResponse:
           Status = 200
    Error message = null
          Headers = [Content-Type:"application/json;charset=UTF-8"]
     Content type = application/json;charset=UTF-8
             Body = [{"id":38,"title":"test 제목 - 30","content":"뭐로 할까 - 30","member":{"createdDate":"2022-12-04T20:22:11.480134","modifiedDate":"2022-12-04T20:22:11.480134","id":22,"email":"azurealstn@naver.com","name":"슬로우스타터","picture":"test.jpg","role":"MEMBER","emailAuth":true,"username":"haha","shortBio":"안녕하세요!","roleKey":"ROLE_MEMBER"},"description":"소개글 - 30","secret":false,"previousTime":"2022년 12월 4일","hashTagNames":[],"likeCount":0,"commentCount":0,"storeFilename":null,"totalRowCount":0,"imageUrl":null},{"id":37,"title":"test 제목 - 29","content":"뭐로 할까 - 29","member":{"createdDate":"2022-12-04T20:22:11.480134","modifiedDate":"2022-12-04T20:22:11.480134","id":22,"email":"azurealstn@naver.com","name":"슬로우스타터","picture":"test.jpg","role":"MEMBER","emailAuth":true,"username":"haha","shortBio":"안녕하세요!","roleKey":"ROLE_MEMBER"},"description":"소개글 - 29","secret":false,"previousTime":"2022년 12월 4일","hashTagNames":[],"likeCount":0,"commentCount":0,"storeFilename":null,"totalRowCount":0,"imageUrl":null},{"id":36,"title":"test 제목 - 28","content":"뭐로 할까 - 28","member":{"createdDate":"2022-12-04T20:22:11.480134","modifiedDate":"2022-12-04T20:22:11.480134","id":22,"email":"azurealstn@naver.com","name":"슬로우스타터","picture":"test.jpg","role":"MEMBER","emailAuth":true,"username":"haha","shortBio":"안녕하세요!","roleKey":"ROLE_MEMBER"},"description":"소개글 - 28","secret":false,"previousTime":"2022년 12월 4일","hashTagNames":[],"likeCount":0,"commentCount":0,"storeFilename":null,"totalRowCount":0,"imageUrl":null},{"id":35,"title":"test 제목 - 27","content":"뭐로 할까 - 27","member":{"createdDate":"2022-12-04T20:22:11.480134","modifiedDate":"2022-12-04T20:22:11.480134","id":22,"email":"azurealstn@naver.com","name":"슬로우스타터","picture":"test.jpg","role":"MEMBER","emailAuth":true,"username":"haha","shortBio":"안녕하세요!","roleKey":"ROLE_MEMBER"},"description":"소개글 - 27","secret":false,"previousTime":"2022년 12월 4일","hashTagNames":[],"likeCount":0,"commentCount":0,"storeFilename":null,"totalRowCount":0,"imageUrl":null},{"id":34,"title":"test 제목 - 26","content":"뭐로 할까 - 26","member":{"createdDate":"2022-12-04T20:22:11.480134","modifiedDate":"2022-12-04T20:22:11.480134","id":22,"email":"azurealstn@naver.com","name":"슬로우스타터","picture":"test.jpg","role":"MEMBER","emailAuth":true,"username":"haha","shortBio":"안녕하세요!","roleKey":"ROLE_MEMBER"},"description":"소개글 - 26","secret":false,"previousTime":"2022년 12월 4일","hashTagNames":[],"likeCount":0,"commentCount":0,"storeFilename":null,"totalRowCount":0,"imageUrl":null},{"id":33,"title":"test 제목 - 25","content":"뭐로 할까 - 25","member":{"createdDate":"2022-12-04T20:22:11.480134","modifiedDate":"2022-12-04T20:22:11.480134","id":22,"email":"azurealstn@naver.com","name":"슬로우스타터","picture":"test.jpg","role":"MEMBER","emailAuth":true,"username":"haha","shortBio":"안녕하세요!","roleKey":"ROLE_MEMBER"},"description":"소개글 - 25","secret":false,"previousTime":"2022년 12월 4일","hashTagNames":[],"likeCount":0,"commentCount":0,"storeFilename":null,"totalRowCount":0,"imageUrl":null},{"id":32,"title":"test 제목 - 24","content":"뭐로 할까 - 24","member":{"createdDate":"2022-12-04T20:22:11.480134","modifiedDate":"2022-12-04T20:22:11.480134","id":22,"email":"azurealstn@naver.com","name":"슬로우스타터","picture":"test.jpg","role":"MEMBER","emailAuth":true,"username":"haha","shortBio":"안녕하세요!","roleKey":"ROLE_MEMBER"},"description":"소개글 - 24","secret":false,"previousTime":"2022년 12월 4일","hashTagNames":[],"likeCount":0,"commentCount":0,"storeFilename":null,"totalRowCount":0,"imageUrl":null},{"id":31,"title":"test 제목 - 23","content":"뭐로 할까 - 23","member":{"createdDate":"2022-12-04T20:22:11.480134","modifiedDate":"2022-12-04T20:22:11.480134","id":22,"email":"azurealstn@naver.com","name":"슬로우스타터","picture":"test.jpg","role":"MEMBER","emailAuth":true,"username":"haha","shortBio":"안녕하세요!","roleKey":"ROLE_MEMBER"},"description":"소개글 - 23","secret":false,"previousTime":"2022년 12월 4일","hashTagNames":[],"likeCount":0,"commentCount":0,"storeFilename":null,"totalRowCount":0,"imageUrl":null},{"id":30,"title":"test 제목 - 22","content":"뭐로 할까 - 22","member":{"createdDate":"2022-12-04T20:22:11.480134","modifiedDate":"2022-12-04T20:22:11.480134","id":22,"email":"azurealstn@naver.com","name":"슬로우스타터","picture":"test.jpg","role":"MEMBER","emailAuth":true,"username":"haha","shortBio":"안녕하세요!","roleKey":"ROLE_MEMBER"},"description":"소개글 - 22","secret":false,"previousTime":"2022년 12월 4일","hashTagNames":[],"likeCount":0,"commentCount":0,"storeFilename":null,"totalRowCount":0,"imageUrl":null}]
    Forwarded URL = null
   Redirected URL = null
          Cookies = []
Hibernate: select posts0_.posts_id as posts_id1_5_, posts0_.created_date as created_2_5_, posts0_.modified_date as modified3_5_, posts0_.content as content4_5_, posts0_.description as descript5_5_, posts0_.likes as likes6_5_, posts0_.member_id as member_i9_5_, posts0_.secret as secret7_5_, posts0_.title as title8_5_ from posts posts0_
Hibernate: select member0_.member_id as member_i1_3_, member0_.created_date as created_2_3_, member0_.modified_date as modified3_3_, member0_.email as email4_3_, member0_.email_auth as email_au5_3_, member0_.name as name6_3_, member0_.picture as picture7_3_, member0_.role as role8_3_, member0_.short_bio as short_bi9_3_, member0_.username as usernam10_3_ from member member0_
2022-12-04 20:22:11.536  INFO 6608 --- [    Test worker] o.s.t.c.transaction.TransactionContext   : Rolled back transaction for test: [DefaultTestContext@58c2a890 testClass = PostsApiControllerTest, testInstance = com.azurealstn.alog.controller.api.posts.PostsApiControllerTest@510f3f13, testMethod = findAll_posts_first_page@PostsApiControllerTest, testException = [null], mergedContextConfiguration = [WebMergedContextConfiguration@1653ae9d testClass = PostsApiControllerTest, locations = '{}', classes = '{class com.azurealstn.alog.AlogApplication}', contextInitializerClasses = '[]', activeProfiles = '{}', propertySourceLocations = '{}', propertySourceProperties = '{org.springframework.boot.test.context.SpringBootTestContextBootstrapper=true, server.port=0}', contextCustomizers = set[org.springframework.boot.test.autoconfigure.actuate.metrics.MetricsExportContextCustomizerFactory$DisableMetricExportContextCustomizer@59d2103b, org.springframework.boot.test.autoconfigure.properties.PropertyMappingContextCustomizer@0, org.springframework.boot.test.autoconfigure.web.servlet.WebDriverContextCustomizerFactory$Customizer@72a85671, org.springframework.boot.test.context.filter.ExcludeFilterContextCustomizer@4ae33a11, org.springframework.boot.test.json.DuplicateJsonObjectContextCustomizerFactory$DuplicateJsonObjectContextCustomizer@6d0b5baf, org.springframework.boot.test.mock.mockito.MockitoContextCustomizer@0, org.springframework.boot.test.web.client.TestRestTemplateContextCustomizer@5b58ed3c, org.springframework.boot.test.context.SpringBootTestArgs@1, org.springframework.boot.test.context.SpringBootTestWebEnvironment@48d61b48], resourceBasePath = 'src/main/webapp', contextLoader = 'org.springframework.boot.test.context.SpringBootContextLoader', parent = [null]], attributes = map['org.springframework.test.context.web.ServletTestExecutionListener.activateListener' -> false, 'org.springframework.test.context.event.ApplicationEventsTestExecutionListener.recordApplicationEvents' -> false]]
2022-12-04 20:22:11.537  INFO 6608 --- [    Test worker] o.s.t.c.transaction.TransactionContext   : Began transaction (1) for test context [DefaultTestContext@58c2a890 testClass = PostsApiControllerTest, testInstance = com.azurealstn.alog.controller.api.posts.PostsApiControllerTest@65ea0bcd, testMethod = findAll_posts_second_page@PostsApiControllerTest, testException = [null], mergedContextConfiguration = [WebMergedContextConfiguration@1653ae9d testClass = PostsApiControllerTest, locations = '{}', classes = '{class com.azurealstn.alog.AlogApplication}', contextInitializerClasses = '[]', activeProfiles = '{}', propertySourceLocations = '{}', propertySourceProperties = '{org.springframework.boot.test.context.SpringBootTestContextBootstrapper=true, server.port=0}', contextCustomizers = set[org.springframework.boot.test.autoconfigure.actuate.metrics.MetricsExportContextCustomizerFactory$DisableMetricExportContextCustomizer@59d2103b, org.springframework.boot.test.autoconfigure.properties.PropertyMappingContextCustomizer@0, org.springframework.boot.test.autoconfigure.web.servlet.WebDriverContextCustomizerFactory$Customizer@72a85671, org.springframework.boot.test.context.filter.ExcludeFilterContextCustomizer@4ae33a11, org.springframework.boot.test.json.DuplicateJsonObjectContextCustomizerFactory$DuplicateJsonObjectContextCustomizer@6d0b5baf, org.springframework.boot.test.mock.mockito.MockitoContextCustomizer@0, org.springframework.boot.test.web.client.TestRestTemplateContextCustomizer@5b58ed3c, org.springframework.boot.test.context.SpringBootTestArgs@1, org.springframework.boot.test.context.SpringBootTestWebEnvironment@48d61b48], resourceBasePath = 'src/main/webapp', contextLoader = 'org.springframework.boot.test.context.SpringBootContextLoader', parent = [null]], attributes = map['org.springframework.test.context.web.ServletTestExecutionListener.activateListener' -> false, 'org.springframework.test.context.event.ApplicationEventsTestExecutionListener.recordApplicationEvents' -> false]]; transaction manager [org.springframework.orm.jpa.JpaTransactionManager@37884b27]; rollback [true]
2022-12-04 20:22:11.538  INFO 6608 --- [    Test worker] o.a.c.c.C.[Tomcat].[localhost].[/]       : Initializing Spring TestDispatcherServlet ''
2022-12-04 20:22:11.538  INFO 6608 --- [    Test worker] o.s.t.web.servlet.TestDispatcherServlet  : Initializing Servlet ''
2022-12-04 20:22:11.539  INFO 6608 --- [    Test worker] o.s.t.web.servlet.TestDispatcherServlet  : Completed initialization in 1 ms
Hibernate: select posts0_.posts_id as posts_id1_5_, posts0_.created_date as created_2_5_, posts0_.modified_date as modified3_5_, posts0_.content as content4_5_, posts0_.description as descript5_5_, posts0_.likes as likes6_5_, posts0_.member_id as member_i9_5_, posts0_.secret as secret7_5_, posts0_.title as title8_5_ from posts posts0_
Hibernate: select member0_.member_id as member_i1_3_, member0_.created_date as created_2_3_, member0_.modified_date as modified3_3_, member0_.email as email4_3_, member0_.email_auth as email_au5_3_, member0_.name as name6_3_, member0_.picture as picture7_3_, member0_.role as role8_3_, member0_.short_bio as short_bi9_3_, member0_.username as usernam10_3_ from member member0_
Hibernate: insert into member (member_id, created_date, modified_date, email, email_auth, name, picture, role, short_bio, username) values (default, ?, ?, ?, ?, ?, ?, ?, ?, ?)
Hibernate: insert into posts (posts_id, created_date, modified_date, content, description, likes, member_id, secret, title) values (default, ?, ?, ?, ?, ?, ?, ?, ?)
Hibernate: insert into posts (posts_id, created_date, modified_date, content, description, likes, member_id, secret, title) values (default, ?, ?, ?, ?, ?, ?, ?, ?)
Hibernate: insert into posts (posts_id, created_date, modified_date, content, description, likes, member_id, secret, title) values (default, ?, ?, ?, ?, ?, ?, ?, ?)
Hibernate: insert into posts (posts_id, created_date, modified_date, content, description, likes, member_id, secret, title) values (default, ?, ?, ?, ?, ?, ?, ?, ?)
Hibernate: insert into posts (posts_id, created_date, modified_date, content, description, likes, member_id, secret, title) values (default, ?, ?, ?, ?, ?, ?, ?, ?)
Hibernate: insert into posts (posts_id, created_date, modified_date, content, description, likes, member_id, secret, title) values (default, ?, ?, ?, ?, ?, ?, ?, ?)
Hibernate: insert into posts (posts_id, created_date, modified_date, content, description, likes, member_id, secret, title) values (default, ?, ?, ?, ?, ?, ?, ?, ?)
Hibernate: insert into posts (posts_id, created_date, modified_date, content, description, likes, member_id, secret, title) values (default, ?, ?, ?, ?, ?, ?, ?, ?)
Hibernate: insert into posts (posts_id, created_date, modified_date, content, description, likes, member_id, secret, title) values (default, ?, ?, ?, ?, ?, ?, ?, ?)
Hibernate: insert into posts (posts_id, created_date, modified_date, content, description, likes, member_id, secret, title) values (default, ?, ?, ?, ?, ?, ?, ?, ?)
Hibernate: insert into posts (posts_id, created_date, modified_date, content, description, likes, member_id, secret, title) values (default, ?, ?, ?, ?, ?, ?, ?, ?)
Hibernate: insert into posts (posts_id, created_date, modified_date, content, description, likes, member_id, secret, title) values (default, ?, ?, ?, ?, ?, ?, ?, ?)
Hibernate: insert into posts (posts_id, created_date, modified_date, content, description, likes, member_id, secret, title) values (default, ?, ?, ?, ?, ?, ?, ?, ?)
Hibernate: insert into posts (posts_id, created_date, modified_date, content, description, likes, member_id, secret, title) values (default, ?, ?, ?, ?, ?, ?, ?, ?)
Hibernate: insert into posts (posts_id, created_date, modified_date, content, description, likes, member_id, secret, title) values (default, ?, ?, ?, ?, ?, ?, ?, ?)
Hibernate: insert into posts (posts_id, created_date, modified_date, content, description, likes, member_id, secret, title) values (default, ?, ?, ?, ?, ?, ?, ?, ?)
Hibernate: insert into posts (posts_id, created_date, modified_date, content, description, likes, member_id, secret, title) values (default, ?, ?, ?, ?, ?, ?, ?, ?)
Hibernate: insert into posts (posts_id, created_date, modified_date, content, description, likes, member_id, secret, title) values (default, ?, ?, ?, ?, ?, ?, ?, ?)
Hibernate: insert into posts (posts_id, created_date, modified_date, content, description, likes, member_id, secret, title) values (default, ?, ?, ?, ?, ?, ?, ?, ?)
Hibernate: insert into posts (posts_id, created_date, modified_date, content, description, likes, member_id, secret, title) values (default, ?, ?, ?, ?, ?, ?, ?, ?)
Hibernate: insert into posts (posts_id, created_date, modified_date, content, description, likes, member_id, secret, title) values (default, ?, ?, ?, ?, ?, ?, ?, ?)
Hibernate: insert into posts (posts_id, created_date, modified_date, content, description, likes, member_id, secret, title) values (default, ?, ?, ?, ?, ?, ?, ?, ?)
Hibernate: insert into posts (posts_id, created_date, modified_date, content, description, likes, member_id, secret, title) values (default, ?, ?, ?, ?, ?, ?, ?, ?)
Hibernate: insert into posts (posts_id, created_date, modified_date, content, description, likes, member_id, secret, title) values (default, ?, ?, ?, ?, ?, ?, ?, ?)
Hibernate: insert into posts (posts_id, created_date, modified_date, content, description, likes, member_id, secret, title) values (default, ?, ?, ?, ?, ?, ?, ?, ?)
Hibernate: insert into posts (posts_id, created_date, modified_date, content, description, likes, member_id, secret, title) values (default, ?, ?, ?, ?, ?, ?, ?, ?)
Hibernate: insert into posts (posts_id, created_date, modified_date, content, description, likes, member_id, secret, title) values (default, ?, ?, ?, ?, ?, ?, ?, ?)
Hibernate: insert into posts (posts_id, created_date, modified_date, content, description, likes, member_id, secret, title) values (default, ?, ?, ?, ?, ?, ?, ?, ?)
Hibernate: insert into posts (posts_id, created_date, modified_date, content, description, likes, member_id, secret, title) values (default, ?, ?, ?, ?, ?, ?, ?, ?)
Hibernate: insert into posts (posts_id, created_date, modified_date, content, description, likes, member_id, secret, title) values (default, ?, ?, ?, ?, ?, ?, ?, ?)
Hibernate: select posts0_.posts_id as posts_id1_5_, posts0_.created_date as created_2_5_, posts0_.modified_date as modified3_5_, posts0_.content as content4_5_, posts0_.description as descript5_5_, posts0_.likes as likes6_5_, posts0_.member_id as member_i9_5_, posts0_.secret as secret7_5_, posts0_.title as title8_5_ from posts posts0_ where posts0_.secret=?
Hibernate: select posts0_.posts_id as posts_id1_5_, posts0_.created_date as created_2_5_, posts0_.modified_date as modified3_5_, posts0_.content as content4_5_, posts0_.description as descript5_5_, posts0_.likes as likes6_5_, posts0_.member_id as member_i9_5_, posts0_.secret as secret7_5_, posts0_.title as title8_5_ from posts posts0_ where posts0_.secret=? order by posts0_.posts_id desc limit ? offset ?

MockHttpServletRequest:
      HTTP Method = GET
      Request URI = /api/v1/auth/posts
       Parameters = {page=[2], size=[9]}
          Headers = [Content-Type:"application/json;charset=UTF-8"]
             Body = null
    Session Attrs = {}

Handler:
             Type = com.azurealstn.alog.controller.api.posts.PostsApiController
           Method = com.azurealstn.alog.controller.api.posts.PostsApiController#posts(PostsSearchDto)

Async:
    Async started = false
     Async result = null

Resolved Exception:
             Type = null

ModelAndView:
        View name = null
             View = null
            Model = null

FlashMap:
       Attributes = null

MockHttpServletResponse:
           Status = 200
    Error message = null
          Headers = [Content-Type:"application/json;charset=UTF-8"]
     Content type = application/json;charset=UTF-8
             Body = [{"id":59,"title":"test 제목 - 21","content":"뭐로 할까 - 21","member":{"createdDate":"2022-12-04T20:22:11.5402836","modifiedDate":"2022-12-04T20:22:11.5402836","id":23,"email":"azurealstn@naver.com","name":"슬로우스타터","picture":"test.jpg","role":"MEMBER","emailAuth":true,"username":"haha","shortBio":"안녕하세요!","roleKey":"ROLE_MEMBER"},"description":"소개글 - 21","secret":false,"previousTime":"2022년 12월 4일","hashTagNames":[],"likeCount":0,"commentCount":0,"storeFilename":null,"totalRowCount":0,"imageUrl":null},{"id":58,"title":"test 제목 - 20","content":"뭐로 할까 - 20","member":{"createdDate":"2022-12-04T20:22:11.5402836","modifiedDate":"2022-12-04T20:22:11.5402836","id":23,"email":"azurealstn@naver.com","name":"슬로우스타터","picture":"test.jpg","role":"MEMBER","emailAuth":true,"username":"haha","shortBio":"안녕하세요!","roleKey":"ROLE_MEMBER"},"description":"소개글 - 20","secret":false,"previousTime":"2022년 12월 4일","hashTagNames":[],"likeCount":0,"commentCount":0,"storeFilename":null,"totalRowCount":0,"imageUrl":null},{"id":57,"title":"test 제목 - 19","content":"뭐로 할까 - 19","member":{"createdDate":"2022-12-04T20:22:11.5402836","modifiedDate":"2022-12-04T20:22:11.5402836","id":23,"email":"azurealstn@naver.com","name":"슬로우스타터","picture":"test.jpg","role":"MEMBER","emailAuth":true,"username":"haha","shortBio":"안녕하세요!","roleKey":"ROLE_MEMBER"},"description":"소개글 - 19","secret":false,"previousTime":"2022년 12월 4일","hashTagNames":[],"likeCount":0,"commentCount":0,"storeFilename":null,"totalRowCount":0,"imageUrl":null},{"id":56,"title":"test 제목 - 18","content":"뭐로 할까 - 18","member":{"createdDate":"2022-12-04T20:22:11.5402836","modifiedDate":"2022-12-04T20:22:11.5402836","id":23,"email":"azurealstn@naver.com","name":"슬로우스타터","picture":"test.jpg","role":"MEMBER","emailAuth":true,"username":"haha","shortBio":"안녕하세요!","roleKey":"ROLE_MEMBER"},"description":"소개글 - 18","secret":false,"previousTime":"2022년 12월 4일","hashTagNames":[],"likeCount":0,"commentCount":0,"storeFilename":null,"totalRowCount":0,"imageUrl":null},{"id":55,"title":"test 제목 - 17","content":"뭐로 할까 - 17","member":{"createdDate":"2022-12-04T20:22:11.5402836","modifiedDate":"2022-12-04T20:22:11.5402836","id":23,"email":"azurealstn@naver.com","name":"슬로우스타터","picture":"test.jpg","role":"MEMBER","emailAuth":true,"username":"haha","shortBio":"안녕하세요!","roleKey":"ROLE_MEMBER"},"description":"소개글 - 17","secret":false,"previousTime":"2022년 12월 4일","hashTagNames":[],"likeCount":0,"commentCount":0,"storeFilename":null,"totalRowCount":0,"imageUrl":null},{"id":54,"title":"test 제목 - 16","content":"뭐로 할까 - 16","member":{"createdDate":"2022-12-04T20:22:11.5402836","modifiedDate":"2022-12-04T20:22:11.5402836","id":23,"email":"azurealstn@naver.com","name":"슬로우스타터","picture":"test.jpg","role":"MEMBER","emailAuth":true,"username":"haha","shortBio":"안녕하세요!","roleKey":"ROLE_MEMBER"},"description":"소개글 - 16","secret":false,"previousTime":"2022년 12월 4일","hashTagNames":[],"likeCount":0,"commentCount":0,"storeFilename":null,"totalRowCount":0,"imageUrl":null},{"id":53,"title":"test 제목 - 15","content":"뭐로 할까 - 15","member":{"createdDate":"2022-12-04T20:22:11.5402836","modifiedDate":"2022-12-04T20:22:11.5402836","id":23,"email":"azurealstn@naver.com","name":"슬로우스타터","picture":"test.jpg","role":"MEMBER","emailAuth":true,"username":"haha","shortBio":"안녕하세요!","roleKey":"ROLE_MEMBER"},"description":"소개글 - 15","secret":false,"previousTime":"2022년 12월 4일","hashTagNames":[],"likeCount":0,"commentCount":0,"storeFilename":null,"totalRowCount":0,"imageUrl":null},{"id":52,"title":"test 제목 - 14","content":"뭐로 할까 - 14","member":{"createdDate":"2022-12-04T20:22:11.5402836","modifiedDate":"2022-12-04T20:22:11.5402836","id":23,"email":"azurealstn@naver.com","name":"슬로우스타터","picture":"test.jpg","role":"MEMBER","emailAuth":true,"username":"haha","shortBio":"안녕하세요!","roleKey":"ROLE_MEMBER"},"description":"소개글 - 14","secret":false,"previousTime":"2022년 12월 4일","hashTagNames":[],"likeCount":0,"commentCount":0,"storeFilename":null,"totalRowCount":0,"imageUrl":null},{"id":51,"title":"test 제목 - 13","content":"뭐로 할까 - 13","member":{"createdDate":"2022-12-04T20:22:11.5402836","modifiedDate":"2022-12-04T20:22:11.5402836","id":23,"email":"azurealstn@naver.com","name":"슬로우스타터","picture":"test.jpg","role":"MEMBER","emailAuth":true,"username":"haha","shortBio":"안녕하세요!","roleKey":"ROLE_MEMBER"},"description":"소개글 - 13","secret":false,"previousTime":"2022년 12월 4일","hashTagNames":[],"likeCount":0,"commentCount":0,"storeFilename":null,"totalRowCount":0,"imageUrl":null}]
    Forwarded URL = null
   Redirected URL = null
          Cookies = []
Hibernate: select posts0_.posts_id as posts_id1_5_, posts0_.created_date as created_2_5_, posts0_.modified_date as modified3_5_, posts0_.content as content4_5_, posts0_.description as descript5_5_, posts0_.likes as likes6_5_, posts0_.member_id as member_i9_5_, posts0_.secret as secret7_5_, posts0_.title as title8_5_ from posts posts0_
Hibernate: select member0_.member_id as member_i1_3_, member0_.created_date as created_2_3_, member0_.modified_date as modified3_3_, member0_.email as email4_3_, member0_.email_auth as email_au5_3_, member0_.name as name6_3_, member0_.picture as picture7_3_, member0_.role as role8_3_, member0_.short_bio as short_bi9_3_, member0_.username as usernam10_3_ from member member0_
2022-12-04 20:22:11.584  INFO 6608 --- [    Test worker] o.s.t.c.transaction.TransactionContext   : Rolled back transaction for test: [DefaultTestContext@58c2a890 testClass = PostsApiControllerTest, testInstance = com.azurealstn.alog.controller.api.posts.PostsApiControllerTest@65ea0bcd, testMethod = findAll_posts_second_page@PostsApiControllerTest, testException = [null], mergedContextConfiguration = [WebMergedContextConfiguration@1653ae9d testClass = PostsApiControllerTest, locations = '{}', classes = '{class com.azurealstn.alog.AlogApplication}', contextInitializerClasses = '[]', activeProfiles = '{}', propertySourceLocations = '{}', propertySourceProperties = '{org.springframework.boot.test.context.SpringBootTestContextBootstrapper=true, server.port=0}', contextCustomizers = set[org.springframework.boot.test.autoconfigure.actuate.metrics.MetricsExportContextCustomizerFactory$DisableMetricExportContextCustomizer@59d2103b, org.springframework.boot.test.autoconfigure.properties.PropertyMappingContextCustomizer@0, org.springframework.boot.test.autoconfigure.web.servlet.WebDriverContextCustomizerFactory$Customizer@72a85671, org.springframework.boot.test.context.filter.ExcludeFilterContextCustomizer@4ae33a11, org.springframework.boot.test.json.DuplicateJsonObjectContextCustomizerFactory$DuplicateJsonObjectContextCustomizer@6d0b5baf, org.springframework.boot.test.mock.mockito.MockitoContextCustomizer@0, org.springframework.boot.test.web.client.TestRestTemplateContextCustomizer@5b58ed3c, org.springframework.boot.test.context.SpringBootTestArgs@1, org.springframework.boot.test.context.SpringBootTestWebEnvironment@48d61b48], resourceBasePath = 'src/main/webapp', contextLoader = 'org.springframework.boot.test.context.SpringBootContextLoader', parent = [null]], attributes = map['org.springframework.test.context.web.ServletTestExecutionListener.activateListener' -> false, 'org.springframework.test.context.event.ApplicationEventsTestExecutionListener.recordApplicationEvents' -> false]]
2022-12-04 20:22:11.584  INFO 6608 --- [    Test worker] o.s.t.c.transaction.TransactionContext   : Began transaction (1) for test context [DefaultTestContext@58c2a890 testClass = PostsApiControllerTest, testInstance = com.azurealstn.alog.controller.api.posts.PostsApiControllerTest@51cfa104, testMethod = modify_posts_api_x_content@PostsApiControllerTest, testException = [null], mergedContextConfiguration = [WebMergedContextConfiguration@1653ae9d testClass = PostsApiControllerTest, locations = '{}', classes = '{class com.azurealstn.alog.AlogApplication}', contextInitializerClasses = '[]', activeProfiles = '{}', propertySourceLocations = '{}', propertySourceProperties = '{org.springframework.boot.test.context.SpringBootTestContextBootstrapper=true, server.port=0}', contextCustomizers = set[org.springframework.boot.test.autoconfigure.actuate.metrics.MetricsExportContextCustomizerFactory$DisableMetricExportContextCustomizer@59d2103b, org.springframework.boot.test.autoconfigure.properties.PropertyMappingContextCustomizer@0, org.springframework.boot.test.autoconfigure.web.servlet.WebDriverContextCustomizerFactory$Customizer@72a85671, org.springframework.boot.test.context.filter.ExcludeFilterContextCustomizer@4ae33a11, org.springframework.boot.test.json.DuplicateJsonObjectContextCustomizerFactory$DuplicateJsonObjectContextCustomizer@6d0b5baf, org.springframework.boot.test.mock.mockito.MockitoContextCustomizer@0, org.springframework.boot.test.web.client.TestRestTemplateContextCustomizer@5b58ed3c, org.springframework.boot.test.context.SpringBootTestArgs@1, org.springframework.boot.test.context.SpringBootTestWebEnvironment@48d61b48], resourceBasePath = 'src/main/webapp', contextLoader = 'org.springframework.boot.test.context.SpringBootContextLoader', parent = [null]], attributes = map['org.springframework.test.context.web.ServletTestExecutionListener.activateListener' -> false, 'org.springframework.test.context.event.ApplicationEventsTestExecutionListener.recordApplicationEvents' -> false]]; transaction manager [org.springframework.orm.jpa.JpaTransactionManager@37884b27]; rollback [true]
2022-12-04 20:22:11.584  INFO 6608 --- [    Test worker] o.a.c.c.C.[Tomcat].[localhost].[/]       : Initializing Spring TestDispatcherServlet ''
2022-12-04 20:22:11.584  INFO 6608 --- [    Test worker] o.s.t.web.servlet.TestDispatcherServlet  : Initializing Servlet ''
2022-12-04 20:22:11.584  INFO 6608 --- [    Test worker] o.s.t.web.servlet.TestDispatcherServlet  : Completed initialization in 0 ms
Hibernate: select posts0_.posts_id as posts_id1_5_, posts0_.created_date as created_2_5_, posts0_.modified_date as modified3_5_, posts0_.content as content4_5_, posts0_.description as descript5_5_, posts0_.likes as likes6_5_, posts0_.member_id as member_i9_5_, posts0_.secret as secret7_5_, posts0_.title as title8_5_ from posts posts0_
Hibernate: select member0_.member_id as member_i1_3_, member0_.created_date as created_2_3_, member0_.modified_date as modified3_3_, member0_.email as email4_3_, member0_.email_auth as email_au5_3_, member0_.name as name6_3_, member0_.picture as picture7_3_, member0_.role as role8_3_, member0_.short_bio as short_bi9_3_, member0_.username as usernam10_3_ from member member0_
Hibernate: insert into member (member_id, created_date, modified_date, email, email_auth, name, picture, role, short_bio, username) values (default, ?, ?, ?, ?, ?, ?, ?, ?, ?)
Hibernate: insert into posts (posts_id, created_date, modified_date, content, description, likes, member_id, secret, title) values (default, ?, ?, ?, ?, ?, ?, ?, ?)

MockHttpServletRequest:
      HTTP Method = PUT
      Request URI = /api/v1/posts/69
       Parameters = {}
          Headers = [Content-Type:"application/json;charset=UTF-8", Content-Length:"96"]
             Body = {"title":"제목입니다.","content":"     ","description":"소개글입니다.","secret":null}
    Session Attrs = {member=SessionMemberDto(id=24, name=슬로우스타터, email=azurealstn@naver.com, picture=test.jpg, username=haha, shortBio=안녕하세요!)}

Handler:
             Type = com.azurealstn.alog.controller.api.posts.PostsApiController
           Method = com.azurealstn.alog.controller.api.posts.PostsApiController#modify(Long, PostsModifyRequestDto)

Async:
    Async started = false
     Async result = null

Resolved Exception:
             Type = org.springframework.web.bind.MethodArgumentNotValidException

ModelAndView:
        View name = null
             View = null
            Model = null

FlashMap:
       Attributes = null

MockHttpServletResponse:
           Status = 400
    Error message = null
          Headers = [Content-Type:"application/json;charset=UTF-8"]
     Content type = application/json;charset=UTF-8
             Body = {"code":"400","message":"클라이언트의 잘못된 요청이 있습니다. (application/json)","validation":[{"fieldName":"content","errorMessage":"내용이 비어있습니다."}]}
    Forwarded URL = null
   Redirected URL = null
          Cookies = []
Hibernate: select posts0_.posts_id as posts_id1_5_, posts0_.created_date as created_2_5_, posts0_.modified_date as modified3_5_, posts0_.content as content4_5_, posts0_.description as descript5_5_, posts0_.likes as likes6_5_, posts0_.member_id as member_i9_5_, posts0_.secret as secret7_5_, posts0_.title as title8_5_ from posts posts0_
Hibernate: select member0_.member_id as member_i1_3_, member0_.created_date as created_2_3_, member0_.modified_date as modified3_3_, member0_.email as email4_3_, member0_.email_auth as email_au5_3_, member0_.name as name6_3_, member0_.picture as picture7_3_, member0_.role as role8_3_, member0_.short_bio as short_bi9_3_, member0_.username as usernam10_3_ from member member0_
2022-12-04 20:22:11.584  INFO 6608 --- [    Test worker] o.s.t.c.transaction.TransactionContext   : Rolled back transaction for test: [DefaultTestContext@58c2a890 testClass = PostsApiControllerTest, testInstance = com.azurealstn.alog.controller.api.posts.PostsApiControllerTest@51cfa104, testMethod = modify_posts_api_x_content@PostsApiControllerTest, testException = [null], mergedContextConfiguration = [WebMergedContextConfiguration@1653ae9d testClass = PostsApiControllerTest, locations = '{}', classes = '{class com.azurealstn.alog.AlogApplication}', contextInitializerClasses = '[]', activeProfiles = '{}', propertySourceLocations = '{}', propertySourceProperties = '{org.springframework.boot.test.context.SpringBootTestContextBootstrapper=true, server.port=0}', contextCustomizers = set[org.springframework.boot.test.autoconfigure.actuate.metrics.MetricsExportContextCustomizerFactory$DisableMetricExportContextCustomizer@59d2103b, org.springframework.boot.test.autoconfigure.properties.PropertyMappingContextCustomizer@0, org.springframework.boot.test.autoconfigure.web.servlet.WebDriverContextCustomizerFactory$Customizer@72a85671, org.springframework.boot.test.context.filter.ExcludeFilterContextCustomizer@4ae33a11, org.springframework.boot.test.json.DuplicateJsonObjectContextCustomizerFactory$DuplicateJsonObjectContextCustomizer@6d0b5baf, org.springframework.boot.test.mock.mockito.MockitoContextCustomizer@0, org.springframework.boot.test.web.client.TestRestTemplateContextCustomizer@5b58ed3c, org.springframework.boot.test.context.SpringBootTestArgs@1, org.springframework.boot.test.context.SpringBootTestWebEnvironment@48d61b48], resourceBasePath = 'src/main/webapp', contextLoader = 'org.springframework.boot.test.context.SpringBootContextLoader', parent = [null]], attributes = map['org.springframework.test.context.web.ServletTestExecutionListener.activateListener' -> false, 'org.springframework.test.context.event.ApplicationEventsTestExecutionListener.recordApplicationEvents' -> false]]
2022-12-04 20:22:11.600  INFO 6608 --- [    Test worker] o.s.t.c.transaction.TransactionContext   : Began transaction (1) for test context [DefaultTestContext@58c2a890 testClass = PostsApiControllerTest, testInstance = com.azurealstn.alog.controller.api.posts.PostsApiControllerTest@1ec7b3f2, testMethod = findAll_posts_by_member@PostsApiControllerTest, testException = [null], mergedContextConfiguration = [WebMergedContextConfiguration@1653ae9d testClass = PostsApiControllerTest, locations = '{}', classes = '{class com.azurealstn.alog.AlogApplication}', contextInitializerClasses = '[]', activeProfiles = '{}', propertySourceLocations = '{}', propertySourceProperties = '{org.springframework.boot.test.context.SpringBootTestContextBootstrapper=true, server.port=0}', contextCustomizers = set[org.springframework.boot.test.autoconfigure.actuate.metrics.MetricsExportContextCustomizerFactory$DisableMetricExportContextCustomizer@59d2103b, org.springframework.boot.test.autoconfigure.properties.PropertyMappingContextCustomizer@0, org.springframework.boot.test.autoconfigure.web.servlet.WebDriverContextCustomizerFactory$Customizer@72a85671, org.springframework.boot.test.context.filter.ExcludeFilterContextCustomizer@4ae33a11, org.springframework.boot.test.json.DuplicateJsonObjectContextCustomizerFactory$DuplicateJsonObjectContextCustomizer@6d0b5baf, org.springframework.boot.test.mock.mockito.MockitoContextCustomizer@0, org.springframework.boot.test.web.client.TestRestTemplateContextCustomizer@5b58ed3c, org.springframework.boot.test.context.SpringBootTestArgs@1, org.springframework.boot.test.context.SpringBootTestWebEnvironment@48d61b48], resourceBasePath = 'src/main/webapp', contextLoader = 'org.springframework.boot.test.context.SpringBootContextLoader', parent = [null]], attributes = map['org.springframework.test.context.web.ServletTestExecutionListener.activateListener' -> false, 'org.springframework.test.context.event.ApplicationEventsTestExecutionListener.recordApplicationEvents' -> false]]; transaction manager [org.springframework.orm.jpa.JpaTransactionManager@37884b27]; rollback [true]
2022-12-04 20:22:11.600  INFO 6608 --- [    Test worker] o.a.c.c.C.[Tomcat].[localhost].[/]       : Initializing Spring TestDispatcherServlet ''
2022-12-04 20:22:11.600  INFO 6608 --- [    Test worker] o.s.t.web.servlet.TestDispatcherServlet  : Initializing Servlet ''
2022-12-04 20:22:11.600  INFO 6608 --- [    Test worker] o.s.t.web.servlet.TestDispatcherServlet  : Completed initialization in 0 ms
Hibernate: select posts0_.posts_id as posts_id1_5_, posts0_.created_date as created_2_5_, posts0_.modified_date as modified3_5_, posts0_.content as content4_5_, posts0_.description as descript5_5_, posts0_.likes as likes6_5_, posts0_.member_id as member_i9_5_, posts0_.secret as secret7_5_, posts0_.title as title8_5_ from posts posts0_
Hibernate: select member0_.member_id as member_i1_3_, member0_.created_date as created_2_3_, member0_.modified_date as modified3_3_, member0_.email as email4_3_, member0_.email_auth as email_au5_3_, member0_.name as name6_3_, member0_.picture as picture7_3_, member0_.role as role8_3_, member0_.short_bio as short_bi9_3_, member0_.username as usernam10_3_ from member member0_
Hibernate: insert into member (member_id, created_date, modified_date, email, email_auth, name, picture, role, short_bio, username) values (default, ?, ?, ?, ?, ?, ?, ?, ?, ?)
Hibernate: insert into posts (posts_id, created_date, modified_date, content, description, likes, member_id, secret, title) values (default, ?, ?, ?, ?, ?, ?, ?, ?)
Hibernate: insert into posts (posts_id, created_date, modified_date, content, description, likes, member_id, secret, title) values (default, ?, ?, ?, ?, ?, ?, ?, ?)
Hibernate: insert into posts (posts_id, created_date, modified_date, content, description, likes, member_id, secret, title) values (default, ?, ?, ?, ?, ?, ?, ?, ?)
Hibernate: insert into posts (posts_id, created_date, modified_date, content, description, likes, member_id, secret, title) values (default, ?, ?, ?, ?, ?, ?, ?, ?)
Hibernate: insert into posts (posts_id, created_date, modified_date, content, description, likes, member_id, secret, title) values (default, ?, ?, ?, ?, ?, ?, ?, ?)
Hibernate: insert into posts (posts_id, created_date, modified_date, content, description, likes, member_id, secret, title) values (default, ?, ?, ?, ?, ?, ?, ?, ?)
Hibernate: insert into posts (posts_id, created_date, modified_date, content, description, likes, member_id, secret, title) values (default, ?, ?, ?, ?, ?, ?, ?, ?)
Hibernate: insert into posts (posts_id, created_date, modified_date, content, description, likes, member_id, secret, title) values (default, ?, ?, ?, ?, ?, ?, ?, ?)
Hibernate: insert into posts (posts_id, created_date, modified_date, content, description, likes, member_id, secret, title) values (default, ?, ?, ?, ?, ?, ?, ?, ?)
Hibernate: insert into posts (posts_id, created_date, modified_date, content, description, likes, member_id, secret, title) values (default, ?, ?, ?, ?, ?, ?, ?, ?)
Hibernate: insert into posts (posts_id, created_date, modified_date, content, description, likes, member_id, secret, title) values (default, ?, ?, ?, ?, ?, ?, ?, ?)
Hibernate: insert into posts (posts_id, created_date, modified_date, content, description, likes, member_id, secret, title) values (default, ?, ?, ?, ?, ?, ?, ?, ?)
Hibernate: insert into posts (posts_id, created_date, modified_date, content, description, likes, member_id, secret, title) values (default, ?, ?, ?, ?, ?, ?, ?, ?)
Hibernate: insert into posts (posts_id, created_date, modified_date, content, description, likes, member_id, secret, title) values (default, ?, ?, ?, ?, ?, ?, ?, ?)
Hibernate: insert into posts (posts_id, created_date, modified_date, content, description, likes, member_id, secret, title) values (default, ?, ?, ?, ?, ?, ?, ?, ?)
Hibernate: insert into posts (posts_id, created_date, modified_date, content, description, likes, member_id, secret, title) values (default, ?, ?, ?, ?, ?, ?, ?, ?)
Hibernate: insert into posts (posts_id, created_date, modified_date, content, description, likes, member_id, secret, title) values (default, ?, ?, ?, ?, ?, ?, ?, ?)
Hibernate: insert into posts (posts_id, created_date, modified_date, content, description, likes, member_id, secret, title) values (default, ?, ?, ?, ?, ?, ?, ?, ?)
Hibernate: insert into posts (posts_id, created_date, modified_date, content, description, likes, member_id, secret, title) values (default, ?, ?, ?, ?, ?, ?, ?, ?)
Hibernate: insert into posts (posts_id, created_date, modified_date, content, description, likes, member_id, secret, title) values (default, ?, ?, ?, ?, ?, ?, ?, ?)
Hibernate: insert into posts (posts_id, created_date, modified_date, content, description, likes, member_id, secret, title) values (default, ?, ?, ?, ?, ?, ?, ?, ?)
Hibernate: insert into posts (posts_id, created_date, modified_date, content, description, likes, member_id, secret, title) values (default, ?, ?, ?, ?, ?, ?, ?, ?)
Hibernate: insert into posts (posts_id, created_date, modified_date, content, description, likes, member_id, secret, title) values (default, ?, ?, ?, ?, ?, ?, ?, ?)
Hibernate: insert into posts (posts_id, created_date, modified_date, content, description, likes, member_id, secret, title) values (default, ?, ?, ?, ?, ?, ?, ?, ?)
Hibernate: insert into posts (posts_id, created_date, modified_date, content, description, likes, member_id, secret, title) values (default, ?, ?, ?, ?, ?, ?, ?, ?)
Hibernate: insert into posts (posts_id, created_date, modified_date, content, description, likes, member_id, secret, title) values (default, ?, ?, ?, ?, ?, ?, ?, ?)
Hibernate: insert into posts (posts_id, created_date, modified_date, content, description, likes, member_id, secret, title) values (default, ?, ?, ?, ?, ?, ?, ?, ?)
Hibernate: insert into posts (posts_id, created_date, modified_date, content, description, likes, member_id, secret, title) values (default, ?, ?, ?, ?, ?, ?, ?, ?)
Hibernate: insert into posts (posts_id, created_date, modified_date, content, description, likes, member_id, secret, title) values (default, ?, ?, ?, ?, ?, ?, ?, ?)
Hibernate: insert into posts (posts_id, created_date, modified_date, content, description, likes, member_id, secret, title) values (default, ?, ?, ?, ?, ?, ?, ?, ?)
Hibernate: select posts0_.posts_id as posts_id1_5_, posts0_.created_date as created_2_5_, posts0_.modified_date as modified3_5_, posts0_.content as content4_5_, posts0_.description as descript5_5_, posts0_.likes as likes6_5_, posts0_.member_id as member_i9_5_, posts0_.secret as secret7_5_, posts0_.title as title8_5_ from posts posts0_ where posts0_.member_id=? order by posts0_.posts_id desc
Hibernate: select hashtag0_.hashtag_id as hashtag_1_2_, hashtag0_.created_date as created_2_2_, hashtag0_.modified_date as modified3_2_, hashtag0_.name as name4_2_ from hashtag hashtag0_ left outer join posts_hashtag_map postshasht1_ on (hashtag0_.hashtag_id=postshasht1_.hashtag_id) left outer join posts posts2_ on (postshasht1_.posts_id=posts2_.posts_id) where posts2_.posts_id=?
Hibernate: select hashtag0_.hashtag_id as hashtag_1_2_, hashtag0_.created_date as created_2_2_, hashtag0_.modified_date as modified3_2_, hashtag0_.name as name4_2_ from hashtag hashtag0_ left outer join posts_hashtag_map postshasht1_ on (hashtag0_.hashtag_id=postshasht1_.hashtag_id) left outer join posts posts2_ on (postshasht1_.posts_id=posts2_.posts_id) where posts2_.posts_id=?
Hibernate: select hashtag0_.hashtag_id as hashtag_1_2_, hashtag0_.created_date as created_2_2_, hashtag0_.modified_date as modified3_2_, hashtag0_.name as name4_2_ from hashtag hashtag0_ left outer join posts_hashtag_map postshasht1_ on (hashtag0_.hashtag_id=postshasht1_.hashtag_id) left outer join posts posts2_ on (postshasht1_.posts_id=posts2_.posts_id) where posts2_.posts_id=?
Hibernate: select hashtag0_.hashtag_id as hashtag_1_2_, hashtag0_.created_date as created_2_2_, hashtag0_.modified_date as modified3_2_, hashtag0_.name as name4_2_ from hashtag hashtag0_ left outer join posts_hashtag_map postshasht1_ on (hashtag0_.hashtag_id=postshasht1_.hashtag_id) left outer join posts posts2_ on (postshasht1_.posts_id=posts2_.posts_id) where posts2_.posts_id=?
Hibernate: select hashtag0_.hashtag_id as hashtag_1_2_, hashtag0_.created_date as created_2_2_, hashtag0_.modified_date as modified3_2_, hashtag0_.name as name4_2_ from hashtag hashtag0_ left outer join posts_hashtag_map postshasht1_ on (hashtag0_.hashtag_id=postshasht1_.hashtag_id) left outer join posts posts2_ on (postshasht1_.posts_id=posts2_.posts_id) where posts2_.posts_id=?
Hibernate: select hashtag0_.hashtag_id as hashtag_1_2_, hashtag0_.created_date as created_2_2_, hashtag0_.modified_date as modified3_2_, hashtag0_.name as name4_2_ from hashtag hashtag0_ left outer join posts_hashtag_map postshasht1_ on (hashtag0_.hashtag_id=postshasht1_.hashtag_id) left outer join posts posts2_ on (postshasht1_.posts_id=posts2_.posts_id) where posts2_.posts_id=?
Hibernate: select hashtag0_.hashtag_id as hashtag_1_2_, hashtag0_.created_date as created_2_2_, hashtag0_.modified_date as modified3_2_, hashtag0_.name as name4_2_ from hashtag hashtag0_ left outer join posts_hashtag_map postshasht1_ on (hashtag0_.hashtag_id=postshasht1_.hashtag_id) left outer join posts posts2_ on (postshasht1_.posts_id=posts2_.posts_id) where posts2_.posts_id=?
Hibernate: select hashtag0_.hashtag_id as hashtag_1_2_, hashtag0_.created_date as created_2_2_, hashtag0_.modified_date as modified3_2_, hashtag0_.name as name4_2_ from hashtag hashtag0_ left outer join posts_hashtag_map postshasht1_ on (hashtag0_.hashtag_id=postshasht1_.hashtag_id) left outer join posts posts2_ on (postshasht1_.posts_id=posts2_.posts_id) where posts2_.posts_id=?
Hibernate: select hashtag0_.hashtag_id as hashtag_1_2_, hashtag0_.created_date as created_2_2_, hashtag0_.modified_date as modified3_2_, hashtag0_.name as name4_2_ from hashtag hashtag0_ left outer join posts_hashtag_map postshasht1_ on (hashtag0_.hashtag_id=postshasht1_.hashtag_id) left outer join posts posts2_ on (postshasht1_.posts_id=posts2_.posts_id) where posts2_.posts_id=?
Hibernate: select hashtag0_.hashtag_id as hashtag_1_2_, hashtag0_.created_date as created_2_2_, hashtag0_.modified_date as modified3_2_, hashtag0_.name as name4_2_ from hashtag hashtag0_ left outer join posts_hashtag_map postshasht1_ on (hashtag0_.hashtag_id=postshasht1_.hashtag_id) left outer join posts posts2_ on (postshasht1_.posts_id=posts2_.posts_id) where posts2_.posts_id=?
Hibernate: select hashtag0_.hashtag_id as hashtag_1_2_, hashtag0_.created_date as created_2_2_, hashtag0_.modified_date as modified3_2_, hashtag0_.name as name4_2_ from hashtag hashtag0_ left outer join posts_hashtag_map postshasht1_ on (hashtag0_.hashtag_id=postshasht1_.hashtag_id) left outer join posts posts2_ on (postshasht1_.posts_id=posts2_.posts_id) where posts2_.posts_id=?
Hibernate: select hashtag0_.hashtag_id as hashtag_1_2_, hashtag0_.created_date as created_2_2_, hashtag0_.modified_date as modified3_2_, hashtag0_.name as name4_2_ from hashtag hashtag0_ left outer join posts_hashtag_map postshasht1_ on (hashtag0_.hashtag_id=postshasht1_.hashtag_id) left outer join posts posts2_ on (postshasht1_.posts_id=posts2_.posts_id) where posts2_.posts_id=?
Hibernate: select hashtag0_.hashtag_id as hashtag_1_2_, hashtag0_.created_date as created_2_2_, hashtag0_.modified_date as modified3_2_, hashtag0_.name as name4_2_ from hashtag hashtag0_ left outer join posts_hashtag_map postshasht1_ on (hashtag0_.hashtag_id=postshasht1_.hashtag_id) left outer join posts posts2_ on (postshasht1_.posts_id=posts2_.posts_id) where posts2_.posts_id=?
Hibernate: select hashtag0_.hashtag_id as hashtag_1_2_, hashtag0_.created_date as created_2_2_, hashtag0_.modified_date as modified3_2_, hashtag0_.name as name4_2_ from hashtag hashtag0_ left outer join posts_hashtag_map postshasht1_ on (hashtag0_.hashtag_id=postshasht1_.hashtag_id) left outer join posts posts2_ on (postshasht1_.posts_id=posts2_.posts_id) where posts2_.posts_id=?
Hibernate: select hashtag0_.hashtag_id as hashtag_1_2_, hashtag0_.created_date as created_2_2_, hashtag0_.modified_date as modified3_2_, hashtag0_.name as name4_2_ from hashtag hashtag0_ left outer join posts_hashtag_map postshasht1_ on (hashtag0_.hashtag_id=postshasht1_.hashtag_id) left outer join posts posts2_ on (postshasht1_.posts_id=posts2_.posts_id) where posts2_.posts_id=?
Hibernate: select hashtag0_.hashtag_id as hashtag_1_2_, hashtag0_.created_date as created_2_2_, hashtag0_.modified_date as modified3_2_, hashtag0_.name as name4_2_ from hashtag hashtag0_ left outer join posts_hashtag_map postshasht1_ on (hashtag0_.hashtag_id=postshasht1_.hashtag_id) left outer join posts posts2_ on (postshasht1_.posts_id=posts2_.posts_id) where posts2_.posts_id=?
Hibernate: select hashtag0_.hashtag_id as hashtag_1_2_, hashtag0_.created_date as created_2_2_, hashtag0_.modified_date as modified3_2_, hashtag0_.name as name4_2_ from hashtag hashtag0_ left outer join posts_hashtag_map postshasht1_ on (hashtag0_.hashtag_id=postshasht1_.hashtag_id) left outer join posts posts2_ on (postshasht1_.posts_id=posts2_.posts_id) where posts2_.posts_id=?
Hibernate: select hashtag0_.hashtag_id as hashtag_1_2_, hashtag0_.created_date as created_2_2_, hashtag0_.modified_date as modified3_2_, hashtag0_.name as name4_2_ from hashtag hashtag0_ left outer join posts_hashtag_map postshasht1_ on (hashtag0_.hashtag_id=postshasht1_.hashtag_id) left outer join posts posts2_ on (postshasht1_.posts_id=posts2_.posts_id) where posts2_.posts_id=?
Hibernate: select hashtag0_.hashtag_id as hashtag_1_2_, hashtag0_.created_date as created_2_2_, hashtag0_.modified_date as modified3_2_, hashtag0_.name as name4_2_ from hashtag hashtag0_ left outer join posts_hashtag_map postshasht1_ on (hashtag0_.hashtag_id=postshasht1_.hashtag_id) left outer join posts posts2_ on (postshasht1_.posts_id=posts2_.posts_id) where posts2_.posts_id=?
Hibernate: select hashtag0_.hashtag_id as hashtag_1_2_, hashtag0_.created_date as created_2_2_, hashtag0_.modified_date as modified3_2_, hashtag0_.name as name4_2_ from hashtag hashtag0_ left outer join posts_hashtag_map postshasht1_ on (hashtag0_.hashtag_id=postshasht1_.hashtag_id) left outer join posts posts2_ on (postshasht1_.posts_id=posts2_.posts_id) where posts2_.posts_id=?
Hibernate: select hashtag0_.hashtag_id as hashtag_1_2_, hashtag0_.created_date as created_2_2_, hashtag0_.modified_date as modified3_2_, hashtag0_.name as name4_2_ from hashtag hashtag0_ left outer join posts_hashtag_map postshasht1_ on (hashtag0_.hashtag_id=postshasht1_.hashtag_id) left outer join posts posts2_ on (postshasht1_.posts_id=posts2_.posts_id) where posts2_.posts_id=?
Hibernate: select hashtag0_.hashtag_id as hashtag_1_2_, hashtag0_.created_date as created_2_2_, hashtag0_.modified_date as modified3_2_, hashtag0_.name as name4_2_ from hashtag hashtag0_ left outer join posts_hashtag_map postshasht1_ on (hashtag0_.hashtag_id=postshasht1_.hashtag_id) left outer join posts posts2_ on (postshasht1_.posts_id=posts2_.posts_id) where posts2_.posts_id=?
Hibernate: select hashtag0_.hashtag_id as hashtag_1_2_, hashtag0_.created_date as created_2_2_, hashtag0_.modified_date as modified3_2_, hashtag0_.name as name4_2_ from hashtag hashtag0_ left outer join posts_hashtag_map postshasht1_ on (hashtag0_.hashtag_id=postshasht1_.hashtag_id) left outer join posts posts2_ on (postshasht1_.posts_id=posts2_.posts_id) where posts2_.posts_id=?
Hibernate: select hashtag0_.hashtag_id as hashtag_1_2_, hashtag0_.created_date as created_2_2_, hashtag0_.modified_date as modified3_2_, hashtag0_.name as name4_2_ from hashtag hashtag0_ left outer join posts_hashtag_map postshasht1_ on (hashtag0_.hashtag_id=postshasht1_.hashtag_id) left outer join posts posts2_ on (postshasht1_.posts_id=posts2_.posts_id) where posts2_.posts_id=?
Hibernate: select hashtag0_.hashtag_id as hashtag_1_2_, hashtag0_.created_date as created_2_2_, hashtag0_.modified_date as modified3_2_, hashtag0_.name as name4_2_ from hashtag hashtag0_ left outer join posts_hashtag_map postshasht1_ on (hashtag0_.hashtag_id=postshasht1_.hashtag_id) left outer join posts posts2_ on (postshasht1_.posts_id=posts2_.posts_id) where posts2_.posts_id=?
Hibernate: select hashtag0_.hashtag_id as hashtag_1_2_, hashtag0_.created_date as created_2_2_, hashtag0_.modified_date as modified3_2_, hashtag0_.name as name4_2_ from hashtag hashtag0_ left outer join posts_hashtag_map postshasht1_ on (hashtag0_.hashtag_id=postshasht1_.hashtag_id) left outer join posts posts2_ on (postshasht1_.posts_id=posts2_.posts_id) where posts2_.posts_id=?
Hibernate: select hashtag0_.hashtag_id as hashtag_1_2_, hashtag0_.created_date as created_2_2_, hashtag0_.modified_date as modified3_2_, hashtag0_.name as name4_2_ from hashtag hashtag0_ left outer join posts_hashtag_map postshasht1_ on (hashtag0_.hashtag_id=postshasht1_.hashtag_id) left outer join posts posts2_ on (postshasht1_.posts_id=posts2_.posts_id) where posts2_.posts_id=?
Hibernate: select hashtag0_.hashtag_id as hashtag_1_2_, hashtag0_.created_date as created_2_2_, hashtag0_.modified_date as modified3_2_, hashtag0_.name as name4_2_ from hashtag hashtag0_ left outer join posts_hashtag_map postshasht1_ on (hashtag0_.hashtag_id=postshasht1_.hashtag_id) left outer join posts posts2_ on (postshasht1_.posts_id=posts2_.posts_id) where posts2_.posts_id=?
Hibernate: select hashtag0_.hashtag_id as hashtag_1_2_, hashtag0_.created_date as created_2_2_, hashtag0_.modified_date as modified3_2_, hashtag0_.name as name4_2_ from hashtag hashtag0_ left outer join posts_hashtag_map postshasht1_ on (hashtag0_.hashtag_id=postshasht1_.hashtag_id) left outer join posts posts2_ on (postshasht1_.posts_id=posts2_.posts_id) where posts2_.posts_id=?
Hibernate: select hashtag0_.hashtag_id as hashtag_1_2_, hashtag0_.created_date as created_2_2_, hashtag0_.modified_date as modified3_2_, hashtag0_.name as name4_2_ from hashtag hashtag0_ left outer join posts_hashtag_map postshasht1_ on (hashtag0_.hashtag_id=postshasht1_.hashtag_id) left outer join posts posts2_ on (postshasht1_.posts_id=posts2_.posts_id) where posts2_.posts_id=?

MockHttpServletRequest:
      HTTP Method = GET
      Request URI = /api/v1/posts/by-member
       Parameters = {}
          Headers = [Content-Type:"application/json;charset=UTF-8"]
             Body = null
    Session Attrs = {member=SessionMemberDto(id=25, name=슬로우스타터, email=azurealstn@naver.com, picture=test.jpg, username=haha, shortBio=안녕하세요!)}

Handler:
             Type = com.azurealstn.alog.controller.api.posts.PostsApiController
           Method = com.azurealstn.alog.controller.api.posts.PostsApiController#postsListByMember()

Async:
    Async started = false
     Async result = null

Resolved Exception:
             Type = null

ModelAndView:
        View name = null
             View = null
            Model = null

FlashMap:
       Attributes = null

MockHttpServletResponse:
           Status = 200
    Error message = null
          Headers = [Content-Type:"application/json;charset=UTF-8"]
     Content type = application/json;charset=UTF-8
             Body = [{"id":99,"title":"test 제목 - 30","content":"뭐로 할까 - 30","member":{"createdDate":"2022-12-04T20:22:11.6005497","modifiedDate":"2022-12-04T20:22:11.6005497","id":25,"email":"azurealstn@naver.com","name":"슬로우스타터","picture":"test.jpg","role":"MEMBER","emailAuth":true,"username":"haha","shortBio":"안녕하세요!","roleKey":"ROLE_MEMBER"},"description":"소개글 - 30","secret":null,"previousTime":"2022년 12월 4일","hashTagNames":[],"likeCount":0,"commentCount":0,"storeFilename":null,"totalRowCount":0,"imageUrl":null},{"id":98,"title":"test 제목 - 29","content":"뭐로 할까 - 29","member":{"createdDate":"2022-12-04T20:22:11.6005497","modifiedDate":"2022-12-04T20:22:11.6005497","id":25,"email":"azurealstn@naver.com","name":"슬로우스타터","picture":"test.jpg","role":"MEMBER","emailAuth":true,"username":"haha","shortBio":"안녕하세요!","roleKey":"ROLE_MEMBER"},"description":"소개글 - 29","secret":null,"previousTime":"2022년 12월 4일","hashTagNames":[],"likeCount":0,"commentCount":0,"storeFilename":null,"totalRowCount":0,"imageUrl":null},{"id":97,"title":"test 제목 - 28","content":"뭐로 할까 - 28","member":{"createdDate":"2022-12-04T20:22:11.6005497","modifiedDate":"2022-12-04T20:22:11.6005497","id":25,"email":"azurealstn@naver.com","name":"슬로우스타터","picture":"test.jpg","role":"MEMBER","emailAuth":true,"username":"haha","shortBio":"안녕하세요!","roleKey":"ROLE_MEMBER"},"description":"소개글 - 28","secret":null,"previousTime":"2022년 12월 4일","hashTagNames":[],"likeCount":0,"commentCount":0,"storeFilename":null,"totalRowCount":0,"imageUrl":null},{"id":96,"title":"test 제목 - 27","content":"뭐로 할까 - 27","member":{"createdDate":"2022-12-04T20:22:11.6005497","modifiedDate":"2022-12-04T20:22:11.6005497","id":25,"email":"azurealstn@naver.com","name":"슬로우스타터","picture":"test.jpg","role":"MEMBER","emailAuth":true,"username":"haha","shortBio":"안녕하세요!","roleKey":"ROLE_MEMBER"},"description":"소개글 - 27","secret":null,"previousTime":"2022년 12월 4일","hashTagNames":[],"likeCount":0,"commentCount":0,"storeFilename":null,"totalRowCount":0,"imageUrl":null},{"id":95,"title":"test 제목 - 26","content":"뭐로 할까 - 26","member":{"createdDate":"2022-12-04T20:22:11.6005497","modifiedDate":"2022-12-04T20:22:11.6005497","id":25,"email":"azurealstn@naver.com","name":"슬로우스타터","picture":"test.jpg","role":"MEMBER","emailAuth":true,"username":"haha","shortBio":"안녕하세요!","roleKey":"ROLE_MEMBER"},"description":"소개글 - 26","secret":null,"previousTime":"2022년 12월 4일","hashTagNames":[],"likeCount":0,"commentCount":0,"storeFilename":null,"totalRowCount":0,"imageUrl":null},{"id":94,"title":"test 제목 - 25","content":"뭐로 할까 - 25","member":{"createdDate":"2022-12-04T20:22:11.6005497","modifiedDate":"2022-12-04T20:22:11.6005497","id":25,"email":"azurealstn@naver.com","name":"슬로우스타터","picture":"test.jpg","role":"MEMBER","emailAuth":true,"username":"haha","shortBio":"안녕하세요!","roleKey":"ROLE_MEMBER"},"description":"소개글 - 25","secret":null,"previousTime":"2022년 12월 4일","hashTagNames":[],"likeCount":0,"commentCount":0,"storeFilename":null,"totalRowCount":0,"imageUrl":null},{"id":93,"title":"test 제목 - 24","content":"뭐로 할까 - 24","member":{"createdDate":"2022-12-04T20:22:11.6005497","modifiedDate":"2022-12-04T20:22:11.6005497","id":25,"email":"azurealstn@naver.com","name":"슬로우스타터","picture":"test.jpg","role":"MEMBER","emailAuth":true,"username":"haha","shortBio":"안녕하세요!","roleKey":"ROLE_MEMBER"},"description":"소개글 - 24","secret":null,"previousTime":"2022년 12월 4일","hashTagNames":[],"likeCount":0,"commentCount":0,"storeFilename":null,"totalRowCount":0,"imageUrl":null},{"id":92,"title":"test 제목 - 23","content":"뭐로 할까 - 23","member":{"createdDate":"2022-12-04T20:22:11.6005497","modifiedDate":"2022-12-04T20:22:11.6005497","id":25,"email":"azurealstn@naver.com","name":"슬로우스타터","picture":"test.jpg","role":"MEMBER","emailAuth":true,"username":"haha","shortBio":"안녕하세요!","roleKey":"ROLE_MEMBER"},"description":"소개글 - 23","secret":null,"previousTime":"2022년 12월 4일","hashTagNames":[],"likeCount":0,"commentCount":0,"storeFilename":null,"totalRowCount":0,"imageUrl":null},{"id":91,"title":"test 제목 - 22","content":"뭐로 할까 - 22","member":{"createdDate":"2022-12-04T20:22:11.6005497","modifiedDate":"2022-12-04T20:22:11.6005497","id":25,"email":"azurealstn@naver.com","name":"슬로우스타터","picture":"test.jpg","role":"MEMBER","emailAuth":true,"username":"haha","shortBio":"안녕하세요!","roleKey":"ROLE_MEMBER"},"description":"소개글 - 22","secret":null,"previousTime":"2022년 12월 4일","hashTagNames":[],"likeCount":0,"commentCount":0,"storeFilename":null,"totalRowCount":0,"imageUrl":null},{"id":90,"title":"test 제목 - 21","content":"뭐로 할까 - 21","member":{"createdDate":"2022-12-04T20:22:11.6005497","modifiedDate":"2022-12-04T20:22:11.6005497","id":25,"email":"azurealstn@naver.com","name":"슬로우스타터","picture":"test.jpg","role":"MEMBER","emailAuth":true,"username":"haha","shortBio":"안녕하세요!","roleKey":"ROLE_MEMBER"},"description":"소개글 - 21","secret":null,"previousTime":"2022년 12월 4일","hashTagNames":[],"likeCount":0,"commentCount":0,"storeFilename":null,"totalRowCount":0,"imageUrl":null},{"id":89,"title":"test 제목 - 20","content":"뭐로 할까 - 20","member":{"createdDate":"2022-12-04T20:22:11.6005497","modifiedDate":"2022-12-04T20:22:11.6005497","id":25,"email":"azurealstn@naver.com","name":"슬로우스타터","picture":"test.jpg","role":"MEMBER","emailAuth":true,"username":"haha","shortBio":"안녕하세요!","roleKey":"ROLE_MEMBER"},"description":"소개글 - 20","secret":null,"previousTime":"2022년 12월 4일","hashTagNames":[],"likeCount":0,"commentCount":0,"storeFilename":null,"totalRowCount":0,"imageUrl":null},{"id":88,"title":"test 제목 - 19","content":"뭐로 할까 - 19","member":{"createdDate":"2022-12-04T20:22:11.6005497","modifiedDate":"2022-12-04T20:22:11.6005497","id":25,"email":"azurealstn@naver.com","name":"슬로우스타터","picture":"test.jpg","role":"MEMBER","emailAuth":true,"username":"haha","shortBio":"안녕하세요!","roleKey":"ROLE_MEMBER"},"description":"소개글 - 19","secret":null,"previousTime":"2022년 12월 4일","hashTagNames":[],"likeCount":0,"commentCount":0,"storeFilename":null,"totalRowCount":0,"imageUrl":null},{"id":87,"title":"test 제목 - 18","content":"뭐로 할까 - 18","member":{"createdDate":"2022-12-04T20:22:11.6005497","modifiedDate":"2022-12-04T20:22:11.6005497","id":25,"email":"azurealstn@naver.com","name":"슬로우스타터","picture":"test.jpg","role":"MEMBER","emailAuth":true,"username":"haha","shortBio":"안녕하세요!","roleKey":"ROLE_MEMBER"},"description":"소개글 - 18","secret":null,"previousTime":"2022년 12월 4일","hashTagNames":[],"likeCount":0,"commentCount":0,"storeFilename":null,"totalRowCount":0,"imageUrl":null},{"id":86,"title":"test 제목 - 17","content":"뭐로 할까 - 17","member":{"createdDate":"2022-12-04T20:22:11.6005497","modifiedDate":"2022-12-04T20:22:11.6005497","id":25,"email":"azurealstn@naver.com","name":"슬로우스타터","picture":"test.jpg","role":"MEMBER","emailAuth":true,"username":"haha","shortBio":"안녕하세요!","roleKey":"ROLE_MEMBER"},"description":"소개글 - 17","secret":null,"previousTime":"2022년 12월 4일","hashTagNames":[],"likeCount":0,"commentCount":0,"storeFilename":null,"totalRowCount":0,"imageUrl":null},{"id":85,"title":"test 제목 - 16","content":"뭐로 할까 - 16","member":{"createdDate":"2022-12-04T20:22:11.6005497","modifiedDate":"2022-12-04T20:22:11.6005497","id":25,"email":"azurealstn@naver.com","name":"슬로우스타터","picture":"test.jpg","role":"MEMBER","emailAuth":true,"username":"haha","shortBio":"안녕하세요!","roleKey":"ROLE_MEMBER"},"description":"소개글 - 16","secret":null,"previousTime":"2022년 12월 4일","hashTagNames":[],"likeCount":0,"commentCount":0,"storeFilename":null,"totalRowCount":0,"imageUrl":null},{"id":84,"title":"test 제목 - 15","content":"뭐로 할까 - 15","member":{"createdDate":"2022-12-04T20:22:11.6005497","modifiedDate":"2022-12-04T20:22:11.6005497","id":25,"email":"azurealstn@naver.com","name":"슬로우스타터","picture":"test.jpg","role":"MEMBER","emailAuth":true,"username":"haha","shortBio":"안녕하세요!","roleKey":"ROLE_MEMBER"},"description":"소개글 - 15","secret":null,"previousTime":"2022년 12월 4일","hashTagNames":[],"likeCount":0,"commentCount":0,"storeFilename":null,"totalRowCount":0,"imageUrl":null},{"id":83,"title":"test 제목 - 14","content":"뭐로 할까 - 14","member":{"createdDate":"2022-12-04T20:22:11.6005497","modifiedDate":"2022-12-04T20:22:11.6005497","id":25,"email":"azurealstn@naver.com","name":"슬로우스타터","picture":"test.jpg","role":"MEMBER","emailAuth":true,"username":"haha","shortBio":"안녕하세요!","roleKey":"ROLE_MEMBER"},"description":"소개글 - 14","secret":null,"previousTime":"2022년 12월 4일","hashTagNames":[],"likeCount":0,"commentCount":0,"storeFilename":null,"totalRowCount":0,"imageUrl":null},{"id":82,"title":"test 제목 - 13","content":"뭐로 할까 - 13","member":{"createdDate":"2022-12-04T20:22:11.6005497","modifiedDate":"2022-12-04T20:22:11.6005497","id":25,"email":"azurealstn@naver.com","name":"슬로우스타터","picture":"test.jpg","role":"MEMBER","emailAuth":true,"username":"haha","shortBio":"안녕하세요!","roleKey":"ROLE_MEMBER"},"description":"소개글 - 13","secret":null,"previousTime":"2022년 12월 4일","hashTagNames":[],"likeCount":0,"commentCount":0,"storeFilename":null,"totalRowCount":0,"imageUrl":null},{"id":81,"title":"test 제목 - 12","content":"뭐로 할까 - 12","member":{"createdDate":"2022-12-04T20:22:11.6005497","modifiedDate":"2022-12-04T20:22:11.6005497","id":25,"email":"azurealstn@naver.com","name":"슬로우스타터","picture":"test.jpg","role":"MEMBER","emailAuth":true,"username":"haha","shortBio":"안녕하세요!","roleKey":"ROLE_MEMBER"},"description":"소개글 - 12","secret":null,"previousTime":"2022년 12월 4일","hashTagNames":[],"likeCount":0,"commentCount":0,"storeFilename":null,"totalRowCount":0,"imageUrl":null},{"id":80,"title":"test 제목 - 11","content":"뭐로 할까 - 11","member":{"createdDate":"2022-12-04T20:22:11.6005497","modifiedDate":"2022-12-04T20:22:11.6005497","id":25,"email":"azurealstn@naver.com","name":"슬로우스타터","picture":"test.jpg","role":"MEMBER","emailAuth":true,"username":"haha","shortBio":"안녕하세요!","roleKey":"ROLE_MEMBER"},"description":"소개글 - 11","secret":null,"previousTime":"2022년 12월 4일","hashTagNames":[],"likeCount":0,"commentCount":0,"storeFilename":null,"totalRowCount":0,"imageUrl":null},{"id":79,"title":"test 제목 - 10","content":"뭐로 할까 - 10","member":{"createdDate":"2022-12-04T20:22:11.6005497","modifiedDate":"2022-12-04T20:22:11.6005497","id":25,"email":"azurealstn@naver.com","name":"슬로우스타터","picture":"test.jpg","role":"MEMBER","emailAuth":true,"username":"haha","shortBio":"안녕하세요!","roleKey":"ROLE_MEMBER"},"description":"소개글 - 10","secret":null,"previousTime":"2022년 12월 4일","hashTagNames":[],"likeCount":0,"commentCount":0,"storeFilename":null,"totalRowCount":0,"imageUrl":null},{"id":78,"title":"test 제목 - 9","content":"뭐로 할까 - 9","member":{"createdDate":"2022-12-04T20:22:11.6005497","modifiedDate":"2022-12-04T20:22:11.6005497","id":25,"email":"azurealstn@naver.com","name":"슬로우스타터","picture":"test.jpg","role":"MEMBER","emailAuth":true,"username":"haha","shortBio":"안녕하세요!","roleKey":"ROLE_MEMBER"},"description":"소개글 - 9","secret":null,"previousTime":"2022년 12월 4일","hashTagNames":[],"likeCount":0,"commentCount":0,"storeFilename":null,"totalRowCount":0,"imageUrl":null},{"id":77,"title":"test 제목 - 8","content":"뭐로 할까 - 8","member":{"createdDate":"2022-12-04T20:22:11.6005497","modifiedDate":"2022-12-04T20:22:11.6005497","id":25,"email":"azurealstn@naver.com","name":"슬로우스타터","picture":"test.jpg","role":"MEMBER","emailAuth":true,"username":"haha","shortBio":"안녕하세요!","roleKey":"ROLE_MEMBER"},"description":"소개글 - 8","secret":null,"previousTime":"2022년 12월 4일","hashTagNames":[],"likeCount":0,"commentCount":0,"storeFilename":null,"totalRowCount":0,"imageUrl":null},{"id":76,"title":"test 제목 - 7","content":"뭐로 할까 - 7","member":{"createdDate":"2022-12-04T20:22:11.6005497","modifiedDate":"2022-12-04T20:22:11.6005497","id":25,"email":"azurealstn@naver.com","name":"슬로우스타터","picture":"test.jpg","role":"MEMBER","emailAuth":true,"username":"haha","shortBio":"안녕하세요!","roleKey":"ROLE_MEMBER"},"description":"소개글 - 7","secret":null,"previousTime":"2022년 12월 4일","hashTagNames":[],"likeCount":0,"commentCount":0,"storeFilename":null,"totalRowCount":0,"imageUrl":null},{"id":75,"title":"test 제목 - 6","content":"뭐로 할까 - 6","member":{"createdDate":"2022-12-04T20:22:11.6005497","modifiedDate":"2022-12-04T20:22:11.6005497","id":25,"email":"azurealstn@naver.com","name":"슬로우스타터","picture":"test.jpg","role":"MEMBER","emailAuth":true,"username":"haha","shortBio":"안녕하세요!","roleKey":"ROLE_MEMBER"},"description":"소개글 - 6","secret":null,"previousTime":"2022년 12월 4일","hashTagNames":[],"likeCount":0,"commentCount":0,"storeFilename":null,"totalRowCount":0,"imageUrl":null},{"id":74,"title":"test 제목 - 5","content":"뭐로 할까 - 5","member":{"createdDate":"2022-12-04T20:22:11.6005497","modifiedDate":"2022-12-04T20:22:11.6005497","id":25,"email":"azurealstn@naver.com","name":"슬로우스타터","picture":"test.jpg","role":"MEMBER","emailAuth":true,"username":"haha","shortBio":"안녕하세요!","roleKey":"ROLE_MEMBER"},"description":"소개글 - 5","secret":null,"previousTime":"2022년 12월 4일","hashTagNames":[],"likeCount":0,"commentCount":0,"storeFilename":null,"totalRowCount":0,"imageUrl":null},{"id":73,"title":"test 제목 - 4","content":"뭐로 할까 - 4","member":{"createdDate":"2022-12-04T20:22:11.6005497","modifiedDate":"2022-12-04T20:22:11.6005497","id":25,"email":"azurealstn@naver.com","name":"슬로우스타터","picture":"test.jpg","role":"MEMBER","emailAuth":true,"username":"haha","shortBio":"안녕하세요!","roleKey":"ROLE_MEMBER"},"description":"소개글 - 4","secret":null,"previousTime":"2022년 12월 4일","hashTagNames":[],"likeCount":0,"commentCount":0,"storeFilename":null,"totalRowCount":0,"imageUrl":null},{"id":72,"title":"test 제목 - 3","content":"뭐로 할까 - 3","member":{"createdDate":"2022-12-04T20:22:11.6005497","modifiedDate":"2022-12-04T20:22:11.6005497","id":25,"email":"azurealstn@naver.com","name":"슬로우스타터","picture":"test.jpg","role":"MEMBER","emailAuth":true,"username":"haha","shortBio":"안녕하세요!","roleKey":"ROLE_MEMBER"},"description":"소개글 - 3","secret":null,"previousTime":"2022년 12월 4일","hashTagNames":[],"likeCount":0,"commentCount":0,"storeFilename":null,"totalRowCount":0,"imageUrl":null},{"id":71,"title":"test 제목 - 2","content":"뭐로 할까 - 2","member":{"createdDate":"2022-12-04T20:22:11.6005497","modifiedDate":"2022-12-04T20:22:11.6005497","id":25,"email":"azurealstn@naver.com","name":"슬로우스타터","picture":"test.jpg","role":"MEMBER","emailAuth":true,"username":"haha","shortBio":"안녕하세요!","roleKey":"ROLE_MEMBER"},"description":"소개글 - 2","secret":null,"previousTime":"2022년 12월 4일","hashTagNames":[],"likeCount":0,"commentCount":0,"storeFilename":null,"totalRowCount":0,"imageUrl":null},{"id":70,"title":"test 제목 - 1","content":"뭐로 할까 - 1","member":{"createdDate":"2022-12-04T20:22:11.6005497","modifiedDate":"2022-12-04T20:22:11.6005497","id":25,"email":"azurealstn@naver.com","name":"슬로우스타터","picture":"test.jpg","role":"MEMBER","emailAuth":true,"username":"haha","shortBio":"안녕하세요!","roleKey":"ROLE_MEMBER"},"description":"소개글 - 1","secret":null,"previousTime":"2022년 12월 4일","hashTagNames":[],"likeCount":0,"commentCount":0,"storeFilename":null,"totalRowCount":0,"imageUrl":null}]
    Forwarded URL = null
   Redirected URL = null
          Cookies = []
Hibernate: select posts0_.posts_id as posts_id1_5_, posts0_.created_date as created_2_5_, posts0_.modified_date as modified3_5_, posts0_.content as content4_5_, posts0_.description as descript5_5_, posts0_.likes as likes6_5_, posts0_.member_id as member_i9_5_, posts0_.secret as secret7_5_, posts0_.title as title8_5_ from posts posts0_
Hibernate: select member0_.member_id as member_i1_3_, member0_.created_date as created_2_3_, member0_.modified_date as modified3_3_, member0_.email as email4_3_, member0_.email_auth as email_au5_3_, member0_.name as name6_3_, member0_.picture as picture7_3_, member0_.role as role8_3_, member0_.short_bio as short_bi9_3_, member0_.username as usernam10_3_ from member member0_
2022-12-04 20:22:11.678  INFO 6608 --- [    Test worker] o.s.t.c.transaction.TransactionContext   : Rolled back transaction for test: [DefaultTestContext@58c2a890 testClass = PostsApiControllerTest, testInstance = com.azurealstn.alog.controller.api.posts.PostsApiControllerTest@1ec7b3f2, testMethod = findAll_posts_by_member@PostsApiControllerTest, testException = [null], mergedContextConfiguration = [WebMergedContextConfiguration@1653ae9d testClass = PostsApiControllerTest, locations = '{}', classes = '{class com.azurealstn.alog.AlogApplication}', contextInitializerClasses = '[]', activeProfiles = '{}', propertySourceLocations = '{}', propertySourceProperties = '{org.springframework.boot.test.context.SpringBootTestContextBootstrapper=true, server.port=0}', contextCustomizers = set[org.springframework.boot.test.autoconfigure.actuate.metrics.MetricsExportContextCustomizerFactory$DisableMetricExportContextCustomizer@59d2103b, org.springframework.boot.test.autoconfigure.properties.PropertyMappingContextCustomizer@0, org.springframework.boot.test.autoconfigure.web.servlet.WebDriverContextCustomizerFactory$Customizer@72a85671, org.springframework.boot.test.context.filter.ExcludeFilterContextCustomizer@4ae33a11, org.springframework.boot.test.json.DuplicateJsonObjectContextCustomizerFactory$DuplicateJsonObjectContextCustomizer@6d0b5baf, org.springframework.boot.test.mock.mockito.MockitoContextCustomizer@0, org.springframework.boot.test.web.client.TestRestTemplateContextCustomizer@5b58ed3c, org.springframework.boot.test.context.SpringBootTestArgs@1, org.springframework.boot.test.context.SpringBootTestWebEnvironment@48d61b48], resourceBasePath = 'src/main/webapp', contextLoader = 'org.springframework.boot.test.context.SpringBootContextLoader', parent = [null]], attributes = map['org.springframework.test.context.web.ServletTestExecutionListener.activateListener' -> false, 'org.springframework.test.context.event.ApplicationEventsTestExecutionListener.recordApplicationEvents' -> false]]
2022-12-04 20:22:11.678  INFO 6608 --- [    Test worker] o.s.t.c.transaction.TransactionContext   : Began transaction (1) for test context [DefaultTestContext@58c2a890 testClass = PostsApiControllerTest, testInstance = com.azurealstn.alog.controller.api.posts.PostsApiControllerTest@454fcb0d, testMethod = posts_create_api_validate_title@PostsApiControllerTest, testException = [null], mergedContextConfiguration = [WebMergedContextConfiguration@1653ae9d testClass = PostsApiControllerTest, locations = '{}', classes = '{class com.azurealstn.alog.AlogApplication}', contextInitializerClasses = '[]', activeProfiles = '{}', propertySourceLocations = '{}', propertySourceProperties = '{org.springframework.boot.test.context.SpringBootTestContextBootstrapper=true, server.port=0}', contextCustomizers = set[org.springframework.boot.test.autoconfigure.actuate.metrics.MetricsExportContextCustomizerFactory$DisableMetricExportContextCustomizer@59d2103b, org.springframework.boot.test.autoconfigure.properties.PropertyMappingContextCustomizer@0, org.springframework.boot.test.autoconfigure.web.servlet.WebDriverContextCustomizerFactory$Customizer@72a85671, org.springframework.boot.test.context.filter.ExcludeFilterContextCustomizer@4ae33a11, org.springframework.boot.test.json.DuplicateJsonObjectContextCustomizerFactory$DuplicateJsonObjectContextCustomizer@6d0b5baf, org.springframework.boot.test.mock.mockito.MockitoContextCustomizer@0, org.springframework.boot.test.web.client.TestRestTemplateContextCustomizer@5b58ed3c, org.springframework.boot.test.context.SpringBootTestArgs@1, org.springframework.boot.test.context.SpringBootTestWebEnvironment@48d61b48], resourceBasePath = 'src/main/webapp', contextLoader = 'org.springframework.boot.test.context.SpringBootContextLoader', parent = [null]], attributes = map['org.springframework.test.context.web.ServletTestExecutionListener.activateListener' -> false, 'org.springframework.test.context.event.ApplicationEventsTestExecutionListener.recordApplicationEvents' -> false]]; transaction manager [org.springframework.orm.jpa.JpaTransactionManager@37884b27]; rollback [true]
2022-12-04 20:22:11.678  INFO 6608 --- [    Test worker] o.a.c.c.C.[Tomcat].[localhost].[/]       : Initializing Spring TestDispatcherServlet ''
2022-12-04 20:22:11.678  INFO 6608 --- [    Test worker] o.s.t.web.servlet.TestDispatcherServlet  : Initializing Servlet ''
2022-12-04 20:22:11.678  INFO 6608 --- [    Test worker] o.s.t.web.servlet.TestDispatcherServlet  : Completed initialization in 0 ms
Hibernate: select posts0_.posts_id as posts_id1_5_, posts0_.created_date as created_2_5_, posts0_.modified_date as modified3_5_, posts0_.content as content4_5_, posts0_.description as descript5_5_, posts0_.likes as likes6_5_, posts0_.member_id as member_i9_5_, posts0_.secret as secret7_5_, posts0_.title as title8_5_ from posts posts0_
Hibernate: select member0_.member_id as member_i1_3_, member0_.created_date as created_2_3_, member0_.modified_date as modified3_3_, member0_.email as email4_3_, member0_.email_auth as email_au5_3_, member0_.name as name6_3_, member0_.picture as picture7_3_, member0_.role as role8_3_, member0_.short_bio as short_bi9_3_, member0_.username as usernam10_3_ from member member0_
Hibernate: insert into member (member_id, created_date, modified_date, email, email_auth, name, picture, role, short_bio, username) values (default, ?, ?, ?, ?, ?, ?, ?, ?, ?)

MockHttpServletRequest:
      HTTP Method = POST
      Request URI = /api/v1/posts
       Parameters = {}
          Headers = [Content-Type:"application/json;charset=UTF-8", Content-Length:"372"]
             Body = {"title":"","content":"안녕하세요?","member":{"createdDate":"2022-12-04T20:22:11.678679","modifiedDate":"2022-12-04T20:22:11.678679","id":26,"email":"azurealstn@naver.com","name":"슬로우스타터","picture":"test.jpg","role":"MEMBER","emailAuth":true,"username":"haha","shortBio":"안녕하세요!","roleKey":"ROLE_MEMBER"},"description":"소개글","secret":null}
    Session Attrs = {member=SessionMemberDto(id=26, name=슬로우스타터, email=azurealstn@naver.com, picture=test.jpg, username=haha, shortBio=안녕하세요!)}

Handler:
             Type = com.azurealstn.alog.controller.api.posts.PostsApiController
           Method = com.azurealstn.alog.controller.api.posts.PostsApiController#create(PostsCreateRequestDto)

Async:
    Async started = false
     Async result = null

Resolved Exception:
             Type = org.springframework.web.bind.MethodArgumentNotValidException

ModelAndView:
        View name = null
             View = null
            Model = null

FlashMap:
       Attributes = null

MockHttpServletResponse:
           Status = 400
    Error message = null
          Headers = [Content-Type:"application/json;charset=UTF-8"]
     Content type = application/json;charset=UTF-8
             Body = {"code":"400","message":"클라이언트의 잘못된 요청이 있습니다. (application/json)","validation":[{"fieldName":"title","errorMessage":"제목이 비어있습니다."}]}
    Forwarded URL = null
   Redirected URL = null
          Cookies = []
Hibernate: select posts0_.posts_id as posts_id1_5_, posts0_.created_date as created_2_5_, posts0_.modified_date as modified3_5_, posts0_.content as content4_5_, posts0_.description as descript5_5_, posts0_.likes as likes6_5_, posts0_.member_id as member_i9_5_, posts0_.secret as secret7_5_, posts0_.title as title8_5_ from posts posts0_
Hibernate: select member0_.member_id as member_i1_3_, member0_.created_date as created_2_3_, member0_.modified_date as modified3_3_, member0_.email as email4_3_, member0_.email_auth as email_au5_3_, member0_.name as name6_3_, member0_.picture as picture7_3_, member0_.role as role8_3_, member0_.short_bio as short_bi9_3_, member0_.username as usernam10_3_ from member member0_
2022-12-04 20:22:11.695  INFO 6608 --- [    Test worker] o.s.t.c.transaction.TransactionContext   : Rolled back transaction for test: [DefaultTestContext@58c2a890 testClass = PostsApiControllerTest, testInstance = com.azurealstn.alog.controller.api.posts.PostsApiControllerTest@454fcb0d, testMethod = posts_create_api_validate_title@PostsApiControllerTest, testException = [null], mergedContextConfiguration = [WebMergedContextConfiguration@1653ae9d testClass = PostsApiControllerTest, locations = '{}', classes = '{class com.azurealstn.alog.AlogApplication}', contextInitializerClasses = '[]', activeProfiles = '{}', propertySourceLocations = '{}', propertySourceProperties = '{org.springframework.boot.test.context.SpringBootTestContextBootstrapper=true, server.port=0}', contextCustomizers = set[org.springframework.boot.test.autoconfigure.actuate.metrics.MetricsExportContextCustomizerFactory$DisableMetricExportContextCustomizer@59d2103b, org.springframework.boot.test.autoconfigure.properties.PropertyMappingContextCustomizer@0, org.springframework.boot.test.autoconfigure.web.servlet.WebDriverContextCustomizerFactory$Customizer@72a85671, org.springframework.boot.test.context.filter.ExcludeFilterContextCustomizer@4ae33a11, org.springframework.boot.test.json.DuplicateJsonObjectContextCustomizerFactory$DuplicateJsonObjectContextCustomizer@6d0b5baf, org.springframework.boot.test.mock.mockito.MockitoContextCustomizer@0, org.springframework.boot.test.web.client.TestRestTemplateContextCustomizer@5b58ed3c, org.springframework.boot.test.context.SpringBootTestArgs@1, org.springframework.boot.test.context.SpringBootTestWebEnvironment@48d61b48], resourceBasePath = 'src/main/webapp', contextLoader = 'org.springframework.boot.test.context.SpringBootContextLoader', parent = [null]], attributes = map['org.springframework.test.context.web.ServletTestExecutionListener.activateListener' -> false, 'org.springframework.test.context.event.ApplicationEventsTestExecutionListener.recordApplicationEvents' -> false]]
2022-12-04 20:22:11.695  INFO 6608 --- [    Test worker] o.s.t.c.transaction.TransactionContext   : Began transaction (1) for test context [DefaultTestContext@58c2a890 testClass = PostsApiControllerTest, testInstance = com.azurealstn.alog.controller.api.posts.PostsApiControllerTest@74a4a82a, testMethod = posts_create_api_validate_description@PostsApiControllerTest, testException = [null], mergedContextConfiguration = [WebMergedContextConfiguration@1653ae9d testClass = PostsApiControllerTest, locations = '{}', classes = '{class com.azurealstn.alog.AlogApplication}', contextInitializerClasses = '[]', activeProfiles = '{}', propertySourceLocations = '{}', propertySourceProperties = '{org.springframework.boot.test.context.SpringBootTestContextBootstrapper=true, server.port=0}', contextCustomizers = set[org.springframework.boot.test.autoconfigure.actuate.metrics.MetricsExportContextCustomizerFactory$DisableMetricExportContextCustomizer@59d2103b, org.springframework.boot.test.autoconfigure.properties.PropertyMappingContextCustomizer@0, org.springframework.boot.test.autoconfigure.web.servlet.WebDriverContextCustomizerFactory$Customizer@72a85671, org.springframework.boot.test.context.filter.ExcludeFilterContextCustomizer@4ae33a11, org.springframework.boot.test.json.DuplicateJsonObjectContextCustomizerFactory$DuplicateJsonObjectContextCustomizer@6d0b5baf, org.springframework.boot.test.mock.mockito.MockitoContextCustomizer@0, org.springframework.boot.test.web.client.TestRestTemplateContextCustomizer@5b58ed3c, org.springframework.boot.test.context.SpringBootTestArgs@1, org.springframework.boot.test.context.SpringBootTestWebEnvironment@48d61b48], resourceBasePath = 'src/main/webapp', contextLoader = 'org.springframework.boot.test.context.SpringBootContextLoader', parent = [null]], attributes = map['org.springframework.test.context.web.ServletTestExecutionListener.activateListener' -> false, 'org.springframework.test.context.event.ApplicationEventsTestExecutionListener.recordApplicationEvents' -> false]]; transaction manager [org.springframework.orm.jpa.JpaTransactionManager@37884b27]; rollback [true]
2022-12-04 20:22:11.695  INFO 6608 --- [    Test worker] o.a.c.c.C.[Tomcat].[localhost].[/]       : Initializing Spring TestDispatcherServlet ''
2022-12-04 20:22:11.695  INFO 6608 --- [    Test worker] o.s.t.web.servlet.TestDispatcherServlet  : Initializing Servlet ''
2022-12-04 20:22:11.695  INFO 6608 --- [    Test worker] o.s.t.web.servlet.TestDispatcherServlet  : Completed initialization in 0 ms
Hibernate: select posts0_.posts_id as posts_id1_5_, posts0_.created_date as created_2_5_, posts0_.modified_date as modified3_5_, posts0_.content as content4_5_, posts0_.description as descript5_5_, posts0_.likes as likes6_5_, posts0_.member_id as member_i9_5_, posts0_.secret as secret7_5_, posts0_.title as title8_5_ from posts posts0_
Hibernate: select member0_.member_id as member_i1_3_, member0_.created_date as created_2_3_, member0_.modified_date as modified3_3_, member0_.email as email4_3_, member0_.email_auth as email_au5_3_, member0_.name as name6_3_, member0_.picture as picture7_3_, member0_.role as role8_3_, member0_.short_bio as short_bi9_3_, member0_.username as usernam10_3_ from member member0_
Hibernate: insert into member (member_id, created_date, modified_date, email, email_auth, name, picture, role, short_bio, username) values (default, ?, ?, ?, ?, ?, ?, ?, ?, ?)

MockHttpServletRequest:
      HTTP Method = POST
      Request URI = /api/v1/posts
       Parameters = {}
          Headers = [Content-Type:"application/json;charset=UTF-8", Content-Length:"980"]
             Body = {"title":"안녕하세요","content":"제목입니다.","member":{"createdDate":"2022-12-04T20:22:11.6954439","modifiedDate":"2022-12-04T20:22:11.6954439","id":27,"email":"azurealstn@naver.com","name":"슬로우스타터","picture":"test.jpg","role":"MEMBER","emailAuth":true,"username":"haha","shortBio":"안녕하세요!","roleKey":"ROLE_MEMBER"},"description":"글자가다섯글자가다섯글자가다섯글자가다섯글자가다섯글자가다섯글자가다섯글자가다섯글자가다섯글자가다섯글자가다섯글자가다섯글자가다섯글자가다섯글자가다섯글자가다섯글자가다섯글자가다섯글자가다섯글자가다섯글자가다섯글자가다섯글자가다섯글자가다섯글자가다섯글자가다섯글자가다섯글자가다섯글자가다섯글자가다섯글자가다섯글자가다섯글자가다섯글자가다섯글자가다섯글자가다섯글자가다섯글자가다섯글자가다섯글자가다섯","secret":null}
    Session Attrs = {member=SessionMemberDto(id=27, name=슬로우스타터, email=azurealstn@naver.com, picture=test.jpg, username=haha, shortBio=안녕하세요!)}

Handler:
             Type = com.azurealstn.alog.controller.api.posts.PostsApiController
           Method = com.azurealstn.alog.controller.api.posts.PostsApiController#create(PostsCreateRequestDto)

Async:
    Async started = false
     Async result = null

Resolved Exception:
             Type = org.springframework.web.bind.MethodArgumentNotValidException

ModelAndView:
        View name = null
             View = null
            Model = null

FlashMap:
       Attributes = null

MockHttpServletResponse:
           Status = 400
    Error message = null
          Headers = [Content-Type:"application/json;charset=UTF-8"]
     Content type = application/json;charset=UTF-8
             Body = {"code":"400","message":"클라이언트의 잘못된 요청이 있습니다. (application/json)","validation":[{"fieldName":"description","errorMessage":"포스트 소개 글을 150자 내로 적어주세요."}]}
    Forwarded URL = null
   Redirected URL = null
          Cookies = []
Hibernate: select posts0_.posts_id as posts_id1_5_, posts0_.created_date as created_2_5_, posts0_.modified_date as modified3_5_, posts0_.content as content4_5_, posts0_.description as descript5_5_, posts0_.likes as likes6_5_, posts0_.member_id as member_i9_5_, posts0_.secret as secret7_5_, posts0_.title as title8_5_ from posts posts0_
Hibernate: select member0_.member_id as member_i1_3_, member0_.created_date as created_2_3_, member0_.modified_date as modified3_3_, member0_.email as email4_3_, member0_.email_auth as email_au5_3_, member0_.name as name6_3_, member0_.picture as picture7_3_, member0_.role as role8_3_, member0_.short_bio as short_bi9_3_, member0_.username as usernam10_3_ from member member0_
2022-12-04 20:22:11.711  INFO 6608 --- [    Test worker] o.s.t.c.transaction.TransactionContext   : Rolled back transaction for test: [DefaultTestContext@58c2a890 testClass = PostsApiControllerTest, testInstance = com.azurealstn.alog.controller.api.posts.PostsApiControllerTest@74a4a82a, testMethod = posts_create_api_validate_description@PostsApiControllerTest, testException = [null], mergedContextConfiguration = [WebMergedContextConfiguration@1653ae9d testClass = PostsApiControllerTest, locations = '{}', classes = '{class com.azurealstn.alog.AlogApplication}', contextInitializerClasses = '[]', activeProfiles = '{}', propertySourceLocations = '{}', propertySourceProperties = '{org.springframework.boot.test.context.SpringBootTestContextBootstrapper=true, server.port=0}', contextCustomizers = set[org.springframework.boot.test.autoconfigure.actuate.metrics.MetricsExportContextCustomizerFactory$DisableMetricExportContextCustomizer@59d2103b, org.springframework.boot.test.autoconfigure.properties.PropertyMappingContextCustomizer@0, org.springframework.boot.test.autoconfigure.web.servlet.WebDriverContextCustomizerFactory$Customizer@72a85671, org.springframework.boot.test.context.filter.ExcludeFilterContextCustomizer@4ae33a11, org.springframework.boot.test.json.DuplicateJsonObjectContextCustomizerFactory$DuplicateJsonObjectContextCustomizer@6d0b5baf, org.springframework.boot.test.mock.mockito.MockitoContextCustomizer@0, org.springframework.boot.test.web.client.TestRestTemplateContextCustomizer@5b58ed3c, org.springframework.boot.test.context.SpringBootTestArgs@1, org.springframework.boot.test.context.SpringBootTestWebEnvironment@48d61b48], resourceBasePath = 'src/main/webapp', contextLoader = 'org.springframework.boot.test.context.SpringBootContextLoader', parent = [null]], attributes = map['org.springframework.test.context.web.ServletTestExecutionListener.activateListener' -> false, 'org.springframework.test.context.event.ApplicationEventsTestExecutionListener.recordApplicationEvents' -> false]]
2022-12-04 20:22:11.711  INFO 6608 --- [    Test worker] o.s.t.c.transaction.TransactionContext   : Began transaction (1) for test context [DefaultTestContext@58c2a890 testClass = PostsApiControllerTest, testInstance = com.azurealstn.alog.controller.api.posts.PostsApiControllerTest@5df0e5f0, testMethod = delete_posts_api@PostsApiControllerTest, testException = [null], mergedContextConfiguration = [WebMergedContextConfiguration@1653ae9d testClass = PostsApiControllerTest, locations = '{}', classes = '{class com.azurealstn.alog.AlogApplication}', contextInitializerClasses = '[]', activeProfiles = '{}', propertySourceLocations = '{}', propertySourceProperties = '{org.springframework.boot.test.context.SpringBootTestContextBootstrapper=true, server.port=0}', contextCustomizers = set[org.springframework.boot.test.autoconfigure.actuate.metrics.MetricsExportContextCustomizerFactory$DisableMetricExportContextCustomizer@59d2103b, org.springframework.boot.test.autoconfigure.properties.PropertyMappingContextCustomizer@0, org.springframework.boot.test.autoconfigure.web.servlet.WebDriverContextCustomizerFactory$Customizer@72a85671, org.springframework.boot.test.context.filter.ExcludeFilterContextCustomizer@4ae33a11, org.springframework.boot.test.json.DuplicateJsonObjectContextCustomizerFactory$DuplicateJsonObjectContextCustomizer@6d0b5baf, org.springframework.boot.test.mock.mockito.MockitoContextCustomizer@0, org.springframework.boot.test.web.client.TestRestTemplateContextCustomizer@5b58ed3c, org.springframework.boot.test.context.SpringBootTestArgs@1, org.springframework.boot.test.context.SpringBootTestWebEnvironment@48d61b48], resourceBasePath = 'src/main/webapp', contextLoader = 'org.springframework.boot.test.context.SpringBootContextLoader', parent = [null]], attributes = map['org.springframework.test.context.web.ServletTestExecutionListener.activateListener' -> false, 'org.springframework.test.context.event.ApplicationEventsTestExecutionListener.recordApplicationEvents' -> false]]; transaction manager [org.springframework.orm.jpa.JpaTransactionManager@37884b27]; rollback [true]
2022-12-04 20:22:11.711  INFO 6608 --- [    Test worker] o.a.c.c.C.[Tomcat].[localhost].[/]       : Initializing Spring TestDispatcherServlet ''
2022-12-04 20:22:11.711  INFO 6608 --- [    Test worker] o.s.t.web.servlet.TestDispatcherServlet  : Initializing Servlet ''
2022-12-04 20:22:11.711  INFO 6608 --- [    Test worker] o.s.t.web.servlet.TestDispatcherServlet  : Completed initialization in 0 ms
Hibernate: select posts0_.posts_id as posts_id1_5_, posts0_.created_date as created_2_5_, posts0_.modified_date as modified3_5_, posts0_.content as content4_5_, posts0_.description as descript5_5_, posts0_.likes as likes6_5_, posts0_.member_id as member_i9_5_, posts0_.secret as secret7_5_, posts0_.title as title8_5_ from posts posts0_
Hibernate: select member0_.member_id as member_i1_3_, member0_.created_date as created_2_3_, member0_.modified_date as modified3_3_, member0_.email as email4_3_, member0_.email_auth as email_au5_3_, member0_.name as name6_3_, member0_.picture as picture7_3_, member0_.role as role8_3_, member0_.short_bio as short_bi9_3_, member0_.username as usernam10_3_ from member member0_
Hibernate: insert into member (member_id, created_date, modified_date, email, email_auth, name, picture, role, short_bio, username) values (default, ?, ?, ?, ?, ?, ?, ?, ?, ?)
Hibernate: insert into posts (posts_id, created_date, modified_date, content, description, likes, member_id, secret, title) values (default, ?, ?, ?, ?, ?, ?, ?, ?)

MockHttpServletRequest:
      HTTP Method = DELETE
      Request URI = /api/v1/posts/100
       Parameters = {}
          Headers = [Content-Type:"application/json;charset=UTF-8"]
             Body = null
    Session Attrs = {member=SessionMemberDto(id=28, name=슬로우스타터, email=azurealstn@naver.com, picture=test.jpg, username=haha, shortBio=안녕하세요!)}

Handler:
             Type = com.azurealstn.alog.controller.api.posts.PostsApiController
           Method = com.azurealstn.alog.controller.api.posts.PostsApiController#posts(Long)

Async:
    Async started = false
     Async result = null

Resolved Exception:
             Type = null

ModelAndView:
        View name = null
             View = null
            Model = null

FlashMap:
       Attributes = null

MockHttpServletResponse:
           Status = 200
    Error message = null
          Headers = []
     Content type = null
             Body = 
    Forwarded URL = null
   Redirected URL = null
          Cookies = []
Hibernate: delete from posts where posts_id=?
Hibernate: select posts0_.posts_id as posts_id1_5_, posts0_.created_date as created_2_5_, posts0_.modified_date as modified3_5_, posts0_.content as content4_5_, posts0_.description as descript5_5_, posts0_.likes as likes6_5_, posts0_.member_id as member_i9_5_, posts0_.secret as secret7_5_, posts0_.title as title8_5_ from posts posts0_
Hibernate: select member0_.member_id as member_i1_3_, member0_.created_date as created_2_3_, member0_.modified_date as modified3_3_, member0_.email as email4_3_, member0_.email_auth as email_au5_3_, member0_.name as name6_3_, member0_.picture as picture7_3_, member0_.role as role8_3_, member0_.short_bio as short_bi9_3_, member0_.username as usernam10_3_ from member member0_
2022-12-04 20:22:11.711  INFO 6608 --- [    Test worker] o.s.t.c.transaction.TransactionContext   : Rolled back transaction for test: [DefaultTestContext@58c2a890 testClass = PostsApiControllerTest, testInstance = com.azurealstn.alog.controller.api.posts.PostsApiControllerTest@5df0e5f0, testMethod = delete_posts_api@PostsApiControllerTest, testException = [null], mergedContextConfiguration = [WebMergedContextConfiguration@1653ae9d testClass = PostsApiControllerTest, locations = '{}', classes = '{class com.azurealstn.alog.AlogApplication}', contextInitializerClasses = '[]', activeProfiles = '{}', propertySourceLocations = '{}', propertySourceProperties = '{org.springframework.boot.test.context.SpringBootTestContextBootstrapper=true, server.port=0}', contextCustomizers = set[org.springframework.boot.test.autoconfigure.actuate.metrics.MetricsExportContextCustomizerFactory$DisableMetricExportContextCustomizer@59d2103b, org.springframework.boot.test.autoconfigure.properties.PropertyMappingContextCustomizer@0, org.springframework.boot.test.autoconfigure.web.servlet.WebDriverContextCustomizerFactory$Customizer@72a85671, org.springframework.boot.test.context.filter.ExcludeFilterContextCustomizer@4ae33a11, org.springframework.boot.test.json.DuplicateJsonObjectContextCustomizerFactory$DuplicateJsonObjectContextCustomizer@6d0b5baf, org.springframework.boot.test.mock.mockito.MockitoContextCustomizer@0, org.springframework.boot.test.web.client.TestRestTemplateContextCustomizer@5b58ed3c, org.springframework.boot.test.context.SpringBootTestArgs@1, org.springframework.boot.test.context.SpringBootTestWebEnvironment@48d61b48], resourceBasePath = 'src/main/webapp', contextLoader = 'org.springframework.boot.test.context.SpringBootContextLoader', parent = [null]], attributes = map['org.springframework.test.context.web.ServletTestExecutionListener.activateListener' -> false, 'org.springframework.test.context.event.ApplicationEventsTestExecutionListener.recordApplicationEvents' -> false]]
2022-12-04 20:22:11.711  INFO 6608 --- [    Test worker] o.s.t.c.transaction.TransactionContext   : Began transaction (1) for test context [DefaultTestContext@58c2a890 testClass = PostsApiControllerTest, testInstance = com.azurealstn.alog.controller.api.posts.PostsApiControllerTest@9ef4b39, testMethod = modify_posts_api_o@PostsApiControllerTest, testException = [null], mergedContextConfiguration = [WebMergedContextConfiguration@1653ae9d testClass = PostsApiControllerTest, locations = '{}', classes = '{class com.azurealstn.alog.AlogApplication}', contextInitializerClasses = '[]', activeProfiles = '{}', propertySourceLocations = '{}', propertySourceProperties = '{org.springframework.boot.test.context.SpringBootTestContextBootstrapper=true, server.port=0}', contextCustomizers = set[org.springframework.boot.test.autoconfigure.actuate.metrics.MetricsExportContextCustomizerFactory$DisableMetricExportContextCustomizer@59d2103b, org.springframework.boot.test.autoconfigure.properties.PropertyMappingContextCustomizer@0, org.springframework.boot.test.autoconfigure.web.servlet.WebDriverContextCustomizerFactory$Customizer@72a85671, org.springframework.boot.test.context.filter.ExcludeFilterContextCustomizer@4ae33a11, org.springframework.boot.test.json.DuplicateJsonObjectContextCustomizerFactory$DuplicateJsonObjectContextCustomizer@6d0b5baf, org.springframework.boot.test.mock.mockito.MockitoContextCustomizer@0, org.springframework.boot.test.web.client.TestRestTemplateContextCustomizer@5b58ed3c, org.springframework.boot.test.context.SpringBootTestArgs@1, org.springframework.boot.test.context.SpringBootTestWebEnvironment@48d61b48], resourceBasePath = 'src/main/webapp', contextLoader = 'org.springframework.boot.test.context.SpringBootContextLoader', parent = [null]], attributes = map['org.springframework.test.context.web.ServletTestExecutionListener.activateListener' -> false, 'org.springframework.test.context.event.ApplicationEventsTestExecutionListener.recordApplicationEvents' -> false]]; transaction manager [org.springframework.orm.jpa.JpaTransactionManager@37884b27]; rollback [true]
2022-12-04 20:22:11.726  INFO 6608 --- [    Test worker] o.a.c.c.C.[Tomcat].[localhost].[/]       : Initializing Spring TestDispatcherServlet ''
2022-12-04 20:22:11.726  INFO 6608 --- [    Test worker] o.s.t.web.servlet.TestDispatcherServlet  : Initializing Servlet ''
2022-12-04 20:22:11.726  INFO 6608 --- [    Test worker] o.s.t.web.servlet.TestDispatcherServlet  : Completed initialization in 0 ms
Hibernate: select posts0_.posts_id as posts_id1_5_, posts0_.created_date as created_2_5_, posts0_.modified_date as modified3_5_, posts0_.content as content4_5_, posts0_.description as descript5_5_, posts0_.likes as likes6_5_, posts0_.member_id as member_i9_5_, posts0_.secret as secret7_5_, posts0_.title as title8_5_ from posts posts0_
Hibernate: select member0_.member_id as member_i1_3_, member0_.created_date as created_2_3_, member0_.modified_date as modified3_3_, member0_.email as email4_3_, member0_.email_auth as email_au5_3_, member0_.name as name6_3_, member0_.picture as picture7_3_, member0_.role as role8_3_, member0_.short_bio as short_bi9_3_, member0_.username as usernam10_3_ from member member0_
Hibernate: insert into member (member_id, created_date, modified_date, email, email_auth, name, picture, role, short_bio, username) values (default, ?, ?, ?, ?, ?, ?, ?, ?, ?)
Hibernate: insert into posts (posts_id, created_date, modified_date, content, description, likes, member_id, secret, title) values (default, ?, ?, ?, ?, ?, ?, ?, ?)

MockHttpServletRequest:
      HTTP Method = PUT
      Request URI = /api/v1/posts/101
       Parameters = {}
          Headers = [Content-Type:"application/json;charset=UTF-8", Content-Length:"107"]
             Body = {"title":"제목입니다.","content":"내용입니다.","description":"소개글입니다.","secret":null}
    Session Attrs = {member=SessionMemberDto(id=29, name=슬로우스타터, email=azurealstn@naver.com, picture=test.jpg, username=haha, shortBio=안녕하세요!)}

Handler:
             Type = com.azurealstn.alog.controller.api.posts.PostsApiController
           Method = com.azurealstn.alog.controller.api.posts.PostsApiController#modify(Long, PostsModifyRequestDto)

Async:
    Async started = false
     Async result = null

Resolved Exception:
             Type = null

ModelAndView:
        View name = null
             View = null
            Model = null

FlashMap:
       Attributes = null

MockHttpServletResponse:
           Status = 200
    Error message = null
          Headers = [Content-Type:"application/json;charset=UTF-8"]
     Content type = application/json;charset=UTF-8
             Body = 101
    Forwarded URL = null
   Redirected URL = null
          Cookies = []
Hibernate: update posts set created_date=?, modified_date=?, content=?, description=?, likes=?, member_id=?, secret=?, title=? where posts_id=?
Hibernate: select posts0_.posts_id as posts_id1_5_, posts0_.created_date as created_2_5_, posts0_.modified_date as modified3_5_, posts0_.content as content4_5_, posts0_.description as descript5_5_, posts0_.likes as likes6_5_, posts0_.member_id as member_i9_5_, posts0_.secret as secret7_5_, posts0_.title as title8_5_ from posts posts0_
Hibernate: select member0_.member_id as member_i1_3_, member0_.created_date as created_2_3_, member0_.modified_date as modified3_3_, member0_.email as email4_3_, member0_.email_auth as email_au5_3_, member0_.name as name6_3_, member0_.picture as picture7_3_, member0_.role as role8_3_, member0_.short_bio as short_bi9_3_, member0_.username as usernam10_3_ from member member0_
2022-12-04 20:22:11.726  INFO 6608 --- [    Test worker] o.s.t.c.transaction.TransactionContext   : Rolled back transaction for test: [DefaultTestContext@58c2a890 testClass = PostsApiControllerTest, testInstance = com.azurealstn.alog.controller.api.posts.PostsApiControllerTest@9ef4b39, testMethod = modify_posts_api_o@PostsApiControllerTest, testException = [null], mergedContextConfiguration = [WebMergedContextConfiguration@1653ae9d testClass = PostsApiControllerTest, locations = '{}', classes = '{class com.azurealstn.alog.AlogApplication}', contextInitializerClasses = '[]', activeProfiles = '{}', propertySourceLocations = '{}', propertySourceProperties = '{org.springframework.boot.test.context.SpringBootTestContextBootstrapper=true, server.port=0}', contextCustomizers = set[org.springframework.boot.test.autoconfigure.actuate.metrics.MetricsExportContextCustomizerFactory$DisableMetricExportContextCustomizer@59d2103b, org.springframework.boot.test.autoconfigure.properties.PropertyMappingContextCustomizer@0, org.springframework.boot.test.autoconfigure.web.servlet.WebDriverContextCustomizerFactory$Customizer@72a85671, org.springframework.boot.test.context.filter.ExcludeFilterContextCustomizer@4ae33a11, org.springframework.boot.test.json.DuplicateJsonObjectContextCustomizerFactory$DuplicateJsonObjectContextCustomizer@6d0b5baf, org.springframework.boot.test.mock.mockito.MockitoContextCustomizer@0, org.springframework.boot.test.web.client.TestRestTemplateContextCustomizer@5b58ed3c, org.springframework.boot.test.context.SpringBootTestArgs@1, org.springframework.boot.test.context.SpringBootTestWebEnvironment@48d61b48], resourceBasePath = 'src/main/webapp', contextLoader = 'org.springframework.boot.test.context.SpringBootContextLoader', parent = [null]], attributes = map['org.springframework.test.context.web.ServletTestExecutionListener.activateListener' -> false, 'org.springframework.test.context.event.ApplicationEventsTestExecutionListener.recordApplicationEvents' -> false]]
2022-12-04 20:22:11.726  INFO 6608 --- [    Test worker] o.s.t.c.transaction.TransactionContext   : Began transaction (1) for test context [DefaultTestContext@58c2a890 testClass = PostsApiControllerTest, testInstance = com.azurealstn.alog.controller.api.posts.PostsApiControllerTest@1f7f2e76, testMethod = modify_posts_api_x@PostsApiControllerTest, testException = [null], mergedContextConfiguration = [WebMergedContextConfiguration@1653ae9d testClass = PostsApiControllerTest, locations = '{}', classes = '{class com.azurealstn.alog.AlogApplication}', contextInitializerClasses = '[]', activeProfiles = '{}', propertySourceLocations = '{}', propertySourceProperties = '{org.springframework.boot.test.context.SpringBootTestContextBootstrapper=true, server.port=0}', contextCustomizers = set[org.springframework.boot.test.autoconfigure.actuate.metrics.MetricsExportContextCustomizerFactory$DisableMetricExportContextCustomizer@59d2103b, org.springframework.boot.test.autoconfigure.properties.PropertyMappingContextCustomizer@0, org.springframework.boot.test.autoconfigure.web.servlet.WebDriverContextCustomizerFactory$Customizer@72a85671, org.springframework.boot.test.context.filter.ExcludeFilterContextCustomizer@4ae33a11, org.springframework.boot.test.json.DuplicateJsonObjectContextCustomizerFactory$DuplicateJsonObjectContextCustomizer@6d0b5baf, org.springframework.boot.test.mock.mockito.MockitoContextCustomizer@0, org.springframework.boot.test.web.client.TestRestTemplateContextCustomizer@5b58ed3c, org.springframework.boot.test.context.SpringBootTestArgs@1, org.springframework.boot.test.context.SpringBootTestWebEnvironment@48d61b48], resourceBasePath = 'src/main/webapp', contextLoader = 'org.springframework.boot.test.context.SpringBootContextLoader', parent = [null]], attributes = map['org.springframework.test.context.web.ServletTestExecutionListener.activateListener' -> false, 'org.springframework.test.context.event.ApplicationEventsTestExecutionListener.recordApplicationEvents' -> false]]; transaction manager [org.springframework.orm.jpa.JpaTransactionManager@37884b27]; rollback [true]
2022-12-04 20:22:11.726  INFO 6608 --- [    Test worker] o.a.c.c.C.[Tomcat].[localhost].[/]       : Initializing Spring TestDispatcherServlet ''
2022-12-04 20:22:11.726  INFO 6608 --- [    Test worker] o.s.t.web.servlet.TestDispatcherServlet  : Initializing Servlet ''
2022-12-04 20:22:11.726  INFO 6608 --- [    Test worker] o.s.t.web.servlet.TestDispatcherServlet  : Completed initialization in 0 ms
Hibernate: select posts0_.posts_id as posts_id1_5_, posts0_.created_date as created_2_5_, posts0_.modified_date as modified3_5_, posts0_.content as content4_5_, posts0_.description as descript5_5_, posts0_.likes as likes6_5_, posts0_.member_id as member_i9_5_, posts0_.secret as secret7_5_, posts0_.title as title8_5_ from posts posts0_
Hibernate: select member0_.member_id as member_i1_3_, member0_.created_date as created_2_3_, member0_.modified_date as modified3_3_, member0_.email as email4_3_, member0_.email_auth as email_au5_3_, member0_.name as name6_3_, member0_.picture as picture7_3_, member0_.role as role8_3_, member0_.short_bio as short_bi9_3_, member0_.username as usernam10_3_ from member member0_
Hibernate: insert into member (member_id, created_date, modified_date, email, email_auth, name, picture, role, short_bio, username) values (default, ?, ?, ?, ?, ?, ?, ?, ?, ?)
Hibernate: insert into posts (posts_id, created_date, modified_date, content, description, likes, member_id, secret, title) values (default, ?, ?, ?, ?, ?, ?, ?, ?)
Hibernate: select posts0_.posts_id as posts_id1_5_0_, posts0_.created_date as created_2_5_0_, posts0_.modified_date as modified3_5_0_, posts0_.content as content4_5_0_, posts0_.description as descript5_5_0_, posts0_.likes as likes6_5_0_, posts0_.member_id as member_i9_5_0_, posts0_.secret as secret7_5_0_, posts0_.title as title8_5_0_, member1_.member_id as member_i1_3_1_, member1_.created_date as created_2_3_1_, member1_.modified_date as modified3_3_1_, member1_.email as email4_3_1_, member1_.email_auth as email_au5_3_1_, member1_.name as name6_3_1_, member1_.picture as picture7_3_1_, member1_.role as role8_3_1_, member1_.short_bio as short_bi9_3_1_, member1_.username as usernam10_3_1_ from posts posts0_ left outer join member member1_ on posts0_.member_id=member1_.member_id where posts0_.posts_id=?

MockHttpServletRequest:
      HTTP Method = PUT
      Request URI = /api/v1/posts/103
       Parameters = {}
          Headers = [Content-Type:"application/json;charset=UTF-8", Content-Length:"107"]
             Body = {"title":"제목입니다.","content":"내용입니다.","description":"소개글입니다.","secret":null}
    Session Attrs = {member=SessionMemberDto(id=30, name=슬로우스타터, email=azurealstn@naver.com, picture=test.jpg, username=haha, shortBio=안녕하세요!)}

Handler:
             Type = com.azurealstn.alog.controller.api.posts.PostsApiController
           Method = com.azurealstn.alog.controller.api.posts.PostsApiController#modify(Long, PostsModifyRequestDto)

Async:
    Async started = false
     Async result = null

Resolved Exception:
             Type = com.azurealstn.alog.Infra.exception.posts.PostsNotFound

ModelAndView:
        View name = null
             View = null
            Model = null

FlashMap:
       Attributes = null

MockHttpServletResponse:
           Status = 404
    Error message = null
          Headers = [Content-Type:"application/json;charset=UTF-8"]
     Content type = application/json;charset=UTF-8
             Body = {"code":"404","message":"해당 글이 없습니다.","validation":[]}
    Forwarded URL = null
   Redirected URL = null
          Cookies = []
Hibernate: select posts0_.posts_id as posts_id1_5_, posts0_.created_date as created_2_5_, posts0_.modified_date as modified3_5_, posts0_.content as content4_5_, posts0_.description as descript5_5_, posts0_.likes as likes6_5_, posts0_.member_id as member_i9_5_, posts0_.secret as secret7_5_, posts0_.title as title8_5_ from posts posts0_
Hibernate: select member0_.member_id as member_i1_3_, member0_.created_date as created_2_3_, member0_.modified_date as modified3_3_, member0_.email as email4_3_, member0_.email_auth as email_au5_3_, member0_.name as name6_3_, member0_.picture as picture7_3_, member0_.role as role8_3_, member0_.short_bio as short_bi9_3_, member0_.username as usernam10_3_ from member member0_
2022-12-04 20:22:11.742  INFO 6608 --- [    Test worker] o.s.t.c.transaction.TransactionContext   : Rolled back transaction for test: [DefaultTestContext@58c2a890 testClass = PostsApiControllerTest, testInstance = com.azurealstn.alog.controller.api.posts.PostsApiControllerTest@1f7f2e76, testMethod = modify_posts_api_x@PostsApiControllerTest, testException = [null], mergedContextConfiguration = [WebMergedContextConfiguration@1653ae9d testClass = PostsApiControllerTest, locations = '{}', classes = '{class com.azurealstn.alog.AlogApplication}', contextInitializerClasses = '[]', activeProfiles = '{}', propertySourceLocations = '{}', propertySourceProperties = '{org.springframework.boot.test.context.SpringBootTestContextBootstrapper=true, server.port=0}', contextCustomizers = set[org.springframework.boot.test.autoconfigure.actuate.metrics.MetricsExportContextCustomizerFactory$DisableMetricExportContextCustomizer@59d2103b, org.springframework.boot.test.autoconfigure.properties.PropertyMappingContextCustomizer@0, org.springframework.boot.test.autoconfigure.web.servlet.WebDriverContextCustomizerFactory$Customizer@72a85671, org.springframework.boot.test.context.filter.ExcludeFilterContextCustomizer@4ae33a11, org.springframework.boot.test.json.DuplicateJsonObjectContextCustomizerFactory$DuplicateJsonObjectContextCustomizer@6d0b5baf, org.springframework.boot.test.mock.mockito.MockitoContextCustomizer@0, org.springframework.boot.test.web.client.TestRestTemplateContextCustomizer@5b58ed3c, org.springframework.boot.test.context.SpringBootTestArgs@1, org.springframework.boot.test.context.SpringBootTestWebEnvironment@48d61b48], resourceBasePath = 'src/main/webapp', contextLoader = 'org.springframework.boot.test.context.SpringBootContextLoader', parent = [null]], attributes = map['org.springframework.test.context.web.ServletTestExecutionListener.activateListener' -> false, 'org.springframework.test.context.event.ApplicationEventsTestExecutionListener.recordApplicationEvents' -> false]]
2022-12-04 20:22:11.742  INFO 6608 --- [    Test worker] o.s.t.c.transaction.TransactionContext   : Began transaction (1) for test context [DefaultTestContext@58c2a890 testClass = PostsApiControllerTest, testInstance = com.azurealstn.alog.controller.api.posts.PostsApiControllerTest@536fddad, testMethod = create_posts@PostsApiControllerTest, testException = [null], mergedContextConfiguration = [WebMergedContextConfiguration@1653ae9d testClass = PostsApiControllerTest, locations = '{}', classes = '{class com.azurealstn.alog.AlogApplication}', contextInitializerClasses = '[]', activeProfiles = '{}', propertySourceLocations = '{}', propertySourceProperties = '{org.springframework.boot.test.context.SpringBootTestContextBootstrapper=true, server.port=0}', contextCustomizers = set[org.springframework.boot.test.autoconfigure.actuate.metrics.MetricsExportContextCustomizerFactory$DisableMetricExportContextCustomizer@59d2103b, org.springframework.boot.test.autoconfigure.properties.PropertyMappingContextCustomizer@0, org.springframework.boot.test.autoconfigure.web.servlet.WebDriverContextCustomizerFactory$Customizer@72a85671, org.springframework.boot.test.context.filter.ExcludeFilterContextCustomizer@4ae33a11, org.springframework.boot.test.json.DuplicateJsonObjectContextCustomizerFactory$DuplicateJsonObjectContextCustomizer@6d0b5baf, org.springframework.boot.test.mock.mockito.MockitoContextCustomizer@0, org.springframework.boot.test.web.client.TestRestTemplateContextCustomizer@5b58ed3c, org.springframework.boot.test.context.SpringBootTestArgs@1, org.springframework.boot.test.context.SpringBootTestWebEnvironment@48d61b48], resourceBasePath = 'src/main/webapp', contextLoader = 'org.springframework.boot.test.context.SpringBootContextLoader', parent = [null]], attributes = map['org.springframework.test.context.web.ServletTestExecutionListener.activateListener' -> false, 'org.springframework.test.context.event.ApplicationEventsTestExecutionListener.recordApplicationEvents' -> false]]; transaction manager [org.springframework.orm.jpa.JpaTransactionManager@37884b27]; rollback [true]
2022-12-04 20:22:11.742  INFO 6608 --- [    Test worker] o.a.c.c.C.[Tomcat].[localhost].[/]       : Initializing Spring TestDispatcherServlet ''
2022-12-04 20:22:11.742  INFO 6608 --- [    Test worker] o.s.t.web.servlet.TestDispatcherServlet  : Initializing Servlet ''
2022-12-04 20:22:11.742  INFO 6608 --- [    Test worker] o.s.t.web.servlet.TestDispatcherServlet  : Completed initialization in 0 ms
Hibernate: select posts0_.posts_id as posts_id1_5_, posts0_.created_date as created_2_5_, posts0_.modified_date as modified3_5_, posts0_.content as content4_5_, posts0_.description as descript5_5_, posts0_.likes as likes6_5_, posts0_.member_id as member_i9_5_, posts0_.secret as secret7_5_, posts0_.title as title8_5_ from posts posts0_
Hibernate: select member0_.member_id as member_i1_3_, member0_.created_date as created_2_3_, member0_.modified_date as modified3_3_, member0_.email as email4_3_, member0_.email_auth as email_au5_3_, member0_.name as name6_3_, member0_.picture as picture7_3_, member0_.role as role8_3_, member0_.short_bio as short_bi9_3_, member0_.username as usernam10_3_ from member member0_
Hibernate: insert into member (member_id, created_date, modified_date, email, email_auth, name, picture, role, short_bio, username) values (default, ?, ?, ?, ?, ?, ?, ?, ?, ?)
Hibernate: select member0_.member_id as member_i1_3_, member0_.created_date as created_2_3_, member0_.modified_date as modified3_3_, member0_.email as email4_3_, member0_.email_auth as email_au5_3_, member0_.name as name6_3_, member0_.picture as picture7_3_, member0_.role as role8_3_, member0_.short_bio as short_bi9_3_, member0_.username as usernam10_3_ from member member0_ where member0_.email=?
Hibernate: insert into posts (posts_id, created_date, modified_date, content, description, likes, member_id, secret, title) values (default, ?, ?, ?, ?, ?, ?, ?, ?)

MockHttpServletRequest:
      HTTP Method = POST
      Request URI = /api/v1/posts
       Parameters = {}
          Headers = [Content-Type:"application/json;charset=UTF-8", Content-Length:"397"]
             Body = {"title":"제목입니다.","content":"내용입니다.","member":{"createdDate":"2022-12-04T20:22:11.7423315","modifiedDate":"2022-12-04T20:22:11.7423315","id":31,"email":"azurealstn@naver.com","name":"슬로우스타터","picture":"test.jpg","role":"MEMBER","emailAuth":true,"username":"haha","shortBio":"안녕하세요!","roleKey":"ROLE_MEMBER"},"description":"소개입니다.","secret":null}
    Session Attrs = {member=SessionMemberDto(id=31, name=슬로우스타터, email=azurealstn@naver.com, picture=test.jpg, username=haha, shortBio=안녕하세요!)}

Handler:
             Type = com.azurealstn.alog.controller.api.posts.PostsApiController
           Method = com.azurealstn.alog.controller.api.posts.PostsApiController#create(PostsCreateRequestDto)

Async:
    Async started = false
     Async result = null

Resolved Exception:
             Type = null

ModelAndView:
        View name = null
             View = null
            Model = null

FlashMap:
       Attributes = null

MockHttpServletResponse:
           Status = 200
    Error message = null
          Headers = [Content-Type:"application/json;charset=UTF-8"]
     Content type = application/json;charset=UTF-8
             Body = 103
    Forwarded URL = null
   Redirected URL = null
          Cookies = []
Hibernate: select posts0_.posts_id as posts_id1_5_, posts0_.created_date as created_2_5_, posts0_.modified_date as modified3_5_, posts0_.content as content4_5_, posts0_.description as descript5_5_, posts0_.likes as likes6_5_, posts0_.member_id as member_i9_5_, posts0_.secret as secret7_5_, posts0_.title as title8_5_ from posts posts0_
Hibernate: select member0_.member_id as member_i1_3_, member0_.created_date as created_2_3_, member0_.modified_date as modified3_3_, member0_.email as email4_3_, member0_.email_auth as email_au5_3_, member0_.name as name6_3_, member0_.picture as picture7_3_, member0_.role as role8_3_, member0_.short_bio as short_bi9_3_, member0_.username as usernam10_3_ from member member0_
2022-12-04 20:22:11.757  INFO 6608 --- [    Test worker] o.s.t.c.transaction.TransactionContext   : Rolled back transaction for test: [DefaultTestContext@58c2a890 testClass = PostsApiControllerTest, testInstance = com.azurealstn.alog.controller.api.posts.PostsApiControllerTest@536fddad, testMethod = create_posts@PostsApiControllerTest, testException = [null], mergedContextConfiguration = [WebMergedContextConfiguration@1653ae9d testClass = PostsApiControllerTest, locations = '{}', classes = '{class com.azurealstn.alog.AlogApplication}', contextInitializerClasses = '[]', activeProfiles = '{}', propertySourceLocations = '{}', propertySourceProperties = '{org.springframework.boot.test.context.SpringBootTestContextBootstrapper=true, server.port=0}', contextCustomizers = set[org.springframework.boot.test.autoconfigure.actuate.metrics.MetricsExportContextCustomizerFactory$DisableMetricExportContextCustomizer@59d2103b, org.springframework.boot.test.autoconfigure.properties.PropertyMappingContextCustomizer@0, org.springframework.boot.test.autoconfigure.web.servlet.WebDriverContextCustomizerFactory$Customizer@72a85671, org.springframework.boot.test.context.filter.ExcludeFilterContextCustomizer@4ae33a11, org.springframework.boot.test.json.DuplicateJsonObjectContextCustomizerFactory$DuplicateJsonObjectContextCustomizer@6d0b5baf, org.springframework.boot.test.mock.mockito.MockitoContextCustomizer@0, org.springframework.boot.test.web.client.TestRestTemplateContextCustomizer@5b58ed3c, org.springframework.boot.test.context.SpringBootTestArgs@1, org.springframework.boot.test.context.SpringBootTestWebEnvironment@48d61b48], resourceBasePath = 'src/main/webapp', contextLoader = 'org.springframework.boot.test.context.SpringBootContextLoader', parent = [null]], attributes = map['org.springframework.test.context.web.ServletTestExecutionListener.activateListener' -> false, 'org.springframework.test.context.event.ApplicationEventsTestExecutionListener.recordApplicationEvents' -> false]]
2022-12-04 20:22:11.757  INFO 6608 --- [    Test worker] o.s.t.c.transaction.TransactionContext   : Began transaction (1) for test context [DefaultTestContext@58c2a890 testClass = PostsApiControllerTest, testInstance = com.azurealstn.alog.controller.api.posts.PostsApiControllerTest@5ec3661f, testMethod = first_page_zero@PostsApiControllerTest, testException = [null], mergedContextConfiguration = [WebMergedContextConfiguration@1653ae9d testClass = PostsApiControllerTest, locations = '{}', classes = '{class com.azurealstn.alog.AlogApplication}', contextInitializerClasses = '[]', activeProfiles = '{}', propertySourceLocations = '{}', propertySourceProperties = '{org.springframework.boot.test.context.SpringBootTestContextBootstrapper=true, server.port=0}', contextCustomizers = set[org.springframework.boot.test.autoconfigure.actuate.metrics.MetricsExportContextCustomizerFactory$DisableMetricExportContextCustomizer@59d2103b, org.springframework.boot.test.autoconfigure.properties.PropertyMappingContextCustomizer@0, org.springframework.boot.test.autoconfigure.web.servlet.WebDriverContextCustomizerFactory$Customizer@72a85671, org.springframework.boot.test.context.filter.ExcludeFilterContextCustomizer@4ae33a11, org.springframework.boot.test.json.DuplicateJsonObjectContextCustomizerFactory$DuplicateJsonObjectContextCustomizer@6d0b5baf, org.springframework.boot.test.mock.mockito.MockitoContextCustomizer@0, org.springframework.boot.test.web.client.TestRestTemplateContextCustomizer@5b58ed3c, org.springframework.boot.test.context.SpringBootTestArgs@1, org.springframework.boot.test.context.SpringBootTestWebEnvironment@48d61b48], resourceBasePath = 'src/main/webapp', contextLoader = 'org.springframework.boot.test.context.SpringBootContextLoader', parent = [null]], attributes = map['org.springframework.test.context.web.ServletTestExecutionListener.activateListener' -> false, 'org.springframework.test.context.event.ApplicationEventsTestExecutionListener.recordApplicationEvents' -> false]]; transaction manager [org.springframework.orm.jpa.JpaTransactionManager@37884b27]; rollback [true]
2022-12-04 20:22:11.757  INFO 6608 --- [    Test worker] o.a.c.c.C.[Tomcat].[localhost].[/]       : Initializing Spring TestDispatcherServlet ''
2022-12-04 20:22:11.757  INFO 6608 --- [    Test worker] o.s.t.web.servlet.TestDispatcherServlet  : Initializing Servlet ''
2022-12-04 20:22:11.757  INFO 6608 --- [    Test worker] o.s.t.web.servlet.TestDispatcherServlet  : Completed initialization in 0 ms
Hibernate: select posts0_.posts_id as posts_id1_5_, posts0_.created_date as created_2_5_, posts0_.modified_date as modified3_5_, posts0_.content as content4_5_, posts0_.description as descript5_5_, posts0_.likes as likes6_5_, posts0_.member_id as member_i9_5_, posts0_.secret as secret7_5_, posts0_.title as title8_5_ from posts posts0_
Hibernate: select member0_.member_id as member_i1_3_, member0_.created_date as created_2_3_, member0_.modified_date as modified3_3_, member0_.email as email4_3_, member0_.email_auth as email_au5_3_, member0_.name as name6_3_, member0_.picture as picture7_3_, member0_.role as role8_3_, member0_.short_bio as short_bi9_3_, member0_.username as usernam10_3_ from member member0_
Hibernate: insert into member (member_id, created_date, modified_date, email, email_auth, name, picture, role, short_bio, username) values (default, ?, ?, ?, ?, ?, ?, ?, ?, ?)
Hibernate: insert into posts (posts_id, created_date, modified_date, content, description, likes, member_id, secret, title) values (default, ?, ?, ?, ?, ?, ?, ?, ?)
Hibernate: insert into posts (posts_id, created_date, modified_date, content, description, likes, member_id, secret, title) values (default, ?, ?, ?, ?, ?, ?, ?, ?)
Hibernate: insert into posts (posts_id, created_date, modified_date, content, description, likes, member_id, secret, title) values (default, ?, ?, ?, ?, ?, ?, ?, ?)
Hibernate: insert into posts (posts_id, created_date, modified_date, content, description, likes, member_id, secret, title) values (default, ?, ?, ?, ?, ?, ?, ?, ?)
Hibernate: insert into posts (posts_id, created_date, modified_date, content, description, likes, member_id, secret, title) values (default, ?, ?, ?, ?, ?, ?, ?, ?)
Hibernate: insert into posts (posts_id, created_date, modified_date, content, description, likes, member_id, secret, title) values (default, ?, ?, ?, ?, ?, ?, ?, ?)
Hibernate: insert into posts (posts_id, created_date, modified_date, content, description, likes, member_id, secret, title) values (default, ?, ?, ?, ?, ?, ?, ?, ?)
Hibernate: insert into posts (posts_id, created_date, modified_date, content, description, likes, member_id, secret, title) values (default, ?, ?, ?, ?, ?, ?, ?, ?)
Hibernate: insert into posts (posts_id, created_date, modified_date, content, description, likes, member_id, secret, title) values (default, ?, ?, ?, ?, ?, ?, ?, ?)
Hibernate: insert into posts (posts_id, created_date, modified_date, content, description, likes, member_id, secret, title) values (default, ?, ?, ?, ?, ?, ?, ?, ?)
Hibernate: insert into posts (posts_id, created_date, modified_date, content, description, likes, member_id, secret, title) values (default, ?, ?, ?, ?, ?, ?, ?, ?)
Hibernate: insert into posts (posts_id, created_date, modified_date, content, description, likes, member_id, secret, title) values (default, ?, ?, ?, ?, ?, ?, ?, ?)
Hibernate: insert into posts (posts_id, created_date, modified_date, content, description, likes, member_id, secret, title) values (default, ?, ?, ?, ?, ?, ?, ?, ?)
Hibernate: insert into posts (posts_id, created_date, modified_date, content, description, likes, member_id, secret, title) values (default, ?, ?, ?, ?, ?, ?, ?, ?)
Hibernate: insert into posts (posts_id, created_date, modified_date, content, description, likes, member_id, secret, title) values (default, ?, ?, ?, ?, ?, ?, ?, ?)
Hibernate: insert into posts (posts_id, created_date, modified_date, content, description, likes, member_id, secret, title) values (default, ?, ?, ?, ?, ?, ?, ?, ?)
Hibernate: insert into posts (posts_id, created_date, modified_date, content, description, likes, member_id, secret, title) values (default, ?, ?, ?, ?, ?, ?, ?, ?)
Hibernate: insert into posts (posts_id, created_date, modified_date, content, description, likes, member_id, secret, title) values (default, ?, ?, ?, ?, ?, ?, ?, ?)
Hibernate: insert into posts (posts_id, created_date, modified_date, content, description, likes, member_id, secret, title) values (default, ?, ?, ?, ?, ?, ?, ?, ?)
Hibernate: insert into posts (posts_id, created_date, modified_date, content, description, likes, member_id, secret, title) values (default, ?, ?, ?, ?, ?, ?, ?, ?)
Hibernate: insert into posts (posts_id, created_date, modified_date, content, description, likes, member_id, secret, title) values (default, ?, ?, ?, ?, ?, ?, ?, ?)
Hibernate: insert into posts (posts_id, created_date, modified_date, content, description, likes, member_id, secret, title) values (default, ?, ?, ?, ?, ?, ?, ?, ?)
Hibernate: insert into posts (posts_id, created_date, modified_date, content, description, likes, member_id, secret, title) values (default, ?, ?, ?, ?, ?, ?, ?, ?)
Hibernate: insert into posts (posts_id, created_date, modified_date, content, description, likes, member_id, secret, title) values (default, ?, ?, ?, ?, ?, ?, ?, ?)
Hibernate: insert into posts (posts_id, created_date, modified_date, content, description, likes, member_id, secret, title) values (default, ?, ?, ?, ?, ?, ?, ?, ?)
Hibernate: insert into posts (posts_id, created_date, modified_date, content, description, likes, member_id, secret, title) values (default, ?, ?, ?, ?, ?, ?, ?, ?)
Hibernate: insert into posts (posts_id, created_date, modified_date, content, description, likes, member_id, secret, title) values (default, ?, ?, ?, ?, ?, ?, ?, ?)
Hibernate: insert into posts (posts_id, created_date, modified_date, content, description, likes, member_id, secret, title) values (default, ?, ?, ?, ?, ?, ?, ?, ?)
Hibernate: insert into posts (posts_id, created_date, modified_date, content, description, likes, member_id, secret, title) values (default, ?, ?, ?, ?, ?, ?, ?, ?)
Hibernate: insert into posts (posts_id, created_date, modified_date, content, description, likes, member_id, secret, title) values (default, ?, ?, ?, ?, ?, ?, ?, ?)
Hibernate: select posts0_.posts_id as posts_id1_5_, posts0_.created_date as created_2_5_, posts0_.modified_date as modified3_5_, posts0_.content as content4_5_, posts0_.description as descript5_5_, posts0_.likes as likes6_5_, posts0_.member_id as member_i9_5_, posts0_.secret as secret7_5_, posts0_.title as title8_5_ from posts posts0_ where posts0_.secret=?
Hibernate: select posts0_.posts_id as posts_id1_5_, posts0_.created_date as created_2_5_, posts0_.modified_date as modified3_5_, posts0_.content as content4_5_, posts0_.description as descript5_5_, posts0_.likes as likes6_5_, posts0_.member_id as member_i9_5_, posts0_.secret as secret7_5_, posts0_.title as title8_5_ from posts posts0_ where posts0_.secret=? order by posts0_.posts_id desc limit ?

MockHttpServletRequest:
      HTTP Method = GET
      Request URI = /api/v1/auth/posts
       Parameters = {page=[0], size=[9]}
          Headers = [Content-Type:"application/json;charset=UTF-8"]
             Body = null
    Session Attrs = {}

Handler:
             Type = com.azurealstn.alog.controller.api.posts.PostsApiController
           Method = com.azurealstn.alog.controller.api.posts.PostsApiController#posts(PostsSearchDto)

Async:
    Async started = false
     Async result = null

Resolved Exception:
             Type = null

ModelAndView:
        View name = null
             View = null
            Model = null

FlashMap:
       Attributes = null

MockHttpServletResponse:
           Status = 200
    Error message = null
          Headers = [Content-Type:"application/json;charset=UTF-8"]
     Content type = application/json;charset=UTF-8
             Body = [{"id":133,"title":"test 제목 - 30","content":"뭐로 할까 - 30","member":{"createdDate":"2022-12-04T20:22:11.7579534","modifiedDate":"2022-12-04T20:22:11.7579534","id":32,"email":"azurealstn@naver.com","name":"슬로우스타터","picture":"test.jpg","role":"MEMBER","emailAuth":true,"username":"haha","shortBio":"안녕하세요!","roleKey":"ROLE_MEMBER"},"description":"소개글 - 30","secret":false,"previousTime":"2022년 12월 4일","hashTagNames":[],"likeCount":0,"commentCount":0,"storeFilename":null,"totalRowCount":0,"imageUrl":null},{"id":132,"title":"test 제목 - 29","content":"뭐로 할까 - 29","member":{"createdDate":"2022-12-04T20:22:11.7579534","modifiedDate":"2022-12-04T20:22:11.7579534","id":32,"email":"azurealstn@naver.com","name":"슬로우스타터","picture":"test.jpg","role":"MEMBER","emailAuth":true,"username":"haha","shortBio":"안녕하세요!","roleKey":"ROLE_MEMBER"},"description":"소개글 - 29","secret":false,"previousTime":"2022년 12월 4일","hashTagNames":[],"likeCount":0,"commentCount":0,"storeFilename":null,"totalRowCount":0,"imageUrl":null},{"id":131,"title":"test 제목 - 28","content":"뭐로 할까 - 28","member":{"createdDate":"2022-12-04T20:22:11.7579534","modifiedDate":"2022-12-04T20:22:11.7579534","id":32,"email":"azurealstn@naver.com","name":"슬로우스타터","picture":"test.jpg","role":"MEMBER","emailAuth":true,"username":"haha","shortBio":"안녕하세요!","roleKey":"ROLE_MEMBER"},"description":"소개글 - 28","secret":false,"previousTime":"2022년 12월 4일","hashTagNames":[],"likeCount":0,"commentCount":0,"storeFilename":null,"totalRowCount":0,"imageUrl":null},{"id":130,"title":"test 제목 - 27","content":"뭐로 할까 - 27","member":{"createdDate":"2022-12-04T20:22:11.7579534","modifiedDate":"2022-12-04T20:22:11.7579534","id":32,"email":"azurealstn@naver.com","name":"슬로우스타터","picture":"test.jpg","role":"MEMBER","emailAuth":true,"username":"haha","shortBio":"안녕하세요!","roleKey":"ROLE_MEMBER"},"description":"소개글 - 27","secret":false,"previousTime":"2022년 12월 4일","hashTagNames":[],"likeCount":0,"commentCount":0,"storeFilename":null,"totalRowCount":0,"imageUrl":null},{"id":129,"title":"test 제목 - 26","content":"뭐로 할까 - 26","member":{"createdDate":"2022-12-04T20:22:11.7579534","modifiedDate":"2022-12-04T20:22:11.7579534","id":32,"email":"azurealstn@naver.com","name":"슬로우스타터","picture":"test.jpg","role":"MEMBER","emailAuth":true,"username":"haha","shortBio":"안녕하세요!","roleKey":"ROLE_MEMBER"},"description":"소개글 - 26","secret":false,"previousTime":"2022년 12월 4일","hashTagNames":[],"likeCount":0,"commentCount":0,"storeFilename":null,"totalRowCount":0,"imageUrl":null},{"id":128,"title":"test 제목 - 25","content":"뭐로 할까 - 25","member":{"createdDate":"2022-12-04T20:22:11.7579534","modifiedDate":"2022-12-04T20:22:11.7579534","id":32,"email":"azurealstn@naver.com","name":"슬로우스타터","picture":"test.jpg","role":"MEMBER","emailAuth":true,"username":"haha","shortBio":"안녕하세요!","roleKey":"ROLE_MEMBER"},"description":"소개글 - 25","secret":false,"previousTime":"2022년 12월 4일","hashTagNames":[],"likeCount":0,"commentCount":0,"storeFilename":null,"totalRowCount":0,"imageUrl":null},{"id":127,"title":"test 제목 - 24","content":"뭐로 할까 - 24","member":{"createdDate":"2022-12-04T20:22:11.7579534","modifiedDate":"2022-12-04T20:22:11.7579534","id":32,"email":"azurealstn@naver.com","name":"슬로우스타터","picture":"test.jpg","role":"MEMBER","emailAuth":true,"username":"haha","shortBio":"안녕하세요!","roleKey":"ROLE_MEMBER"},"description":"소개글 - 24","secret":false,"previousTime":"2022년 12월 4일","hashTagNames":[],"likeCount":0,"commentCount":0,"storeFilename":null,"totalRowCount":0,"imageUrl":null},{"id":126,"title":"test 제목 - 23","content":"뭐로 할까 - 23","member":{"createdDate":"2022-12-04T20:22:11.7579534","modifiedDate":"2022-12-04T20:22:11.7579534","id":32,"email":"azurealstn@naver.com","name":"슬로우스타터","picture":"test.jpg","role":"MEMBER","emailAuth":true,"username":"haha","shortBio":"안녕하세요!","roleKey":"ROLE_MEMBER"},"description":"소개글 - 23","secret":false,"previousTime":"2022년 12월 4일","hashTagNames":[],"likeCount":0,"commentCount":0,"storeFilename":null,"totalRowCount":0,"imageUrl":null},{"id":125,"title":"test 제목 - 22","content":"뭐로 할까 - 22","member":{"createdDate":"2022-12-04T20:22:11.7579534","modifiedDate":"2022-12-04T20:22:11.7579534","id":32,"email":"azurealstn@naver.com","name":"슬로우스타터","picture":"test.jpg","role":"MEMBER","emailAuth":true,"username":"haha","shortBio":"안녕하세요!","roleKey":"ROLE_MEMBER"},"description":"소개글 - 22","secret":false,"previousTime":"2022년 12월 4일","hashTagNames":[],"likeCount":0,"commentCount":0,"storeFilename":null,"totalRowCount":0,"imageUrl":null}]
    Forwarded URL = null
   Redirected URL = null
          Cookies = []
Hibernate: select posts0_.posts_id as posts_id1_5_, posts0_.created_date as created_2_5_, posts0_.modified_date as modified3_5_, posts0_.content as content4_5_, posts0_.description as descript5_5_, posts0_.likes as likes6_5_, posts0_.member_id as member_i9_5_, posts0_.secret as secret7_5_, posts0_.title as title8_5_ from posts posts0_
Hibernate: select member0_.member_id as member_i1_3_, member0_.created_date as created_2_3_, member0_.modified_date as modified3_3_, member0_.email as email4_3_, member0_.email_auth as email_au5_3_, member0_.name as name6_3_, member0_.picture as picture7_3_, member0_.role as role8_3_, member0_.short_bio as short_bi9_3_, member0_.username as usernam10_3_ from member member0_
2022-12-04 20:22:11.804  INFO 6608 --- [    Test worker] o.s.t.c.transaction.TransactionContext   : Rolled back transaction for test: [DefaultTestContext@58c2a890 testClass = PostsApiControllerTest, testInstance = com.azurealstn.alog.controller.api.posts.PostsApiControllerTest@5ec3661f, testMethod = first_page_zero@PostsApiControllerTest, testException = [null], mergedContextConfiguration = [WebMergedContextConfiguration@1653ae9d testClass = PostsApiControllerTest, locations = '{}', classes = '{class com.azurealstn.alog.AlogApplication}', contextInitializerClasses = '[]', activeProfiles = '{}', propertySourceLocations = '{}', propertySourceProperties = '{org.springframework.boot.test.context.SpringBootTestContextBootstrapper=true, server.port=0}', contextCustomizers = set[org.springframework.boot.test.autoconfigure.actuate.metrics.MetricsExportContextCustomizerFactory$DisableMetricExportContextCustomizer@59d2103b, org.springframework.boot.test.autoconfigure.properties.PropertyMappingContextCustomizer@0, org.springframework.boot.test.autoconfigure.web.servlet.WebDriverContextCustomizerFactory$Customizer@72a85671, org.springframework.boot.test.context.filter.ExcludeFilterContextCustomizer@4ae33a11, org.springframework.boot.test.json.DuplicateJsonObjectContextCustomizerFactory$DuplicateJsonObjectContextCustomizer@6d0b5baf, org.springframework.boot.test.mock.mockito.MockitoContextCustomizer@0, org.springframework.boot.test.web.client.TestRestTemplateContextCustomizer@5b58ed3c, org.springframework.boot.test.context.SpringBootTestArgs@1, org.springframework.boot.test.context.SpringBootTestWebEnvironment@48d61b48], resourceBasePath = 'src/main/webapp', contextLoader = 'org.springframework.boot.test.context.SpringBootContextLoader', parent = [null]], attributes = map['org.springframework.test.context.web.ServletTestExecutionListener.activateListener' -> false, 'org.springframework.test.context.event.ApplicationEventsTestExecutionListener.recordApplicationEvents' -> false]]
]]></system-out>
  <system-err><![CDATA[]]></system-err>
</testsuite>
