<?xml version="1.0" encoding="UTF-8"?>
<testsuite name="com.azurealstn.alog.controller.login.LoginControllerTest" tests="2" skipped="0" failures="0" errors="0" timestamp="2022-12-04T11:02:11" hostname="DESKTOP-4HIAQNR" time="0.113">
  <properties/>
  <testcase name="이메일 로그인" classname="com.azurealstn.alog.controller.login.LoginControllerTest" time="0.086"/>
  <testcase name="SNS 로그인" classname="com.azurealstn.alog.controller.login.LoginControllerTest" time="0.027"/>
  <system-out><![CDATA[2022-12-04 20:02:11.395  INFO 8024 --- [    Test worker] .b.t.c.SpringBootTestContextBootstrapper : Neither @ContextConfiguration nor @ContextHierarchy found for test class [com.azurealstn.alog.controller.login.LoginControllerTest], using SpringBootContextLoader
2022-12-04 20:02:11.395  INFO 8024 --- [    Test worker] o.s.t.c.support.AbstractContextLoader    : Could not detect default resource locations for test class [com.azurealstn.alog.controller.login.LoginControllerTest]: no resource found for suffixes {-context.xml, Context.groovy}.
2022-12-04 20:02:11.395  INFO 8024 --- [    Test worker] t.c.s.AnnotationConfigContextLoaderUtils : Could not detect default configuration classes for test class [com.azurealstn.alog.controller.login.LoginControllerTest]: LoginControllerTest does not declare any static, non-private, non-final, nested classes annotated with @Configuration.
2022-12-04 20:02:11.410  INFO 8024 --- [    Test worker] .b.t.c.SpringBootTestContextBootstrapper : Found @SpringBootConfiguration com.azurealstn.alog.AlogApplication for test class com.azurealstn.alog.controller.login.LoginControllerTest
2022-12-04 20:02:11.410  INFO 8024 --- [    Test worker] .b.t.c.SpringBootTestContextBootstrapper : Loaded default TestExecutionListener class names from location [META-INF/spring.factories]: [org.springframework.security.test.context.support.WithSecurityContextTestExecutionListener, org.springframework.security.test.context.support.ReactorContextTestExecutionListener, org.springframework.boot.test.autoconfigure.restdocs.RestDocsTestExecutionListener, org.springframework.boot.test.autoconfigure.web.client.MockRestServiceServerResetTestExecutionListener, org.springframework.boot.test.autoconfigure.web.servlet.MockMvcPrintOnlyOnFailureTestExecutionListener, org.springframework.boot.test.autoconfigure.web.servlet.WebDriverTestExecutionListener, org.springframework.boot.test.autoconfigure.webservices.client.MockWebServiceServerTestExecutionListener, org.springframework.boot.test.mock.mockito.MockitoTestExecutionListener, org.springframework.boot.test.mock.mockito.ResetMocksTestExecutionListener, org.springframework.test.context.web.ServletTestExecutionListener, org.springframework.test.context.support.DirtiesContextBeforeModesTestExecutionListener, org.springframework.test.context.event.ApplicationEventsTestExecutionListener, org.springframework.test.context.support.DependencyInjectionTestExecutionListener, org.springframework.test.context.support.DirtiesContextTestExecutionListener, org.springframework.test.context.transaction.TransactionalTestExecutionListener, org.springframework.test.context.jdbc.SqlScriptsTestExecutionListener, org.springframework.test.context.event.EventPublishingTestExecutionListener]
2022-12-04 20:02:11.410  INFO 8024 --- [    Test worker] .b.t.c.SpringBootTestContextBootstrapper : Using TestExecutionListeners: [org.springframework.test.context.web.ServletTestExecutionListener@5747a07c, org.springframework.test.context.support.DirtiesContextBeforeModesTestExecutionListener@3aa1669a, org.springframework.test.context.event.ApplicationEventsTestExecutionListener@5c25207, org.springframework.boot.test.mock.mockito.MockitoTestExecutionListener@40d1d34d, org.springframework.boot.test.autoconfigure.SpringBootDependencyInjectionTestExecutionListener@2affcf6b, org.springframework.test.context.support.DirtiesContextTestExecutionListener@1bdbf918, org.springframework.test.context.transaction.TransactionalTestExecutionListener@c9ec20e, org.springframework.test.context.jdbc.SqlScriptsTestExecutionListener@429b336b, org.springframework.security.test.context.support.WithSecurityContextTestExecutionListener@164b28c4, org.springframework.test.context.event.EventPublishingTestExecutionListener@529c002c, org.springframework.security.test.context.support.ReactorContextTestExecutionListener@28e826c3, org.springframework.boot.test.autoconfigure.restdocs.RestDocsTestExecutionListener@337348de, org.springframework.boot.test.autoconfigure.web.client.MockRestServiceServerResetTestExecutionListener@7c315b7c, org.springframework.boot.test.autoconfigure.web.servlet.MockMvcPrintOnlyOnFailureTestExecutionListener@4e9eb9b6, org.springframework.boot.test.autoconfigure.web.servlet.WebDriverTestExecutionListener@27294098, org.springframework.boot.test.autoconfigure.webservices.client.MockWebServiceServerTestExecutionListener@e35d91b, org.springframework.boot.test.mock.mockito.ResetMocksTestExecutionListener@78a9991a]
Hibernate: select member0_.member_id as member_i1_3_, member0_.created_date as created_2_3_, member0_.modified_date as modified3_3_, member0_.email as email4_3_, member0_.email_auth as email_au5_3_, member0_.name as name6_3_, member0_.picture as picture7_3_, member0_.role as role8_3_, member0_.short_bio as short_bi9_3_, member0_.username as usernam10_3_ from member member0_
Hibernate: select emailauth0_.email_auth_id as email_au1_1_, emailauth0_.created_date as created_2_1_, emailauth0_.modified_date as modified3_1_, emailauth0_.auth_token as auth_tok4_1_, emailauth0_.email as email5_1_, emailauth0_.expired as expired6_1_, emailauth0_.expired_date as expired_7_1_ from email_auth emailauth0_
Hibernate: delete from email_auth where email_auth_id=?
Hibernate: delete from email_auth where email_auth_id=?
Hibernate: insert into email_auth (email_auth_id, created_date, modified_date, auth_token, email, expired, expired_date) values (default, ?, ?, ?, ?, ?, ?)
Hibernate: insert into member (member_id, created_date, modified_date, email, email_auth, name, picture, role, short_bio, username) values (default, ?, ?, ?, ?, ?, ?, ?, ?, ?)
Hibernate: select emailauth0_.email_auth_id as email_au1_1_, emailauth0_.created_date as created_2_1_, emailauth0_.modified_date as modified3_1_, emailauth0_.auth_token as auth_tok4_1_, emailauth0_.email as email5_1_, emailauth0_.expired as expired6_1_, emailauth0_.expired_date as expired_7_1_ from email_auth emailauth0_ where emailauth0_.email=? and emailauth0_.auth_token=? and emailauth0_.expired_date>=? and emailauth0_.expired=? limit ?
Hibernate: update email_auth set created_date=?, modified_date=?, auth_token=?, email=?, expired=?, expired_date=? where email_auth_id=?
Hibernate: select member0_.member_id as member_i1_3_, member0_.created_date as created_2_3_, member0_.modified_date as modified3_3_, member0_.email as email4_3_, member0_.email_auth as email_au5_3_, member0_.name as name6_3_, member0_.picture as picture7_3_, member0_.role as role8_3_, member0_.short_bio as short_bi9_3_, member0_.username as usernam10_3_ from member member0_ where member0_.email=?
Hibernate: select member0_.member_id as member_i1_3_, member0_.created_date as created_2_3_, member0_.modified_date as modified3_3_, member0_.email as email4_3_, member0_.email_auth as email_au5_3_, member0_.name as name6_3_, member0_.picture as picture7_3_, member0_.role as role8_3_, member0_.short_bio as short_bi9_3_, member0_.username as usernam10_3_ from member member0_
Hibernate: select commentlis0_.member_id as member_i8_0_0_, commentlis0_.comment_id as comment_1_0_0_, commentlis0_.comment_id as comment_1_0_1_, commentlis0_.created_date as created_2_0_1_, commentlis0_.modified_date as modified3_0_1_, commentlis0_.content as content4_0_1_, commentlis0_.is_comment_me as is_comme5_0_1_, commentlis0_.level as level6_0_1_, commentlis0_.member_id as member_i8_0_1_, commentlis0_.posts_id as posts_id9_0_1_, commentlis0_.up_comment_id as up_comme7_0_1_ from comment commentlis0_ where commentlis0_.member_id=?
Hibernate: select memberimag0_.member_id as member_i8_4_0_, memberimag0_.member_image_id as member_i1_4_0_, memberimag0_.member_image_id as member_i1_4_1_, memberimag0_.created_date as created_2_4_1_, memberimag0_.modified_date as modified3_4_1_, memberimag0_.image_url as image_ur4_4_1_, memberimag0_.member_id as member_i8_4_1_, memberimag0_.original_filename as original5_4_1_, memberimag0_.store_filename as store_fi6_4_1_, memberimag0_.thumbnail_yn as thumbnai7_4_1_ from member_image memberimag0_ where memberimag0_.member_id=?
Hibernate: select postslikel0_.member_id as member_i4_8_0_, postslikel0_.id as id1_8_0_, postslikel0_.id as id1_8_1_, postslikel0_.created_date as created_2_8_1_, postslikel0_.modified_date as modified3_8_1_, postslikel0_.member_id as member_i4_8_1_, postslikel0_.posts_id as posts_id5_8_1_ from posts_like postslikel0_ where postslikel0_.member_id=?
Hibernate: select postslist0_.member_id as member_i9_5_0_, postslist0_.posts_id as posts_id1_5_0_, postslist0_.posts_id as posts_id1_5_1_, postslist0_.created_date as created_2_5_1_, postslist0_.modified_date as modified3_5_1_, postslist0_.content as content4_5_1_, postslist0_.description as descript5_5_1_, postslist0_.likes as likes6_5_1_, postslist0_.member_id as member_i9_5_1_, postslist0_.secret as secret7_5_1_, postslist0_.title as title8_5_1_ from posts postslist0_ where postslist0_.member_id=?
Hibernate: select tempsaveli0_.member_id as member_i7_9_0_, tempsaveli0_.temp_save_id as temp_sav1_9_0_, tempsaveli0_.temp_save_id as temp_sav1_9_1_, tempsaveli0_.created_date as created_2_9_1_, tempsaveli0_.modified_date as modified3_9_1_, tempsaveli0_.content as content4_9_1_, tempsaveli0_.member_id as member_i7_9_1_, tempsaveli0_.temp_code as temp_cod5_9_1_, tempsaveli0_.title as title6_9_1_ from temp_save tempsaveli0_ where tempsaveli0_.member_id=?
Hibernate: delete from member where member_id=?
Hibernate: select emailauth0_.email_auth_id as email_au1_1_, emailauth0_.created_date as created_2_1_, emailauth0_.modified_date as modified3_1_, emailauth0_.auth_token as auth_tok4_1_, emailauth0_.email as email5_1_, emailauth0_.expired as expired6_1_, emailauth0_.expired_date as expired_7_1_ from email_auth emailauth0_
Hibernate: delete from email_auth where email_auth_id=?
Hibernate: select member0_.member_id as member_i1_3_, member0_.created_date as created_2_3_, member0_.modified_date as modified3_3_, member0_.email as email4_3_, member0_.email_auth as email_au5_3_, member0_.name as name6_3_, member0_.picture as picture7_3_, member0_.role as role8_3_, member0_.short_bio as short_bi9_3_, member0_.username as usernam10_3_ from member member0_
Hibernate: select emailauth0_.email_auth_id as email_au1_1_, emailauth0_.created_date as created_2_1_, emailauth0_.modified_date as modified3_1_, emailauth0_.auth_token as auth_tok4_1_, emailauth0_.email as email5_1_, emailauth0_.expired as expired6_1_, emailauth0_.expired_date as expired_7_1_ from email_auth emailauth0_
Hibernate: insert into member (member_id, created_date, modified_date, email, email_auth, name, picture, role, short_bio, username) values (default, ?, ?, ?, ?, ?, ?, ?, ?, ?)
Hibernate: select member0_.member_id as member_i1_3_, member0_.created_date as created_2_3_, member0_.modified_date as modified3_3_, member0_.email as email4_3_, member0_.email_auth as email_au5_3_, member0_.name as name6_3_, member0_.picture as picture7_3_, member0_.role as role8_3_, member0_.short_bio as short_bi9_3_, member0_.username as usernam10_3_ from member member0_ where member0_.email=?
Hibernate: select member0_.member_id as member_i1_3_, member0_.created_date as created_2_3_, member0_.modified_date as modified3_3_, member0_.email as email4_3_, member0_.email_auth as email_au5_3_, member0_.name as name6_3_, member0_.picture as picture7_3_, member0_.role as role8_3_, member0_.short_bio as short_bi9_3_, member0_.username as usernam10_3_ from member member0_
Hibernate: select commentlis0_.member_id as member_i8_0_0_, commentlis0_.comment_id as comment_1_0_0_, commentlis0_.comment_id as comment_1_0_1_, commentlis0_.created_date as created_2_0_1_, commentlis0_.modified_date as modified3_0_1_, commentlis0_.content as content4_0_1_, commentlis0_.is_comment_me as is_comme5_0_1_, commentlis0_.level as level6_0_1_, commentlis0_.member_id as member_i8_0_1_, commentlis0_.posts_id as posts_id9_0_1_, commentlis0_.up_comment_id as up_comme7_0_1_ from comment commentlis0_ where commentlis0_.member_id=?
Hibernate: select memberimag0_.member_id as member_i8_4_0_, memberimag0_.member_image_id as member_i1_4_0_, memberimag0_.member_image_id as member_i1_4_1_, memberimag0_.created_date as created_2_4_1_, memberimag0_.modified_date as modified3_4_1_, memberimag0_.image_url as image_ur4_4_1_, memberimag0_.member_id as member_i8_4_1_, memberimag0_.original_filename as original5_4_1_, memberimag0_.store_filename as store_fi6_4_1_, memberimag0_.thumbnail_yn as thumbnai7_4_1_ from member_image memberimag0_ where memberimag0_.member_id=?
Hibernate: select postslikel0_.member_id as member_i4_8_0_, postslikel0_.id as id1_8_0_, postslikel0_.id as id1_8_1_, postslikel0_.created_date as created_2_8_1_, postslikel0_.modified_date as modified3_8_1_, postslikel0_.member_id as member_i4_8_1_, postslikel0_.posts_id as posts_id5_8_1_ from posts_like postslikel0_ where postslikel0_.member_id=?
Hibernate: select postslist0_.member_id as member_i9_5_0_, postslist0_.posts_id as posts_id1_5_0_, postslist0_.posts_id as posts_id1_5_1_, postslist0_.created_date as created_2_5_1_, postslist0_.modified_date as modified3_5_1_, postslist0_.content as content4_5_1_, postslist0_.description as descript5_5_1_, postslist0_.likes as likes6_5_1_, postslist0_.member_id as member_i9_5_1_, postslist0_.secret as secret7_5_1_, postslist0_.title as title8_5_1_ from posts postslist0_ where postslist0_.member_id=?
Hibernate: select tempsaveli0_.member_id as member_i7_9_0_, tempsaveli0_.temp_save_id as temp_sav1_9_0_, tempsaveli0_.temp_save_id as temp_sav1_9_1_, tempsaveli0_.created_date as created_2_9_1_, tempsaveli0_.modified_date as modified3_9_1_, tempsaveli0_.content as content4_9_1_, tempsaveli0_.member_id as member_i7_9_1_, tempsaveli0_.temp_code as temp_cod5_9_1_, tempsaveli0_.title as title6_9_1_ from temp_save tempsaveli0_ where tempsaveli0_.member_id=?
Hibernate: delete from member where member_id=?
Hibernate: select emailauth0_.email_auth_id as email_au1_1_, emailauth0_.created_date as created_2_1_, emailauth0_.modified_date as modified3_1_, emailauth0_.auth_token as auth_tok4_1_, emailauth0_.email as email5_1_, emailauth0_.expired as expired6_1_, emailauth0_.expired_date as expired_7_1_ from email_auth emailauth0_
]]></system-out>
  <system-err><![CDATA[]]></system-err>
</testsuite>
