<?xml version="1.0" encoding="UTF-8"?>
<testsuite name="com.azurealstn.alog.dto.BasePageDtoTest" tests="3" skipped="0" failures="0" errors="0" timestamp="2022-12-04T11:02:11" hostname="DESKTOP-4HIAQNR" time="0.004">
  <properties/>
  <testcase name="page calculate 테스트 첫번째" classname="com.azurealstn.alog.dto.BasePageDtoTest" time="0.004"/>
  <testcase name="page calculate 테스트 세번째" classname="com.azurealstn.alog.dto.BasePageDtoTest" time="0.0"/>
  <testcase name="page calculate 테스트 두번째" classname="com.azurealstn.alog.dto.BasePageDtoTest" time="0.0"/>
  <system-out><![CDATA[]]></system-out>
  <system-err><![CDATA[]]></system-err>
</testsuite>
