<?xml version="1.0" encoding="UTF-8"?>
<testsuite name="com.azurealstn.alog.AlogApplicationTests" tests="1" skipped="0" failures="0" errors="0" timestamp="2022-12-04T11:22:02" hostname="DESKTOP-4HIAQNR" time="0.128">
  <properties/>
  <testcase name="contextLoads()" classname="com.azurealstn.alog.AlogApplicationTests" time="0.128"/>
  <system-out><![CDATA[20:21:55.157 [Test worker] DEBUG org.springframework.test.context.BootstrapUtils - Instantiating CacheAwareContextLoaderDelegate from class [org.springframework.test.context.cache.DefaultCacheAwareContextLoaderDelegate]
20:21:55.172 [Test worker] DEBUG org.springframework.test.context.BootstrapUtils - Instantiating BootstrapContext using constructor [public org.springframework.test.context.support.DefaultBootstrapContext(java.lang.Class,org.springframework.test.context.CacheAwareContextLoaderDelegate)]
20:21:55.219 [Test worker] DEBUG org.springframework.test.context.BootstrapUtils - Instantiating TestContextBootstrapper for test class [com.azurealstn.alog.AlogApplicationTests] from class [org.springframework.boot.test.context.SpringBootTestContextBootstrapper]
20:21:55.219 [Test worker] INFO org.springframework.boot.test.context.SpringBootTestContextBootstrapper - Neither @ContextConfiguration nor @ContextHierarchy found for test class [com.azurealstn.alog.AlogApplicationTests], using SpringBootContextLoader
20:21:55.235 [Test worker] DEBUG org.springframework.test.context.support.AbstractContextLoader - Did not detect default resource location for test class [com.azurealstn.alog.AlogApplicationTests]: class path resource [com/azurealstn/alog/AlogApplicationTests-context.xml] does not exist
20:21:55.235 [Test worker] DEBUG org.springframework.test.context.support.AbstractContextLoader - Did not detect default resource location for test class [com.azurealstn.alog.AlogApplicationTests]: class path resource [com/azurealstn/alog/AlogApplicationTestsContext.groovy] does not exist
20:21:55.235 [Test worker] INFO org.springframework.test.context.support.AbstractContextLoader - Could not detect default resource locations for test class [com.azurealstn.alog.AlogApplicationTests]: no resource found for suffixes {-context.xml, Context.groovy}.
20:21:55.235 [Test worker] INFO org.springframework.test.context.support.AnnotationConfigContextLoaderUtils - Could not detect default configuration classes for test class [com.azurealstn.alog.AlogApplicationTests]: AlogApplicationTests does not declare any static, non-private, non-final, nested classes annotated with @Configuration.
20:21:55.282 [Test worker] DEBUG org.springframework.test.context.support.ActiveProfilesUtils - Could not find an 'annotation declaring class' for annotation type [org.springframework.test.context.ActiveProfiles] and class [com.azurealstn.alog.AlogApplicationTests]
20:21:55.345 [Test worker] DEBUG org.springframework.context.annotation.ClassPathScanningCandidateComponentProvider - Identified candidate component class: file [C:\project\intellij-project\2022\alog\build\classes\java\main\com\azurealstn\alog\AlogApplication.class]
20:21:55.345 [Test worker] INFO org.springframework.boot.test.context.SpringBootTestContextBootstrapper - Found @SpringBootConfiguration com.azurealstn.alog.AlogApplication for test class com.azurealstn.alog.AlogApplicationTests
20:21:55.470 [Test worker] DEBUG org.springframework.boot.test.context.SpringBootTestContextBootstrapper - @TestExecutionListeners is not present for class [com.azurealstn.alog.AlogApplicationTests]: using defaults.
20:21:55.470 [Test worker] INFO org.springframework.boot.test.context.SpringBootTestContextBootstrapper - Loaded default TestExecutionListener class names from location [META-INF/spring.factories]: [org.springframework.security.test.context.support.WithSecurityContextTestExecutionListener, org.springframework.security.test.context.support.ReactorContextTestExecutionListener, org.springframework.boot.test.autoconfigure.restdocs.RestDocsTestExecutionListener, org.springframework.boot.test.autoconfigure.web.client.MockRestServiceServerResetTestExecutionListener, org.springframework.boot.test.autoconfigure.web.servlet.MockMvcPrintOnlyOnFailureTestExecutionListener, org.springframework.boot.test.autoconfigure.web.servlet.WebDriverTestExecutionListener, org.springframework.boot.test.autoconfigure.webservices.client.MockWebServiceServerTestExecutionListener, org.springframework.boot.test.mock.mockito.MockitoTestExecutionListener, org.springframework.boot.test.mock.mockito.ResetMocksTestExecutionListener, org.springframework.test.context.web.ServletTestExecutionListener, org.springframework.test.context.support.DirtiesContextBeforeModesTestExecutionListener, org.springframework.test.context.event.ApplicationEventsTestExecutionListener, org.springframework.test.context.support.DependencyInjectionTestExecutionListener, org.springframework.test.context.support.DirtiesContextTestExecutionListener, org.springframework.test.context.transaction.TransactionalTestExecutionListener, org.springframework.test.context.jdbc.SqlScriptsTestExecutionListener, org.springframework.test.context.event.EventPublishingTestExecutionListener]
20:21:55.486 [Test worker] INFO org.springframework.boot.test.context.SpringBootTestContextBootstrapper - Using TestExecutionListeners: [org.springframework.test.context.web.ServletTestExecutionListener@6f95cd51, org.springframework.test.context.support.DirtiesContextBeforeModesTestExecutionListener@c7a977f, org.springframework.test.context.event.ApplicationEventsTestExecutionListener@55caeb35, org.springframework.boot.test.mock.mockito.MockitoTestExecutionListener@6d868997, org.springframework.boot.test.autoconfigure.SpringBootDependencyInjectionTestExecutionListener@2c383e33, org.springframework.test.context.support.DirtiesContextTestExecutionListener@74a195a4, org.springframework.test.context.transaction.TransactionalTestExecutionListener@76304b46, org.springframework.test.context.jdbc.SqlScriptsTestExecutionListener@2fa3be26, org.springframework.security.test.context.support.WithSecurityContextTestExecutionListener@4287d447, org.springframework.test.context.event.EventPublishingTestExecutionListener@3af37506, org.springframework.security.test.context.support.ReactorContextTestExecutionListener@4e6d7365, org.springframework.boot.test.autoconfigure.restdocs.RestDocsTestExecutionListener@7c0da600, org.springframework.boot.test.autoconfigure.web.client.MockRestServiceServerResetTestExecutionListener@d4602a, org.springframework.boot.test.autoconfigure.web.servlet.MockMvcPrintOnlyOnFailureTestExecutionListener@21ae6e73, org.springframework.boot.test.autoconfigure.web.servlet.WebDriverTestExecutionListener@47dd778, org.springframework.boot.test.autoconfigure.webservices.client.MockWebServiceServerTestExecutionListener@15515c51, org.springframework.boot.test.mock.mockito.ResetMocksTestExecutionListener@36a7abe1]
20:21:55.486 [Test worker] DEBUG org.springframework.test.context.support.AbstractDirtiesContextTestExecutionListener - Before test class: context [DefaultTestContext@3569edd5 testClass = AlogApplicationTests, testInstance = [null], testMethod = [null], testException = [null], mergedContextConfiguration = [WebMergedContextConfiguration@1f651cd8 testClass = AlogApplicationTests, locations = '{}', classes = '{class com.azurealstn.alog.AlogApplication}', contextInitializerClasses = '[]', activeProfiles = '{}', propertySourceLocations = '{}', propertySourceProperties = '{org.springframework.boot.test.context.SpringBootTestContextBootstrapper=true}', contextCustomizers = set[org.springframework.boot.test.autoconfigure.actuate.metrics.MetricsExportContextCustomizerFactory$DisableMetricExportContextCustomizer@59d2103b, org.springframework.boot.test.autoconfigure.properties.PropertyMappingContextCustomizer@0, org.springframework.boot.test.autoconfigure.web.servlet.WebDriverContextCustomizerFactory$Customizer@72a85671, org.springframework.boot.test.context.filter.ExcludeFilterContextCustomizer@4ae33a11, org.springframework.boot.test.json.DuplicateJsonObjectContextCustomizerFactory$DuplicateJsonObjectContextCustomizer@6d0b5baf, org.springframework.boot.test.mock.mockito.MockitoContextCustomizer@0, org.springframework.boot.test.web.client.TestRestTemplateContextCustomizer@5b58ed3c, org.springframework.boot.test.context.SpringBootTestArgs@1, org.springframework.boot.test.context.SpringBootTestWebEnvironment@23202fce], resourceBasePath = 'src/main/webapp', contextLoader = 'org.springframework.boot.test.context.SpringBootContextLoader', parent = [null]], attributes = map['org.springframework.test.context.web.ServletTestExecutionListener.activateListener' -> true]], class annotated with @DirtiesContext [false] with mode [null].

  .   ____          _            __ _ _
 /\\ / ___'_ __ _ _(_)_ __  __ _ \ \ \ \
( ( )\___ | '_ | '_| | '_ \/ _` | \ \ \ \
 \\/  ___)| |_)| | | | | || (_| |  ) ) ) )
  '  |____| .__|_| |_|_| |_\__, | / / / /
 =========|_|==============|___/=/_/_/_/
 :: Spring Boot ::                (v2.7.4)

2022-12-04 20:21:55.893  INFO 6608 --- [    Test worker] c.azurealstn.alog.AlogApplicationTests   : Starting AlogApplicationTests using Java 11.0.13 on DESKTOP-4HIAQNR with PID 6608 (started by azure in C:\project\intellij-project\2022\alog)
2022-12-04 20:21:55.893  INFO 6608 --- [    Test worker] c.azurealstn.alog.AlogApplicationTests   : No active profile set, falling back to 1 default profile: "default"
2022-12-04 20:21:56.910  INFO 6608 --- [    Test worker] .s.d.r.c.RepositoryConfigurationDelegate : Bootstrapping Spring Data JPA repositories in DEFAULT mode.
2022-12-04 20:21:57.082  INFO 6608 --- [    Test worker] .s.d.r.c.RepositoryConfigurationDelegate : Finished Spring Data repository scanning in 157 ms. Found 10 JPA repository interfaces.
2022-12-04 20:21:57.692  INFO 6608 --- [    Test worker] com.zaxxer.hikari.HikariDataSource       : HikariPool-1 - Starting...
2022-12-04 20:21:57.973  INFO 6608 --- [    Test worker] com.zaxxer.hikari.HikariDataSource       : HikariPool-1 - Start completed.
2022-12-04 20:21:58.160  INFO 6608 --- [    Test worker] o.hibernate.jpa.internal.util.LogHelper  : HHH000204: Processing PersistenceUnitInfo [name: default]
2022-12-04 20:21:58.223  INFO 6608 --- [    Test worker] org.hibernate.Version                    : HHH000412: Hibernate ORM core version 5.6.11.Final
2022-12-04 20:21:58.443  INFO 6608 --- [    Test worker] o.hibernate.annotations.common.Version   : HCANN000001: Hibernate Commons Annotations {5.1.2.Final}
2022-12-04 20:21:58.599  INFO 6608 --- [    Test worker] org.hibernate.dialect.Dialect            : HHH000400: Using dialect: org.hibernate.dialect.H2Dialect
Hibernate: drop table if exists comment CASCADE 
Hibernate: drop table if exists email_auth CASCADE 
Hibernate: drop table if exists hashtag CASCADE 
Hibernate: drop table if exists member CASCADE 
Hibernate: drop table if exists member_image CASCADE 
Hibernate: drop table if exists posts CASCADE 
Hibernate: drop table if exists posts_hashtag_map CASCADE 
Hibernate: drop table if exists posts_image CASCADE 
Hibernate: drop table if exists posts_like CASCADE 
Hibernate: drop table if exists temp_save CASCADE 
Hibernate: create table comment (comment_id bigint generated by default as identity, created_date timestamp, modified_date timestamp, content clob, is_comment_me boolean, level integer, up_comment_id bigint, member_id bigint, posts_id bigint, primary key (comment_id))
Hibernate: create table email_auth (email_auth_id bigint generated by default as identity, created_date timestamp, modified_date timestamp, auth_token varchar(255), email varchar(255), expired boolean, expired_date timestamp, primary key (email_auth_id))
Hibernate: create table hashtag (hashtag_id bigint generated by default as identity, created_date timestamp, modified_date timestamp, name varchar(255) not null, primary key (hashtag_id))
Hibernate: create table member (member_id bigint generated by default as identity, created_date timestamp, modified_date timestamp, email varchar(255), email_auth boolean, name varchar(255), picture varchar(255), role varchar(255) not null, short_bio varchar(255), username varchar(255), primary key (member_id))
Hibernate: create table member_image (member_image_id bigint generated by default as identity, created_date timestamp, modified_date timestamp, image_url varchar(255), original_filename varchar(255), store_filename varchar(255), thumbnail_yn boolean, member_id bigint, primary key (member_image_id))
Hibernate: create table posts (posts_id bigint generated by default as identity, created_date timestamp, modified_date timestamp, content clob not null, description varchar(255), likes integer, secret boolean, title varchar(255) not null, member_id bigint, primary key (posts_id))
Hibernate: create table posts_hashtag_map (posts_hashtag_map_id bigint generated by default as identity, created_date timestamp, modified_date timestamp, hashtag_id bigint, posts_id bigint, primary key (posts_hashtag_map_id))
Hibernate: create table posts_image (posts_image_id bigint generated by default as identity, created_date timestamp, modified_date timestamp, image_url varchar(255), original_filename varchar(255), store_filename varchar(255), thumbnail_yn boolean, posts_id bigint, primary key (posts_image_id))
Hibernate: create table posts_like (id bigint generated by default as identity, created_date timestamp, modified_date timestamp, member_id bigint, posts_id bigint, primary key (id))
Hibernate: create table temp_save (temp_save_id bigint generated by default as identity, created_date timestamp, modified_date timestamp, content clob, temp_code varchar(255), title varchar(255), member_id bigint, primary key (temp_save_id))
Hibernate: alter table comment add constraint FKmrrrpi513ssu63i2783jyiv9m foreign key (member_id) references member
Hibernate: alter table comment add constraint FK32egq4fwmd2pb4cy0efr2o25a foreign key (posts_id) references posts
Hibernate: alter table member_image add constraint FKr9nbgi536kuu13spg7w3bbxow foreign key (member_id) references member
Hibernate: alter table posts add constraint FK3vu9977d08lqidrhcrqts8e1r foreign key (member_id) references member
Hibernate: alter table posts_hashtag_map add constraint FK6b9ih8ryprf4quqkgq9v5k919 foreign key (hashtag_id) references hashtag
Hibernate: alter table posts_hashtag_map add constraint FKakx9cet3aue5pfulg3wm5t42j foreign key (posts_id) references posts
Hibernate: alter table posts_image add constraint FK2pxfo0n046bvvd1725ak3ngbk foreign key (posts_id) references posts
Hibernate: alter table posts_like add constraint FKrtvuxtbghlss9qjum3rphpxm foreign key (member_id) references member
Hibernate: alter table posts_like add constraint FKsu4o8i07mn8tn1kr6bexpssfq foreign key (posts_id) references posts
Hibernate: alter table temp_save add constraint FKthgnnfw5wnvgvhc29v5abyrhx foreign key (member_id) references member
2022-12-04 20:21:59.538  INFO 6608 --- [    Test worker] o.h.e.t.j.p.i.JtaPlatformInitiator       : HHH000490: Using JtaPlatform implementation: [org.hibernate.engine.transaction.jta.platform.internal.NoJtaPlatform]
2022-12-04 20:21:59.553  INFO 6608 --- [    Test worker] j.LocalContainerEntityManagerFactoryBean : Initialized JPA EntityManagerFactory for persistence unit 'default'
2022-12-04 20:22:01.431  INFO 6608 --- [    Test worker] o.s.s.web.DefaultSecurityFilterChain     : Will secure any request with [org.springframework.security.web.session.DisableEncodeUrlFilter@3c1f2651, org.springframework.security.web.context.request.async.WebAsyncManagerIntegrationFilter@5ce9c9e8, org.springframework.security.web.context.SecurityContextPersistenceFilter@5016934, org.springframework.security.web.header.HeaderWriterFilter@6eac71db, org.springframework.security.web.authentication.logout.LogoutFilter@4dc23273, org.springframework.security.oauth2.client.web.OAuth2AuthorizationRequestRedirectFilter@3687f6b6, org.springframework.security.oauth2.client.web.OAuth2LoginAuthenticationFilter@2be9add0, org.springframework.security.web.authentication.ui.DefaultLoginPageGeneratingFilter@2bcaec2e, org.springframework.security.web.authentication.ui.DefaultLogoutPageGeneratingFilter@249fa2cb, org.springframework.security.web.savedrequest.RequestCacheAwareFilter@62b3871, org.springframework.security.web.servletapi.SecurityContextHolderAwareRequestFilter@8eda949, org.springframework.security.web.authentication.AnonymousAuthenticationFilter@4c6ebaf2, org.springframework.security.web.session.SessionManagementFilter@21a1554, org.springframework.security.web.access.ExceptionTranslationFilter@3fb54673, org.springframework.security.web.access.intercept.FilterSecurityInterceptor@18a9e8db]
2022-12-04 20:22:01.697  WARN 6608 --- [    Test worker] JpaBaseConfiguration$JpaWebConfiguration : spring.jpa.open-in-view is enabled by default. Therefore, database queries may be performed during view rendering. Explicitly configure spring.jpa.open-in-view to disable this warning
2022-12-04 20:22:02.009  INFO 6608 --- [    Test worker] o.s.b.a.h2.H2ConsoleAutoConfiguration    : H2 console available at '/h2-console'. Database available at 'jdbc:h2:mem:9e60084d-7f94-45b9-9b81-9f3876f4ee13'
2022-12-04 20:22:02.025  INFO 6608 --- [    Test worker] o.s.b.a.w.s.WelcomePageHandlerMapping    : Adding welcome page template: index
2022-12-04 20:22:02.510  INFO 6608 --- [    Test worker] s.a.ScheduledAnnotationBeanPostProcessor : No TaskScheduler/ScheduledExecutorService bean found for scheduled processing
2022-12-04 20:22:02.526  INFO 6608 --- [    Test worker] c.azurealstn.alog.AlogApplicationTests   : Started AlogApplicationTests in 6.996 seconds (JVM running for 8.43)
]]></system-out>
  <system-err><![CDATA[]]></system-err>
</testsuite>
