<?xml version="1.0" encoding="UTF-8"?>
<testsuite name="com.azurealstn.alog.controller.IndexControllerTest" tests="1" skipped="0" failures="0" errors="0" timestamp="2022-12-03T11:13:38" hostname="DESKTOP-4HIAQNR" time="0.407">
  <properties/>
  <testcase name="메인 페이지 호출 테스트" classname="com.azurealstn.alog.controller.IndexControllerTest" time="0.407"/>
  <system-out><![CDATA[2022-12-03 20:13:36.388  INFO 16012 --- [    Test worker] .b.t.c.SpringBootTestContextBootstrapper : Neither @ContextConfiguration nor @ContextHierarchy found for test class [com.azurealstn.alog.controller.IndexControllerTest], using SpringBootContextLoader
2022-12-03 20:13:36.389  INFO 16012 --- [    Test worker] o.s.t.c.support.AbstractContextLoader    : Could not detect default resource locations for test class [com.azurealstn.alog.controller.IndexControllerTest]: no resource found for suffixes {-context.xml, Context.groovy}.
2022-12-03 20:13:36.390  INFO 16012 --- [    Test worker] t.c.s.AnnotationConfigContextLoaderUtils : Could not detect default configuration classes for test class [com.azurealstn.alog.controller.IndexControllerTest]: IndexControllerTest does not declare any static, non-private, non-final, nested classes annotated with @Configuration.
2022-12-03 20:13:36.405  INFO 16012 --- [    Test worker] .b.t.c.SpringBootTestContextBootstrapper : Found @SpringBootConfiguration com.azurealstn.alog.AlogApplication for test class com.azurealstn.alog.controller.IndexControllerTest
2022-12-03 20:13:36.407  INFO 16012 --- [    Test worker] .b.t.c.SpringBootTestContextBootstrapper : Loaded default TestExecutionListener class names from location [META-INF/spring.factories]: [org.springframework.security.test.context.support.WithSecurityContextTestExecutionListener, org.springframework.security.test.context.support.ReactorContextTestExecutionListener, org.springframework.boot.test.autoconfigure.restdocs.RestDocsTestExecutionListener, org.springframework.boot.test.autoconfigure.web.client.MockRestServiceServerResetTestExecutionListener, org.springframework.boot.test.autoconfigure.web.servlet.MockMvcPrintOnlyOnFailureTestExecutionListener, org.springframework.boot.test.autoconfigure.web.servlet.WebDriverTestExecutionListener, org.springframework.boot.test.autoconfigure.webservices.client.MockWebServiceServerTestExecutionListener, org.springframework.boot.test.mock.mockito.MockitoTestExecutionListener, org.springframework.boot.test.mock.mockito.ResetMocksTestExecutionListener, org.springframework.test.context.web.ServletTestExecutionListener, org.springframework.test.context.support.DirtiesContextBeforeModesTestExecutionListener, org.springframework.test.context.event.ApplicationEventsTestExecutionListener, org.springframework.test.context.support.DependencyInjectionTestExecutionListener, org.springframework.test.context.support.DirtiesContextTestExecutionListener, org.springframework.test.context.transaction.TransactionalTestExecutionListener, org.springframework.test.context.jdbc.SqlScriptsTestExecutionListener, org.springframework.test.context.event.EventPublishingTestExecutionListener]
2022-12-03 20:13:36.410  INFO 16012 --- [    Test worker] .b.t.c.SpringBootTestContextBootstrapper : Using TestExecutionListeners: [org.springframework.test.context.web.ServletTestExecutionListener@4ff7de80, org.springframework.test.context.support.DirtiesContextBeforeModesTestExecutionListener@43eea3bd, org.springframework.test.context.event.ApplicationEventsTestExecutionListener@2cd6112b, org.springframework.boot.test.mock.mockito.MockitoTestExecutionListener@7f7eeaaf, org.springframework.boot.test.autoconfigure.SpringBootDependencyInjectionTestExecutionListener@e8c381e, org.springframework.test.context.support.DirtiesContextTestExecutionListener@38499139, org.springframework.test.context.transaction.TransactionalTestExecutionListener@240a9052, org.springframework.test.context.jdbc.SqlScriptsTestExecutionListener@2ca93dee, org.springframework.security.test.context.support.WithSecurityContextTestExecutionListener@430abcad, org.springframework.test.context.event.EventPublishingTestExecutionListener@373e3dac, org.springframework.security.test.context.support.ReactorContextTestExecutionListener@4746b319, org.springframework.boot.test.autoconfigure.restdocs.RestDocsTestExecutionListener@2265a052, org.springframework.boot.test.autoconfigure.web.client.MockRestServiceServerResetTestExecutionListener@341c8f67, org.springframework.boot.test.autoconfigure.web.servlet.MockMvcPrintOnlyOnFailureTestExecutionListener@72090715, org.springframework.boot.test.autoconfigure.web.servlet.WebDriverTestExecutionListener@25bc36, org.springframework.boot.test.autoconfigure.webservices.client.MockWebServiceServerTestExecutionListener@fcdeb50, org.springframework.boot.test.mock.mockito.ResetMocksTestExecutionListener@5f7a2a79]

  .   ____          _            __ _ _
 /\\ / ___'_ __ _ _(_)_ __  __ _ \ \ \ \
( ( )\___ | '_ | '_| | '_ \/ _` | \ \ \ \
 \\/  ___)| |_)| | | | | || (_| |  ) ) ) )
  '  |____| .__|_| |_|_| |_\__, | / / / /
 =========|_|==============|___/=/_/_/_/
 :: Spring Boot ::                (v2.7.4)

2022-12-03 20:13:36.441  INFO 16012 --- [    Test worker] c.a.alog.controller.IndexControllerTest  : Starting IndexControllerTest using Java 11.0.13 on DESKTOP-4HIAQNR with PID 16012 (started by azure in C:\project\intellij-project\2022\alog)
2022-12-03 20:13:36.441  INFO 16012 --- [    Test worker] c.a.alog.controller.IndexControllerTest  : The following 1 profile is active: "mail"
2022-12-03 20:13:36.797  INFO 16012 --- [    Test worker] .s.d.r.c.RepositoryConfigurationDelegate : Bootstrapping Spring Data JPA repositories in DEFAULT mode.
2022-12-03 20:13:36.885  INFO 16012 --- [    Test worker] .s.d.r.c.RepositoryConfigurationDelegate : Finished Spring Data repository scanning in 87 ms. Found 10 JPA repository interfaces.
2022-12-03 20:13:37.071  INFO 16012 --- [    Test worker] com.zaxxer.hikari.HikariDataSource       : HikariPool-2 - Starting...
2022-12-03 20:13:37.076  INFO 16012 --- [    Test worker] com.zaxxer.hikari.HikariDataSource       : HikariPool-2 - Start completed.
2022-12-03 20:13:37.153  INFO 16012 --- [    Test worker] o.hibernate.jpa.internal.util.LogHelper  : HHH000204: Processing PersistenceUnitInfo [name: default]
2022-12-03 20:13:37.163  INFO 16012 --- [    Test worker] org.hibernate.dialect.Dialect            : HHH000400: Using dialect: org.hibernate.dialect.H2Dialect
2022-12-03 20:13:37.279  INFO 16012 --- [    Test worker] o.h.e.t.j.p.i.JtaPlatformInitiator       : HHH000490: Using JtaPlatform implementation: [org.hibernate.engine.transaction.jta.platform.internal.NoJtaPlatform]
2022-12-03 20:13:37.280  INFO 16012 --- [    Test worker] j.LocalContainerEntityManagerFactoryBean : Initialized JPA EntityManagerFactory for persistence unit 'default'
2022-12-03 20:13:37.763  INFO 16012 --- [    Test worker] o.s.s.web.DefaultSecurityFilterChain     : Will secure any request with [org.springframework.security.web.session.DisableEncodeUrlFilter@219c32e3, org.springframework.security.web.context.request.async.WebAsyncManagerIntegrationFilter@fa3db48, org.springframework.security.web.context.SecurityContextPersistenceFilter@1bd98c48, org.springframework.security.web.header.HeaderWriterFilter@549561ab, org.springframework.security.web.authentication.logout.LogoutFilter@61ce2d47, org.springframework.security.oauth2.client.web.OAuth2AuthorizationRequestRedirectFilter@72dc9f9d, org.springframework.security.oauth2.client.web.OAuth2LoginAuthenticationFilter@45ec6bb3, org.springframework.security.web.authentication.ui.DefaultLoginPageGeneratingFilter@dd3d0a6, org.springframework.security.web.authentication.ui.DefaultLogoutPageGeneratingFilter@19158d56, org.springframework.security.web.savedrequest.RequestCacheAwareFilter@5d9ccad2, org.springframework.security.web.servletapi.SecurityContextHolderAwareRequestFilter@22fb60f3, org.springframework.security.web.authentication.AnonymousAuthenticationFilter@3f02dc34, org.springframework.security.web.session.SessionManagementFilter@785aeba9, org.springframework.security.web.access.ExceptionTranslationFilter@75f67ea7, org.springframework.security.web.access.intercept.FilterSecurityInterceptor@18f6ccf4]
2022-12-03 20:13:37.898  WARN 16012 --- [    Test worker] JpaBaseConfiguration$JpaWebConfiguration : spring.jpa.open-in-view is enabled by default. Therefore, database queries may be performed during view rendering. Explicitly configure spring.jpa.open-in-view to disable this warning
2022-12-03 20:13:38.049  INFO 16012 --- [    Test worker] o.s.b.a.h2.H2ConsoleAutoConfiguration    : H2 console available at '/h2-console'. Database available at 'jdbc:h2:tcp://localhost/~/alog'
2022-12-03 20:13:38.056  INFO 16012 --- [    Test worker] o.s.b.a.w.s.WelcomePageHandlerMapping    : Adding welcome page template: index
2022-12-03 20:13:38.422  INFO 16012 --- [    Test worker] o.s.b.t.m.w.SpringBootMockServletContext : Initializing Spring TestDispatcherServlet ''
2022-12-03 20:13:38.422  INFO 16012 --- [    Test worker] o.s.t.web.servlet.TestDispatcherServlet  : Initializing Servlet ''
2022-12-03 20:13:38.423  INFO 16012 --- [    Test worker] o.s.t.web.servlet.TestDispatcherServlet  : Completed initialization in 1 ms
2022-12-03 20:13:38.434  INFO 16012 --- [    Test worker] s.a.ScheduledAnnotationBeanPostProcessor : No TaskScheduler/ScheduledExecutorService bean found for scheduled processing
2022-12-03 20:13:38.435  INFO 16012 --- [    Test worker] c.a.alog.controller.IndexControllerTest  : Started IndexControllerTest in 2.022 seconds (JVM running for 10.883)
Hibernate: select posts0_.posts_id as posts_id1_5_, posts0_.created_date as created_2_5_, posts0_.modified_date as modified3_5_, posts0_.content as content4_5_, posts0_.description as descript5_5_, posts0_.likes as likes6_5_, posts0_.member_id as member_i9_5_, posts0_.secret as secret7_5_, posts0_.title as title8_5_ from posts posts0_ where posts0_.secret=?
Hibernate: select posts0_.posts_id as posts_id1_5_, posts0_.created_date as created_2_5_, posts0_.modified_date as modified3_5_, posts0_.content as content4_5_, posts0_.description as descript5_5_, posts0_.likes as likes6_5_, posts0_.member_id as member_i9_5_, posts0_.secret as secret7_5_, posts0_.title as title8_5_ from posts posts0_ where posts0_.secret=? order by posts0_.posts_id desc limit ?

MockHttpServletRequest:
      HTTP Method = GET
      Request URI = /
       Parameters = {}
          Headers = []
             Body = null
    Session Attrs = {}

Handler:
             Type = com.azurealstn.alog.controller.IndexController
           Method = com.azurealstn.alog.controller.IndexController#index(Model, PostsSearchDto)

Async:
    Async started = false
     Async result = null

Resolved Exception:
             Type = null

ModelAndView:
        View name = index
             View = null
        Attribute = searchDto
            value = PostsSearchDto(page=1, size=12, basePageDto=BasePageDto(startPage=1, endPage=1, prevPage=false, nextPage=false, totalRowCount=0, totalPageCount=1), searchValue=null)
           errors = []
        Attribute = postsList
            value = []
        Attribute = movePrevPage
            value = 0
        Attribute = moveNextPage
            value = 2
        Attribute = pagination
            value = [1]
        Attribute = hasDoubleNextPage
            value = false
        Attribute = doubleNextPage
            value = 11
        Attribute = hasDoublePrevPage
            value = false
        Attribute = doublePrevPage
            value = -9

FlashMap:
       Attributes = null

MockHttpServletResponse:
           Status = 200
    Error message = null
          Headers = [Content-Language:"en", Content-Type:"text/html", X-Content-Type-Options:"nosniff", X-XSS-Protection:"1; mode=block", Cache-Control:"no-cache, no-store, max-age=0, must-revalidate", Pragma:"no-cache", Expires:"0", Set-Cookie:"SESSION=YjRkOGRkY2UtMDNhYy00YTEwLTk0ZjYtOWZlMzI4OWE4YTk0; Path=/; HttpOnly; SameSite=Lax"]
     Content type = text/html
             Body = <!DOCTYPE html>
<html lang="ko">
<head>
    <meta charset="UTF-8">
    <meta http-equiv="X-UA-Compatible" content="IE=edge">
    <meta name="viewport" content="width=device-width, initial-scale=1.0">

    <!-- SEO -->
    <meta name="description" content="? ???? velog? ????? alog ???. ?? react? ?? mustache? ??">
    <meta name="keywords" content="?????, ???, ???, alog, velog, ????, ??? ????">
    <meta name="author" content="azurealstn">
    <title>alog</title>

    <!-- Open Graph (Facebook, Linkedin) -->
    <meta property="og:url" content="https://velog.io/">
    <meta property="og:type" content="website">
    <meta property="og:title" content="velog ????? alog">
    <meta property="og:description" content="? ???? velog? ????? alog ???. ?? react? ?? mustache? ??">
    <meta property="og:image" content="/images/online.jpg">
    <meta property="og:image:secure_url" content="/images/online.jpg">
    <meta property="og:site_name" content="velog ????">
    <meta property="og:locale" content="ko-KR">

    <!-- twitter card -->
    <meta name="twitter:card" content="summary">
    <meta name="twitter:title" content="velog ????? alog">
    <meta name="twitter:description" content="? ???? velog? ????? alog ???. ?? react? ?? mustache? ??">
    <meta name="twitter:image" content="/images/online.jpg">
    <meta name="twitter:url" content="https://velog.io/">
    <meta name="twitter:site" content="@azurealstn">
    <meta name="twitter:creator" content="@azurealstn">

    <!-- fabicon -->
    <link rel="icon" type="image/png" sizes="512x512" href="/images/leaf-fabicon.png">

    <!-- apple fabicon -->
    <link rel="apple-touch-icon" sizes="512x512" href="/images/leaf-fabicon.png">

    <!-- CSS Reset -->
    <link rel="stylesheet" href="/css/normalize.css">

    <!-- FontAwesome -->
    <script src="https://kit.fontawesome.com/32f48298df.js" crossorigin="anonymous"></script>

    <!-- Font -->
    <link href='//spoqa.github.io/spoqa-han-sans/css/SpoqaHanSansNeo.css' rel='stylesheet' type='text/css'>
    <link href="https://fonts.googleapis.com/css2?family=Concert+One&family=Fuzzy+Bubbles:wght@700&family=Nanum+Gothic&family=Silkscreen&display=swap" rel="stylesheet">

    <!-- Toast   -->
    <link rel="stylesheet" type="text/css" href="https://cdn.jsdelivr.net/npm/toastify-js/src/toastify.min.css">

    <!-- CSS load -->
    <link rel="stylesheet" href="/css/style.css">

    <script src="https://code.jquery.com/jquery-3.6.1.min.js" integrity="sha256-o88AwQnZB+VDvE9tvIXrMQaPlFFSUTR+nldQm1LuPXQ=" crossorigin="anonymous" defer></script>
    <script type="text/javascript" src="https://cdn.jsdelivr.net/npm/toastify-js" defer></script>
    <script src="/js/index.js" defer></script>

</head>
<body>
<!-- header -->
<div class="root">
    <header>
        <div class="header">
            <div class="head-container">
                <div class="head-logo">
                    <a href="/">alog</a>
                </div>
                <div class="head-content">
                    <a href="/api/v1/auth/search" class="search">
                        <i class="fa-solid fa-magnifying-glass"></i>
                    </a>
                        <button class="head-btn head-login" id="show-btn">???</button>
                </div>
            </div>
        </div>
    </header>

<!-- main section -->
<section class="main">
    <div class="main-container">
        <main class="main-content">
            <div class="posts-order">
                <div class="order-content">
                    <div class="order">
                        <a id="latest" href="/">
                            <i class="fa-regular fa-clock"></i>
                            ??
                        </a>
                        <a id="popular" href="/api/v1/auth/popular">
                            <i class="fa-solid fa-fire"></i>
                            ??
                        </a>
                        <div class="category-underline"></div>
                    </div>
                </div>
            </div>
            <div class="posts-content">
            </div>
            <nav class="pagination">
                <input type="hidden" id="startPage" value="1" />
                <input type="hidden" id="endPage" value="1" />
                <ul class="pagination-list">

                        <li><a href="?page=1" class="pagination-link" data-value=1>1</a></li>

                </ul>
            </nav>
        </main>
    </div>
</section>

<!-- modal -->
<div class="modal-bg" id="modal-bg-hide"></div>
<div class="modal-container" id="modal-container-hide">
    <div class="wrapper">
        <div class="gray-block">
            <div>
                <img src="/images/pumpkin.png" alt="welcome">
                <div class="welcome">Welcome!</div>
            </div>
        </div>
        <div class="white-block">
            <div class="exit-wrapper">
                <button id="hide-btn"><i class="fa-solid fa-xmark"></i></button>
            </div>
            <div class="block-content">
                <div class="content-wrapper">
                    <div class="upper-wrapper">
                        <h2 class="change-login">???</h2>
                        <section>
                            <h4>???? <span class="change-login">???</span></h4>
                            <form class="login-form" onsubmit="return false">
                                <input autocomplete="off" type="text" id="email" name="email" placeholder="???? ?????.">
                                <button class="login-btn change-login" id="login-btn">???</button>
                            </form>
                            <div class="message" style="display: none;">
                                <i class="fa-solid fa-check"></i>
                                <div class="message-description">
                                    <span class="emailCheck">????</span> ??? ???? ???????.
                                </div>
                            </div>
                        </section>
                        <section>
                            <h4>?? ???? <span class="change-login">???</span></h4>
                            <div class="social-login">
                                <a href="/oauth2/authorization/google" class="social-link" style="background: white;">
                                    <img class="google" src="/images/social-google.png" alt="google">
                                </a>
                                <a href="/oauth2/authorization/naver" class="social-link">
                                    <img src="/images/social-naver.png" alt="naver">
                                </a>
                                <a href="/oauth2/authorization/kakao" class="social-link" style="background: #FDDC00;">
                                    <img src="/images/social-kakao.png" alt="kakao">
                                </a>
                            </div>
                        </section>
                    </div>
                    <div class="foot">
                        <span class="member">?? ??? ??????</span>
                        <div class="link">????</div>
                    </div>
                </div>
            </div>
        </div>
    </div>
</div>

<!-- footer -->
<footer class="footer">
    <p class="copyright">
        © 2022 | created by <span class="strong">alog</span>
        <br>
        Theme by <span class="strong">azurealstn</span>
    </p>
</footer>

</div>
</body>
</html>
    Forwarded URL = null
   Redirected URL = null
          Cookies = [[MockCookie@a308ffd name = 'SESSION', value = 'YjRkOGRkY2UtMDNhYy00YTEwLTk0ZjYtOWZlMzI4OWE4YTk0', comment = [null], domain = [null], maxAge = -1, path = '/', secure = false, version = 0, httpOnly = true]]
]]></system-out>
  <system-err><![CDATA[]]></system-err>
</testsuite>
