<?xml version="1.0" encoding="UTF-8"?>
<testsuite name="com.azurealstn.alog.controller.api.comment.CommentApiControllerTest" tests="3" skipped="0" failures="0" errors="0" timestamp="2022-12-04T11:02:06" hostname="DESKTOP-4HIAQNR" time="0.109">
  <properties/>
  <testcase name="댓글 수정시 DB 수정 성공" classname="com.azurealstn.alog.controller.api.comment.CommentApiControllerTest" time="0.052"/>
  <testcase name="댓글 등록시 DB 저장" classname="com.azurealstn.alog.controller.api.comment.CommentApiControllerTest" time="0.026"/>
  <testcase name="댓글 삭제시 DB 삭제" classname="com.azurealstn.alog.controller.api.comment.CommentApiControllerTest" time="0.029"/>
  <system-out><![CDATA[2022-12-04 20:02:04.372  INFO 8024 --- [    Test worker] .b.t.c.SpringBootTestContextBootstrapper : Neither @ContextConfiguration nor @ContextHierarchy found for test class [com.azurealstn.alog.controller.api.comment.CommentApiControllerTest], using SpringBootContextLoader
2022-12-04 20:02:04.372  INFO 8024 --- [    Test worker] o.s.t.c.support.AbstractContextLoader    : Could not detect default resource locations for test class [com.azurealstn.alog.controller.api.comment.CommentApiControllerTest]: no resource found for suffixes {-context.xml, Context.groovy}.
2022-12-04 20:02:04.372  INFO 8024 --- [    Test worker] t.c.s.AnnotationConfigContextLoaderUtils : Could not detect default configuration classes for test class [com.azurealstn.alog.controller.api.comment.CommentApiControllerTest]: CommentApiControllerTest does not declare any static, non-private, non-final, nested classes annotated with @Configuration.
2022-12-04 20:02:04.372  INFO 8024 --- [    Test worker] .b.t.c.SpringBootTestContextBootstrapper : Found @SpringBootConfiguration com.azurealstn.alog.AlogApplication for test class com.azurealstn.alog.controller.api.comment.CommentApiControllerTest
2022-12-04 20:02:04.372  INFO 8024 --- [    Test worker] .b.t.c.SpringBootTestContextBootstrapper : Loaded default TestExecutionListener class names from location [META-INF/spring.factories]: [org.springframework.security.test.context.support.WithSecurityContextTestExecutionListener, org.springframework.security.test.context.support.ReactorContextTestExecutionListener, org.springframework.boot.test.autoconfigure.restdocs.RestDocsTestExecutionListener, org.springframework.boot.test.autoconfigure.web.client.MockRestServiceServerResetTestExecutionListener, org.springframework.boot.test.autoconfigure.web.servlet.MockMvcPrintOnlyOnFailureTestExecutionListener, org.springframework.boot.test.autoconfigure.web.servlet.WebDriverTestExecutionListener, org.springframework.boot.test.autoconfigure.webservices.client.MockWebServiceServerTestExecutionListener, org.springframework.boot.test.mock.mockito.MockitoTestExecutionListener, org.springframework.boot.test.mock.mockito.ResetMocksTestExecutionListener, org.springframework.test.context.web.ServletTestExecutionListener, org.springframework.test.context.support.DirtiesContextBeforeModesTestExecutionListener, org.springframework.test.context.event.ApplicationEventsTestExecutionListener, org.springframework.test.context.support.DependencyInjectionTestExecutionListener, org.springframework.test.context.support.DirtiesContextTestExecutionListener, org.springframework.test.context.transaction.TransactionalTestExecutionListener, org.springframework.test.context.jdbc.SqlScriptsTestExecutionListener, org.springframework.test.context.event.EventPublishingTestExecutionListener]
2022-12-04 20:02:04.372  INFO 8024 --- [    Test worker] .b.t.c.SpringBootTestContextBootstrapper : Using TestExecutionListeners: [org.springframework.test.context.web.ServletTestExecutionListener@3ca1a69b, org.springframework.test.context.support.DirtiesContextBeforeModesTestExecutionListener@33dcbbfa, org.springframework.test.context.event.ApplicationEventsTestExecutionListener@57d3c5cd, org.springframework.boot.test.mock.mockito.MockitoTestExecutionListener@5418225f, org.springframework.boot.test.autoconfigure.SpringBootDependencyInjectionTestExecutionListener@65bcc339, org.springframework.test.context.support.DirtiesContextTestExecutionListener@3369a71f, org.springframework.test.context.transaction.TransactionalTestExecutionListener@7adde112, org.springframework.test.context.jdbc.SqlScriptsTestExecutionListener@6f422ecc, org.springframework.security.test.context.support.WithSecurityContextTestExecutionListener@6c648d16, org.springframework.test.context.event.EventPublishingTestExecutionListener@12cb9eda, org.springframework.security.test.context.support.ReactorContextTestExecutionListener@70b38e0, org.springframework.boot.test.autoconfigure.restdocs.RestDocsTestExecutionListener@79414283, org.springframework.boot.test.autoconfigure.web.client.MockRestServiceServerResetTestExecutionListener@31857c80, org.springframework.boot.test.autoconfigure.web.servlet.MockMvcPrintOnlyOnFailureTestExecutionListener@7ff61924, org.springframework.boot.test.autoconfigure.web.servlet.WebDriverTestExecutionListener@2164f202, org.springframework.boot.test.autoconfigure.webservices.client.MockWebServiceServerTestExecutionListener@5242e9f7, org.springframework.boot.test.mock.mockito.ResetMocksTestExecutionListener@48b9ee43]

  .   ____          _            __ _ _
 /\\ / ___'_ __ _ _(_)_ __  __ _ \ \ \ \
( ( )\___ | '_ | '_| | '_ \/ _` | \ \ \ \
 \\/  ___)| |_)| | | | | || (_| |  ) ) ) )
  '  |____| .__|_| |_|_| |_\__, | / / / /
 =========|_|==============|___/=/_/_/_/
 :: Spring Boot ::                (v2.7.4)

2022-12-04 20:02:04.418  INFO 8024 --- [    Test worker] c.a.a.c.a.c.CommentApiControllerTest     : Starting CommentApiControllerTest using Java 11.0.13 on DESKTOP-4HIAQNR with PID 8024 (started by azure in C:\project\intellij-project\2022\alog)
2022-12-04 20:02:04.418  INFO 8024 --- [    Test worker] c.a.a.c.a.c.CommentApiControllerTest     : The following 1 profile is active: "mail"
2022-12-04 20:02:04.716  INFO 8024 --- [    Test worker] .s.d.r.c.RepositoryConfigurationDelegate : Bootstrapping Spring Data JPA repositories in DEFAULT mode.
2022-12-04 20:02:04.810  INFO 8024 --- [    Test worker] .s.d.r.c.RepositoryConfigurationDelegate : Finished Spring Data repository scanning in 84 ms. Found 10 JPA repository interfaces.
2022-12-04 20:02:05.140  INFO 8024 --- [    Test worker] o.s.b.w.embedded.tomcat.TomcatWebServer  : Tomcat initialized with port(s): 0 (http)
2022-12-04 20:02:05.155  INFO 8024 --- [    Test worker] o.apache.catalina.core.StandardService   : Starting service [Tomcat]
2022-12-04 20:02:05.155  INFO 8024 --- [    Test worker] org.apache.catalina.core.StandardEngine  : Starting Servlet engine: [Apache Tomcat/9.0.65]
2022-12-04 20:02:05.296  INFO 8024 --- [    Test worker] o.a.c.c.C.[Tomcat].[localhost].[/]       : Initializing Spring embedded WebApplicationContext
2022-12-04 20:02:05.296  INFO 8024 --- [    Test worker] w.s.c.ServletWebServerApplicationContext : Root WebApplicationContext: initialization completed in 878 ms
2022-12-04 20:02:05.311  INFO 8024 --- [    Test worker] com.zaxxer.hikari.HikariDataSource       : HikariPool-3 - Starting...
2022-12-04 20:02:05.311  INFO 8024 --- [    Test worker] com.zaxxer.hikari.HikariDataSource       : HikariPool-3 - Start completed.
2022-12-04 20:02:05.311  INFO 8024 --- [    Test worker] o.s.b.a.h2.H2ConsoleAutoConfiguration    : H2 console available at '/h2-console'. Database available at 'jdbc:h2:tcp://localhost/~/alog'
2022-12-04 20:02:05.499  INFO 8024 --- [    Test worker] o.hibernate.jpa.internal.util.LogHelper  : HHH000204: Processing PersistenceUnitInfo [name: default]
2022-12-04 20:02:05.515  INFO 8024 --- [    Test worker] org.hibernate.dialect.Dialect            : HHH000400: Using dialect: org.hibernate.dialect.H2Dialect
2022-12-04 20:02:05.608  INFO 8024 --- [    Test worker] o.h.e.t.j.p.i.JtaPlatformInitiator       : HHH000490: Using JtaPlatform implementation: [org.hibernate.engine.transaction.jta.platform.internal.NoJtaPlatform]
2022-12-04 20:02:05.608  INFO 8024 --- [    Test worker] j.LocalContainerEntityManagerFactoryBean : Initialized JPA EntityManagerFactory for persistence unit 'default'
2022-12-04 20:02:06.186  INFO 8024 --- [    Test worker] o.s.s.web.DefaultSecurityFilterChain     : Will secure any request with [org.springframework.security.web.session.DisableEncodeUrlFilter@279afa1c, org.springframework.security.web.context.request.async.WebAsyncManagerIntegrationFilter@44aff76b, org.springframework.security.web.context.SecurityContextPersistenceFilter@3095f1eb, org.springframework.security.web.header.HeaderWriterFilter@29e7da9c, org.springframework.security.web.authentication.logout.LogoutFilter@75c1c32b, org.springframework.security.oauth2.client.web.OAuth2AuthorizationRequestRedirectFilter@114ef80a, org.springframework.security.oauth2.client.web.OAuth2LoginAuthenticationFilter@356de111, org.springframework.security.web.authentication.ui.DefaultLoginPageGeneratingFilter@1727aa28, org.springframework.security.web.authentication.ui.DefaultLogoutPageGeneratingFilter@2247d95c, org.springframework.security.web.savedrequest.RequestCacheAwareFilter@5225e766, org.springframework.security.web.servletapi.SecurityContextHolderAwareRequestFilter@4501e484, org.springframework.security.web.authentication.AnonymousAuthenticationFilter@78f8d16c, org.springframework.security.web.session.SessionManagementFilter@58e142be, org.springframework.security.web.access.ExceptionTranslationFilter@63802a5d, org.springframework.security.web.access.intercept.FilterSecurityInterceptor@76c974b]
2022-12-04 20:02:06.265  WARN 8024 --- [    Test worker] JpaBaseConfiguration$JpaWebConfiguration : spring.jpa.open-in-view is enabled by default. Therefore, database queries may be performed during view rendering. Explicitly configure spring.jpa.open-in-view to disable this warning
2022-12-04 20:02:06.405  INFO 8024 --- [    Test worker] o.s.b.a.w.s.WelcomePageHandlerMapping    : Adding welcome page template: index
2022-12-04 20:02:06.656  INFO 8024 --- [    Test worker] o.s.b.w.embedded.tomcat.TomcatWebServer  : Tomcat started on port(s): 65293 (http) with context path ''
2022-12-04 20:02:06.656  INFO 8024 --- [    Test worker] s.a.ScheduledAnnotationBeanPostProcessor : No TaskScheduler/ScheduledExecutorService bean found for scheduled processing
2022-12-04 20:02:06.656  INFO 8024 --- [    Test worker] c.a.a.c.a.c.CommentApiControllerTest     : Started CommentApiControllerTest in 2.282 seconds (JVM running for 13.791)
2022-12-04 20:02:06.656  INFO 8024 --- [    Test worker] o.s.t.c.transaction.TransactionContext   : Began transaction (1) for test context [DefaultTestContext@77eb383a testClass = CommentApiControllerTest, testInstance = com.azurealstn.alog.controller.api.comment.CommentApiControllerTest@5a414ed4, testMethod = modify_comment_api_o@CommentApiControllerTest, testException = [null], mergedContextConfiguration = [WebMergedContextConfiguration@12223f2b testClass = CommentApiControllerTest, locations = '{}', classes = '{class com.azurealstn.alog.AlogApplication}', contextInitializerClasses = '[]', activeProfiles = '{}', propertySourceLocations = '{}', propertySourceProperties = '{org.springframework.boot.test.context.SpringBootTestContextBootstrapper=true, server.port=0}', contextCustomizers = set[org.springframework.boot.test.autoconfigure.actuate.metrics.MetricsExportContextCustomizerFactory$DisableMetricExportContextCustomizer@39dcf4b0, org.springframework.boot.test.autoconfigure.properties.PropertyMappingContextCustomizer@0, org.springframework.boot.test.autoconfigure.web.servlet.WebDriverContextCustomizerFactory$Customizer@6722db6e, org.springframework.boot.test.context.filter.ExcludeFilterContextCustomizer@7a48e6e2, org.springframework.boot.test.json.DuplicateJsonObjectContextCustomizerFactory$DuplicateJsonObjectContextCustomizer@631e06ab, org.springframework.boot.test.mock.mockito.MockitoContextCustomizer@0, org.springframework.boot.test.web.client.TestRestTemplateContextCustomizer@24faea88, org.springframework.boot.test.context.SpringBootTestArgs@1, org.springframework.boot.test.context.SpringBootTestWebEnvironment@68d279ec], resourceBasePath = 'src/main/webapp', contextLoader = 'org.springframework.boot.test.context.SpringBootContextLoader', parent = [null]], attributes = map['org.springframework.test.context.web.ServletTestExecutionListener.activateListener' -> false, 'org.springframework.test.context.event.ApplicationEventsTestExecutionListener.recordApplicationEvents' -> false]]; transaction manager [org.springframework.orm.jpa.JpaTransactionManager@74a8d26c]; rollback [true]
2022-12-04 20:02:06.672  INFO 8024 --- [    Test worker] o.a.c.c.C.[Tomcat].[localhost].[/]       : Initializing Spring TestDispatcherServlet ''
2022-12-04 20:02:06.672  INFO 8024 --- [    Test worker] o.s.t.web.servlet.TestDispatcherServlet  : Initializing Servlet ''
2022-12-04 20:02:06.672  INFO 8024 --- [    Test worker] o.s.t.web.servlet.TestDispatcherServlet  : Completed initialization in 0 ms
Hibernate: select comment0_.comment_id as comment_1_0_, comment0_.created_date as created_2_0_, comment0_.modified_date as modified3_0_, comment0_.content as content4_0_, comment0_.is_comment_me as is_comme5_0_, comment0_.level as level6_0_, comment0_.member_id as member_i8_0_, comment0_.posts_id as posts_id9_0_, comment0_.up_comment_id as up_comme7_0_ from comment comment0_
Hibernate: select posts0_.posts_id as posts_id1_5_, posts0_.created_date as created_2_5_, posts0_.modified_date as modified3_5_, posts0_.content as content4_5_, posts0_.description as descript5_5_, posts0_.likes as likes6_5_, posts0_.member_id as member_i9_5_, posts0_.secret as secret7_5_, posts0_.title as title8_5_ from posts posts0_
Hibernate: select member0_.member_id as member_i1_3_, member0_.created_date as created_2_3_, member0_.modified_date as modified3_3_, member0_.email as email4_3_, member0_.email_auth as email_au5_3_, member0_.name as name6_3_, member0_.picture as picture7_3_, member0_.role as role8_3_, member0_.short_bio as short_bi9_3_, member0_.username as usernam10_3_ from member member0_
Hibernate: insert into member (member_id, created_date, modified_date, email, email_auth, name, picture, role, short_bio, username) values (default, ?, ?, ?, ?, ?, ?, ?, ?, ?)
Hibernate: insert into posts (posts_id, created_date, modified_date, content, description, likes, member_id, secret, title) values (default, ?, ?, ?, ?, ?, ?, ?, ?)
Hibernate: insert into comment (comment_id, created_date, modified_date, content, is_comment_me, level, member_id, posts_id, up_comment_id) values (default, ?, ?, ?, ?, ?, ?, ?, ?)

MockHttpServletRequest:
      HTTP Method = PATCH
      Request URI = /api/v1/comment/10
       Parameters = {}
          Headers = [Content-Type:"application/json;charset=UTF-8", Content-Length:"40"]
             Body = {"content":"수정한 댓글입니다."}
    Session Attrs = {member=SessionMemberDto(id=140, name=슬로우스타터, email=azurealstn@naver.com, picture=test.jpg, username=haha, shortBio=안녕하세요!)}

Handler:
             Type = com.azurealstn.alog.controller.api.comment.CommentApiController
           Method = com.azurealstn.alog.controller.api.comment.CommentApiController#modify(CommentModifyRequestDto, Long)

Async:
    Async started = false
     Async result = null

Resolved Exception:
             Type = null

ModelAndView:
        View name = null
             View = null
            Model = null

FlashMap:
       Attributes = null

MockHttpServletResponse:
           Status = 200
    Error message = null
          Headers = [Content-Type:"application/json;charset=UTF-8"]
     Content type = application/json;charset=UTF-8
             Body = 10
    Forwarded URL = null
   Redirected URL = null
          Cookies = []
Hibernate: update comment set created_date=?, modified_date=?, content=?, is_comment_me=?, level=?, member_id=?, posts_id=?, up_comment_id=? where comment_id=?
Hibernate: select comment0_.comment_id as comment_1_0_, comment0_.created_date as created_2_0_, comment0_.modified_date as modified3_0_, comment0_.content as content4_0_, comment0_.is_comment_me as is_comme5_0_, comment0_.level as level6_0_, comment0_.member_id as member_i8_0_, comment0_.posts_id as posts_id9_0_, comment0_.up_comment_id as up_comme7_0_ from comment comment0_
Hibernate: select posts0_.posts_id as posts_id1_5_, posts0_.created_date as created_2_5_, posts0_.modified_date as modified3_5_, posts0_.content as content4_5_, posts0_.description as descript5_5_, posts0_.likes as likes6_5_, posts0_.member_id as member_i9_5_, posts0_.secret as secret7_5_, posts0_.title as title8_5_ from posts posts0_
Hibernate: select member0_.member_id as member_i1_3_, member0_.created_date as created_2_3_, member0_.modified_date as modified3_3_, member0_.email as email4_3_, member0_.email_auth as email_au5_3_, member0_.name as name6_3_, member0_.picture as picture7_3_, member0_.role as role8_3_, member0_.short_bio as short_bi9_3_, member0_.username as usernam10_3_ from member member0_
2022-12-04 20:02:06.719  INFO 8024 --- [    Test worker] o.s.t.c.transaction.TransactionContext   : Rolled back transaction for test: [DefaultTestContext@77eb383a testClass = CommentApiControllerTest, testInstance = com.azurealstn.alog.controller.api.comment.CommentApiControllerTest@5a414ed4, testMethod = modify_comment_api_o@CommentApiControllerTest, testException = [null], mergedContextConfiguration = [WebMergedContextConfiguration@12223f2b testClass = CommentApiControllerTest, locations = '{}', classes = '{class com.azurealstn.alog.AlogApplication}', contextInitializerClasses = '[]', activeProfiles = '{}', propertySourceLocations = '{}', propertySourceProperties = '{org.springframework.boot.test.context.SpringBootTestContextBootstrapper=true, server.port=0}', contextCustomizers = set[org.springframework.boot.test.autoconfigure.actuate.metrics.MetricsExportContextCustomizerFactory$DisableMetricExportContextCustomizer@39dcf4b0, org.springframework.boot.test.autoconfigure.properties.PropertyMappingContextCustomizer@0, org.springframework.boot.test.autoconfigure.web.servlet.WebDriverContextCustomizerFactory$Customizer@6722db6e, org.springframework.boot.test.context.filter.ExcludeFilterContextCustomizer@7a48e6e2, org.springframework.boot.test.json.DuplicateJsonObjectContextCustomizerFactory$DuplicateJsonObjectContextCustomizer@631e06ab, org.springframework.boot.test.mock.mockito.MockitoContextCustomizer@0, org.springframework.boot.test.web.client.TestRestTemplateContextCustomizer@24faea88, org.springframework.boot.test.context.SpringBootTestArgs@1, org.springframework.boot.test.context.SpringBootTestWebEnvironment@68d279ec], resourceBasePath = 'src/main/webapp', contextLoader = 'org.springframework.boot.test.context.SpringBootContextLoader', parent = [null]], attributes = map['org.springframework.test.context.web.ServletTestExecutionListener.activateListener' -> false, 'org.springframework.test.context.event.ApplicationEventsTestExecutionListener.recordApplicationEvents' -> false]]
2022-12-04 20:02:06.719  INFO 8024 --- [    Test worker] o.s.t.c.transaction.TransactionContext   : Began transaction (1) for test context [DefaultTestContext@77eb383a testClass = CommentApiControllerTest, testInstance = com.azurealstn.alog.controller.api.comment.CommentApiControllerTest@4f1a6259, testMethod = create_comment@CommentApiControllerTest, testException = [null], mergedContextConfiguration = [WebMergedContextConfiguration@12223f2b testClass = CommentApiControllerTest, locations = '{}', classes = '{class com.azurealstn.alog.AlogApplication}', contextInitializerClasses = '[]', activeProfiles = '{}', propertySourceLocations = '{}', propertySourceProperties = '{org.springframework.boot.test.context.SpringBootTestContextBootstrapper=true, server.port=0}', contextCustomizers = set[org.springframework.boot.test.autoconfigure.actuate.metrics.MetricsExportContextCustomizerFactory$DisableMetricExportContextCustomizer@39dcf4b0, org.springframework.boot.test.autoconfigure.properties.PropertyMappingContextCustomizer@0, org.springframework.boot.test.autoconfigure.web.servlet.WebDriverContextCustomizerFactory$Customizer@6722db6e, org.springframework.boot.test.context.filter.ExcludeFilterContextCustomizer@7a48e6e2, org.springframework.boot.test.json.DuplicateJsonObjectContextCustomizerFactory$DuplicateJsonObjectContextCustomizer@631e06ab, org.springframework.boot.test.mock.mockito.MockitoContextCustomizer@0, org.springframework.boot.test.web.client.TestRestTemplateContextCustomizer@24faea88, org.springframework.boot.test.context.SpringBootTestArgs@1, org.springframework.boot.test.context.SpringBootTestWebEnvironment@68d279ec], resourceBasePath = 'src/main/webapp', contextLoader = 'org.springframework.boot.test.context.SpringBootContextLoader', parent = [null]], attributes = map['org.springframework.test.context.web.ServletTestExecutionListener.activateListener' -> false, 'org.springframework.test.context.event.ApplicationEventsTestExecutionListener.recordApplicationEvents' -> false]]; transaction manager [org.springframework.orm.jpa.JpaTransactionManager@74a8d26c]; rollback [true]
2022-12-04 20:02:06.719  INFO 8024 --- [    Test worker] o.a.c.c.C.[Tomcat].[localhost].[/]       : Initializing Spring TestDispatcherServlet ''
2022-12-04 20:02:06.719  INFO 8024 --- [    Test worker] o.s.t.web.servlet.TestDispatcherServlet  : Initializing Servlet ''
2022-12-04 20:02:06.719  INFO 8024 --- [    Test worker] o.s.t.web.servlet.TestDispatcherServlet  : Completed initialization in 0 ms
Hibernate: select comment0_.comment_id as comment_1_0_, comment0_.created_date as created_2_0_, comment0_.modified_date as modified3_0_, comment0_.content as content4_0_, comment0_.is_comment_me as is_comme5_0_, comment0_.level as level6_0_, comment0_.member_id as member_i8_0_, comment0_.posts_id as posts_id9_0_, comment0_.up_comment_id as up_comme7_0_ from comment comment0_
Hibernate: select posts0_.posts_id as posts_id1_5_, posts0_.created_date as created_2_5_, posts0_.modified_date as modified3_5_, posts0_.content as content4_5_, posts0_.description as descript5_5_, posts0_.likes as likes6_5_, posts0_.member_id as member_i9_5_, posts0_.secret as secret7_5_, posts0_.title as title8_5_ from posts posts0_
Hibernate: select member0_.member_id as member_i1_3_, member0_.created_date as created_2_3_, member0_.modified_date as modified3_3_, member0_.email as email4_3_, member0_.email_auth as email_au5_3_, member0_.name as name6_3_, member0_.picture as picture7_3_, member0_.role as role8_3_, member0_.short_bio as short_bi9_3_, member0_.username as usernam10_3_ from member member0_
Hibernate: insert into member (member_id, created_date, modified_date, email, email_auth, name, picture, role, short_bio, username) values (default, ?, ?, ?, ?, ?, ?, ?, ?, ?)
Hibernate: insert into posts (posts_id, created_date, modified_date, content, description, likes, member_id, secret, title) values (default, ?, ?, ?, ?, ?, ?, ?, ?)
Hibernate: insert into comment (comment_id, created_date, modified_date, content, is_comment_me, level, member_id, posts_id, up_comment_id) values (default, ?, ?, ?, ?, ?, ?, ?, ?)

MockHttpServletRequest:
      HTTP Method = POST
      Request URI = /api/v1/comment
       Parameters = {}
          Headers = [Content-Type:"application/json;charset=UTF-8", Content-Length:"115"]
             Body = {"content":"댓글입니다.","member":null,"posts":null,"upCommentId":null,"level":1,"memberId":141,"postsId":221}
    Session Attrs = {member=SessionMemberDto(id=141, name=슬로우스타터, email=azurealstn@naver.com, picture=test.jpg, username=haha, shortBio=안녕하세요!)}

Handler:
             Type = com.azurealstn.alog.controller.api.comment.CommentApiController
           Method = com.azurealstn.alog.controller.api.comment.CommentApiController#create(CommentCreateRequestDto)

Async:
    Async started = false
     Async result = null

Resolved Exception:
             Type = null

ModelAndView:
        View name = null
             View = null
            Model = null

FlashMap:
       Attributes = null

MockHttpServletResponse:
           Status = 200
    Error message = null
          Headers = [Content-Type:"application/json;charset=UTF-8"]
     Content type = application/json;charset=UTF-8
             Body = 11
    Forwarded URL = null
   Redirected URL = null
          Cookies = []
Hibernate: select comment0_.comment_id as comment_1_0_, comment0_.created_date as created_2_0_, comment0_.modified_date as modified3_0_, comment0_.content as content4_0_, comment0_.is_comment_me as is_comme5_0_, comment0_.level as level6_0_, comment0_.member_id as member_i8_0_, comment0_.posts_id as posts_id9_0_, comment0_.up_comment_id as up_comme7_0_ from comment comment0_
Hibernate: select posts0_.posts_id as posts_id1_5_, posts0_.created_date as created_2_5_, posts0_.modified_date as modified3_5_, posts0_.content as content4_5_, posts0_.description as descript5_5_, posts0_.likes as likes6_5_, posts0_.member_id as member_i9_5_, posts0_.secret as secret7_5_, posts0_.title as title8_5_ from posts posts0_
Hibernate: select member0_.member_id as member_i1_3_, member0_.created_date as created_2_3_, member0_.modified_date as modified3_3_, member0_.email as email4_3_, member0_.email_auth as email_au5_3_, member0_.name as name6_3_, member0_.picture as picture7_3_, member0_.role as role8_3_, member0_.short_bio as short_bi9_3_, member0_.username as usernam10_3_ from member member0_
2022-12-04 20:02:06.735  INFO 8024 --- [    Test worker] o.s.t.c.transaction.TransactionContext   : Rolled back transaction for test: [DefaultTestContext@77eb383a testClass = CommentApiControllerTest, testInstance = com.azurealstn.alog.controller.api.comment.CommentApiControllerTest@4f1a6259, testMethod = create_comment@CommentApiControllerTest, testException = [null], mergedContextConfiguration = [WebMergedContextConfiguration@12223f2b testClass = CommentApiControllerTest, locations = '{}', classes = '{class com.azurealstn.alog.AlogApplication}', contextInitializerClasses = '[]', activeProfiles = '{}', propertySourceLocations = '{}', propertySourceProperties = '{org.springframework.boot.test.context.SpringBootTestContextBootstrapper=true, server.port=0}', contextCustomizers = set[org.springframework.boot.test.autoconfigure.actuate.metrics.MetricsExportContextCustomizerFactory$DisableMetricExportContextCustomizer@39dcf4b0, org.springframework.boot.test.autoconfigure.properties.PropertyMappingContextCustomizer@0, org.springframework.boot.test.autoconfigure.web.servlet.WebDriverContextCustomizerFactory$Customizer@6722db6e, org.springframework.boot.test.context.filter.ExcludeFilterContextCustomizer@7a48e6e2, org.springframework.boot.test.json.DuplicateJsonObjectContextCustomizerFactory$DuplicateJsonObjectContextCustomizer@631e06ab, org.springframework.boot.test.mock.mockito.MockitoContextCustomizer@0, org.springframework.boot.test.web.client.TestRestTemplateContextCustomizer@24faea88, org.springframework.boot.test.context.SpringBootTestArgs@1, org.springframework.boot.test.context.SpringBootTestWebEnvironment@68d279ec], resourceBasePath = 'src/main/webapp', contextLoader = 'org.springframework.boot.test.context.SpringBootContextLoader', parent = [null]], attributes = map['org.springframework.test.context.web.ServletTestExecutionListener.activateListener' -> false, 'org.springframework.test.context.event.ApplicationEventsTestExecutionListener.recordApplicationEvents' -> false]]
2022-12-04 20:02:06.750  INFO 8024 --- [    Test worker] o.s.t.c.transaction.TransactionContext   : Began transaction (1) for test context [DefaultTestContext@77eb383a testClass = CommentApiControllerTest, testInstance = com.azurealstn.alog.controller.api.comment.CommentApiControllerTest@1dfa18a6, testMethod = delete_comment_api@CommentApiControllerTest, testException = [null], mergedContextConfiguration = [WebMergedContextConfiguration@12223f2b testClass = CommentApiControllerTest, locations = '{}', classes = '{class com.azurealstn.alog.AlogApplication}', contextInitializerClasses = '[]', activeProfiles = '{}', propertySourceLocations = '{}', propertySourceProperties = '{org.springframework.boot.test.context.SpringBootTestContextBootstrapper=true, server.port=0}', contextCustomizers = set[org.springframework.boot.test.autoconfigure.actuate.metrics.MetricsExportContextCustomizerFactory$DisableMetricExportContextCustomizer@39dcf4b0, org.springframework.boot.test.autoconfigure.properties.PropertyMappingContextCustomizer@0, org.springframework.boot.test.autoconfigure.web.servlet.WebDriverContextCustomizerFactory$Customizer@6722db6e, org.springframework.boot.test.context.filter.ExcludeFilterContextCustomizer@7a48e6e2, org.springframework.boot.test.json.DuplicateJsonObjectContextCustomizerFactory$DuplicateJsonObjectContextCustomizer@631e06ab, org.springframework.boot.test.mock.mockito.MockitoContextCustomizer@0, org.springframework.boot.test.web.client.TestRestTemplateContextCustomizer@24faea88, org.springframework.boot.test.context.SpringBootTestArgs@1, org.springframework.boot.test.context.SpringBootTestWebEnvironment@68d279ec], resourceBasePath = 'src/main/webapp', contextLoader = 'org.springframework.boot.test.context.SpringBootContextLoader', parent = [null]], attributes = map['org.springframework.test.context.web.ServletTestExecutionListener.activateListener' -> false, 'org.springframework.test.context.event.ApplicationEventsTestExecutionListener.recordApplicationEvents' -> false]]; transaction manager [org.springframework.orm.jpa.JpaTransactionManager@74a8d26c]; rollback [true]
2022-12-04 20:02:06.750  INFO 8024 --- [    Test worker] o.a.c.c.C.[Tomcat].[localhost].[/]       : Initializing Spring TestDispatcherServlet ''
2022-12-04 20:02:06.750  INFO 8024 --- [    Test worker] o.s.t.web.servlet.TestDispatcherServlet  : Initializing Servlet ''
2022-12-04 20:02:06.750  INFO 8024 --- [    Test worker] o.s.t.web.servlet.TestDispatcherServlet  : Completed initialization in 0 ms
Hibernate: select comment0_.comment_id as comment_1_0_, comment0_.created_date as created_2_0_, comment0_.modified_date as modified3_0_, comment0_.content as content4_0_, comment0_.is_comment_me as is_comme5_0_, comment0_.level as level6_0_, comment0_.member_id as member_i8_0_, comment0_.posts_id as posts_id9_0_, comment0_.up_comment_id as up_comme7_0_ from comment comment0_
Hibernate: select posts0_.posts_id as posts_id1_5_, posts0_.created_date as created_2_5_, posts0_.modified_date as modified3_5_, posts0_.content as content4_5_, posts0_.description as descript5_5_, posts0_.likes as likes6_5_, posts0_.member_id as member_i9_5_, posts0_.secret as secret7_5_, posts0_.title as title8_5_ from posts posts0_
Hibernate: select member0_.member_id as member_i1_3_, member0_.created_date as created_2_3_, member0_.modified_date as modified3_3_, member0_.email as email4_3_, member0_.email_auth as email_au5_3_, member0_.name as name6_3_, member0_.picture as picture7_3_, member0_.role as role8_3_, member0_.short_bio as short_bi9_3_, member0_.username as usernam10_3_ from member member0_
Hibernate: insert into member (member_id, created_date, modified_date, email, email_auth, name, picture, role, short_bio, username) values (default, ?, ?, ?, ?, ?, ?, ?, ?, ?)
Hibernate: insert into posts (posts_id, created_date, modified_date, content, description, likes, member_id, secret, title) values (default, ?, ?, ?, ?, ?, ?, ?, ?)
Hibernate: insert into comment (comment_id, created_date, modified_date, content, is_comment_me, level, member_id, posts_id, up_comment_id) values (default, ?, ?, ?, ?, ?, ?, ?, ?)
Hibernate: select comment0_.comment_id as comment_1_0_, comment0_.created_date as created_2_0_, comment0_.modified_date as modified3_0_, comment0_.content as content4_0_, comment0_.is_comment_me as is_comme5_0_, comment0_.level as level6_0_, comment0_.member_id as member_i8_0_, comment0_.posts_id as posts_id9_0_, comment0_.up_comment_id as up_comme7_0_ from comment comment0_ where comment0_.level=? and comment0_.up_comment_id=?

MockHttpServletRequest:
      HTTP Method = DELETE
      Request URI = /api/v1/comment/12
       Parameters = {}
          Headers = [Content-Type:"application/json;charset=UTF-8"]
             Body = null
    Session Attrs = {member=SessionMemberDto(id=142, name=슬로우스타터, email=azurealstn@naver.com, picture=test.jpg, username=haha, shortBio=안녕하세요!)}

Handler:
             Type = com.azurealstn.alog.controller.api.comment.CommentApiController
           Method = com.azurealstn.alog.controller.api.comment.CommentApiController#delete(Long)

Async:
    Async started = false
     Async result = null

Resolved Exception:
             Type = null

ModelAndView:
        View name = null
             View = null
            Model = null

FlashMap:
       Attributes = null

MockHttpServletResponse:
           Status = 200
    Error message = null
          Headers = []
     Content type = null
             Body = 
    Forwarded URL = null
   Redirected URL = null
          Cookies = []
Hibernate: delete from comment where comment_id=?
Hibernate: select comment0_.comment_id as comment_1_0_, comment0_.created_date as created_2_0_, comment0_.modified_date as modified3_0_, comment0_.content as content4_0_, comment0_.is_comment_me as is_comme5_0_, comment0_.level as level6_0_, comment0_.member_id as member_i8_0_, comment0_.posts_id as posts_id9_0_, comment0_.up_comment_id as up_comme7_0_ from comment comment0_
Hibernate: select posts0_.posts_id as posts_id1_5_, posts0_.created_date as created_2_5_, posts0_.modified_date as modified3_5_, posts0_.content as content4_5_, posts0_.description as descript5_5_, posts0_.likes as likes6_5_, posts0_.member_id as member_i9_5_, posts0_.secret as secret7_5_, posts0_.title as title8_5_ from posts posts0_
Hibernate: select member0_.member_id as member_i1_3_, member0_.created_date as created_2_3_, member0_.modified_date as modified3_3_, member0_.email as email4_3_, member0_.email_auth as email_au5_3_, member0_.name as name6_3_, member0_.picture as picture7_3_, member0_.role as role8_3_, member0_.short_bio as short_bi9_3_, member0_.username as usernam10_3_ from member member0_
2022-12-04 20:02:06.766  INFO 8024 --- [    Test worker] o.s.t.c.transaction.TransactionContext   : Rolled back transaction for test: [DefaultTestContext@77eb383a testClass = CommentApiControllerTest, testInstance = com.azurealstn.alog.controller.api.comment.CommentApiControllerTest@1dfa18a6, testMethod = delete_comment_api@CommentApiControllerTest, testException = [null], mergedContextConfiguration = [WebMergedContextConfiguration@12223f2b testClass = CommentApiControllerTest, locations = '{}', classes = '{class com.azurealstn.alog.AlogApplication}', contextInitializerClasses = '[]', activeProfiles = '{}', propertySourceLocations = '{}', propertySourceProperties = '{org.springframework.boot.test.context.SpringBootTestContextBootstrapper=true, server.port=0}', contextCustomizers = set[org.springframework.boot.test.autoconfigure.actuate.metrics.MetricsExportContextCustomizerFactory$DisableMetricExportContextCustomizer@39dcf4b0, org.springframework.boot.test.autoconfigure.properties.PropertyMappingContextCustomizer@0, org.springframework.boot.test.autoconfigure.web.servlet.WebDriverContextCustomizerFactory$Customizer@6722db6e, org.springframework.boot.test.context.filter.ExcludeFilterContextCustomizer@7a48e6e2, org.springframework.boot.test.json.DuplicateJsonObjectContextCustomizerFactory$DuplicateJsonObjectContextCustomizer@631e06ab, org.springframework.boot.test.mock.mockito.MockitoContextCustomizer@0, org.springframework.boot.test.web.client.TestRestTemplateContextCustomizer@24faea88, org.springframework.boot.test.context.SpringBootTestArgs@1, org.springframework.boot.test.context.SpringBootTestWebEnvironment@68d279ec], resourceBasePath = 'src/main/webapp', contextLoader = 'org.springframework.boot.test.context.SpringBootContextLoader', parent = [null]], attributes = map['org.springframework.test.context.web.ServletTestExecutionListener.activateListener' -> false, 'org.springframework.test.context.event.ApplicationEventsTestExecutionListener.recordApplicationEvents' -> false]]
]]></system-out>
  <system-err><![CDATA[]]></system-err>
</testsuite>
