<?xml version="1.0" encoding="UTF-8"?>
<testsuite name="com.azurealstn.alog.controller.api.comment.CommentApiControllerTest" tests="3" skipped="0" failures="0" errors="0" timestamp="2022-12-04T11:12:07" hostname="DESKTOP-4HIAQNR" time="0.101">
  <properties/>
  <testcase name="댓글 수정시 DB 수정 성공" classname="com.azurealstn.alog.controller.api.comment.CommentApiControllerTest" time="0.049"/>
  <testcase name="댓글 등록시 DB 저장" classname="com.azurealstn.alog.controller.api.comment.CommentApiControllerTest" time="0.026"/>
  <testcase name="댓글 삭제시 DB 삭제" classname="com.azurealstn.alog.controller.api.comment.CommentApiControllerTest" time="0.024"/>
  <system-out><![CDATA[2022-12-04 20:12:05.530  INFO 16364 --- [    Test worker] .b.t.c.SpringBootTestContextBootstrapper : Neither @ContextConfiguration nor @ContextHierarchy found for test class [com.azurealstn.alog.controller.api.comment.CommentApiControllerTest], using SpringBootContextLoader
2022-12-04 20:12:05.530  INFO 16364 --- [    Test worker] o.s.t.c.support.AbstractContextLoader    : Could not detect default resource locations for test class [com.azurealstn.alog.controller.api.comment.CommentApiControllerTest]: no resource found for suffixes {-context.xml, Context.groovy}.
2022-12-04 20:12:05.530  INFO 16364 --- [    Test worker] t.c.s.AnnotationConfigContextLoaderUtils : Could not detect default configuration classes for test class [com.azurealstn.alog.controller.api.comment.CommentApiControllerTest]: CommentApiControllerTest does not declare any static, non-private, non-final, nested classes annotated with @Configuration.
2022-12-04 20:12:05.530  INFO 16364 --- [    Test worker] .b.t.c.SpringBootTestContextBootstrapper : Found @SpringBootConfiguration com.azurealstn.alog.AlogApplication for test class com.azurealstn.alog.controller.api.comment.CommentApiControllerTest
2022-12-04 20:12:05.530  INFO 16364 --- [    Test worker] .b.t.c.SpringBootTestContextBootstrapper : Loaded default TestExecutionListener class names from location [META-INF/spring.factories]: [org.springframework.security.test.context.support.WithSecurityContextTestExecutionListener, org.springframework.security.test.context.support.ReactorContextTestExecutionListener, org.springframework.boot.test.autoconfigure.restdocs.RestDocsTestExecutionListener, org.springframework.boot.test.autoconfigure.web.client.MockRestServiceServerResetTestExecutionListener, org.springframework.boot.test.autoconfigure.web.servlet.MockMvcPrintOnlyOnFailureTestExecutionListener, org.springframework.boot.test.autoconfigure.web.servlet.WebDriverTestExecutionListener, org.springframework.boot.test.autoconfigure.webservices.client.MockWebServiceServerTestExecutionListener, org.springframework.boot.test.mock.mockito.MockitoTestExecutionListener, org.springframework.boot.test.mock.mockito.ResetMocksTestExecutionListener, org.springframework.test.context.web.ServletTestExecutionListener, org.springframework.test.context.support.DirtiesContextBeforeModesTestExecutionListener, org.springframework.test.context.event.ApplicationEventsTestExecutionListener, org.springframework.test.context.support.DependencyInjectionTestExecutionListener, org.springframework.test.context.support.DirtiesContextTestExecutionListener, org.springframework.test.context.transaction.TransactionalTestExecutionListener, org.springframework.test.context.jdbc.SqlScriptsTestExecutionListener, org.springframework.test.context.event.EventPublishingTestExecutionListener]
2022-12-04 20:12:05.530  INFO 16364 --- [    Test worker] .b.t.c.SpringBootTestContextBootstrapper : Using TestExecutionListeners: [org.springframework.test.context.web.ServletTestExecutionListener@f5ee0d8, org.springframework.test.context.support.DirtiesContextBeforeModesTestExecutionListener@68ae86a2, org.springframework.test.context.event.ApplicationEventsTestExecutionListener@23247b4c, org.springframework.boot.test.mock.mockito.MockitoTestExecutionListener@33d9904f, org.springframework.boot.test.autoconfigure.SpringBootDependencyInjectionTestExecutionListener@4b79eecc, org.springframework.test.context.support.DirtiesContextTestExecutionListener@57fefa97, org.springframework.test.context.transaction.TransactionalTestExecutionListener@5700053f, org.springframework.test.context.jdbc.SqlScriptsTestExecutionListener@28a4ac78, org.springframework.security.test.context.support.WithSecurityContextTestExecutionListener@2caf282e, org.springframework.test.context.event.EventPublishingTestExecutionListener@ca5456e, org.springframework.security.test.context.support.ReactorContextTestExecutionListener@5b5b9038, org.springframework.boot.test.autoconfigure.restdocs.RestDocsTestExecutionListener@56912047, org.springframework.boot.test.autoconfigure.web.client.MockRestServiceServerResetTestExecutionListener@32a8ce3, org.springframework.boot.test.autoconfigure.web.servlet.MockMvcPrintOnlyOnFailureTestExecutionListener@258227dd, org.springframework.boot.test.autoconfigure.web.servlet.WebDriverTestExecutionListener@225fb905, org.springframework.boot.test.autoconfigure.webservices.client.MockWebServiceServerTestExecutionListener@7d932611, org.springframework.boot.test.mock.mockito.ResetMocksTestExecutionListener@2a09e0d4]

  .   ____          _            __ _ _
 /\\ / ___'_ __ _ _(_)_ __  __ _ \ \ \ \
( ( )\___ | '_ | '_| | '_ \/ _` | \ \ \ \
 \\/  ___)| |_)| | | | | || (_| |  ) ) ) )
  '  |____| .__|_| |_|_| |_\__, | / / / /
 =========|_|==============|___/=/_/_/_/
 :: Spring Boot ::                (v2.7.4)

2022-12-04 20:12:05.561  INFO 16364 --- [    Test worker] c.a.a.c.a.c.CommentApiControllerTest     : Starting CommentApiControllerTest using Java 11.0.13 on DESKTOP-4HIAQNR with PID 16364 (started by azure in C:\project\intellij-project\2022\alog)
2022-12-04 20:12:05.561  INFO 16364 --- [    Test worker] c.a.a.c.a.c.CommentApiControllerTest     : No active profile set, falling back to 1 default profile: "default"
2022-12-04 20:12:05.858  INFO 16364 --- [    Test worker] .s.d.r.c.RepositoryConfigurationDelegate : Bootstrapping Spring Data JPA repositories in DEFAULT mode.
2022-12-04 20:12:05.936  INFO 16364 --- [    Test worker] .s.d.r.c.RepositoryConfigurationDelegate : Finished Spring Data repository scanning in 82 ms. Found 10 JPA repository interfaces.
2022-12-04 20:12:06.249  INFO 16364 --- [    Test worker] o.s.b.w.embedded.tomcat.TomcatWebServer  : Tomcat initialized with port(s): 0 (http)
2022-12-04 20:12:06.264  INFO 16364 --- [    Test worker] o.apache.catalina.core.StandardService   : Starting service [Tomcat]
2022-12-04 20:12:06.264  INFO 16364 --- [    Test worker] org.apache.catalina.core.StandardEngine  : Starting Servlet engine: [Apache Tomcat/9.0.65]
2022-12-04 20:12:06.389  INFO 16364 --- [    Test worker] o.a.c.c.C.[Tomcat].[localhost].[/]       : Initializing Spring embedded WebApplicationContext
2022-12-04 20:12:06.405  INFO 16364 --- [    Test worker] w.s.c.ServletWebServerApplicationContext : Root WebApplicationContext: initialization completed in 844 ms
2022-12-04 20:12:06.421  INFO 16364 --- [    Test worker] com.zaxxer.hikari.HikariDataSource       : HikariPool-3 - Starting...
2022-12-04 20:12:06.421  INFO 16364 --- [    Test worker] com.zaxxer.hikari.HikariDataSource       : HikariPool-3 - Start completed.
2022-12-04 20:12:06.421  INFO 16364 --- [    Test worker] o.s.b.a.h2.H2ConsoleAutoConfiguration    : H2 console available at '/h2-console'. Database available at 'jdbc:h2:tcp://localhost/~/alog'
2022-12-04 20:12:06.609  INFO 16364 --- [    Test worker] o.hibernate.jpa.internal.util.LogHelper  : HHH000204: Processing PersistenceUnitInfo [name: default]
2022-12-04 20:12:06.625  INFO 16364 --- [    Test worker] org.hibernate.dialect.Dialect            : HHH000400: Using dialect: org.hibernate.dialect.H2Dialect
2022-12-04 20:12:06.734  INFO 16364 --- [    Test worker] o.h.e.t.j.p.i.JtaPlatformInitiator       : HHH000490: Using JtaPlatform implementation: [org.hibernate.engine.transaction.jta.platform.internal.NoJtaPlatform]
2022-12-04 20:12:06.734  INFO 16364 --- [    Test worker] j.LocalContainerEntityManagerFactoryBean : Initialized JPA EntityManagerFactory for persistence unit 'default'
2022-12-04 20:12:07.298  INFO 16364 --- [    Test worker] o.s.s.web.DefaultSecurityFilterChain     : Will secure any request with [org.springframework.security.web.session.DisableEncodeUrlFilter@6cce1f60, org.springframework.security.web.context.request.async.WebAsyncManagerIntegrationFilter@1ca3d997, org.springframework.security.web.context.SecurityContextPersistenceFilter@373743f, org.springframework.security.web.header.HeaderWriterFilter@2f7aab02, org.springframework.security.web.authentication.logout.LogoutFilter@51c7dfd, org.springframework.security.oauth2.client.web.OAuth2AuthorizationRequestRedirectFilter@5e39a9ba, org.springframework.security.oauth2.client.web.OAuth2LoginAuthenticationFilter@8d65037, org.springframework.security.web.authentication.ui.DefaultLoginPageGeneratingFilter@20fa20d5, org.springframework.security.web.authentication.ui.DefaultLogoutPageGeneratingFilter@fc4d7c0, org.springframework.security.web.savedrequest.RequestCacheAwareFilter@75591913, org.springframework.security.web.servletapi.SecurityContextHolderAwareRequestFilter@f019e01, org.springframework.security.web.authentication.AnonymousAuthenticationFilter@352969e7, org.springframework.security.web.session.SessionManagementFilter@5fce034f, org.springframework.security.web.access.ExceptionTranslationFilter@6f9329f3, org.springframework.security.web.access.intercept.FilterSecurityInterceptor@30a816b8]
2022-12-04 20:12:07.361  WARN 16364 --- [    Test worker] JpaBaseConfiguration$JpaWebConfiguration : spring.jpa.open-in-view is enabled by default. Therefore, database queries may be performed during view rendering. Explicitly configure spring.jpa.open-in-view to disable this warning
2022-12-04 20:12:07.501  INFO 16364 --- [    Test worker] o.s.b.a.w.s.WelcomePageHandlerMapping    : Adding welcome page template: index
2022-12-04 20:12:07.752  INFO 16364 --- [    Test worker] o.s.b.w.embedded.tomcat.TomcatWebServer  : Tomcat started on port(s): 49745 (http) with context path ''
2022-12-04 20:12:07.752  INFO 16364 --- [    Test worker] s.a.ScheduledAnnotationBeanPostProcessor : No TaskScheduler/ScheduledExecutorService bean found for scheduled processing
2022-12-04 20:12:07.752  INFO 16364 --- [    Test worker] c.a.a.c.a.c.CommentApiControllerTest     : Started CommentApiControllerTest in 2.225 seconds (JVM running for 13.637)
2022-12-04 20:12:07.768  INFO 16364 --- [    Test worker] o.s.t.c.transaction.TransactionContext   : Began transaction (1) for test context [DefaultTestContext@53365a58 testClass = CommentApiControllerTest, testInstance = com.azurealstn.alog.controller.api.comment.CommentApiControllerTest@3f2f5454, testMethod = modify_comment_api_o@CommentApiControllerTest, testException = [null], mergedContextConfiguration = [WebMergedContextConfiguration@4f6f69ef testClass = CommentApiControllerTest, locations = '{}', classes = '{class com.azurealstn.alog.AlogApplication}', contextInitializerClasses = '[]', activeProfiles = '{}', propertySourceLocations = '{}', propertySourceProperties = '{org.springframework.boot.test.context.SpringBootTestContextBootstrapper=true, server.port=0}', contextCustomizers = set[org.springframework.boot.test.autoconfigure.actuate.metrics.MetricsExportContextCustomizerFactory$DisableMetricExportContextCustomizer@39dcf4b0, org.springframework.boot.test.autoconfigure.properties.PropertyMappingContextCustomizer@0, org.springframework.boot.test.autoconfigure.web.servlet.WebDriverContextCustomizerFactory$Customizer@6722db6e, org.springframework.boot.test.context.filter.ExcludeFilterContextCustomizer@7a48e6e2, org.springframework.boot.test.json.DuplicateJsonObjectContextCustomizerFactory$DuplicateJsonObjectContextCustomizer@631e06ab, org.springframework.boot.test.mock.mockito.MockitoContextCustomizer@0, org.springframework.boot.test.web.client.TestRestTemplateContextCustomizer@24faea88, org.springframework.boot.test.context.SpringBootTestArgs@1, org.springframework.boot.test.context.SpringBootTestWebEnvironment@68d279ec], resourceBasePath = 'src/main/webapp', contextLoader = 'org.springframework.boot.test.context.SpringBootContextLoader', parent = [null]], attributes = map['org.springframework.test.context.web.ServletTestExecutionListener.activateListener' -> false, 'org.springframework.test.context.event.ApplicationEventsTestExecutionListener.recordApplicationEvents' -> false]]; transaction manager [org.springframework.orm.jpa.JpaTransactionManager@6a85a13]; rollback [true]
2022-12-04 20:12:07.768  INFO 16364 --- [    Test worker] o.a.c.c.C.[Tomcat].[localhost].[/]       : Initializing Spring TestDispatcherServlet ''
2022-12-04 20:12:07.768  INFO 16364 --- [    Test worker] o.s.t.web.servlet.TestDispatcherServlet  : Initializing Servlet ''
2022-12-04 20:12:07.768  INFO 16364 --- [    Test worker] o.s.t.web.servlet.TestDispatcherServlet  : Completed initialization in 0 ms
Hibernate: select comment0_.comment_id as comment_1_0_, comment0_.created_date as created_2_0_, comment0_.modified_date as modified3_0_, comment0_.content as content4_0_, comment0_.is_comment_me as is_comme5_0_, comment0_.level as level6_0_, comment0_.member_id as member_i8_0_, comment0_.posts_id as posts_id9_0_, comment0_.up_comment_id as up_comme7_0_ from comment comment0_
Hibernate: select posts0_.posts_id as posts_id1_5_, posts0_.created_date as created_2_5_, posts0_.modified_date as modified3_5_, posts0_.content as content4_5_, posts0_.description as descript5_5_, posts0_.likes as likes6_5_, posts0_.member_id as member_i9_5_, posts0_.secret as secret7_5_, posts0_.title as title8_5_ from posts posts0_
Hibernate: select member0_.member_id as member_i1_3_, member0_.created_date as created_2_3_, member0_.modified_date as modified3_3_, member0_.email as email4_3_, member0_.email_auth as email_au5_3_, member0_.name as name6_3_, member0_.picture as picture7_3_, member0_.role as role8_3_, member0_.short_bio as short_bi9_3_, member0_.username as usernam10_3_ from member member0_
Hibernate: insert into member (member_id, created_date, modified_date, email, email_auth, name, picture, role, short_bio, username) values (default, ?, ?, ?, ?, ?, ?, ?, ?, ?)
Hibernate: insert into posts (posts_id, created_date, modified_date, content, description, likes, member_id, secret, title) values (default, ?, ?, ?, ?, ?, ?, ?, ?)
Hibernate: insert into comment (comment_id, created_date, modified_date, content, is_comment_me, level, member_id, posts_id, up_comment_id) values (default, ?, ?, ?, ?, ?, ?, ?, ?)

MockHttpServletRequest:
      HTTP Method = PATCH
      Request URI = /api/v1/comment/28
       Parameters = {}
          Headers = [Content-Type:"application/json;charset=UTF-8", Content-Length:"40"]
             Body = {"content":"수정한 댓글입니다."}
    Session Attrs = {member=SessionMemberDto(id=449, name=슬로우스타터, email=azurealstn@naver.com, picture=test.jpg, username=haha, shortBio=안녕하세요!)}

Handler:
             Type = com.azurealstn.alog.controller.api.comment.CommentApiController
           Method = com.azurealstn.alog.controller.api.comment.CommentApiController#modify(CommentModifyRequestDto, Long)

Async:
    Async started = false
     Async result = null

Resolved Exception:
             Type = null

ModelAndView:
        View name = null
             View = null
            Model = null

FlashMap:
       Attributes = null

MockHttpServletResponse:
           Status = 200
    Error message = null
          Headers = [Content-Type:"application/json;charset=UTF-8"]
     Content type = application/json;charset=UTF-8
             Body = 28
    Forwarded URL = null
   Redirected URL = null
          Cookies = []
Hibernate: update comment set created_date=?, modified_date=?, content=?, is_comment_me=?, level=?, member_id=?, posts_id=?, up_comment_id=? where comment_id=?
Hibernate: select comment0_.comment_id as comment_1_0_, comment0_.created_date as created_2_0_, comment0_.modified_date as modified3_0_, comment0_.content as content4_0_, comment0_.is_comment_me as is_comme5_0_, comment0_.level as level6_0_, comment0_.member_id as member_i8_0_, comment0_.posts_id as posts_id9_0_, comment0_.up_comment_id as up_comme7_0_ from comment comment0_
Hibernate: select posts0_.posts_id as posts_id1_5_, posts0_.created_date as created_2_5_, posts0_.modified_date as modified3_5_, posts0_.content as content4_5_, posts0_.description as descript5_5_, posts0_.likes as likes6_5_, posts0_.member_id as member_i9_5_, posts0_.secret as secret7_5_, posts0_.title as title8_5_ from posts posts0_
Hibernate: select member0_.member_id as member_i1_3_, member0_.created_date as created_2_3_, member0_.modified_date as modified3_3_, member0_.email as email4_3_, member0_.email_auth as email_au5_3_, member0_.name as name6_3_, member0_.picture as picture7_3_, member0_.role as role8_3_, member0_.short_bio as short_bi9_3_, member0_.username as usernam10_3_ from member member0_
2022-12-04 20:12:07.815  INFO 16364 --- [    Test worker] o.s.t.c.transaction.TransactionContext   : Rolled back transaction for test: [DefaultTestContext@53365a58 testClass = CommentApiControllerTest, testInstance = com.azurealstn.alog.controller.api.comment.CommentApiControllerTest@3f2f5454, testMethod = modify_comment_api_o@CommentApiControllerTest, testException = [null], mergedContextConfiguration = [WebMergedContextConfiguration@4f6f69ef testClass = CommentApiControllerTest, locations = '{}', classes = '{class com.azurealstn.alog.AlogApplication}', contextInitializerClasses = '[]', activeProfiles = '{}', propertySourceLocations = '{}', propertySourceProperties = '{org.springframework.boot.test.context.SpringBootTestContextBootstrapper=true, server.port=0}', contextCustomizers = set[org.springframework.boot.test.autoconfigure.actuate.metrics.MetricsExportContextCustomizerFactory$DisableMetricExportContextCustomizer@39dcf4b0, org.springframework.boot.test.autoconfigure.properties.PropertyMappingContextCustomizer@0, org.springframework.boot.test.autoconfigure.web.servlet.WebDriverContextCustomizerFactory$Customizer@6722db6e, org.springframework.boot.test.context.filter.ExcludeFilterContextCustomizer@7a48e6e2, org.springframework.boot.test.json.DuplicateJsonObjectContextCustomizerFactory$DuplicateJsonObjectContextCustomizer@631e06ab, org.springframework.boot.test.mock.mockito.MockitoContextCustomizer@0, org.springframework.boot.test.web.client.TestRestTemplateContextCustomizer@24faea88, org.springframework.boot.test.context.SpringBootTestArgs@1, org.springframework.boot.test.context.SpringBootTestWebEnvironment@68d279ec], resourceBasePath = 'src/main/webapp', contextLoader = 'org.springframework.boot.test.context.SpringBootContextLoader', parent = [null]], attributes = map['org.springframework.test.context.web.ServletTestExecutionListener.activateListener' -> false, 'org.springframework.test.context.event.ApplicationEventsTestExecutionListener.recordApplicationEvents' -> false]]
2022-12-04 20:12:07.815  INFO 16364 --- [    Test worker] o.s.t.c.transaction.TransactionContext   : Began transaction (1) for test context [DefaultTestContext@53365a58 testClass = CommentApiControllerTest, testInstance = com.azurealstn.alog.controller.api.comment.CommentApiControllerTest@464de784, testMethod = create_comment@CommentApiControllerTest, testException = [null], mergedContextConfiguration = [WebMergedContextConfiguration@4f6f69ef testClass = CommentApiControllerTest, locations = '{}', classes = '{class com.azurealstn.alog.AlogApplication}', contextInitializerClasses = '[]', activeProfiles = '{}', propertySourceLocations = '{}', propertySourceProperties = '{org.springframework.boot.test.context.SpringBootTestContextBootstrapper=true, server.port=0}', contextCustomizers = set[org.springframework.boot.test.autoconfigure.actuate.metrics.MetricsExportContextCustomizerFactory$DisableMetricExportContextCustomizer@39dcf4b0, org.springframework.boot.test.autoconfigure.properties.PropertyMappingContextCustomizer@0, org.springframework.boot.test.autoconfigure.web.servlet.WebDriverContextCustomizerFactory$Customizer@6722db6e, org.springframework.boot.test.context.filter.ExcludeFilterContextCustomizer@7a48e6e2, org.springframework.boot.test.json.DuplicateJsonObjectContextCustomizerFactory$DuplicateJsonObjectContextCustomizer@631e06ab, org.springframework.boot.test.mock.mockito.MockitoContextCustomizer@0, org.springframework.boot.test.web.client.TestRestTemplateContextCustomizer@24faea88, org.springframework.boot.test.context.SpringBootTestArgs@1, org.springframework.boot.test.context.SpringBootTestWebEnvironment@68d279ec], resourceBasePath = 'src/main/webapp', contextLoader = 'org.springframework.boot.test.context.SpringBootContextLoader', parent = [null]], attributes = map['org.springframework.test.context.web.ServletTestExecutionListener.activateListener' -> false, 'org.springframework.test.context.event.ApplicationEventsTestExecutionListener.recordApplicationEvents' -> false]]; transaction manager [org.springframework.orm.jpa.JpaTransactionManager@6a85a13]; rollback [true]
2022-12-04 20:12:07.815  INFO 16364 --- [    Test worker] o.a.c.c.C.[Tomcat].[localhost].[/]       : Initializing Spring TestDispatcherServlet ''
2022-12-04 20:12:07.815  INFO 16364 --- [    Test worker] o.s.t.web.servlet.TestDispatcherServlet  : Initializing Servlet ''
2022-12-04 20:12:07.815  INFO 16364 --- [    Test worker] o.s.t.web.servlet.TestDispatcherServlet  : Completed initialization in 0 ms
Hibernate: select comment0_.comment_id as comment_1_0_, comment0_.created_date as created_2_0_, comment0_.modified_date as modified3_0_, comment0_.content as content4_0_, comment0_.is_comment_me as is_comme5_0_, comment0_.level as level6_0_, comment0_.member_id as member_i8_0_, comment0_.posts_id as posts_id9_0_, comment0_.up_comment_id as up_comme7_0_ from comment comment0_
Hibernate: select posts0_.posts_id as posts_id1_5_, posts0_.created_date as created_2_5_, posts0_.modified_date as modified3_5_, posts0_.content as content4_5_, posts0_.description as descript5_5_, posts0_.likes as likes6_5_, posts0_.member_id as member_i9_5_, posts0_.secret as secret7_5_, posts0_.title as title8_5_ from posts posts0_
Hibernate: select member0_.member_id as member_i1_3_, member0_.created_date as created_2_3_, member0_.modified_date as modified3_3_, member0_.email as email4_3_, member0_.email_auth as email_au5_3_, member0_.name as name6_3_, member0_.picture as picture7_3_, member0_.role as role8_3_, member0_.short_bio as short_bi9_3_, member0_.username as usernam10_3_ from member member0_
Hibernate: insert into member (member_id, created_date, modified_date, email, email_auth, name, picture, role, short_bio, username) values (default, ?, ?, ?, ?, ?, ?, ?, ?, ?)
Hibernate: insert into posts (posts_id, created_date, modified_date, content, description, likes, member_id, secret, title) values (default, ?, ?, ?, ?, ?, ?, ?, ?)
Hibernate: insert into comment (comment_id, created_date, modified_date, content, is_comment_me, level, member_id, posts_id, up_comment_id) values (default, ?, ?, ?, ?, ?, ?, ?, ?)

MockHttpServletRequest:
      HTTP Method = POST
      Request URI = /api/v1/comment
       Parameters = {}
          Headers = [Content-Type:"application/json;charset=UTF-8", Content-Length:"115"]
             Body = {"content":"댓글입니다.","member":null,"posts":null,"upCommentId":null,"level":1,"memberId":450,"postsId":773}
    Session Attrs = {member=SessionMemberDto(id=450, name=슬로우스타터, email=azurealstn@naver.com, picture=test.jpg, username=haha, shortBio=안녕하세요!)}

Handler:
             Type = com.azurealstn.alog.controller.api.comment.CommentApiController
           Method = com.azurealstn.alog.controller.api.comment.CommentApiController#create(CommentCreateRequestDto)

Async:
    Async started = false
     Async result = null

Resolved Exception:
             Type = null

ModelAndView:
        View name = null
             View = null
            Model = null

FlashMap:
       Attributes = null

MockHttpServletResponse:
           Status = 200
    Error message = null
          Headers = [Content-Type:"application/json;charset=UTF-8"]
     Content type = application/json;charset=UTF-8
             Body = 29
    Forwarded URL = null
   Redirected URL = null
          Cookies = []
Hibernate: select comment0_.comment_id as comment_1_0_, comment0_.created_date as created_2_0_, comment0_.modified_date as modified3_0_, comment0_.content as content4_0_, comment0_.is_comment_me as is_comme5_0_, comment0_.level as level6_0_, comment0_.member_id as member_i8_0_, comment0_.posts_id as posts_id9_0_, comment0_.up_comment_id as up_comme7_0_ from comment comment0_
Hibernate: select posts0_.posts_id as posts_id1_5_, posts0_.created_date as created_2_5_, posts0_.modified_date as modified3_5_, posts0_.content as content4_5_, posts0_.description as descript5_5_, posts0_.likes as likes6_5_, posts0_.member_id as member_i9_5_, posts0_.secret as secret7_5_, posts0_.title as title8_5_ from posts posts0_
Hibernate: select member0_.member_id as member_i1_3_, member0_.created_date as created_2_3_, member0_.modified_date as modified3_3_, member0_.email as email4_3_, member0_.email_auth as email_au5_3_, member0_.name as name6_3_, member0_.picture as picture7_3_, member0_.role as role8_3_, member0_.short_bio as short_bi9_3_, member0_.username as usernam10_3_ from member member0_
2022-12-04 20:12:07.831  INFO 16364 --- [    Test worker] o.s.t.c.transaction.TransactionContext   : Rolled back transaction for test: [DefaultTestContext@53365a58 testClass = CommentApiControllerTest, testInstance = com.azurealstn.alog.controller.api.comment.CommentApiControllerTest@464de784, testMethod = create_comment@CommentApiControllerTest, testException = [null], mergedContextConfiguration = [WebMergedContextConfiguration@4f6f69ef testClass = CommentApiControllerTest, locations = '{}', classes = '{class com.azurealstn.alog.AlogApplication}', contextInitializerClasses = '[]', activeProfiles = '{}', propertySourceLocations = '{}', propertySourceProperties = '{org.springframework.boot.test.context.SpringBootTestContextBootstrapper=true, server.port=0}', contextCustomizers = set[org.springframework.boot.test.autoconfigure.actuate.metrics.MetricsExportContextCustomizerFactory$DisableMetricExportContextCustomizer@39dcf4b0, org.springframework.boot.test.autoconfigure.properties.PropertyMappingContextCustomizer@0, org.springframework.boot.test.autoconfigure.web.servlet.WebDriverContextCustomizerFactory$Customizer@6722db6e, org.springframework.boot.test.context.filter.ExcludeFilterContextCustomizer@7a48e6e2, org.springframework.boot.test.json.DuplicateJsonObjectContextCustomizerFactory$DuplicateJsonObjectContextCustomizer@631e06ab, org.springframework.boot.test.mock.mockito.MockitoContextCustomizer@0, org.springframework.boot.test.web.client.TestRestTemplateContextCustomizer@24faea88, org.springframework.boot.test.context.SpringBootTestArgs@1, org.springframework.boot.test.context.SpringBootTestWebEnvironment@68d279ec], resourceBasePath = 'src/main/webapp', contextLoader = 'org.springframework.boot.test.context.SpringBootContextLoader', parent = [null]], attributes = map['org.springframework.test.context.web.ServletTestExecutionListener.activateListener' -> false, 'org.springframework.test.context.event.ApplicationEventsTestExecutionListener.recordApplicationEvents' -> false]]
2022-12-04 20:12:07.846  INFO 16364 --- [    Test worker] o.s.t.c.transaction.TransactionContext   : Began transaction (1) for test context [DefaultTestContext@53365a58 testClass = CommentApiControllerTest, testInstance = com.azurealstn.alog.controller.api.comment.CommentApiControllerTest@4d5a21cc, testMethod = delete_comment_api@CommentApiControllerTest, testException = [null], mergedContextConfiguration = [WebMergedContextConfiguration@4f6f69ef testClass = CommentApiControllerTest, locations = '{}', classes = '{class com.azurealstn.alog.AlogApplication}', contextInitializerClasses = '[]', activeProfiles = '{}', propertySourceLocations = '{}', propertySourceProperties = '{org.springframework.boot.test.context.SpringBootTestContextBootstrapper=true, server.port=0}', contextCustomizers = set[org.springframework.boot.test.autoconfigure.actuate.metrics.MetricsExportContextCustomizerFactory$DisableMetricExportContextCustomizer@39dcf4b0, org.springframework.boot.test.autoconfigure.properties.PropertyMappingContextCustomizer@0, org.springframework.boot.test.autoconfigure.web.servlet.WebDriverContextCustomizerFactory$Customizer@6722db6e, org.springframework.boot.test.context.filter.ExcludeFilterContextCustomizer@7a48e6e2, org.springframework.boot.test.json.DuplicateJsonObjectContextCustomizerFactory$DuplicateJsonObjectContextCustomizer@631e06ab, org.springframework.boot.test.mock.mockito.MockitoContextCustomizer@0, org.springframework.boot.test.web.client.TestRestTemplateContextCustomizer@24faea88, org.springframework.boot.test.context.SpringBootTestArgs@1, org.springframework.boot.test.context.SpringBootTestWebEnvironment@68d279ec], resourceBasePath = 'src/main/webapp', contextLoader = 'org.springframework.boot.test.context.SpringBootContextLoader', parent = [null]], attributes = map['org.springframework.test.context.web.ServletTestExecutionListener.activateListener' -> false, 'org.springframework.test.context.event.ApplicationEventsTestExecutionListener.recordApplicationEvents' -> false]]; transaction manager [org.springframework.orm.jpa.JpaTransactionManager@6a85a13]; rollback [true]
2022-12-04 20:12:07.846  INFO 16364 --- [    Test worker] o.a.c.c.C.[Tomcat].[localhost].[/]       : Initializing Spring TestDispatcherServlet ''
2022-12-04 20:12:07.846  INFO 16364 --- [    Test worker] o.s.t.web.servlet.TestDispatcherServlet  : Initializing Servlet ''
2022-12-04 20:12:07.846  INFO 16364 --- [    Test worker] o.s.t.web.servlet.TestDispatcherServlet  : Completed initialization in 0 ms
Hibernate: select comment0_.comment_id as comment_1_0_, comment0_.created_date as created_2_0_, comment0_.modified_date as modified3_0_, comment0_.content as content4_0_, comment0_.is_comment_me as is_comme5_0_, comment0_.level as level6_0_, comment0_.member_id as member_i8_0_, comment0_.posts_id as posts_id9_0_, comment0_.up_comment_id as up_comme7_0_ from comment comment0_
Hibernate: select posts0_.posts_id as posts_id1_5_, posts0_.created_date as created_2_5_, posts0_.modified_date as modified3_5_, posts0_.content as content4_5_, posts0_.description as descript5_5_, posts0_.likes as likes6_5_, posts0_.member_id as member_i9_5_, posts0_.secret as secret7_5_, posts0_.title as title8_5_ from posts posts0_
Hibernate: select member0_.member_id as member_i1_3_, member0_.created_date as created_2_3_, member0_.modified_date as modified3_3_, member0_.email as email4_3_, member0_.email_auth as email_au5_3_, member0_.name as name6_3_, member0_.picture as picture7_3_, member0_.role as role8_3_, member0_.short_bio as short_bi9_3_, member0_.username as usernam10_3_ from member member0_
Hibernate: insert into member (member_id, created_date, modified_date, email, email_auth, name, picture, role, short_bio, username) values (default, ?, ?, ?, ?, ?, ?, ?, ?, ?)
Hibernate: insert into posts (posts_id, created_date, modified_date, content, description, likes, member_id, secret, title) values (default, ?, ?, ?, ?, ?, ?, ?, ?)
Hibernate: insert into comment (comment_id, created_date, modified_date, content, is_comment_me, level, member_id, posts_id, up_comment_id) values (default, ?, ?, ?, ?, ?, ?, ?, ?)
Hibernate: select comment0_.comment_id as comment_1_0_, comment0_.created_date as created_2_0_, comment0_.modified_date as modified3_0_, comment0_.content as content4_0_, comment0_.is_comment_me as is_comme5_0_, comment0_.level as level6_0_, comment0_.member_id as member_i8_0_, comment0_.posts_id as posts_id9_0_, comment0_.up_comment_id as up_comme7_0_ from comment comment0_ where comment0_.level=? and comment0_.up_comment_id=?

MockHttpServletRequest:
      HTTP Method = DELETE
      Request URI = /api/v1/comment/30
       Parameters = {}
          Headers = [Content-Type:"application/json;charset=UTF-8"]
             Body = null
    Session Attrs = {member=SessionMemberDto(id=451, name=슬로우스타터, email=azurealstn@naver.com, picture=test.jpg, username=haha, shortBio=안녕하세요!)}

Handler:
             Type = com.azurealstn.alog.controller.api.comment.CommentApiController
           Method = com.azurealstn.alog.controller.api.comment.CommentApiController#delete(Long)

Async:
    Async started = false
     Async result = null

Resolved Exception:
             Type = null

ModelAndView:
        View name = null
             View = null
            Model = null

FlashMap:
       Attributes = null

MockHttpServletResponse:
           Status = 200
    Error message = null
          Headers = []
     Content type = null
             Body = 
    Forwarded URL = null
   Redirected URL = null
          Cookies = []
Hibernate: delete from comment where comment_id=?
Hibernate: select comment0_.comment_id as comment_1_0_, comment0_.created_date as created_2_0_, comment0_.modified_date as modified3_0_, comment0_.content as content4_0_, comment0_.is_comment_me as is_comme5_0_, comment0_.level as level6_0_, comment0_.member_id as member_i8_0_, comment0_.posts_id as posts_id9_0_, comment0_.up_comment_id as up_comme7_0_ from comment comment0_
Hibernate: select posts0_.posts_id as posts_id1_5_, posts0_.created_date as created_2_5_, posts0_.modified_date as modified3_5_, posts0_.content as content4_5_, posts0_.description as descript5_5_, posts0_.likes as likes6_5_, posts0_.member_id as member_i9_5_, posts0_.secret as secret7_5_, posts0_.title as title8_5_ from posts posts0_
Hibernate: select member0_.member_id as member_i1_3_, member0_.created_date as created_2_3_, member0_.modified_date as modified3_3_, member0_.email as email4_3_, member0_.email_auth as email_au5_3_, member0_.name as name6_3_, member0_.picture as picture7_3_, member0_.role as role8_3_, member0_.short_bio as short_bi9_3_, member0_.username as usernam10_3_ from member member0_
2022-12-04 20:12:07.862  INFO 16364 --- [    Test worker] o.s.t.c.transaction.TransactionContext   : Rolled back transaction for test: [DefaultTestContext@53365a58 testClass = CommentApiControllerTest, testInstance = com.azurealstn.alog.controller.api.comment.CommentApiControllerTest@4d5a21cc, testMethod = delete_comment_api@CommentApiControllerTest, testException = [null], mergedContextConfiguration = [WebMergedContextConfiguration@4f6f69ef testClass = CommentApiControllerTest, locations = '{}', classes = '{class com.azurealstn.alog.AlogApplication}', contextInitializerClasses = '[]', activeProfiles = '{}', propertySourceLocations = '{}', propertySourceProperties = '{org.springframework.boot.test.context.SpringBootTestContextBootstrapper=true, server.port=0}', contextCustomizers = set[org.springframework.boot.test.autoconfigure.actuate.metrics.MetricsExportContextCustomizerFactory$DisableMetricExportContextCustomizer@39dcf4b0, org.springframework.boot.test.autoconfigure.properties.PropertyMappingContextCustomizer@0, org.springframework.boot.test.autoconfigure.web.servlet.WebDriverContextCustomizerFactory$Customizer@6722db6e, org.springframework.boot.test.context.filter.ExcludeFilterContextCustomizer@7a48e6e2, org.springframework.boot.test.json.DuplicateJsonObjectContextCustomizerFactory$DuplicateJsonObjectContextCustomizer@631e06ab, org.springframework.boot.test.mock.mockito.MockitoContextCustomizer@0, org.springframework.boot.test.web.client.TestRestTemplateContextCustomizer@24faea88, org.springframework.boot.test.context.SpringBootTestArgs@1, org.springframework.boot.test.context.SpringBootTestWebEnvironment@68d279ec], resourceBasePath = 'src/main/webapp', contextLoader = 'org.springframework.boot.test.context.SpringBootContextLoader', parent = [null]], attributes = map['org.springframework.test.context.web.ServletTestExecutionListener.activateListener' -> false, 'org.springframework.test.context.event.ApplicationEventsTestExecutionListener.recordApplicationEvents' -> false]]
]]></system-out>
  <system-err><![CDATA[]]></system-err>
</testsuite>
