<?xml version="1.0" encoding="UTF-8"?>
<testsuite name="com.azurealstn.alog.controller.api.hello.HelloApiControllerTest" tests="2" skipped="0" failures="0" errors="0" timestamp="2022-12-04T11:02:07" hostname="DESKTOP-4HIAQNR" time="0.045">
  <properties/>
  <testcase name="/hello 요청시 문자열 hello를 출력" classname="com.azurealstn.alog.controller.api.hello.HelloApiControllerTest" time="0.034"/>
  <testcase name="/helloDto 요청시 요청 파라미터 데이터 검증" classname="com.azurealstn.alog.controller.api.hello.HelloApiControllerTest" time="0.01"/>
  <system-out><![CDATA[2022-12-04 20:02:07.047  INFO 8024 --- [    Test worker] .b.t.a.w.s.WebMvcTestContextBootstrapper : Neither @ContextConfiguration nor @ContextHierarchy found for test class [com.azurealstn.alog.controller.api.hello.HelloApiControllerTest], using SpringBootContextLoader
2022-12-04 20:02:07.047  INFO 8024 --- [    Test worker] o.s.t.c.support.AbstractContextLoader    : Could not detect default resource locations for test class [com.azurealstn.alog.controller.api.hello.HelloApiControllerTest]: no resource found for suffixes {-context.xml, Context.groovy}.
2022-12-04 20:02:07.047  INFO 8024 --- [    Test worker] t.c.s.AnnotationConfigContextLoaderUtils : Could not detect default configuration classes for test class [com.azurealstn.alog.controller.api.hello.HelloApiControllerTest]: HelloApiControllerTest does not declare any static, non-private, non-final, nested classes annotated with @Configuration.
2022-12-04 20:02:07.063  INFO 8024 --- [    Test worker] .b.t.c.SpringBootTestContextBootstrapper : Found @SpringBootConfiguration com.azurealstn.alog.AlogApplication for test class com.azurealstn.alog.controller.api.hello.HelloApiControllerTest
2022-12-04 20:02:07.078  INFO 8024 --- [    Test worker] .b.t.a.w.s.WebMvcTestContextBootstrapper : Loaded default TestExecutionListener class names from location [META-INF/spring.factories]: [org.springframework.security.test.context.support.WithSecurityContextTestExecutionListener, org.springframework.security.test.context.support.ReactorContextTestExecutionListener, org.springframework.boot.test.autoconfigure.restdocs.RestDocsTestExecutionListener, org.springframework.boot.test.autoconfigure.web.client.MockRestServiceServerResetTestExecutionListener, org.springframework.boot.test.autoconfigure.web.servlet.MockMvcPrintOnlyOnFailureTestExecutionListener, org.springframework.boot.test.autoconfigure.web.servlet.WebDriverTestExecutionListener, org.springframework.boot.test.autoconfigure.webservices.client.MockWebServiceServerTestExecutionListener, org.springframework.boot.test.mock.mockito.MockitoTestExecutionListener, org.springframework.boot.test.mock.mockito.ResetMocksTestExecutionListener, org.springframework.test.context.web.ServletTestExecutionListener, org.springframework.test.context.support.DirtiesContextBeforeModesTestExecutionListener, org.springframework.test.context.event.ApplicationEventsTestExecutionListener, org.springframework.test.context.support.DependencyInjectionTestExecutionListener, org.springframework.test.context.support.DirtiesContextTestExecutionListener, org.springframework.test.context.transaction.TransactionalTestExecutionListener, org.springframework.test.context.jdbc.SqlScriptsTestExecutionListener, org.springframework.test.context.event.EventPublishingTestExecutionListener]
2022-12-04 20:02:07.078  INFO 8024 --- [    Test worker] .b.t.a.w.s.WebMvcTestContextBootstrapper : Using TestExecutionListeners: [org.springframework.test.context.web.ServletTestExecutionListener@6e5bb7aa, org.springframework.test.context.support.DirtiesContextBeforeModesTestExecutionListener@4f880f4a, org.springframework.test.context.event.ApplicationEventsTestExecutionListener@149b14f6, org.springframework.boot.test.mock.mockito.MockitoTestExecutionListener@589b0021, org.springframework.boot.test.autoconfigure.SpringBootDependencyInjectionTestExecutionListener@6bce1a7f, org.springframework.test.context.support.DirtiesContextTestExecutionListener@64b3ba13, org.springframework.test.context.transaction.TransactionalTestExecutionListener@28c33ed7, org.springframework.test.context.jdbc.SqlScriptsTestExecutionListener@2859b9e6, org.springframework.security.test.context.support.WithSecurityContextTestExecutionListener@335f5370, org.springframework.test.context.event.EventPublishingTestExecutionListener@4a45042a, org.springframework.security.test.context.support.ReactorContextTestExecutionListener@7bc1ae33, org.springframework.boot.test.autoconfigure.restdocs.RestDocsTestExecutionListener@1e32be24, org.springframework.boot.test.autoconfigure.web.client.MockRestServiceServerResetTestExecutionListener@57bfaa41, org.springframework.boot.test.autoconfigure.web.servlet.MockMvcPrintOnlyOnFailureTestExecutionListener@353990c8, org.springframework.boot.test.autoconfigure.web.servlet.WebDriverTestExecutionListener@43ff006a, org.springframework.boot.test.autoconfigure.webservices.client.MockWebServiceServerTestExecutionListener@48b745af, org.springframework.boot.test.mock.mockito.ResetMocksTestExecutionListener@62f0035a]

  .   ____          _            __ _ _
 /\\ / ___'_ __ _ _(_)_ __  __ _ \ \ \ \
( ( )\___ | '_ | '_| | '_ \/ _` | \ \ \ \
 \\/  ___)| |_)| | | | | || (_| |  ) ) ) )
  '  |____| .__|_| |_|_| |_\__, | / / / /
 =========|_|==============|___/=/_/_/_/
 :: Spring Boot ::                (v2.7.4)

2022-12-04 20:02:07.094  INFO 8024 --- [    Test worker] c.a.a.c.a.hello.HelloApiControllerTest   : Starting HelloApiControllerTest using Java 11.0.13 on DESKTOP-4HIAQNR with PID 8024 (started by azure in C:\project\intellij-project\2022\alog)
2022-12-04 20:02:07.094  INFO 8024 --- [    Test worker] c.a.a.c.a.hello.HelloApiControllerTest   : The following 1 profile is active: "mail"
2022-12-04 20:02:07.547  INFO 8024 --- [    Test worker] o.s.b.a.w.s.WelcomePageHandlerMapping    : Adding welcome page template: index
2022-12-04 20:02:07.845  INFO 8024 --- [    Test worker] o.s.s.web.DefaultSecurityFilterChain     : Will secure any request with [org.springframework.security.web.session.DisableEncodeUrlFilter@14f7e21a, org.springframework.security.web.context.request.async.WebAsyncManagerIntegrationFilter@2bd9722, org.springframework.security.web.context.SecurityContextPersistenceFilter@359a972e, org.springframework.security.web.header.HeaderWriterFilter@96effb1, org.springframework.security.web.csrf.CsrfFilter@6415a53d, org.springframework.security.web.authentication.logout.LogoutFilter@2e13c72b, org.springframework.security.oauth2.client.web.OAuth2AuthorizationRequestRedirectFilter@29810fa0, org.springframework.security.oauth2.client.web.OAuth2AuthorizationRequestRedirectFilter@460a31ce, org.springframework.security.oauth2.client.web.OAuth2LoginAuthenticationFilter@54f3fd30, org.springframework.security.web.authentication.ui.DefaultLoginPageGeneratingFilter@3bdc9461, org.springframework.security.web.authentication.ui.DefaultLogoutPageGeneratingFilter@544cd64b, org.springframework.security.web.savedrequest.RequestCacheAwareFilter@29abba49, org.springframework.security.web.servletapi.SecurityContextHolderAwareRequestFilter@57465bba, org.springframework.security.web.authentication.AnonymousAuthenticationFilter@b50cfa7, org.springframework.security.oauth2.client.web.OAuth2AuthorizationCodeGrantFilter@4c026825, org.springframework.security.web.session.SessionManagementFilter@39eab380, org.springframework.security.web.access.ExceptionTranslationFilter@409b96d2, org.springframework.security.web.access.intercept.FilterSecurityInterceptor@cdf67f1]
2022-12-04 20:02:07.892  INFO 8024 --- [    Test worker] o.s.b.t.m.w.SpringBootMockServletContext : Initializing Spring TestDispatcherServlet ''
2022-12-04 20:02:07.892  INFO 8024 --- [    Test worker] o.s.t.web.servlet.TestDispatcherServlet  : Initializing Servlet ''
2022-12-04 20:02:07.892  INFO 8024 --- [    Test worker] o.s.t.web.servlet.TestDispatcherServlet  : Completed initialization in 0 ms
2022-12-04 20:02:07.908  INFO 8024 --- [    Test worker] c.a.a.c.a.hello.HelloApiControllerTest   : Started HelloApiControllerTest in 0.835 seconds (JVM running for 15.043)

MockHttpServletRequest:
      HTTP Method = GET
      Request URI = /hello
       Parameters = {}
          Headers = []
             Body = null
    Session Attrs = {SPRING_SECURITY_CONTEXT=SecurityContextImpl [Authentication=UsernamePasswordAuthenticationToken [Principal=org.springframework.security.core.userdetails.User [Username=user, Password=[PROTECTED], Enabled=true, AccountNonExpired=true, credentialsNonExpired=true, AccountNonLocked=true, Granted Authorities=[ROLE_MEMBER]], Credentials=[PROTECTED], Authenticated=true, Details=null, Granted Authorities=[ROLE_MEMBER]]]}

Handler:
             Type = com.azurealstn.alog.controller.api.hello.HelloApiController
           Method = com.azurealstn.alog.controller.api.hello.HelloApiController#hello()

Async:
    Async started = false
     Async result = null

Resolved Exception:
             Type = null

ModelAndView:
        View name = null
             View = null
            Model = null

FlashMap:
       Attributes = null

MockHttpServletResponse:
           Status = 200
    Error message = null
          Headers = [Content-Type:"text/plain;charset=UTF-8", Content-Length:"5", X-Content-Type-Options:"nosniff", X-XSS-Protection:"1; mode=block", Cache-Control:"no-cache, no-store, max-age=0, must-revalidate", Pragma:"no-cache", Expires:"0", X-Frame-Options:"DENY"]
     Content type = text/plain;charset=UTF-8
             Body = hello
    Forwarded URL = null
   Redirected URL = null
          Cookies = []
]]></system-out>
  <system-err><![CDATA[]]></system-err>
</testsuite>
