<?xml version="1.0" encoding="UTF-8"?>
<testsuite name="com.azurealstn.alog.controller.api.posts.PostsApiControllerTest" tests="16" skipped="0" failures="0" errors="0" timestamp="2022-12-04T11:12:11" hostname="DESKTOP-4HIAQNR" time="0.564">
  <properties/>
  <testcase name="/posts 게시글 등록시 데이터 검증 내용" classname="com.azurealstn.alog.controller.api.posts.PostsApiControllerTest" time="0.017"/>
  <testcase name="게시글 수정시 DB 수정 실패 데이터 검증 제목" classname="com.azurealstn.alog.controller.api.posts.PostsApiControllerTest" time="0.018"/>
  <testcase name="/api/v1/posts/{postsId} 요청시 글 단건 조회 성공" classname="com.azurealstn.alog.controller.api.posts.PostsApiControllerTest" time="0.022"/>
  <testcase name="/api/v1/posts/{postsId} 요청시 글 단건 조회 실패" classname="com.azurealstn.alog.controller.api.posts.PostsApiControllerTest" time="0.016"/>
  <testcase name="게시글 삭제시 DB 삭제 실패" classname="com.azurealstn.alog.controller.api.posts.PostsApiControllerTest" time="0.019"/>
  <testcase name="글 목록 첫번째 페이지 조회" classname="com.azurealstn.alog.controller.api.posts.PostsApiControllerTest" time="0.072"/>
  <testcase name="글 목록 두번째 페이지 조회" classname="com.azurealstn.alog.controller.api.posts.PostsApiControllerTest" time="0.093"/>
  <testcase name="게시글 수정시 DB 수정 실패 데이터 검증 내용" classname="com.azurealstn.alog.controller.api.posts.PostsApiControllerTest" time="0.017"/>
  <testcase name="회원별로 글 목록" classname="com.azurealstn.alog.controller.api.posts.PostsApiControllerTest" time="0.126"/>
  <testcase name="/posts 게시글 등록시 데이터 검증 제목" classname="com.azurealstn.alog.controller.api.posts.PostsApiControllerTest" time="0.014"/>
  <testcase name="/posts 게시글 등록시 데이터 검증 소개" classname="com.azurealstn.alog.controller.api.posts.PostsApiControllerTest" time="0.015"/>
  <testcase name="게시글 삭제시 DB 삭제" classname="com.azurealstn.alog.controller.api.posts.PostsApiControllerTest" time="0.016"/>
  <testcase name="게시글 수정시 DB 수정 성공" classname="com.azurealstn.alog.controller.api.posts.PostsApiControllerTest" time="0.018"/>
  <testcase name="게시글 수정시 DB 수정 실패" classname="com.azurealstn.alog.controller.api.posts.PostsApiControllerTest" time="0.021"/>
  <testcase name="/posts 게시글 등록시 DB 저장" classname="com.azurealstn.alog.controller.api.posts.PostsApiControllerTest" time="0.017"/>
  <testcase name="?page=1이 아닌 ?page=0으로 요청해도 첫 페이지를 가져온다." classname="com.azurealstn.alog.controller.api.posts.PostsApiControllerTest" time="0.048"/>
  <system-out><![CDATA[2022-12-04 20:12:11.498  INFO 16364 --- [    Test worker] .b.t.c.SpringBootTestContextBootstrapper : Neither @ContextConfiguration nor @ContextHierarchy found for test class [com.azurealstn.alog.controller.api.posts.PostsApiControllerTest], using SpringBootContextLoader
2022-12-04 20:12:11.498  INFO 16364 --- [    Test worker] o.s.t.c.support.AbstractContextLoader    : Could not detect default resource locations for test class [com.azurealstn.alog.controller.api.posts.PostsApiControllerTest]: no resource found for suffixes {-context.xml, Context.groovy}.
2022-12-04 20:12:11.498  INFO 16364 --- [    Test worker] t.c.s.AnnotationConfigContextLoaderUtils : Could not detect default configuration classes for test class [com.azurealstn.alog.controller.api.posts.PostsApiControllerTest]: PostsApiControllerTest does not declare any static, non-private, non-final, nested classes annotated with @Configuration.
2022-12-04 20:12:11.498  INFO 16364 --- [    Test worker] .b.t.c.SpringBootTestContextBootstrapper : Found @SpringBootConfiguration com.azurealstn.alog.AlogApplication for test class com.azurealstn.alog.controller.api.posts.PostsApiControllerTest
2022-12-04 20:12:11.498  INFO 16364 --- [    Test worker] .b.t.c.SpringBootTestContextBootstrapper : Loaded default TestExecutionListener class names from location [META-INF/spring.factories]: [org.springframework.security.test.context.support.WithSecurityContextTestExecutionListener, org.springframework.security.test.context.support.ReactorContextTestExecutionListener, org.springframework.boot.test.autoconfigure.restdocs.RestDocsTestExecutionListener, org.springframework.boot.test.autoconfigure.web.client.MockRestServiceServerResetTestExecutionListener, org.springframework.boot.test.autoconfigure.web.servlet.MockMvcPrintOnlyOnFailureTestExecutionListener, org.springframework.boot.test.autoconfigure.web.servlet.WebDriverTestExecutionListener, org.springframework.boot.test.autoconfigure.webservices.client.MockWebServiceServerTestExecutionListener, org.springframework.boot.test.mock.mockito.MockitoTestExecutionListener, org.springframework.boot.test.mock.mockito.ResetMocksTestExecutionListener, org.springframework.test.context.web.ServletTestExecutionListener, org.springframework.test.context.support.DirtiesContextBeforeModesTestExecutionListener, org.springframework.test.context.event.ApplicationEventsTestExecutionListener, org.springframework.test.context.support.DependencyInjectionTestExecutionListener, org.springframework.test.context.support.DirtiesContextTestExecutionListener, org.springframework.test.context.transaction.TransactionalTestExecutionListener, org.springframework.test.context.jdbc.SqlScriptsTestExecutionListener, org.springframework.test.context.event.EventPublishingTestExecutionListener]
2022-12-04 20:12:11.498  INFO 16364 --- [    Test worker] .b.t.c.SpringBootTestContextBootstrapper : Using TestExecutionListeners: [org.springframework.test.context.web.ServletTestExecutionListener@524af1ab, org.springframework.test.context.support.DirtiesContextBeforeModesTestExecutionListener@2afac2f7, org.springframework.test.context.event.ApplicationEventsTestExecutionListener@2b48931b, org.springframework.boot.test.mock.mockito.MockitoTestExecutionListener@75440613, org.springframework.boot.test.autoconfigure.SpringBootDependencyInjectionTestExecutionListener@700666b9, org.springframework.test.context.support.DirtiesContextTestExecutionListener@c17ef34, org.springframework.test.context.transaction.TransactionalTestExecutionListener@63a875e6, org.springframework.test.context.jdbc.SqlScriptsTestExecutionListener@3689931e, org.springframework.security.test.context.support.WithSecurityContextTestExecutionListener@757908d8, org.springframework.test.context.event.EventPublishingTestExecutionListener@46a4370c, org.springframework.security.test.context.support.ReactorContextTestExecutionListener@66837d7b, org.springframework.boot.test.autoconfigure.restdocs.RestDocsTestExecutionListener@1ce803d6, org.springframework.boot.test.autoconfigure.web.client.MockRestServiceServerResetTestExecutionListener@21eaf75b, org.springframework.boot.test.autoconfigure.web.servlet.MockMvcPrintOnlyOnFailureTestExecutionListener@4691b83d, org.springframework.boot.test.autoconfigure.web.servlet.WebDriverTestExecutionListener@3b847d31, org.springframework.boot.test.autoconfigure.webservices.client.MockWebServiceServerTestExecutionListener@672e3f24, org.springframework.boot.test.mock.mockito.ResetMocksTestExecutionListener@11084cb5]
2022-12-04 20:12:11.514  INFO 16364 --- [    Test worker] o.s.t.c.transaction.TransactionContext   : Began transaction (1) for test context [DefaultTestContext@5fe74841 testClass = PostsApiControllerTest, testInstance = com.azurealstn.alog.controller.api.posts.PostsApiControllerTest@14c35a06, testMethod = posts_create_api_validate_content@PostsApiControllerTest, testException = [null], mergedContextConfiguration = [WebMergedContextConfiguration@3cb4e32b testClass = PostsApiControllerTest, locations = '{}', classes = '{class com.azurealstn.alog.AlogApplication}', contextInitializerClasses = '[]', activeProfiles = '{}', propertySourceLocations = '{}', propertySourceProperties = '{org.springframework.boot.test.context.SpringBootTestContextBootstrapper=true, server.port=0}', contextCustomizers = set[org.springframework.boot.test.autoconfigure.actuate.metrics.MetricsExportContextCustomizerFactory$DisableMetricExportContextCustomizer@39dcf4b0, org.springframework.boot.test.autoconfigure.properties.PropertyMappingContextCustomizer@0, org.springframework.boot.test.autoconfigure.web.servlet.WebDriverContextCustomizerFactory$Customizer@6722db6e, org.springframework.boot.test.context.filter.ExcludeFilterContextCustomizer@7a48e6e2, org.springframework.boot.test.json.DuplicateJsonObjectContextCustomizerFactory$DuplicateJsonObjectContextCustomizer@631e06ab, org.springframework.boot.test.mock.mockito.MockitoContextCustomizer@0, org.springframework.boot.test.web.client.TestRestTemplateContextCustomizer@24faea88, org.springframework.boot.test.context.SpringBootTestArgs@1, org.springframework.boot.test.context.SpringBootTestWebEnvironment@68d279ec], resourceBasePath = 'src/main/webapp', contextLoader = 'org.springframework.boot.test.context.SpringBootContextLoader', parent = [null]], attributes = map['org.springframework.test.context.web.ServletTestExecutionListener.activateListener' -> false, 'org.springframework.test.context.event.ApplicationEventsTestExecutionListener.recordApplicationEvents' -> false]]; transaction manager [org.springframework.orm.jpa.JpaTransactionManager@6a85a13]; rollback [true]
2022-12-04 20:12:11.514  INFO 16364 --- [    Test worker] o.a.c.c.C.[Tomcat].[localhost].[/]       : Initializing Spring TestDispatcherServlet ''
2022-12-04 20:12:11.514  INFO 16364 --- [    Test worker] o.s.t.web.servlet.TestDispatcherServlet  : Initializing Servlet ''
2022-12-04 20:12:11.514  INFO 16364 --- [    Test worker] o.s.t.web.servlet.TestDispatcherServlet  : Completed initialization in 0 ms
Hibernate: select posts0_.posts_id as posts_id1_5_, posts0_.created_date as created_2_5_, posts0_.modified_date as modified3_5_, posts0_.content as content4_5_, posts0_.description as descript5_5_, posts0_.likes as likes6_5_, posts0_.member_id as member_i9_5_, posts0_.secret as secret7_5_, posts0_.title as title8_5_ from posts posts0_
Hibernate: select member0_.member_id as member_i1_3_, member0_.created_date as created_2_3_, member0_.modified_date as modified3_3_, member0_.email as email4_3_, member0_.email_auth as email_au5_3_, member0_.name as name6_3_, member0_.picture as picture7_3_, member0_.role as role8_3_, member0_.short_bio as short_bi9_3_, member0_.username as usernam10_3_ from member member0_
Hibernate: insert into member (member_id, created_date, modified_date, email, email_auth, name, picture, role, short_bio, username) values (default, ?, ?, ?, ?, ?, ?, ?, ?, ?)

MockHttpServletRequest:
      HTTP Method = POST
      Request URI = /api/v1/posts
       Parameters = {}
          Headers = [Content-Type:"application/json;charset=UTF-8", Content-Length:"374"]
             Body = {"title":"안녕하세요","content":"","member":{"createdDate":"2022-12-04T20:12:11.5142374","modifiedDate":"2022-12-04T20:12:11.5142374","id":476,"email":"azurealstn@naver.com","name":"슬로우스타터","picture":"test.jpg","role":"MEMBER","emailAuth":true,"username":"haha","shortBio":"안녕하세요!","roleKey":"ROLE_MEMBER"},"description":"소개글","secret":null}
    Session Attrs = {member=SessionMemberDto(id=476, name=슬로우스타터, email=azurealstn@naver.com, picture=test.jpg, username=haha, shortBio=안녕하세요!)}

Handler:
             Type = com.azurealstn.alog.controller.api.posts.PostsApiController
           Method = com.azurealstn.alog.controller.api.posts.PostsApiController#create(PostsCreateRequestDto)

Async:
    Async started = false
     Async result = null

Resolved Exception:
             Type = org.springframework.web.bind.MethodArgumentNotValidException

ModelAndView:
        View name = null
             View = null
            Model = null

FlashMap:
       Attributes = null

MockHttpServletResponse:
           Status = 400
    Error message = null
          Headers = [Content-Type:"application/json;charset=UTF-8"]
     Content type = application/json;charset=UTF-8
             Body = {"code":"400","message":"클라이언트의 잘못된 요청이 있습니다. (application/json)","validation":[{"fieldName":"content","errorMessage":"내용이 비어있습니다."}]}
    Forwarded URL = null
   Redirected URL = null
          Cookies = []
Hibernate: select posts0_.posts_id as posts_id1_5_, posts0_.created_date as created_2_5_, posts0_.modified_date as modified3_5_, posts0_.content as content4_5_, posts0_.description as descript5_5_, posts0_.likes as likes6_5_, posts0_.member_id as member_i9_5_, posts0_.secret as secret7_5_, posts0_.title as title8_5_ from posts posts0_
Hibernate: select member0_.member_id as member_i1_3_, member0_.created_date as created_2_3_, member0_.modified_date as modified3_3_, member0_.email as email4_3_, member0_.email_auth as email_au5_3_, member0_.name as name6_3_, member0_.picture as picture7_3_, member0_.role as role8_3_, member0_.short_bio as short_bi9_3_, member0_.username as usernam10_3_ from member member0_
2022-12-04 20:12:11.529  INFO 16364 --- [    Test worker] o.s.t.c.transaction.TransactionContext   : Rolled back transaction for test: [DefaultTestContext@5fe74841 testClass = PostsApiControllerTest, testInstance = com.azurealstn.alog.controller.api.posts.PostsApiControllerTest@14c35a06, testMethod = posts_create_api_validate_content@PostsApiControllerTest, testException = [null], mergedContextConfiguration = [WebMergedContextConfiguration@3cb4e32b testClass = PostsApiControllerTest, locations = '{}', classes = '{class com.azurealstn.alog.AlogApplication}', contextInitializerClasses = '[]', activeProfiles = '{}', propertySourceLocations = '{}', propertySourceProperties = '{org.springframework.boot.test.context.SpringBootTestContextBootstrapper=true, server.port=0}', contextCustomizers = set[org.springframework.boot.test.autoconfigure.actuate.metrics.MetricsExportContextCustomizerFactory$DisableMetricExportContextCustomizer@39dcf4b0, org.springframework.boot.test.autoconfigure.properties.PropertyMappingContextCustomizer@0, org.springframework.boot.test.autoconfigure.web.servlet.WebDriverContextCustomizerFactory$Customizer@6722db6e, org.springframework.boot.test.context.filter.ExcludeFilterContextCustomizer@7a48e6e2, org.springframework.boot.test.json.DuplicateJsonObjectContextCustomizerFactory$DuplicateJsonObjectContextCustomizer@631e06ab, org.springframework.boot.test.mock.mockito.MockitoContextCustomizer@0, org.springframework.boot.test.web.client.TestRestTemplateContextCustomizer@24faea88, org.springframework.boot.test.context.SpringBootTestArgs@1, org.springframework.boot.test.context.SpringBootTestWebEnvironment@68d279ec], resourceBasePath = 'src/main/webapp', contextLoader = 'org.springframework.boot.test.context.SpringBootContextLoader', parent = [null]], attributes = map['org.springframework.test.context.web.ServletTestExecutionListener.activateListener' -> false, 'org.springframework.test.context.event.ApplicationEventsTestExecutionListener.recordApplicationEvents' -> false]]
2022-12-04 20:12:11.529  INFO 16364 --- [    Test worker] o.s.t.c.transaction.TransactionContext   : Began transaction (1) for test context [DefaultTestContext@5fe74841 testClass = PostsApiControllerTest, testInstance = com.azurealstn.alog.controller.api.posts.PostsApiControllerTest@549db1c6, testMethod = modify_posts_api_x_title@PostsApiControllerTest, testException = [null], mergedContextConfiguration = [WebMergedContextConfiguration@3cb4e32b testClass = PostsApiControllerTest, locations = '{}', classes = '{class com.azurealstn.alog.AlogApplication}', contextInitializerClasses = '[]', activeProfiles = '{}', propertySourceLocations = '{}', propertySourceProperties = '{org.springframework.boot.test.context.SpringBootTestContextBootstrapper=true, server.port=0}', contextCustomizers = set[org.springframework.boot.test.autoconfigure.actuate.metrics.MetricsExportContextCustomizerFactory$DisableMetricExportContextCustomizer@39dcf4b0, org.springframework.boot.test.autoconfigure.properties.PropertyMappingContextCustomizer@0, org.springframework.boot.test.autoconfigure.web.servlet.WebDriverContextCustomizerFactory$Customizer@6722db6e, org.springframework.boot.test.context.filter.ExcludeFilterContextCustomizer@7a48e6e2, org.springframework.boot.test.json.DuplicateJsonObjectContextCustomizerFactory$DuplicateJsonObjectContextCustomizer@631e06ab, org.springframework.boot.test.mock.mockito.MockitoContextCustomizer@0, org.springframework.boot.test.web.client.TestRestTemplateContextCustomizer@24faea88, org.springframework.boot.test.context.SpringBootTestArgs@1, org.springframework.boot.test.context.SpringBootTestWebEnvironment@68d279ec], resourceBasePath = 'src/main/webapp', contextLoader = 'org.springframework.boot.test.context.SpringBootContextLoader', parent = [null]], attributes = map['org.springframework.test.context.web.ServletTestExecutionListener.activateListener' -> false, 'org.springframework.test.context.event.ApplicationEventsTestExecutionListener.recordApplicationEvents' -> false]]; transaction manager [org.springframework.orm.jpa.JpaTransactionManager@6a85a13]; rollback [true]
2022-12-04 20:12:11.529  INFO 16364 --- [    Test worker] o.a.c.c.C.[Tomcat].[localhost].[/]       : Initializing Spring TestDispatcherServlet ''
2022-12-04 20:12:11.529  INFO 16364 --- [    Test worker] o.s.t.web.servlet.TestDispatcherServlet  : Initializing Servlet ''
2022-12-04 20:12:11.529  INFO 16364 --- [    Test worker] o.s.t.web.servlet.TestDispatcherServlet  : Completed initialization in 0 ms
Hibernate: select posts0_.posts_id as posts_id1_5_, posts0_.created_date as created_2_5_, posts0_.modified_date as modified3_5_, posts0_.content as content4_5_, posts0_.description as descript5_5_, posts0_.likes as likes6_5_, posts0_.member_id as member_i9_5_, posts0_.secret as secret7_5_, posts0_.title as title8_5_ from posts posts0_
Hibernate: select member0_.member_id as member_i1_3_, member0_.created_date as created_2_3_, member0_.modified_date as modified3_3_, member0_.email as email4_3_, member0_.email_auth as email_au5_3_, member0_.name as name6_3_, member0_.picture as picture7_3_, member0_.role as role8_3_, member0_.short_bio as short_bi9_3_, member0_.username as usernam10_3_ from member member0_
Hibernate: insert into member (member_id, created_date, modified_date, email, email_auth, name, picture, role, short_bio, username) values (default, ?, ?, ?, ?, ?, ?, ?, ?, ?)
Hibernate: insert into posts (posts_id, created_date, modified_date, content, description, likes, member_id, secret, title) values (default, ?, ?, ?, ?, ?, ?, ?, ?)

MockHttpServletRequest:
      HTTP Method = PUT
      Request URI = /api/v1/posts/781
       Parameters = {}
          Headers = [Content-Type:"application/json;charset=UTF-8", Content-Length:"95"]
             Body = {"title":"    ","content":"내용입니다.","description":"소개글입니다.","secret":null}
    Session Attrs = {member=SessionMemberDto(id=477, name=슬로우스타터, email=azurealstn@naver.com, picture=test.jpg, username=haha, shortBio=안녕하세요!)}

Handler:
             Type = com.azurealstn.alog.controller.api.posts.PostsApiController
           Method = com.azurealstn.alog.controller.api.posts.PostsApiController#modify(Long, PostsModifyRequestDto)

Async:
    Async started = false
     Async result = null

Resolved Exception:
             Type = org.springframework.web.bind.MethodArgumentNotValidException

ModelAndView:
        View name = null
             View = null
            Model = null

FlashMap:
       Attributes = null

MockHttpServletResponse:
           Status = 400
    Error message = null
          Headers = [Content-Type:"application/json;charset=UTF-8"]
     Content type = application/json;charset=UTF-8
             Body = {"code":"400","message":"클라이언트의 잘못된 요청이 있습니다. (application/json)","validation":[{"fieldName":"title","errorMessage":"제목이 비어있습니다."}]}
    Forwarded URL = null
   Redirected URL = null
          Cookies = []
Hibernate: select posts0_.posts_id as posts_id1_5_, posts0_.created_date as created_2_5_, posts0_.modified_date as modified3_5_, posts0_.content as content4_5_, posts0_.description as descript5_5_, posts0_.likes as likes6_5_, posts0_.member_id as member_i9_5_, posts0_.secret as secret7_5_, posts0_.title as title8_5_ from posts posts0_
Hibernate: select member0_.member_id as member_i1_3_, member0_.created_date as created_2_3_, member0_.modified_date as modified3_3_, member0_.email as email4_3_, member0_.email_auth as email_au5_3_, member0_.name as name6_3_, member0_.picture as picture7_3_, member0_.role as role8_3_, member0_.short_bio as short_bi9_3_, member0_.username as usernam10_3_ from member member0_
2022-12-04 20:12:11.545  INFO 16364 --- [    Test worker] o.s.t.c.transaction.TransactionContext   : Rolled back transaction for test: [DefaultTestContext@5fe74841 testClass = PostsApiControllerTest, testInstance = com.azurealstn.alog.controller.api.posts.PostsApiControllerTest@549db1c6, testMethod = modify_posts_api_x_title@PostsApiControllerTest, testException = [null], mergedContextConfiguration = [WebMergedContextConfiguration@3cb4e32b testClass = PostsApiControllerTest, locations = '{}', classes = '{class com.azurealstn.alog.AlogApplication}', contextInitializerClasses = '[]', activeProfiles = '{}', propertySourceLocations = '{}', propertySourceProperties = '{org.springframework.boot.test.context.SpringBootTestContextBootstrapper=true, server.port=0}', contextCustomizers = set[org.springframework.boot.test.autoconfigure.actuate.metrics.MetricsExportContextCustomizerFactory$DisableMetricExportContextCustomizer@39dcf4b0, org.springframework.boot.test.autoconfigure.properties.PropertyMappingContextCustomizer@0, org.springframework.boot.test.autoconfigure.web.servlet.WebDriverContextCustomizerFactory$Customizer@6722db6e, org.springframework.boot.test.context.filter.ExcludeFilterContextCustomizer@7a48e6e2, org.springframework.boot.test.json.DuplicateJsonObjectContextCustomizerFactory$DuplicateJsonObjectContextCustomizer@631e06ab, org.springframework.boot.test.mock.mockito.MockitoContextCustomizer@0, org.springframework.boot.test.web.client.TestRestTemplateContextCustomizer@24faea88, org.springframework.boot.test.context.SpringBootTestArgs@1, org.springframework.boot.test.context.SpringBootTestWebEnvironment@68d279ec], resourceBasePath = 'src/main/webapp', contextLoader = 'org.springframework.boot.test.context.SpringBootContextLoader', parent = [null]], attributes = map['org.springframework.test.context.web.ServletTestExecutionListener.activateListener' -> false, 'org.springframework.test.context.event.ApplicationEventsTestExecutionListener.recordApplicationEvents' -> false]]
2022-12-04 20:12:11.545  INFO 16364 --- [    Test worker] o.s.t.c.transaction.TransactionContext   : Began transaction (1) for test context [DefaultTestContext@5fe74841 testClass = PostsApiControllerTest, testInstance = com.azurealstn.alog.controller.api.posts.PostsApiControllerTest@259ec563, testMethod = select_posts_o@PostsApiControllerTest, testException = [null], mergedContextConfiguration = [WebMergedContextConfiguration@3cb4e32b testClass = PostsApiControllerTest, locations = '{}', classes = '{class com.azurealstn.alog.AlogApplication}', contextInitializerClasses = '[]', activeProfiles = '{}', propertySourceLocations = '{}', propertySourceProperties = '{org.springframework.boot.test.context.SpringBootTestContextBootstrapper=true, server.port=0}', contextCustomizers = set[org.springframework.boot.test.autoconfigure.actuate.metrics.MetricsExportContextCustomizerFactory$DisableMetricExportContextCustomizer@39dcf4b0, org.springframework.boot.test.autoconfigure.properties.PropertyMappingContextCustomizer@0, org.springframework.boot.test.autoconfigure.web.servlet.WebDriverContextCustomizerFactory$Customizer@6722db6e, org.springframework.boot.test.context.filter.ExcludeFilterContextCustomizer@7a48e6e2, org.springframework.boot.test.json.DuplicateJsonObjectContextCustomizerFactory$DuplicateJsonObjectContextCustomizer@631e06ab, org.springframework.boot.test.mock.mockito.MockitoContextCustomizer@0, org.springframework.boot.test.web.client.TestRestTemplateContextCustomizer@24faea88, org.springframework.boot.test.context.SpringBootTestArgs@1, org.springframework.boot.test.context.SpringBootTestWebEnvironment@68d279ec], resourceBasePath = 'src/main/webapp', contextLoader = 'org.springframework.boot.test.context.SpringBootContextLoader', parent = [null]], attributes = map['org.springframework.test.context.web.ServletTestExecutionListener.activateListener' -> false, 'org.springframework.test.context.event.ApplicationEventsTestExecutionListener.recordApplicationEvents' -> false]]; transaction manager [org.springframework.orm.jpa.JpaTransactionManager@6a85a13]; rollback [true]
2022-12-04 20:12:11.545  INFO 16364 --- [    Test worker] o.a.c.c.C.[Tomcat].[localhost].[/]       : Initializing Spring TestDispatcherServlet ''
2022-12-04 20:12:11.545  INFO 16364 --- [    Test worker] o.s.t.web.servlet.TestDispatcherServlet  : Initializing Servlet ''
2022-12-04 20:12:11.545  INFO 16364 --- [    Test worker] o.s.t.web.servlet.TestDispatcherServlet  : Completed initialization in 0 ms
Hibernate: select posts0_.posts_id as posts_id1_5_, posts0_.created_date as created_2_5_, posts0_.modified_date as modified3_5_, posts0_.content as content4_5_, posts0_.description as descript5_5_, posts0_.likes as likes6_5_, posts0_.member_id as member_i9_5_, posts0_.secret as secret7_5_, posts0_.title as title8_5_ from posts posts0_
Hibernate: select member0_.member_id as member_i1_3_, member0_.created_date as created_2_3_, member0_.modified_date as modified3_3_, member0_.email as email4_3_, member0_.email_auth as email_au5_3_, member0_.name as name6_3_, member0_.picture as picture7_3_, member0_.role as role8_3_, member0_.short_bio as short_bi9_3_, member0_.username as usernam10_3_ from member member0_
Hibernate: insert into member (member_id, created_date, modified_date, email, email_auth, name, picture, role, short_bio, username) values (default, ?, ?, ?, ?, ?, ?, ?, ?, ?)
Hibernate: insert into posts (posts_id, created_date, modified_date, content, description, likes, member_id, secret, title) values (default, ?, ?, ?, ?, ?, ?, ?, ?)

MockHttpServletRequest:
      HTTP Method = GET
      Request URI = /api/v1/auth/posts-data/782
       Parameters = {}
          Headers = [Content-Type:"application/json;charset=UTF-8"]
             Body = null
    Session Attrs = {member=SessionMemberDto(id=478, name=슬로우스타터, email=azurealstn@naver.com, picture=test.jpg, username=haha, shortBio=안녕하세요!)}

Handler:
             Type = com.azurealstn.alog.controller.api.posts.PostsApiController
           Method = com.azurealstn.alog.controller.api.posts.PostsApiController#findById(Long)

Async:
    Async started = false
     Async result = null

Resolved Exception:
             Type = null

ModelAndView:
        View name = null
             View = null
            Model = null

FlashMap:
       Attributes = null

MockHttpServletResponse:
           Status = 200
    Error message = null
          Headers = [Content-Type:"application/json;charset=UTF-8"]
     Content type = application/json;charset=UTF-8
             Body = {"id":782,"title":"foo","content":"bar","member":{"createdDate":"2022-12-04T20:12:11.5454911","modifiedDate":"2022-12-04T20:12:11.5454911","id":478,"email":"azurealstn@naver.com","name":"슬로우스타터","picture":"test.jpg","role":"MEMBER","emailAuth":true,"username":"haha","shortBio":"안녕하세요!","roleKey":"ROLE_MEMBER"},"description":"소개글","secret":null,"previousTime":"2022년 12월 4일","hashTagNames":[],"likeCount":0,"commentCount":0,"storeFilename":null,"totalRowCount":0,"imageUrl":null}
    Forwarded URL = null
   Redirected URL = null
          Cookies = []
Hibernate: select posts0_.posts_id as posts_id1_5_, posts0_.created_date as created_2_5_, posts0_.modified_date as modified3_5_, posts0_.content as content4_5_, posts0_.description as descript5_5_, posts0_.likes as likes6_5_, posts0_.member_id as member_i9_5_, posts0_.secret as secret7_5_, posts0_.title as title8_5_ from posts posts0_
Hibernate: select member0_.member_id as member_i1_3_, member0_.created_date as created_2_3_, member0_.modified_date as modified3_3_, member0_.email as email4_3_, member0_.email_auth as email_au5_3_, member0_.name as name6_3_, member0_.picture as picture7_3_, member0_.role as role8_3_, member0_.short_bio as short_bi9_3_, member0_.username as usernam10_3_ from member member0_
2022-12-04 20:12:11.561  INFO 16364 --- [    Test worker] o.s.t.c.transaction.TransactionContext   : Rolled back transaction for test: [DefaultTestContext@5fe74841 testClass = PostsApiControllerTest, testInstance = com.azurealstn.alog.controller.api.posts.PostsApiControllerTest@259ec563, testMethod = select_posts_o@PostsApiControllerTest, testException = [null], mergedContextConfiguration = [WebMergedContextConfiguration@3cb4e32b testClass = PostsApiControllerTest, locations = '{}', classes = '{class com.azurealstn.alog.AlogApplication}', contextInitializerClasses = '[]', activeProfiles = '{}', propertySourceLocations = '{}', propertySourceProperties = '{org.springframework.boot.test.context.SpringBootTestContextBootstrapper=true, server.port=0}', contextCustomizers = set[org.springframework.boot.test.autoconfigure.actuate.metrics.MetricsExportContextCustomizerFactory$DisableMetricExportContextCustomizer@39dcf4b0, org.springframework.boot.test.autoconfigure.properties.PropertyMappingContextCustomizer@0, org.springframework.boot.test.autoconfigure.web.servlet.WebDriverContextCustomizerFactory$Customizer@6722db6e, org.springframework.boot.test.context.filter.ExcludeFilterContextCustomizer@7a48e6e2, org.springframework.boot.test.json.DuplicateJsonObjectContextCustomizerFactory$DuplicateJsonObjectContextCustomizer@631e06ab, org.springframework.boot.test.mock.mockito.MockitoContextCustomizer@0, org.springframework.boot.test.web.client.TestRestTemplateContextCustomizer@24faea88, org.springframework.boot.test.context.SpringBootTestArgs@1, org.springframework.boot.test.context.SpringBootTestWebEnvironment@68d279ec], resourceBasePath = 'src/main/webapp', contextLoader = 'org.springframework.boot.test.context.SpringBootContextLoader', parent = [null]], attributes = map['org.springframework.test.context.web.ServletTestExecutionListener.activateListener' -> false, 'org.springframework.test.context.event.ApplicationEventsTestExecutionListener.recordApplicationEvents' -> false]]
2022-12-04 20:12:11.561  INFO 16364 --- [    Test worker] o.s.t.c.transaction.TransactionContext   : Began transaction (1) for test context [DefaultTestContext@5fe74841 testClass = PostsApiControllerTest, testInstance = com.azurealstn.alog.controller.api.posts.PostsApiControllerTest@6b3321fe, testMethod = select_posts_x@PostsApiControllerTest, testException = [null], mergedContextConfiguration = [WebMergedContextConfiguration@3cb4e32b testClass = PostsApiControllerTest, locations = '{}', classes = '{class com.azurealstn.alog.AlogApplication}', contextInitializerClasses = '[]', activeProfiles = '{}', propertySourceLocations = '{}', propertySourceProperties = '{org.springframework.boot.test.context.SpringBootTestContextBootstrapper=true, server.port=0}', contextCustomizers = set[org.springframework.boot.test.autoconfigure.actuate.metrics.MetricsExportContextCustomizerFactory$DisableMetricExportContextCustomizer@39dcf4b0, org.springframework.boot.test.autoconfigure.properties.PropertyMappingContextCustomizer@0, org.springframework.boot.test.autoconfigure.web.servlet.WebDriverContextCustomizerFactory$Customizer@6722db6e, org.springframework.boot.test.context.filter.ExcludeFilterContextCustomizer@7a48e6e2, org.springframework.boot.test.json.DuplicateJsonObjectContextCustomizerFactory$DuplicateJsonObjectContextCustomizer@631e06ab, org.springframework.boot.test.mock.mockito.MockitoContextCustomizer@0, org.springframework.boot.test.web.client.TestRestTemplateContextCustomizer@24faea88, org.springframework.boot.test.context.SpringBootTestArgs@1, org.springframework.boot.test.context.SpringBootTestWebEnvironment@68d279ec], resourceBasePath = 'src/main/webapp', contextLoader = 'org.springframework.boot.test.context.SpringBootContextLoader', parent = [null]], attributes = map['org.springframework.test.context.web.ServletTestExecutionListener.activateListener' -> false, 'org.springframework.test.context.event.ApplicationEventsTestExecutionListener.recordApplicationEvents' -> false]]; transaction manager [org.springframework.orm.jpa.JpaTransactionManager@6a85a13]; rollback [true]
2022-12-04 20:12:11.561  INFO 16364 --- [    Test worker] o.a.c.c.C.[Tomcat].[localhost].[/]       : Initializing Spring TestDispatcherServlet ''
2022-12-04 20:12:11.561  INFO 16364 --- [    Test worker] o.s.t.web.servlet.TestDispatcherServlet  : Initializing Servlet ''
2022-12-04 20:12:11.576  INFO 16364 --- [    Test worker] o.s.t.web.servlet.TestDispatcherServlet  : Completed initialization in 15 ms
Hibernate: select posts0_.posts_id as posts_id1_5_, posts0_.created_date as created_2_5_, posts0_.modified_date as modified3_5_, posts0_.content as content4_5_, posts0_.description as descript5_5_, posts0_.likes as likes6_5_, posts0_.member_id as member_i9_5_, posts0_.secret as secret7_5_, posts0_.title as title8_5_ from posts posts0_
Hibernate: select member0_.member_id as member_i1_3_, member0_.created_date as created_2_3_, member0_.modified_date as modified3_3_, member0_.email as email4_3_, member0_.email_auth as email_au5_3_, member0_.name as name6_3_, member0_.picture as picture7_3_, member0_.role as role8_3_, member0_.short_bio as short_bi9_3_, member0_.username as usernam10_3_ from member member0_
Hibernate: insert into member (member_id, created_date, modified_date, email, email_auth, name, picture, role, short_bio, username) values (default, ?, ?, ?, ?, ?, ?, ?, ?, ?)
Hibernate: insert into posts (posts_id, created_date, modified_date, content, description, likes, member_id, secret, title) values (default, ?, ?, ?, ?, ?, ?, ?, ?)
Hibernate: select posts0_.posts_id as posts_id1_5_0_, posts0_.created_date as created_2_5_0_, posts0_.modified_date as modified3_5_0_, posts0_.content as content4_5_0_, posts0_.description as descript5_5_0_, posts0_.likes as likes6_5_0_, posts0_.member_id as member_i9_5_0_, posts0_.secret as secret7_5_0_, posts0_.title as title8_5_0_, member1_.member_id as member_i1_3_1_, member1_.created_date as created_2_3_1_, member1_.modified_date as modified3_3_1_, member1_.email as email4_3_1_, member1_.email_auth as email_au5_3_1_, member1_.name as name6_3_1_, member1_.picture as picture7_3_1_, member1_.role as role8_3_1_, member1_.short_bio as short_bi9_3_1_, member1_.username as usernam10_3_1_ from posts posts0_ left outer join member member1_ on posts0_.member_id=member1_.member_id where posts0_.posts_id=?

MockHttpServletRequest:
      HTTP Method = GET
      Request URI = /api/v1/auth/posts-data/784
       Parameters = {}
          Headers = [Content-Type:"application/json;charset=UTF-8"]
             Body = null
    Session Attrs = {member=SessionMemberDto(id=479, name=슬로우스타터, email=azurealstn@naver.com, picture=test.jpg, username=haha, shortBio=안녕하세요!)}

Handler:
             Type = com.azurealstn.alog.controller.api.posts.PostsApiController
           Method = com.azurealstn.alog.controller.api.posts.PostsApiController#findById(Long)

Async:
    Async started = false
     Async result = null

Resolved Exception:
             Type = com.azurealstn.alog.Infra.exception.posts.PostsNotFound

ModelAndView:
        View name = null
             View = null
            Model = null

FlashMap:
       Attributes = null

MockHttpServletResponse:
           Status = 404
    Error message = null
          Headers = [Content-Type:"application/json;charset=UTF-8"]
     Content type = application/json;charset=UTF-8
             Body = {"code":"404","message":"해당 글이 없습니다.","validation":[]}
    Forwarded URL = null
   Redirected URL = null
          Cookies = []
Hibernate: select posts0_.posts_id as posts_id1_5_, posts0_.created_date as created_2_5_, posts0_.modified_date as modified3_5_, posts0_.content as content4_5_, posts0_.description as descript5_5_, posts0_.likes as likes6_5_, posts0_.member_id as member_i9_5_, posts0_.secret as secret7_5_, posts0_.title as title8_5_ from posts posts0_
Hibernate: select member0_.member_id as member_i1_3_, member0_.created_date as created_2_3_, member0_.modified_date as modified3_3_, member0_.email as email4_3_, member0_.email_auth as email_au5_3_, member0_.name as name6_3_, member0_.picture as picture7_3_, member0_.role as role8_3_, member0_.short_bio as short_bi9_3_, member0_.username as usernam10_3_ from member member0_
2022-12-04 20:12:11.576  INFO 16364 --- [    Test worker] o.s.t.c.transaction.TransactionContext   : Rolled back transaction for test: [DefaultTestContext@5fe74841 testClass = PostsApiControllerTest, testInstance = com.azurealstn.alog.controller.api.posts.PostsApiControllerTest@6b3321fe, testMethod = select_posts_x@PostsApiControllerTest, testException = [null], mergedContextConfiguration = [WebMergedContextConfiguration@3cb4e32b testClass = PostsApiControllerTest, locations = '{}', classes = '{class com.azurealstn.alog.AlogApplication}', contextInitializerClasses = '[]', activeProfiles = '{}', propertySourceLocations = '{}', propertySourceProperties = '{org.springframework.boot.test.context.SpringBootTestContextBootstrapper=true, server.port=0}', contextCustomizers = set[org.springframework.boot.test.autoconfigure.actuate.metrics.MetricsExportContextCustomizerFactory$DisableMetricExportContextCustomizer@39dcf4b0, org.springframework.boot.test.autoconfigure.properties.PropertyMappingContextCustomizer@0, org.springframework.boot.test.autoconfigure.web.servlet.WebDriverContextCustomizerFactory$Customizer@6722db6e, org.springframework.boot.test.context.filter.ExcludeFilterContextCustomizer@7a48e6e2, org.springframework.boot.test.json.DuplicateJsonObjectContextCustomizerFactory$DuplicateJsonObjectContextCustomizer@631e06ab, org.springframework.boot.test.mock.mockito.MockitoContextCustomizer@0, org.springframework.boot.test.web.client.TestRestTemplateContextCustomizer@24faea88, org.springframework.boot.test.context.SpringBootTestArgs@1, org.springframework.boot.test.context.SpringBootTestWebEnvironment@68d279ec], resourceBasePath = 'src/main/webapp', contextLoader = 'org.springframework.boot.test.context.SpringBootContextLoader', parent = [null]], attributes = map['org.springframework.test.context.web.ServletTestExecutionListener.activateListener' -> false, 'org.springframework.test.context.event.ApplicationEventsTestExecutionListener.recordApplicationEvents' -> false]]
2022-12-04 20:12:11.576  INFO 16364 --- [    Test worker] o.s.t.c.transaction.TransactionContext   : Began transaction (1) for test context [DefaultTestContext@5fe74841 testClass = PostsApiControllerTest, testInstance = com.azurealstn.alog.controller.api.posts.PostsApiControllerTest@4e1210de, testMethod = delete_posts_api_x@PostsApiControllerTest, testException = [null], mergedContextConfiguration = [WebMergedContextConfiguration@3cb4e32b testClass = PostsApiControllerTest, locations = '{}', classes = '{class com.azurealstn.alog.AlogApplication}', contextInitializerClasses = '[]', activeProfiles = '{}', propertySourceLocations = '{}', propertySourceProperties = '{org.springframework.boot.test.context.SpringBootTestContextBootstrapper=true, server.port=0}', contextCustomizers = set[org.springframework.boot.test.autoconfigure.actuate.metrics.MetricsExportContextCustomizerFactory$DisableMetricExportContextCustomizer@39dcf4b0, org.springframework.boot.test.autoconfigure.properties.PropertyMappingContextCustomizer@0, org.springframework.boot.test.autoconfigure.web.servlet.WebDriverContextCustomizerFactory$Customizer@6722db6e, org.springframework.boot.test.context.filter.ExcludeFilterContextCustomizer@7a48e6e2, org.springframework.boot.test.json.DuplicateJsonObjectContextCustomizerFactory$DuplicateJsonObjectContextCustomizer@631e06ab, org.springframework.boot.test.mock.mockito.MockitoContextCustomizer@0, org.springframework.boot.test.web.client.TestRestTemplateContextCustomizer@24faea88, org.springframework.boot.test.context.SpringBootTestArgs@1, org.springframework.boot.test.context.SpringBootTestWebEnvironment@68d279ec], resourceBasePath = 'src/main/webapp', contextLoader = 'org.springframework.boot.test.context.SpringBootContextLoader', parent = [null]], attributes = map['org.springframework.test.context.web.ServletTestExecutionListener.activateListener' -> false, 'org.springframework.test.context.event.ApplicationEventsTestExecutionListener.recordApplicationEvents' -> false]]; transaction manager [org.springframework.orm.jpa.JpaTransactionManager@6a85a13]; rollback [true]
2022-12-04 20:12:11.592  INFO 16364 --- [    Test worker] o.a.c.c.C.[Tomcat].[localhost].[/]       : Initializing Spring TestDispatcherServlet ''
2022-12-04 20:12:11.592  INFO 16364 --- [    Test worker] o.s.t.web.servlet.TestDispatcherServlet  : Initializing Servlet ''
2022-12-04 20:12:11.592  INFO 16364 --- [    Test worker] o.s.t.web.servlet.TestDispatcherServlet  : Completed initialization in 0 ms
Hibernate: select posts0_.posts_id as posts_id1_5_, posts0_.created_date as created_2_5_, posts0_.modified_date as modified3_5_, posts0_.content as content4_5_, posts0_.description as descript5_5_, posts0_.likes as likes6_5_, posts0_.member_id as member_i9_5_, posts0_.secret as secret7_5_, posts0_.title as title8_5_ from posts posts0_
Hibernate: select member0_.member_id as member_i1_3_, member0_.created_date as created_2_3_, member0_.modified_date as modified3_3_, member0_.email as email4_3_, member0_.email_auth as email_au5_3_, member0_.name as name6_3_, member0_.picture as picture7_3_, member0_.role as role8_3_, member0_.short_bio as short_bi9_3_, member0_.username as usernam10_3_ from member member0_
Hibernate: insert into member (member_id, created_date, modified_date, email, email_auth, name, picture, role, short_bio, username) values (default, ?, ?, ?, ?, ?, ?, ?, ?, ?)
Hibernate: insert into posts (posts_id, created_date, modified_date, content, description, likes, member_id, secret, title) values (default, ?, ?, ?, ?, ?, ?, ?, ?)
Hibernate: select posts0_.posts_id as posts_id1_5_0_, posts0_.created_date as created_2_5_0_, posts0_.modified_date as modified3_5_0_, posts0_.content as content4_5_0_, posts0_.description as descript5_5_0_, posts0_.likes as likes6_5_0_, posts0_.member_id as member_i9_5_0_, posts0_.secret as secret7_5_0_, posts0_.title as title8_5_0_, member1_.member_id as member_i1_3_1_, member1_.created_date as created_2_3_1_, member1_.modified_date as modified3_3_1_, member1_.email as email4_3_1_, member1_.email_auth as email_au5_3_1_, member1_.name as name6_3_1_, member1_.picture as picture7_3_1_, member1_.role as role8_3_1_, member1_.short_bio as short_bi9_3_1_, member1_.username as usernam10_3_1_ from posts posts0_ left outer join member member1_ on posts0_.member_id=member1_.member_id where posts0_.posts_id=?

MockHttpServletRequest:
      HTTP Method = DELETE
      Request URI = /api/v1/posts/785
       Parameters = {}
          Headers = [Content-Type:"application/json;charset=UTF-8"]
             Body = null
    Session Attrs = {member=SessionMemberDto(id=480, name=슬로우스타터, email=azurealstn@naver.com, picture=test.jpg, username=haha, shortBio=안녕하세요!)}

Handler:
             Type = com.azurealstn.alog.controller.api.posts.PostsApiController
           Method = com.azurealstn.alog.controller.api.posts.PostsApiController#posts(Long)

Async:
    Async started = false
     Async result = null

Resolved Exception:
             Type = com.azurealstn.alog.Infra.exception.posts.PostsNotFound

ModelAndView:
        View name = null
             View = null
            Model = null

FlashMap:
       Attributes = null

MockHttpServletResponse:
           Status = 404
    Error message = null
          Headers = [Content-Type:"application/json;charset=UTF-8"]
     Content type = application/json;charset=UTF-8
             Body = {"code":"404","message":"해당 글이 없습니다.","validation":[]}
    Forwarded URL = null
   Redirected URL = null
          Cookies = []
Hibernate: select posts0_.posts_id as posts_id1_5_, posts0_.created_date as created_2_5_, posts0_.modified_date as modified3_5_, posts0_.content as content4_5_, posts0_.description as descript5_5_, posts0_.likes as likes6_5_, posts0_.member_id as member_i9_5_, posts0_.secret as secret7_5_, posts0_.title as title8_5_ from posts posts0_
Hibernate: select member0_.member_id as member_i1_3_, member0_.created_date as created_2_3_, member0_.modified_date as modified3_3_, member0_.email as email4_3_, member0_.email_auth as email_au5_3_, member0_.name as name6_3_, member0_.picture as picture7_3_, member0_.role as role8_3_, member0_.short_bio as short_bi9_3_, member0_.username as usernam10_3_ from member member0_
2022-12-04 20:12:11.607  INFO 16364 --- [    Test worker] o.s.t.c.transaction.TransactionContext   : Rolled back transaction for test: [DefaultTestContext@5fe74841 testClass = PostsApiControllerTest, testInstance = com.azurealstn.alog.controller.api.posts.PostsApiControllerTest@4e1210de, testMethod = delete_posts_api_x@PostsApiControllerTest, testException = [null], mergedContextConfiguration = [WebMergedContextConfiguration@3cb4e32b testClass = PostsApiControllerTest, locations = '{}', classes = '{class com.azurealstn.alog.AlogApplication}', contextInitializerClasses = '[]', activeProfiles = '{}', propertySourceLocations = '{}', propertySourceProperties = '{org.springframework.boot.test.context.SpringBootTestContextBootstrapper=true, server.port=0}', contextCustomizers = set[org.springframework.boot.test.autoconfigure.actuate.metrics.MetricsExportContextCustomizerFactory$DisableMetricExportContextCustomizer@39dcf4b0, org.springframework.boot.test.autoconfigure.properties.PropertyMappingContextCustomizer@0, org.springframework.boot.test.autoconfigure.web.servlet.WebDriverContextCustomizerFactory$Customizer@6722db6e, org.springframework.boot.test.context.filter.ExcludeFilterContextCustomizer@7a48e6e2, org.springframework.boot.test.json.DuplicateJsonObjectContextCustomizerFactory$DuplicateJsonObjectContextCustomizer@631e06ab, org.springframework.boot.test.mock.mockito.MockitoContextCustomizer@0, org.springframework.boot.test.web.client.TestRestTemplateContextCustomizer@24faea88, org.springframework.boot.test.context.SpringBootTestArgs@1, org.springframework.boot.test.context.SpringBootTestWebEnvironment@68d279ec], resourceBasePath = 'src/main/webapp', contextLoader = 'org.springframework.boot.test.context.SpringBootContextLoader', parent = [null]], attributes = map['org.springframework.test.context.web.ServletTestExecutionListener.activateListener' -> false, 'org.springframework.test.context.event.ApplicationEventsTestExecutionListener.recordApplicationEvents' -> false]]
2022-12-04 20:12:11.607  INFO 16364 --- [    Test worker] o.s.t.c.transaction.TransactionContext   : Began transaction (1) for test context [DefaultTestContext@5fe74841 testClass = PostsApiControllerTest, testInstance = com.azurealstn.alog.controller.api.posts.PostsApiControllerTest@12c539be, testMethod = findAll_posts_first_page@PostsApiControllerTest, testException = [null], mergedContextConfiguration = [WebMergedContextConfiguration@3cb4e32b testClass = PostsApiControllerTest, locations = '{}', classes = '{class com.azurealstn.alog.AlogApplication}', contextInitializerClasses = '[]', activeProfiles = '{}', propertySourceLocations = '{}', propertySourceProperties = '{org.springframework.boot.test.context.SpringBootTestContextBootstrapper=true, server.port=0}', contextCustomizers = set[org.springframework.boot.test.autoconfigure.actuate.metrics.MetricsExportContextCustomizerFactory$DisableMetricExportContextCustomizer@39dcf4b0, org.springframework.boot.test.autoconfigure.properties.PropertyMappingContextCustomizer@0, org.springframework.boot.test.autoconfigure.web.servlet.WebDriverContextCustomizerFactory$Customizer@6722db6e, org.springframework.boot.test.context.filter.ExcludeFilterContextCustomizer@7a48e6e2, org.springframework.boot.test.json.DuplicateJsonObjectContextCustomizerFactory$DuplicateJsonObjectContextCustomizer@631e06ab, org.springframework.boot.test.mock.mockito.MockitoContextCustomizer@0, org.springframework.boot.test.web.client.TestRestTemplateContextCustomizer@24faea88, org.springframework.boot.test.context.SpringBootTestArgs@1, org.springframework.boot.test.context.SpringBootTestWebEnvironment@68d279ec], resourceBasePath = 'src/main/webapp', contextLoader = 'org.springframework.boot.test.context.SpringBootContextLoader', parent = [null]], attributes = map['org.springframework.test.context.web.ServletTestExecutionListener.activateListener' -> false, 'org.springframework.test.context.event.ApplicationEventsTestExecutionListener.recordApplicationEvents' -> false]]; transaction manager [org.springframework.orm.jpa.JpaTransactionManager@6a85a13]; rollback [true]
2022-12-04 20:12:11.607  INFO 16364 --- [    Test worker] o.a.c.c.C.[Tomcat].[localhost].[/]       : Initializing Spring TestDispatcherServlet ''
2022-12-04 20:12:11.607  INFO 16364 --- [    Test worker] o.s.t.web.servlet.TestDispatcherServlet  : Initializing Servlet ''
2022-12-04 20:12:11.607  INFO 16364 --- [    Test worker] o.s.t.web.servlet.TestDispatcherServlet  : Completed initialization in 0 ms
Hibernate: select posts0_.posts_id as posts_id1_5_, posts0_.created_date as created_2_5_, posts0_.modified_date as modified3_5_, posts0_.content as content4_5_, posts0_.description as descript5_5_, posts0_.likes as likes6_5_, posts0_.member_id as member_i9_5_, posts0_.secret as secret7_5_, posts0_.title as title8_5_ from posts posts0_
Hibernate: select member0_.member_id as member_i1_3_, member0_.created_date as created_2_3_, member0_.modified_date as modified3_3_, member0_.email as email4_3_, member0_.email_auth as email_au5_3_, member0_.name as name6_3_, member0_.picture as picture7_3_, member0_.role as role8_3_, member0_.short_bio as short_bi9_3_, member0_.username as usernam10_3_ from member member0_
Hibernate: insert into member (member_id, created_date, modified_date, email, email_auth, name, picture, role, short_bio, username) values (default, ?, ?, ?, ?, ?, ?, ?, ?, ?)
Hibernate: insert into posts (posts_id, created_date, modified_date, content, description, likes, member_id, secret, title) values (default, ?, ?, ?, ?, ?, ?, ?, ?)
Hibernate: insert into posts (posts_id, created_date, modified_date, content, description, likes, member_id, secret, title) values (default, ?, ?, ?, ?, ?, ?, ?, ?)
Hibernate: insert into posts (posts_id, created_date, modified_date, content, description, likes, member_id, secret, title) values (default, ?, ?, ?, ?, ?, ?, ?, ?)
Hibernate: insert into posts (posts_id, created_date, modified_date, content, description, likes, member_id, secret, title) values (default, ?, ?, ?, ?, ?, ?, ?, ?)
Hibernate: insert into posts (posts_id, created_date, modified_date, content, description, likes, member_id, secret, title) values (default, ?, ?, ?, ?, ?, ?, ?, ?)
Hibernate: insert into posts (posts_id, created_date, modified_date, content, description, likes, member_id, secret, title) values (default, ?, ?, ?, ?, ?, ?, ?, ?)
Hibernate: insert into posts (posts_id, created_date, modified_date, content, description, likes, member_id, secret, title) values (default, ?, ?, ?, ?, ?, ?, ?, ?)
Hibernate: insert into posts (posts_id, created_date, modified_date, content, description, likes, member_id, secret, title) values (default, ?, ?, ?, ?, ?, ?, ?, ?)
Hibernate: insert into posts (posts_id, created_date, modified_date, content, description, likes, member_id, secret, title) values (default, ?, ?, ?, ?, ?, ?, ?, ?)
Hibernate: insert into posts (posts_id, created_date, modified_date, content, description, likes, member_id, secret, title) values (default, ?, ?, ?, ?, ?, ?, ?, ?)
Hibernate: insert into posts (posts_id, created_date, modified_date, content, description, likes, member_id, secret, title) values (default, ?, ?, ?, ?, ?, ?, ?, ?)
Hibernate: insert into posts (posts_id, created_date, modified_date, content, description, likes, member_id, secret, title) values (default, ?, ?, ?, ?, ?, ?, ?, ?)
Hibernate: insert into posts (posts_id, created_date, modified_date, content, description, likes, member_id, secret, title) values (default, ?, ?, ?, ?, ?, ?, ?, ?)
Hibernate: insert into posts (posts_id, created_date, modified_date, content, description, likes, member_id, secret, title) values (default, ?, ?, ?, ?, ?, ?, ?, ?)
Hibernate: insert into posts (posts_id, created_date, modified_date, content, description, likes, member_id, secret, title) values (default, ?, ?, ?, ?, ?, ?, ?, ?)
Hibernate: insert into posts (posts_id, created_date, modified_date, content, description, likes, member_id, secret, title) values (default, ?, ?, ?, ?, ?, ?, ?, ?)
Hibernate: insert into posts (posts_id, created_date, modified_date, content, description, likes, member_id, secret, title) values (default, ?, ?, ?, ?, ?, ?, ?, ?)
Hibernate: insert into posts (posts_id, created_date, modified_date, content, description, likes, member_id, secret, title) values (default, ?, ?, ?, ?, ?, ?, ?, ?)
Hibernate: insert into posts (posts_id, created_date, modified_date, content, description, likes, member_id, secret, title) values (default, ?, ?, ?, ?, ?, ?, ?, ?)
Hibernate: insert into posts (posts_id, created_date, modified_date, content, description, likes, member_id, secret, title) values (default, ?, ?, ?, ?, ?, ?, ?, ?)
Hibernate: insert into posts (posts_id, created_date, modified_date, content, description, likes, member_id, secret, title) values (default, ?, ?, ?, ?, ?, ?, ?, ?)
Hibernate: insert into posts (posts_id, created_date, modified_date, content, description, likes, member_id, secret, title) values (default, ?, ?, ?, ?, ?, ?, ?, ?)
Hibernate: insert into posts (posts_id, created_date, modified_date, content, description, likes, member_id, secret, title) values (default, ?, ?, ?, ?, ?, ?, ?, ?)
Hibernate: insert into posts (posts_id, created_date, modified_date, content, description, likes, member_id, secret, title) values (default, ?, ?, ?, ?, ?, ?, ?, ?)
Hibernate: insert into posts (posts_id, created_date, modified_date, content, description, likes, member_id, secret, title) values (default, ?, ?, ?, ?, ?, ?, ?, ?)
Hibernate: insert into posts (posts_id, created_date, modified_date, content, description, likes, member_id, secret, title) values (default, ?, ?, ?, ?, ?, ?, ?, ?)
Hibernate: insert into posts (posts_id, created_date, modified_date, content, description, likes, member_id, secret, title) values (default, ?, ?, ?, ?, ?, ?, ?, ?)
Hibernate: insert into posts (posts_id, created_date, modified_date, content, description, likes, member_id, secret, title) values (default, ?, ?, ?, ?, ?, ?, ?, ?)
Hibernate: insert into posts (posts_id, created_date, modified_date, content, description, likes, member_id, secret, title) values (default, ?, ?, ?, ?, ?, ?, ?, ?)
Hibernate: insert into posts (posts_id, created_date, modified_date, content, description, likes, member_id, secret, title) values (default, ?, ?, ?, ?, ?, ?, ?, ?)
Hibernate: select posts0_.posts_id as posts_id1_5_, posts0_.created_date as created_2_5_, posts0_.modified_date as modified3_5_, posts0_.content as content4_5_, posts0_.description as descript5_5_, posts0_.likes as likes6_5_, posts0_.member_id as member_i9_5_, posts0_.secret as secret7_5_, posts0_.title as title8_5_ from posts posts0_ where posts0_.secret=?
Hibernate: select posts0_.posts_id as posts_id1_5_, posts0_.created_date as created_2_5_, posts0_.modified_date as modified3_5_, posts0_.content as content4_5_, posts0_.description as descript5_5_, posts0_.likes as likes6_5_, posts0_.member_id as member_i9_5_, posts0_.secret as secret7_5_, posts0_.title as title8_5_ from posts posts0_ where posts0_.secret=? order by posts0_.posts_id desc limit ?

MockHttpServletRequest:
      HTTP Method = GET
      Request URI = /api/v1/auth/posts
       Parameters = {page=[1], size=[9]}
          Headers = [Content-Type:"application/json;charset=UTF-8"]
             Body = null
    Session Attrs = {member=SessionMemberDto(id=481, name=슬로우스타터, email=azurealstn@naver.com, picture=test.jpg, username=haha, shortBio=안녕하세요!)}

Handler:
             Type = com.azurealstn.alog.controller.api.posts.PostsApiController
           Method = com.azurealstn.alog.controller.api.posts.PostsApiController#posts(PostsSearchDto)

Async:
    Async started = false
     Async result = null

Resolved Exception:
             Type = null

ModelAndView:
        View name = null
             View = null
            Model = null

FlashMap:
       Attributes = null

MockHttpServletResponse:
           Status = 200
    Error message = null
          Headers = [Content-Type:"application/json;charset=UTF-8"]
     Content type = application/json;charset=UTF-8
             Body = [{"id":814,"title":"test 제목 - 30","content":"뭐로 할까 - 30","member":{"createdDate":"2022-12-04T20:12:11.6079951","modifiedDate":"2022-12-04T20:12:11.6079951","id":481,"email":"azurealstn@naver.com","name":"슬로우스타터","picture":"test.jpg","role":"MEMBER","emailAuth":true,"username":"haha","shortBio":"안녕하세요!","roleKey":"ROLE_MEMBER"},"description":"소개글 - 30","secret":false,"previousTime":"2022년 12월 4일","hashTagNames":[],"likeCount":0,"commentCount":0,"storeFilename":null,"totalRowCount":0,"imageUrl":null},{"id":813,"title":"test 제목 - 29","content":"뭐로 할까 - 29","member":{"createdDate":"2022-12-04T20:12:11.6079951","modifiedDate":"2022-12-04T20:12:11.6079951","id":481,"email":"azurealstn@naver.com","name":"슬로우스타터","picture":"test.jpg","role":"MEMBER","emailAuth":true,"username":"haha","shortBio":"안녕하세요!","roleKey":"ROLE_MEMBER"},"description":"소개글 - 29","secret":false,"previousTime":"2022년 12월 4일","hashTagNames":[],"likeCount":0,"commentCount":0,"storeFilename":null,"totalRowCount":0,"imageUrl":null},{"id":812,"title":"test 제목 - 28","content":"뭐로 할까 - 28","member":{"createdDate":"2022-12-04T20:12:11.6079951","modifiedDate":"2022-12-04T20:12:11.6079951","id":481,"email":"azurealstn@naver.com","name":"슬로우스타터","picture":"test.jpg","role":"MEMBER","emailAuth":true,"username":"haha","shortBio":"안녕하세요!","roleKey":"ROLE_MEMBER"},"description":"소개글 - 28","secret":false,"previousTime":"2022년 12월 4일","hashTagNames":[],"likeCount":0,"commentCount":0,"storeFilename":null,"totalRowCount":0,"imageUrl":null},{"id":811,"title":"test 제목 - 27","content":"뭐로 할까 - 27","member":{"createdDate":"2022-12-04T20:12:11.6079951","modifiedDate":"2022-12-04T20:12:11.6079951","id":481,"email":"azurealstn@naver.com","name":"슬로우스타터","picture":"test.jpg","role":"MEMBER","emailAuth":true,"username":"haha","shortBio":"안녕하세요!","roleKey":"ROLE_MEMBER"},"description":"소개글 - 27","secret":false,"previousTime":"2022년 12월 4일","hashTagNames":[],"likeCount":0,"commentCount":0,"storeFilename":null,"totalRowCount":0,"imageUrl":null},{"id":810,"title":"test 제목 - 26","content":"뭐로 할까 - 26","member":{"createdDate":"2022-12-04T20:12:11.6079951","modifiedDate":"2022-12-04T20:12:11.6079951","id":481,"email":"azurealstn@naver.com","name":"슬로우스타터","picture":"test.jpg","role":"MEMBER","emailAuth":true,"username":"haha","shortBio":"안녕하세요!","roleKey":"ROLE_MEMBER"},"description":"소개글 - 26","secret":false,"previousTime":"2022년 12월 4일","hashTagNames":[],"likeCount":0,"commentCount":0,"storeFilename":null,"totalRowCount":0,"imageUrl":null},{"id":809,"title":"test 제목 - 25","content":"뭐로 할까 - 25","member":{"createdDate":"2022-12-04T20:12:11.6079951","modifiedDate":"2022-12-04T20:12:11.6079951","id":481,"email":"azurealstn@naver.com","name":"슬로우스타터","picture":"test.jpg","role":"MEMBER","emailAuth":true,"username":"haha","shortBio":"안녕하세요!","roleKey":"ROLE_MEMBER"},"description":"소개글 - 25","secret":false,"previousTime":"2022년 12월 4일","hashTagNames":[],"likeCount":0,"commentCount":0,"storeFilename":null,"totalRowCount":0,"imageUrl":null},{"id":808,"title":"test 제목 - 24","content":"뭐로 할까 - 24","member":{"createdDate":"2022-12-04T20:12:11.6079951","modifiedDate":"2022-12-04T20:12:11.6079951","id":481,"email":"azurealstn@naver.com","name":"슬로우스타터","picture":"test.jpg","role":"MEMBER","emailAuth":true,"username":"haha","shortBio":"안녕하세요!","roleKey":"ROLE_MEMBER"},"description":"소개글 - 24","secret":false,"previousTime":"2022년 12월 4일","hashTagNames":[],"likeCount":0,"commentCount":0,"storeFilename":null,"totalRowCount":0,"imageUrl":null},{"id":807,"title":"test 제목 - 23","content":"뭐로 할까 - 23","member":{"createdDate":"2022-12-04T20:12:11.6079951","modifiedDate":"2022-12-04T20:12:11.6079951","id":481,"email":"azurealstn@naver.com","name":"슬로우스타터","picture":"test.jpg","role":"MEMBER","emailAuth":true,"username":"haha","shortBio":"안녕하세요!","roleKey":"ROLE_MEMBER"},"description":"소개글 - 23","secret":false,"previousTime":"2022년 12월 4일","hashTagNames":[],"likeCount":0,"commentCount":0,"storeFilename":null,"totalRowCount":0,"imageUrl":null},{"id":806,"title":"test 제목 - 22","content":"뭐로 할까 - 22","member":{"createdDate":"2022-12-04T20:12:11.6079951","modifiedDate":"2022-12-04T20:12:11.6079951","id":481,"email":"azurealstn@naver.com","name":"슬로우스타터","picture":"test.jpg","role":"MEMBER","emailAuth":true,"username":"haha","shortBio":"안녕하세요!","roleKey":"ROLE_MEMBER"},"description":"소개글 - 22","secret":false,"previousTime":"2022년 12월 4일","hashTagNames":[],"likeCount":0,"commentCount":0,"storeFilename":null,"totalRowCount":0,"imageUrl":null}]
    Forwarded URL = null
   Redirected URL = null
          Cookies = []
Hibernate: select posts0_.posts_id as posts_id1_5_, posts0_.created_date as created_2_5_, posts0_.modified_date as modified3_5_, posts0_.content as content4_5_, posts0_.description as descript5_5_, posts0_.likes as likes6_5_, posts0_.member_id as member_i9_5_, posts0_.secret as secret7_5_, posts0_.title as title8_5_ from posts posts0_
Hibernate: select member0_.member_id as member_i1_3_, member0_.created_date as created_2_3_, member0_.modified_date as modified3_3_, member0_.email as email4_3_, member0_.email_auth as email_au5_3_, member0_.name as name6_3_, member0_.picture as picture7_3_, member0_.role as role8_3_, member0_.short_bio as short_bi9_3_, member0_.username as usernam10_3_ from member member0_
2022-12-04 20:12:11.670  INFO 16364 --- [    Test worker] o.s.t.c.transaction.TransactionContext   : Rolled back transaction for test: [DefaultTestContext@5fe74841 testClass = PostsApiControllerTest, testInstance = com.azurealstn.alog.controller.api.posts.PostsApiControllerTest@12c539be, testMethod = findAll_posts_first_page@PostsApiControllerTest, testException = [null], mergedContextConfiguration = [WebMergedContextConfiguration@3cb4e32b testClass = PostsApiControllerTest, locations = '{}', classes = '{class com.azurealstn.alog.AlogApplication}', contextInitializerClasses = '[]', activeProfiles = '{}', propertySourceLocations = '{}', propertySourceProperties = '{org.springframework.boot.test.context.SpringBootTestContextBootstrapper=true, server.port=0}', contextCustomizers = set[org.springframework.boot.test.autoconfigure.actuate.metrics.MetricsExportContextCustomizerFactory$DisableMetricExportContextCustomizer@39dcf4b0, org.springframework.boot.test.autoconfigure.properties.PropertyMappingContextCustomizer@0, org.springframework.boot.test.autoconfigure.web.servlet.WebDriverContextCustomizerFactory$Customizer@6722db6e, org.springframework.boot.test.context.filter.ExcludeFilterContextCustomizer@7a48e6e2, org.springframework.boot.test.json.DuplicateJsonObjectContextCustomizerFactory$DuplicateJsonObjectContextCustomizer@631e06ab, org.springframework.boot.test.mock.mockito.MockitoContextCustomizer@0, org.springframework.boot.test.web.client.TestRestTemplateContextCustomizer@24faea88, org.springframework.boot.test.context.SpringBootTestArgs@1, org.springframework.boot.test.context.SpringBootTestWebEnvironment@68d279ec], resourceBasePath = 'src/main/webapp', contextLoader = 'org.springframework.boot.test.context.SpringBootContextLoader', parent = [null]], attributes = map['org.springframework.test.context.web.ServletTestExecutionListener.activateListener' -> false, 'org.springframework.test.context.event.ApplicationEventsTestExecutionListener.recordApplicationEvents' -> false]]
2022-12-04 20:12:11.670  INFO 16364 --- [    Test worker] o.s.t.c.transaction.TransactionContext   : Began transaction (1) for test context [DefaultTestContext@5fe74841 testClass = PostsApiControllerTest, testInstance = com.azurealstn.alog.controller.api.posts.PostsApiControllerTest@230ac978, testMethod = findAll_posts_second_page@PostsApiControllerTest, testException = [null], mergedContextConfiguration = [WebMergedContextConfiguration@3cb4e32b testClass = PostsApiControllerTest, locations = '{}', classes = '{class com.azurealstn.alog.AlogApplication}', contextInitializerClasses = '[]', activeProfiles = '{}', propertySourceLocations = '{}', propertySourceProperties = '{org.springframework.boot.test.context.SpringBootTestContextBootstrapper=true, server.port=0}', contextCustomizers = set[org.springframework.boot.test.autoconfigure.actuate.metrics.MetricsExportContextCustomizerFactory$DisableMetricExportContextCustomizer@39dcf4b0, org.springframework.boot.test.autoconfigure.properties.PropertyMappingContextCustomizer@0, org.springframework.boot.test.autoconfigure.web.servlet.WebDriverContextCustomizerFactory$Customizer@6722db6e, org.springframework.boot.test.context.filter.ExcludeFilterContextCustomizer@7a48e6e2, org.springframework.boot.test.json.DuplicateJsonObjectContextCustomizerFactory$DuplicateJsonObjectContextCustomizer@631e06ab, org.springframework.boot.test.mock.mockito.MockitoContextCustomizer@0, org.springframework.boot.test.web.client.TestRestTemplateContextCustomizer@24faea88, org.springframework.boot.test.context.SpringBootTestArgs@1, org.springframework.boot.test.context.SpringBootTestWebEnvironment@68d279ec], resourceBasePath = 'src/main/webapp', contextLoader = 'org.springframework.boot.test.context.SpringBootContextLoader', parent = [null]], attributes = map['org.springframework.test.context.web.ServletTestExecutionListener.activateListener' -> false, 'org.springframework.test.context.event.ApplicationEventsTestExecutionListener.recordApplicationEvents' -> false]]; transaction manager [org.springframework.orm.jpa.JpaTransactionManager@6a85a13]; rollback [true]
2022-12-04 20:12:11.686  INFO 16364 --- [    Test worker] o.a.c.c.C.[Tomcat].[localhost].[/]       : Initializing Spring TestDispatcherServlet ''
2022-12-04 20:12:11.686  INFO 16364 --- [    Test worker] o.s.t.web.servlet.TestDispatcherServlet  : Initializing Servlet ''
2022-12-04 20:12:11.686  INFO 16364 --- [    Test worker] o.s.t.web.servlet.TestDispatcherServlet  : Completed initialization in 0 ms
Hibernate: select posts0_.posts_id as posts_id1_5_, posts0_.created_date as created_2_5_, posts0_.modified_date as modified3_5_, posts0_.content as content4_5_, posts0_.description as descript5_5_, posts0_.likes as likes6_5_, posts0_.member_id as member_i9_5_, posts0_.secret as secret7_5_, posts0_.title as title8_5_ from posts posts0_
Hibernate: select member0_.member_id as member_i1_3_, member0_.created_date as created_2_3_, member0_.modified_date as modified3_3_, member0_.email as email4_3_, member0_.email_auth as email_au5_3_, member0_.name as name6_3_, member0_.picture as picture7_3_, member0_.role as role8_3_, member0_.short_bio as short_bi9_3_, member0_.username as usernam10_3_ from member member0_
Hibernate: insert into member (member_id, created_date, modified_date, email, email_auth, name, picture, role, short_bio, username) values (default, ?, ?, ?, ?, ?, ?, ?, ?, ?)
Hibernate: insert into posts (posts_id, created_date, modified_date, content, description, likes, member_id, secret, title) values (default, ?, ?, ?, ?, ?, ?, ?, ?)
Hibernate: insert into posts (posts_id, created_date, modified_date, content, description, likes, member_id, secret, title) values (default, ?, ?, ?, ?, ?, ?, ?, ?)
Hibernate: insert into posts (posts_id, created_date, modified_date, content, description, likes, member_id, secret, title) values (default, ?, ?, ?, ?, ?, ?, ?, ?)
Hibernate: insert into posts (posts_id, created_date, modified_date, content, description, likes, member_id, secret, title) values (default, ?, ?, ?, ?, ?, ?, ?, ?)
Hibernate: insert into posts (posts_id, created_date, modified_date, content, description, likes, member_id, secret, title) values (default, ?, ?, ?, ?, ?, ?, ?, ?)
Hibernate: insert into posts (posts_id, created_date, modified_date, content, description, likes, member_id, secret, title) values (default, ?, ?, ?, ?, ?, ?, ?, ?)
Hibernate: insert into posts (posts_id, created_date, modified_date, content, description, likes, member_id, secret, title) values (default, ?, ?, ?, ?, ?, ?, ?, ?)
Hibernate: insert into posts (posts_id, created_date, modified_date, content, description, likes, member_id, secret, title) values (default, ?, ?, ?, ?, ?, ?, ?, ?)
Hibernate: insert into posts (posts_id, created_date, modified_date, content, description, likes, member_id, secret, title) values (default, ?, ?, ?, ?, ?, ?, ?, ?)
Hibernate: insert into posts (posts_id, created_date, modified_date, content, description, likes, member_id, secret, title) values (default, ?, ?, ?, ?, ?, ?, ?, ?)
Hibernate: insert into posts (posts_id, created_date, modified_date, content, description, likes, member_id, secret, title) values (default, ?, ?, ?, ?, ?, ?, ?, ?)
Hibernate: insert into posts (posts_id, created_date, modified_date, content, description, likes, member_id, secret, title) values (default, ?, ?, ?, ?, ?, ?, ?, ?)
Hibernate: insert into posts (posts_id, created_date, modified_date, content, description, likes, member_id, secret, title) values (default, ?, ?, ?, ?, ?, ?, ?, ?)
Hibernate: insert into posts (posts_id, created_date, modified_date, content, description, likes, member_id, secret, title) values (default, ?, ?, ?, ?, ?, ?, ?, ?)
Hibernate: insert into posts (posts_id, created_date, modified_date, content, description, likes, member_id, secret, title) values (default, ?, ?, ?, ?, ?, ?, ?, ?)
Hibernate: insert into posts (posts_id, created_date, modified_date, content, description, likes, member_id, secret, title) values (default, ?, ?, ?, ?, ?, ?, ?, ?)
Hibernate: insert into posts (posts_id, created_date, modified_date, content, description, likes, member_id, secret, title) values (default, ?, ?, ?, ?, ?, ?, ?, ?)
Hibernate: insert into posts (posts_id, created_date, modified_date, content, description, likes, member_id, secret, title) values (default, ?, ?, ?, ?, ?, ?, ?, ?)
Hibernate: insert into posts (posts_id, created_date, modified_date, content, description, likes, member_id, secret, title) values (default, ?, ?, ?, ?, ?, ?, ?, ?)
Hibernate: insert into posts (posts_id, created_date, modified_date, content, description, likes, member_id, secret, title) values (default, ?, ?, ?, ?, ?, ?, ?, ?)
Hibernate: insert into posts (posts_id, created_date, modified_date, content, description, likes, member_id, secret, title) values (default, ?, ?, ?, ?, ?, ?, ?, ?)
Hibernate: insert into posts (posts_id, created_date, modified_date, content, description, likes, member_id, secret, title) values (default, ?, ?, ?, ?, ?, ?, ?, ?)
Hibernate: insert into posts (posts_id, created_date, modified_date, content, description, likes, member_id, secret, title) values (default, ?, ?, ?, ?, ?, ?, ?, ?)
Hibernate: insert into posts (posts_id, created_date, modified_date, content, description, likes, member_id, secret, title) values (default, ?, ?, ?, ?, ?, ?, ?, ?)
Hibernate: insert into posts (posts_id, created_date, modified_date, content, description, likes, member_id, secret, title) values (default, ?, ?, ?, ?, ?, ?, ?, ?)
Hibernate: insert into posts (posts_id, created_date, modified_date, content, description, likes, member_id, secret, title) values (default, ?, ?, ?, ?, ?, ?, ?, ?)
Hibernate: insert into posts (posts_id, created_date, modified_date, content, description, likes, member_id, secret, title) values (default, ?, ?, ?, ?, ?, ?, ?, ?)
Hibernate: insert into posts (posts_id, created_date, modified_date, content, description, likes, member_id, secret, title) values (default, ?, ?, ?, ?, ?, ?, ?, ?)
Hibernate: insert into posts (posts_id, created_date, modified_date, content, description, likes, member_id, secret, title) values (default, ?, ?, ?, ?, ?, ?, ?, ?)
Hibernate: insert into posts (posts_id, created_date, modified_date, content, description, likes, member_id, secret, title) values (default, ?, ?, ?, ?, ?, ?, ?, ?)
Hibernate: select posts0_.posts_id as posts_id1_5_, posts0_.created_date as created_2_5_, posts0_.modified_date as modified3_5_, posts0_.content as content4_5_, posts0_.description as descript5_5_, posts0_.likes as likes6_5_, posts0_.member_id as member_i9_5_, posts0_.secret as secret7_5_, posts0_.title as title8_5_ from posts posts0_ where posts0_.secret=?
Hibernate: select posts0_.posts_id as posts_id1_5_, posts0_.created_date as created_2_5_, posts0_.modified_date as modified3_5_, posts0_.content as content4_5_, posts0_.description as descript5_5_, posts0_.likes as likes6_5_, posts0_.member_id as member_i9_5_, posts0_.secret as secret7_5_, posts0_.title as title8_5_ from posts posts0_ where posts0_.secret=? order by posts0_.posts_id desc limit ? offset ?

MockHttpServletRequest:
      HTTP Method = GET
      Request URI = /api/v1/auth/posts
       Parameters = {page=[2], size=[9]}
          Headers = [Content-Type:"application/json;charset=UTF-8"]
             Body = null
    Session Attrs = {}

Handler:
             Type = com.azurealstn.alog.controller.api.posts.PostsApiController
           Method = com.azurealstn.alog.controller.api.posts.PostsApiController#posts(PostsSearchDto)

Async:
    Async started = false
     Async result = null

Resolved Exception:
             Type = null

ModelAndView:
        View name = null
             View = null
            Model = null

FlashMap:
       Attributes = null

MockHttpServletResponse:
           Status = 200
    Error message = null
          Headers = [Content-Type:"application/json;charset=UTF-8"]
     Content type = application/json;charset=UTF-8
             Body = [{"id":835,"title":"test 제목 - 21","content":"뭐로 할까 - 21","member":{"createdDate":"2022-12-04T20:12:11.6861257","modifiedDate":"2022-12-04T20:12:11.6861257","id":482,"email":"azurealstn@naver.com","name":"슬로우스타터","picture":"test.jpg","role":"MEMBER","emailAuth":true,"username":"haha","shortBio":"안녕하세요!","roleKey":"ROLE_MEMBER"},"description":"소개글 - 21","secret":false,"previousTime":"2022년 12월 4일","hashTagNames":[],"likeCount":0,"commentCount":0,"storeFilename":null,"totalRowCount":0,"imageUrl":null},{"id":834,"title":"test 제목 - 20","content":"뭐로 할까 - 20","member":{"createdDate":"2022-12-04T20:12:11.6861257","modifiedDate":"2022-12-04T20:12:11.6861257","id":482,"email":"azurealstn@naver.com","name":"슬로우스타터","picture":"test.jpg","role":"MEMBER","emailAuth":true,"username":"haha","shortBio":"안녕하세요!","roleKey":"ROLE_MEMBER"},"description":"소개글 - 20","secret":false,"previousTime":"2022년 12월 4일","hashTagNames":[],"likeCount":0,"commentCount":0,"storeFilename":null,"totalRowCount":0,"imageUrl":null},{"id":833,"title":"test 제목 - 19","content":"뭐로 할까 - 19","member":{"createdDate":"2022-12-04T20:12:11.6861257","modifiedDate":"2022-12-04T20:12:11.6861257","id":482,"email":"azurealstn@naver.com","name":"슬로우스타터","picture":"test.jpg","role":"MEMBER","emailAuth":true,"username":"haha","shortBio":"안녕하세요!","roleKey":"ROLE_MEMBER"},"description":"소개글 - 19","secret":false,"previousTime":"2022년 12월 4일","hashTagNames":[],"likeCount":0,"commentCount":0,"storeFilename":null,"totalRowCount":0,"imageUrl":null},{"id":832,"title":"test 제목 - 18","content":"뭐로 할까 - 18","member":{"createdDate":"2022-12-04T20:12:11.6861257","modifiedDate":"2022-12-04T20:12:11.6861257","id":482,"email":"azurealstn@naver.com","name":"슬로우스타터","picture":"test.jpg","role":"MEMBER","emailAuth":true,"username":"haha","shortBio":"안녕하세요!","roleKey":"ROLE_MEMBER"},"description":"소개글 - 18","secret":false,"previousTime":"2022년 12월 4일","hashTagNames":[],"likeCount":0,"commentCount":0,"storeFilename":null,"totalRowCount":0,"imageUrl":null},{"id":831,"title":"test 제목 - 17","content":"뭐로 할까 - 17","member":{"createdDate":"2022-12-04T20:12:11.6861257","modifiedDate":"2022-12-04T20:12:11.6861257","id":482,"email":"azurealstn@naver.com","name":"슬로우스타터","picture":"test.jpg","role":"MEMBER","emailAuth":true,"username":"haha","shortBio":"안녕하세요!","roleKey":"ROLE_MEMBER"},"description":"소개글 - 17","secret":false,"previousTime":"2022년 12월 4일","hashTagNames":[],"likeCount":0,"commentCount":0,"storeFilename":null,"totalRowCount":0,"imageUrl":null},{"id":830,"title":"test 제목 - 16","content":"뭐로 할까 - 16","member":{"createdDate":"2022-12-04T20:12:11.6861257","modifiedDate":"2022-12-04T20:12:11.6861257","id":482,"email":"azurealstn@naver.com","name":"슬로우스타터","picture":"test.jpg","role":"MEMBER","emailAuth":true,"username":"haha","shortBio":"안녕하세요!","roleKey":"ROLE_MEMBER"},"description":"소개글 - 16","secret":false,"previousTime":"2022년 12월 4일","hashTagNames":[],"likeCount":0,"commentCount":0,"storeFilename":null,"totalRowCount":0,"imageUrl":null},{"id":829,"title":"test 제목 - 15","content":"뭐로 할까 - 15","member":{"createdDate":"2022-12-04T20:12:11.6861257","modifiedDate":"2022-12-04T20:12:11.6861257","id":482,"email":"azurealstn@naver.com","name":"슬로우스타터","picture":"test.jpg","role":"MEMBER","emailAuth":true,"username":"haha","shortBio":"안녕하세요!","roleKey":"ROLE_MEMBER"},"description":"소개글 - 15","secret":false,"previousTime":"2022년 12월 4일","hashTagNames":[],"likeCount":0,"commentCount":0,"storeFilename":null,"totalRowCount":0,"imageUrl":null},{"id":828,"title":"test 제목 - 14","content":"뭐로 할까 - 14","member":{"createdDate":"2022-12-04T20:12:11.6861257","modifiedDate":"2022-12-04T20:12:11.6861257","id":482,"email":"azurealstn@naver.com","name":"슬로우스타터","picture":"test.jpg","role":"MEMBER","emailAuth":true,"username":"haha","shortBio":"안녕하세요!","roleKey":"ROLE_MEMBER"},"description":"소개글 - 14","secret":false,"previousTime":"2022년 12월 4일","hashTagNames":[],"likeCount":0,"commentCount":0,"storeFilename":null,"totalRowCount":0,"imageUrl":null},{"id":827,"title":"test 제목 - 13","content":"뭐로 할까 - 13","member":{"createdDate":"2022-12-04T20:12:11.6861257","modifiedDate":"2022-12-04T20:12:11.6861257","id":482,"email":"azurealstn@naver.com","name":"슬로우스타터","picture":"test.jpg","role":"MEMBER","emailAuth":true,"username":"haha","shortBio":"안녕하세요!","roleKey":"ROLE_MEMBER"},"description":"소개글 - 13","secret":false,"previousTime":"2022년 12월 4일","hashTagNames":[],"likeCount":0,"commentCount":0,"storeFilename":null,"totalRowCount":0,"imageUrl":null}]
    Forwarded URL = null
   Redirected URL = null
          Cookies = []
Hibernate: select posts0_.posts_id as posts_id1_5_, posts0_.created_date as created_2_5_, posts0_.modified_date as modified3_5_, posts0_.content as content4_5_, posts0_.description as descript5_5_, posts0_.likes as likes6_5_, posts0_.member_id as member_i9_5_, posts0_.secret as secret7_5_, posts0_.title as title8_5_ from posts posts0_
Hibernate: select member0_.member_id as member_i1_3_, member0_.created_date as created_2_3_, member0_.modified_date as modified3_3_, member0_.email as email4_3_, member0_.email_auth as email_au5_3_, member0_.name as name6_3_, member0_.picture as picture7_3_, member0_.role as role8_3_, member0_.short_bio as short_bi9_3_, member0_.username as usernam10_3_ from member member0_
2022-12-04 20:12:11.764  INFO 16364 --- [    Test worker] o.s.t.c.transaction.TransactionContext   : Rolled back transaction for test: [DefaultTestContext@5fe74841 testClass = PostsApiControllerTest, testInstance = com.azurealstn.alog.controller.api.posts.PostsApiControllerTest@230ac978, testMethod = findAll_posts_second_page@PostsApiControllerTest, testException = [null], mergedContextConfiguration = [WebMergedContextConfiguration@3cb4e32b testClass = PostsApiControllerTest, locations = '{}', classes = '{class com.azurealstn.alog.AlogApplication}', contextInitializerClasses = '[]', activeProfiles = '{}', propertySourceLocations = '{}', propertySourceProperties = '{org.springframework.boot.test.context.SpringBootTestContextBootstrapper=true, server.port=0}', contextCustomizers = set[org.springframework.boot.test.autoconfigure.actuate.metrics.MetricsExportContextCustomizerFactory$DisableMetricExportContextCustomizer@39dcf4b0, org.springframework.boot.test.autoconfigure.properties.PropertyMappingContextCustomizer@0, org.springframework.boot.test.autoconfigure.web.servlet.WebDriverContextCustomizerFactory$Customizer@6722db6e, org.springframework.boot.test.context.filter.ExcludeFilterContextCustomizer@7a48e6e2, org.springframework.boot.test.json.DuplicateJsonObjectContextCustomizerFactory$DuplicateJsonObjectContextCustomizer@631e06ab, org.springframework.boot.test.mock.mockito.MockitoContextCustomizer@0, org.springframework.boot.test.web.client.TestRestTemplateContextCustomizer@24faea88, org.springframework.boot.test.context.SpringBootTestArgs@1, org.springframework.boot.test.context.SpringBootTestWebEnvironment@68d279ec], resourceBasePath = 'src/main/webapp', contextLoader = 'org.springframework.boot.test.context.SpringBootContextLoader', parent = [null]], attributes = map['org.springframework.test.context.web.ServletTestExecutionListener.activateListener' -> false, 'org.springframework.test.context.event.ApplicationEventsTestExecutionListener.recordApplicationEvents' -> false]]
2022-12-04 20:12:11.764  INFO 16364 --- [    Test worker] o.s.t.c.transaction.TransactionContext   : Began transaction (1) for test context [DefaultTestContext@5fe74841 testClass = PostsApiControllerTest, testInstance = com.azurealstn.alog.controller.api.posts.PostsApiControllerTest@32b03ec1, testMethod = modify_posts_api_x_content@PostsApiControllerTest, testException = [null], mergedContextConfiguration = [WebMergedContextConfiguration@3cb4e32b testClass = PostsApiControllerTest, locations = '{}', classes = '{class com.azurealstn.alog.AlogApplication}', contextInitializerClasses = '[]', activeProfiles = '{}', propertySourceLocations = '{}', propertySourceProperties = '{org.springframework.boot.test.context.SpringBootTestContextBootstrapper=true, server.port=0}', contextCustomizers = set[org.springframework.boot.test.autoconfigure.actuate.metrics.MetricsExportContextCustomizerFactory$DisableMetricExportContextCustomizer@39dcf4b0, org.springframework.boot.test.autoconfigure.properties.PropertyMappingContextCustomizer@0, org.springframework.boot.test.autoconfigure.web.servlet.WebDriverContextCustomizerFactory$Customizer@6722db6e, org.springframework.boot.test.context.filter.ExcludeFilterContextCustomizer@7a48e6e2, org.springframework.boot.test.json.DuplicateJsonObjectContextCustomizerFactory$DuplicateJsonObjectContextCustomizer@631e06ab, org.springframework.boot.test.mock.mockito.MockitoContextCustomizer@0, org.springframework.boot.test.web.client.TestRestTemplateContextCustomizer@24faea88, org.springframework.boot.test.context.SpringBootTestArgs@1, org.springframework.boot.test.context.SpringBootTestWebEnvironment@68d279ec], resourceBasePath = 'src/main/webapp', contextLoader = 'org.springframework.boot.test.context.SpringBootContextLoader', parent = [null]], attributes = map['org.springframework.test.context.web.ServletTestExecutionListener.activateListener' -> false, 'org.springframework.test.context.event.ApplicationEventsTestExecutionListener.recordApplicationEvents' -> false]]; transaction manager [org.springframework.orm.jpa.JpaTransactionManager@6a85a13]; rollback [true]
2022-12-04 20:12:11.780  INFO 16364 --- [    Test worker] o.a.c.c.C.[Tomcat].[localhost].[/]       : Initializing Spring TestDispatcherServlet ''
2022-12-04 20:12:11.780  INFO 16364 --- [    Test worker] o.s.t.web.servlet.TestDispatcherServlet  : Initializing Servlet ''
2022-12-04 20:12:11.780  INFO 16364 --- [    Test worker] o.s.t.web.servlet.TestDispatcherServlet  : Completed initialization in 0 ms
Hibernate: select posts0_.posts_id as posts_id1_5_, posts0_.created_date as created_2_5_, posts0_.modified_date as modified3_5_, posts0_.content as content4_5_, posts0_.description as descript5_5_, posts0_.likes as likes6_5_, posts0_.member_id as member_i9_5_, posts0_.secret as secret7_5_, posts0_.title as title8_5_ from posts posts0_
Hibernate: select member0_.member_id as member_i1_3_, member0_.created_date as created_2_3_, member0_.modified_date as modified3_3_, member0_.email as email4_3_, member0_.email_auth as email_au5_3_, member0_.name as name6_3_, member0_.picture as picture7_3_, member0_.role as role8_3_, member0_.short_bio as short_bi9_3_, member0_.username as usernam10_3_ from member member0_
Hibernate: insert into member (member_id, created_date, modified_date, email, email_auth, name, picture, role, short_bio, username) values (default, ?, ?, ?, ?, ?, ?, ?, ?, ?)
Hibernate: insert into posts (posts_id, created_date, modified_date, content, description, likes, member_id, secret, title) values (default, ?, ?, ?, ?, ?, ?, ?, ?)

MockHttpServletRequest:
      HTTP Method = PUT
      Request URI = /api/v1/posts/845
       Parameters = {}
          Headers = [Content-Type:"application/json;charset=UTF-8", Content-Length:"96"]
             Body = {"title":"제목입니다.","content":"     ","description":"소개글입니다.","secret":null}
    Session Attrs = {member=SessionMemberDto(id=483, name=슬로우스타터, email=azurealstn@naver.com, picture=test.jpg, username=haha, shortBio=안녕하세요!)}

Handler:
             Type = com.azurealstn.alog.controller.api.posts.PostsApiController
           Method = com.azurealstn.alog.controller.api.posts.PostsApiController#modify(Long, PostsModifyRequestDto)

Async:
    Async started = false
     Async result = null

Resolved Exception:
             Type = org.springframework.web.bind.MethodArgumentNotValidException

ModelAndView:
        View name = null
             View = null
            Model = null

FlashMap:
       Attributes = null

MockHttpServletResponse:
           Status = 400
    Error message = null
          Headers = [Content-Type:"application/json;charset=UTF-8"]
     Content type = application/json;charset=UTF-8
             Body = {"code":"400","message":"클라이언트의 잘못된 요청이 있습니다. (application/json)","validation":[{"fieldName":"content","errorMessage":"내용이 비어있습니다."}]}
    Forwarded URL = null
   Redirected URL = null
          Cookies = []
Hibernate: select posts0_.posts_id as posts_id1_5_, posts0_.created_date as created_2_5_, posts0_.modified_date as modified3_5_, posts0_.content as content4_5_, posts0_.description as descript5_5_, posts0_.likes as likes6_5_, posts0_.member_id as member_i9_5_, posts0_.secret as secret7_5_, posts0_.title as title8_5_ from posts posts0_
Hibernate: select member0_.member_id as member_i1_3_, member0_.created_date as created_2_3_, member0_.modified_date as modified3_3_, member0_.email as email4_3_, member0_.email_auth as email_au5_3_, member0_.name as name6_3_, member0_.picture as picture7_3_, member0_.role as role8_3_, member0_.short_bio as short_bi9_3_, member0_.username as usernam10_3_ from member member0_
2022-12-04 20:12:11.781  INFO 16364 --- [    Test worker] o.s.t.c.transaction.TransactionContext   : Rolled back transaction for test: [DefaultTestContext@5fe74841 testClass = PostsApiControllerTest, testInstance = com.azurealstn.alog.controller.api.posts.PostsApiControllerTest@32b03ec1, testMethod = modify_posts_api_x_content@PostsApiControllerTest, testException = [null], mergedContextConfiguration = [WebMergedContextConfiguration@3cb4e32b testClass = PostsApiControllerTest, locations = '{}', classes = '{class com.azurealstn.alog.AlogApplication}', contextInitializerClasses = '[]', activeProfiles = '{}', propertySourceLocations = '{}', propertySourceProperties = '{org.springframework.boot.test.context.SpringBootTestContextBootstrapper=true, server.port=0}', contextCustomizers = set[org.springframework.boot.test.autoconfigure.actuate.metrics.MetricsExportContextCustomizerFactory$DisableMetricExportContextCustomizer@39dcf4b0, org.springframework.boot.test.autoconfigure.properties.PropertyMappingContextCustomizer@0, org.springframework.boot.test.autoconfigure.web.servlet.WebDriverContextCustomizerFactory$Customizer@6722db6e, org.springframework.boot.test.context.filter.ExcludeFilterContextCustomizer@7a48e6e2, org.springframework.boot.test.json.DuplicateJsonObjectContextCustomizerFactory$DuplicateJsonObjectContextCustomizer@631e06ab, org.springframework.boot.test.mock.mockito.MockitoContextCustomizer@0, org.springframework.boot.test.web.client.TestRestTemplateContextCustomizer@24faea88, org.springframework.boot.test.context.SpringBootTestArgs@1, org.springframework.boot.test.context.SpringBootTestWebEnvironment@68d279ec], resourceBasePath = 'src/main/webapp', contextLoader = 'org.springframework.boot.test.context.SpringBootContextLoader', parent = [null]], attributes = map['org.springframework.test.context.web.ServletTestExecutionListener.activateListener' -> false, 'org.springframework.test.context.event.ApplicationEventsTestExecutionListener.recordApplicationEvents' -> false]]
2022-12-04 20:12:11.796  INFO 16364 --- [    Test worker] o.s.t.c.transaction.TransactionContext   : Began transaction (1) for test context [DefaultTestContext@5fe74841 testClass = PostsApiControllerTest, testInstance = com.azurealstn.alog.controller.api.posts.PostsApiControllerTest@577269f, testMethod = findAll_posts_by_member@PostsApiControllerTest, testException = [null], mergedContextConfiguration = [WebMergedContextConfiguration@3cb4e32b testClass = PostsApiControllerTest, locations = '{}', classes = '{class com.azurealstn.alog.AlogApplication}', contextInitializerClasses = '[]', activeProfiles = '{}', propertySourceLocations = '{}', propertySourceProperties = '{org.springframework.boot.test.context.SpringBootTestContextBootstrapper=true, server.port=0}', contextCustomizers = set[org.springframework.boot.test.autoconfigure.actuate.metrics.MetricsExportContextCustomizerFactory$DisableMetricExportContextCustomizer@39dcf4b0, org.springframework.boot.test.autoconfigure.properties.PropertyMappingContextCustomizer@0, org.springframework.boot.test.autoconfigure.web.servlet.WebDriverContextCustomizerFactory$Customizer@6722db6e, org.springframework.boot.test.context.filter.ExcludeFilterContextCustomizer@7a48e6e2, org.springframework.boot.test.json.DuplicateJsonObjectContextCustomizerFactory$DuplicateJsonObjectContextCustomizer@631e06ab, org.springframework.boot.test.mock.mockito.MockitoContextCustomizer@0, org.springframework.boot.test.web.client.TestRestTemplateContextCustomizer@24faea88, org.springframework.boot.test.context.SpringBootTestArgs@1, org.springframework.boot.test.context.SpringBootTestWebEnvironment@68d279ec], resourceBasePath = 'src/main/webapp', contextLoader = 'org.springframework.boot.test.context.SpringBootContextLoader', parent = [null]], attributes = map['org.springframework.test.context.web.ServletTestExecutionListener.activateListener' -> false, 'org.springframework.test.context.event.ApplicationEventsTestExecutionListener.recordApplicationEvents' -> false]]; transaction manager [org.springframework.orm.jpa.JpaTransactionManager@6a85a13]; rollback [true]
2022-12-04 20:12:11.796  INFO 16364 --- [    Test worker] o.a.c.c.C.[Tomcat].[localhost].[/]       : Initializing Spring TestDispatcherServlet ''
2022-12-04 20:12:11.796  INFO 16364 --- [    Test worker] o.s.t.web.servlet.TestDispatcherServlet  : Initializing Servlet ''
2022-12-04 20:12:11.796  INFO 16364 --- [    Test worker] o.s.t.web.servlet.TestDispatcherServlet  : Completed initialization in 0 ms
Hibernate: select posts0_.posts_id as posts_id1_5_, posts0_.created_date as created_2_5_, posts0_.modified_date as modified3_5_, posts0_.content as content4_5_, posts0_.description as descript5_5_, posts0_.likes as likes6_5_, posts0_.member_id as member_i9_5_, posts0_.secret as secret7_5_, posts0_.title as title8_5_ from posts posts0_
Hibernate: select member0_.member_id as member_i1_3_, member0_.created_date as created_2_3_, member0_.modified_date as modified3_3_, member0_.email as email4_3_, member0_.email_auth as email_au5_3_, member0_.name as name6_3_, member0_.picture as picture7_3_, member0_.role as role8_3_, member0_.short_bio as short_bi9_3_, member0_.username as usernam10_3_ from member member0_
Hibernate: insert into member (member_id, created_date, modified_date, email, email_auth, name, picture, role, short_bio, username) values (default, ?, ?, ?, ?, ?, ?, ?, ?, ?)
Hibernate: insert into posts (posts_id, created_date, modified_date, content, description, likes, member_id, secret, title) values (default, ?, ?, ?, ?, ?, ?, ?, ?)
Hibernate: insert into posts (posts_id, created_date, modified_date, content, description, likes, member_id, secret, title) values (default, ?, ?, ?, ?, ?, ?, ?, ?)
Hibernate: insert into posts (posts_id, created_date, modified_date, content, description, likes, member_id, secret, title) values (default, ?, ?, ?, ?, ?, ?, ?, ?)
Hibernate: insert into posts (posts_id, created_date, modified_date, content, description, likes, member_id, secret, title) values (default, ?, ?, ?, ?, ?, ?, ?, ?)
Hibernate: insert into posts (posts_id, created_date, modified_date, content, description, likes, member_id, secret, title) values (default, ?, ?, ?, ?, ?, ?, ?, ?)
Hibernate: insert into posts (posts_id, created_date, modified_date, content, description, likes, member_id, secret, title) values (default, ?, ?, ?, ?, ?, ?, ?, ?)
Hibernate: insert into posts (posts_id, created_date, modified_date, content, description, likes, member_id, secret, title) values (default, ?, ?, ?, ?, ?, ?, ?, ?)
Hibernate: insert into posts (posts_id, created_date, modified_date, content, description, likes, member_id, secret, title) values (default, ?, ?, ?, ?, ?, ?, ?, ?)
Hibernate: insert into posts (posts_id, created_date, modified_date, content, description, likes, member_id, secret, title) values (default, ?, ?, ?, ?, ?, ?, ?, ?)
Hibernate: insert into posts (posts_id, created_date, modified_date, content, description, likes, member_id, secret, title) values (default, ?, ?, ?, ?, ?, ?, ?, ?)
Hibernate: insert into posts (posts_id, created_date, modified_date, content, description, likes, member_id, secret, title) values (default, ?, ?, ?, ?, ?, ?, ?, ?)
Hibernate: insert into posts (posts_id, created_date, modified_date, content, description, likes, member_id, secret, title) values (default, ?, ?, ?, ?, ?, ?, ?, ?)
Hibernate: insert into posts (posts_id, created_date, modified_date, content, description, likes, member_id, secret, title) values (default, ?, ?, ?, ?, ?, ?, ?, ?)
Hibernate: insert into posts (posts_id, created_date, modified_date, content, description, likes, member_id, secret, title) values (default, ?, ?, ?, ?, ?, ?, ?, ?)
Hibernate: insert into posts (posts_id, created_date, modified_date, content, description, likes, member_id, secret, title) values (default, ?, ?, ?, ?, ?, ?, ?, ?)
Hibernate: insert into posts (posts_id, created_date, modified_date, content, description, likes, member_id, secret, title) values (default, ?, ?, ?, ?, ?, ?, ?, ?)
Hibernate: insert into posts (posts_id, created_date, modified_date, content, description, likes, member_id, secret, title) values (default, ?, ?, ?, ?, ?, ?, ?, ?)
Hibernate: insert into posts (posts_id, created_date, modified_date, content, description, likes, member_id, secret, title) values (default, ?, ?, ?, ?, ?, ?, ?, ?)
Hibernate: insert into posts (posts_id, created_date, modified_date, content, description, likes, member_id, secret, title) values (default, ?, ?, ?, ?, ?, ?, ?, ?)
Hibernate: insert into posts (posts_id, created_date, modified_date, content, description, likes, member_id, secret, title) values (default, ?, ?, ?, ?, ?, ?, ?, ?)
Hibernate: insert into posts (posts_id, created_date, modified_date, content, description, likes, member_id, secret, title) values (default, ?, ?, ?, ?, ?, ?, ?, ?)
Hibernate: insert into posts (posts_id, created_date, modified_date, content, description, likes, member_id, secret, title) values (default, ?, ?, ?, ?, ?, ?, ?, ?)
Hibernate: insert into posts (posts_id, created_date, modified_date, content, description, likes, member_id, secret, title) values (default, ?, ?, ?, ?, ?, ?, ?, ?)
Hibernate: insert into posts (posts_id, created_date, modified_date, content, description, likes, member_id, secret, title) values (default, ?, ?, ?, ?, ?, ?, ?, ?)
Hibernate: insert into posts (posts_id, created_date, modified_date, content, description, likes, member_id, secret, title) values (default, ?, ?, ?, ?, ?, ?, ?, ?)
Hibernate: insert into posts (posts_id, created_date, modified_date, content, description, likes, member_id, secret, title) values (default, ?, ?, ?, ?, ?, ?, ?, ?)
Hibernate: insert into posts (posts_id, created_date, modified_date, content, description, likes, member_id, secret, title) values (default, ?, ?, ?, ?, ?, ?, ?, ?)
Hibernate: insert into posts (posts_id, created_date, modified_date, content, description, likes, member_id, secret, title) values (default, ?, ?, ?, ?, ?, ?, ?, ?)
Hibernate: insert into posts (posts_id, created_date, modified_date, content, description, likes, member_id, secret, title) values (default, ?, ?, ?, ?, ?, ?, ?, ?)
Hibernate: insert into posts (posts_id, created_date, modified_date, content, description, likes, member_id, secret, title) values (default, ?, ?, ?, ?, ?, ?, ?, ?)
Hibernate: select posts0_.posts_id as posts_id1_5_, posts0_.created_date as created_2_5_, posts0_.modified_date as modified3_5_, posts0_.content as content4_5_, posts0_.description as descript5_5_, posts0_.likes as likes6_5_, posts0_.member_id as member_i9_5_, posts0_.secret as secret7_5_, posts0_.title as title8_5_ from posts posts0_ where posts0_.member_id=? order by posts0_.posts_id desc
Hibernate: select hashtag0_.hashtag_id as hashtag_1_2_, hashtag0_.created_date as created_2_2_, hashtag0_.modified_date as modified3_2_, hashtag0_.name as name4_2_ from hashtag hashtag0_ left outer join posts_hashtag_map postshasht1_ on (hashtag0_.hashtag_id=postshasht1_.hashtag_id) left outer join posts posts2_ on (postshasht1_.posts_id=posts2_.posts_id) where posts2_.posts_id=?
Hibernate: select hashtag0_.hashtag_id as hashtag_1_2_, hashtag0_.created_date as created_2_2_, hashtag0_.modified_date as modified3_2_, hashtag0_.name as name4_2_ from hashtag hashtag0_ left outer join posts_hashtag_map postshasht1_ on (hashtag0_.hashtag_id=postshasht1_.hashtag_id) left outer join posts posts2_ on (postshasht1_.posts_id=posts2_.posts_id) where posts2_.posts_id=?
Hibernate: select hashtag0_.hashtag_id as hashtag_1_2_, hashtag0_.created_date as created_2_2_, hashtag0_.modified_date as modified3_2_, hashtag0_.name as name4_2_ from hashtag hashtag0_ left outer join posts_hashtag_map postshasht1_ on (hashtag0_.hashtag_id=postshasht1_.hashtag_id) left outer join posts posts2_ on (postshasht1_.posts_id=posts2_.posts_id) where posts2_.posts_id=?
Hibernate: select hashtag0_.hashtag_id as hashtag_1_2_, hashtag0_.created_date as created_2_2_, hashtag0_.modified_date as modified3_2_, hashtag0_.name as name4_2_ from hashtag hashtag0_ left outer join posts_hashtag_map postshasht1_ on (hashtag0_.hashtag_id=postshasht1_.hashtag_id) left outer join posts posts2_ on (postshasht1_.posts_id=posts2_.posts_id) where posts2_.posts_id=?
Hibernate: select hashtag0_.hashtag_id as hashtag_1_2_, hashtag0_.created_date as created_2_2_, hashtag0_.modified_date as modified3_2_, hashtag0_.name as name4_2_ from hashtag hashtag0_ left outer join posts_hashtag_map postshasht1_ on (hashtag0_.hashtag_id=postshasht1_.hashtag_id) left outer join posts posts2_ on (postshasht1_.posts_id=posts2_.posts_id) where posts2_.posts_id=?
Hibernate: select hashtag0_.hashtag_id as hashtag_1_2_, hashtag0_.created_date as created_2_2_, hashtag0_.modified_date as modified3_2_, hashtag0_.name as name4_2_ from hashtag hashtag0_ left outer join posts_hashtag_map postshasht1_ on (hashtag0_.hashtag_id=postshasht1_.hashtag_id) left outer join posts posts2_ on (postshasht1_.posts_id=posts2_.posts_id) where posts2_.posts_id=?
Hibernate: select hashtag0_.hashtag_id as hashtag_1_2_, hashtag0_.created_date as created_2_2_, hashtag0_.modified_date as modified3_2_, hashtag0_.name as name4_2_ from hashtag hashtag0_ left outer join posts_hashtag_map postshasht1_ on (hashtag0_.hashtag_id=postshasht1_.hashtag_id) left outer join posts posts2_ on (postshasht1_.posts_id=posts2_.posts_id) where posts2_.posts_id=?
Hibernate: select hashtag0_.hashtag_id as hashtag_1_2_, hashtag0_.created_date as created_2_2_, hashtag0_.modified_date as modified3_2_, hashtag0_.name as name4_2_ from hashtag hashtag0_ left outer join posts_hashtag_map postshasht1_ on (hashtag0_.hashtag_id=postshasht1_.hashtag_id) left outer join posts posts2_ on (postshasht1_.posts_id=posts2_.posts_id) where posts2_.posts_id=?
Hibernate: select hashtag0_.hashtag_id as hashtag_1_2_, hashtag0_.created_date as created_2_2_, hashtag0_.modified_date as modified3_2_, hashtag0_.name as name4_2_ from hashtag hashtag0_ left outer join posts_hashtag_map postshasht1_ on (hashtag0_.hashtag_id=postshasht1_.hashtag_id) left outer join posts posts2_ on (postshasht1_.posts_id=posts2_.posts_id) where posts2_.posts_id=?
Hibernate: select hashtag0_.hashtag_id as hashtag_1_2_, hashtag0_.created_date as created_2_2_, hashtag0_.modified_date as modified3_2_, hashtag0_.name as name4_2_ from hashtag hashtag0_ left outer join posts_hashtag_map postshasht1_ on (hashtag0_.hashtag_id=postshasht1_.hashtag_id) left outer join posts posts2_ on (postshasht1_.posts_id=posts2_.posts_id) where posts2_.posts_id=?
Hibernate: select hashtag0_.hashtag_id as hashtag_1_2_, hashtag0_.created_date as created_2_2_, hashtag0_.modified_date as modified3_2_, hashtag0_.name as name4_2_ from hashtag hashtag0_ left outer join posts_hashtag_map postshasht1_ on (hashtag0_.hashtag_id=postshasht1_.hashtag_id) left outer join posts posts2_ on (postshasht1_.posts_id=posts2_.posts_id) where posts2_.posts_id=?
Hibernate: select hashtag0_.hashtag_id as hashtag_1_2_, hashtag0_.created_date as created_2_2_, hashtag0_.modified_date as modified3_2_, hashtag0_.name as name4_2_ from hashtag hashtag0_ left outer join posts_hashtag_map postshasht1_ on (hashtag0_.hashtag_id=postshasht1_.hashtag_id) left outer join posts posts2_ on (postshasht1_.posts_id=posts2_.posts_id) where posts2_.posts_id=?
Hibernate: select hashtag0_.hashtag_id as hashtag_1_2_, hashtag0_.created_date as created_2_2_, hashtag0_.modified_date as modified3_2_, hashtag0_.name as name4_2_ from hashtag hashtag0_ left outer join posts_hashtag_map postshasht1_ on (hashtag0_.hashtag_id=postshasht1_.hashtag_id) left outer join posts posts2_ on (postshasht1_.posts_id=posts2_.posts_id) where posts2_.posts_id=?
Hibernate: select hashtag0_.hashtag_id as hashtag_1_2_, hashtag0_.created_date as created_2_2_, hashtag0_.modified_date as modified3_2_, hashtag0_.name as name4_2_ from hashtag hashtag0_ left outer join posts_hashtag_map postshasht1_ on (hashtag0_.hashtag_id=postshasht1_.hashtag_id) left outer join posts posts2_ on (postshasht1_.posts_id=posts2_.posts_id) where posts2_.posts_id=?
Hibernate: select hashtag0_.hashtag_id as hashtag_1_2_, hashtag0_.created_date as created_2_2_, hashtag0_.modified_date as modified3_2_, hashtag0_.name as name4_2_ from hashtag hashtag0_ left outer join posts_hashtag_map postshasht1_ on (hashtag0_.hashtag_id=postshasht1_.hashtag_id) left outer join posts posts2_ on (postshasht1_.posts_id=posts2_.posts_id) where posts2_.posts_id=?
Hibernate: select hashtag0_.hashtag_id as hashtag_1_2_, hashtag0_.created_date as created_2_2_, hashtag0_.modified_date as modified3_2_, hashtag0_.name as name4_2_ from hashtag hashtag0_ left outer join posts_hashtag_map postshasht1_ on (hashtag0_.hashtag_id=postshasht1_.hashtag_id) left outer join posts posts2_ on (postshasht1_.posts_id=posts2_.posts_id) where posts2_.posts_id=?
Hibernate: select hashtag0_.hashtag_id as hashtag_1_2_, hashtag0_.created_date as created_2_2_, hashtag0_.modified_date as modified3_2_, hashtag0_.name as name4_2_ from hashtag hashtag0_ left outer join posts_hashtag_map postshasht1_ on (hashtag0_.hashtag_id=postshasht1_.hashtag_id) left outer join posts posts2_ on (postshasht1_.posts_id=posts2_.posts_id) where posts2_.posts_id=?
Hibernate: select hashtag0_.hashtag_id as hashtag_1_2_, hashtag0_.created_date as created_2_2_, hashtag0_.modified_date as modified3_2_, hashtag0_.name as name4_2_ from hashtag hashtag0_ left outer join posts_hashtag_map postshasht1_ on (hashtag0_.hashtag_id=postshasht1_.hashtag_id) left outer join posts posts2_ on (postshasht1_.posts_id=posts2_.posts_id) where posts2_.posts_id=?
Hibernate: select hashtag0_.hashtag_id as hashtag_1_2_, hashtag0_.created_date as created_2_2_, hashtag0_.modified_date as modified3_2_, hashtag0_.name as name4_2_ from hashtag hashtag0_ left outer join posts_hashtag_map postshasht1_ on (hashtag0_.hashtag_id=postshasht1_.hashtag_id) left outer join posts posts2_ on (postshasht1_.posts_id=posts2_.posts_id) where posts2_.posts_id=?
Hibernate: select hashtag0_.hashtag_id as hashtag_1_2_, hashtag0_.created_date as created_2_2_, hashtag0_.modified_date as modified3_2_, hashtag0_.name as name4_2_ from hashtag hashtag0_ left outer join posts_hashtag_map postshasht1_ on (hashtag0_.hashtag_id=postshasht1_.hashtag_id) left outer join posts posts2_ on (postshasht1_.posts_id=posts2_.posts_id) where posts2_.posts_id=?
Hibernate: select hashtag0_.hashtag_id as hashtag_1_2_, hashtag0_.created_date as created_2_2_, hashtag0_.modified_date as modified3_2_, hashtag0_.name as name4_2_ from hashtag hashtag0_ left outer join posts_hashtag_map postshasht1_ on (hashtag0_.hashtag_id=postshasht1_.hashtag_id) left outer join posts posts2_ on (postshasht1_.posts_id=posts2_.posts_id) where posts2_.posts_id=?
Hibernate: select hashtag0_.hashtag_id as hashtag_1_2_, hashtag0_.created_date as created_2_2_, hashtag0_.modified_date as modified3_2_, hashtag0_.name as name4_2_ from hashtag hashtag0_ left outer join posts_hashtag_map postshasht1_ on (hashtag0_.hashtag_id=postshasht1_.hashtag_id) left outer join posts posts2_ on (postshasht1_.posts_id=posts2_.posts_id) where posts2_.posts_id=?
Hibernate: select hashtag0_.hashtag_id as hashtag_1_2_, hashtag0_.created_date as created_2_2_, hashtag0_.modified_date as modified3_2_, hashtag0_.name as name4_2_ from hashtag hashtag0_ left outer join posts_hashtag_map postshasht1_ on (hashtag0_.hashtag_id=postshasht1_.hashtag_id) left outer join posts posts2_ on (postshasht1_.posts_id=posts2_.posts_id) where posts2_.posts_id=?
Hibernate: select hashtag0_.hashtag_id as hashtag_1_2_, hashtag0_.created_date as created_2_2_, hashtag0_.modified_date as modified3_2_, hashtag0_.name as name4_2_ from hashtag hashtag0_ left outer join posts_hashtag_map postshasht1_ on (hashtag0_.hashtag_id=postshasht1_.hashtag_id) left outer join posts posts2_ on (postshasht1_.posts_id=posts2_.posts_id) where posts2_.posts_id=?
Hibernate: select hashtag0_.hashtag_id as hashtag_1_2_, hashtag0_.created_date as created_2_2_, hashtag0_.modified_date as modified3_2_, hashtag0_.name as name4_2_ from hashtag hashtag0_ left outer join posts_hashtag_map postshasht1_ on (hashtag0_.hashtag_id=postshasht1_.hashtag_id) left outer join posts posts2_ on (postshasht1_.posts_id=posts2_.posts_id) where posts2_.posts_id=?
Hibernate: select hashtag0_.hashtag_id as hashtag_1_2_, hashtag0_.created_date as created_2_2_, hashtag0_.modified_date as modified3_2_, hashtag0_.name as name4_2_ from hashtag hashtag0_ left outer join posts_hashtag_map postshasht1_ on (hashtag0_.hashtag_id=postshasht1_.hashtag_id) left outer join posts posts2_ on (postshasht1_.posts_id=posts2_.posts_id) where posts2_.posts_id=?
Hibernate: select hashtag0_.hashtag_id as hashtag_1_2_, hashtag0_.created_date as created_2_2_, hashtag0_.modified_date as modified3_2_, hashtag0_.name as name4_2_ from hashtag hashtag0_ left outer join posts_hashtag_map postshasht1_ on (hashtag0_.hashtag_id=postshasht1_.hashtag_id) left outer join posts posts2_ on (postshasht1_.posts_id=posts2_.posts_id) where posts2_.posts_id=?
Hibernate: select hashtag0_.hashtag_id as hashtag_1_2_, hashtag0_.created_date as created_2_2_, hashtag0_.modified_date as modified3_2_, hashtag0_.name as name4_2_ from hashtag hashtag0_ left outer join posts_hashtag_map postshasht1_ on (hashtag0_.hashtag_id=postshasht1_.hashtag_id) left outer join posts posts2_ on (postshasht1_.posts_id=posts2_.posts_id) where posts2_.posts_id=?
Hibernate: select hashtag0_.hashtag_id as hashtag_1_2_, hashtag0_.created_date as created_2_2_, hashtag0_.modified_date as modified3_2_, hashtag0_.name as name4_2_ from hashtag hashtag0_ left outer join posts_hashtag_map postshasht1_ on (hashtag0_.hashtag_id=postshasht1_.hashtag_id) left outer join posts posts2_ on (postshasht1_.posts_id=posts2_.posts_id) where posts2_.posts_id=?
Hibernate: select hashtag0_.hashtag_id as hashtag_1_2_, hashtag0_.created_date as created_2_2_, hashtag0_.modified_date as modified3_2_, hashtag0_.name as name4_2_ from hashtag hashtag0_ left outer join posts_hashtag_map postshasht1_ on (hashtag0_.hashtag_id=postshasht1_.hashtag_id) left outer join posts posts2_ on (postshasht1_.posts_id=posts2_.posts_id) where posts2_.posts_id=?

MockHttpServletRequest:
      HTTP Method = GET
      Request URI = /api/v1/posts/by-member
       Parameters = {}
          Headers = [Content-Type:"application/json;charset=UTF-8"]
             Body = null
    Session Attrs = {member=SessionMemberDto(id=484, name=슬로우스타터, email=azurealstn@naver.com, picture=test.jpg, username=haha, shortBio=안녕하세요!)}

Handler:
             Type = com.azurealstn.alog.controller.api.posts.PostsApiController
           Method = com.azurealstn.alog.controller.api.posts.PostsApiController#postsListByMember()

Async:
    Async started = false
     Async result = null

Resolved Exception:
             Type = null

ModelAndView:
        View name = null
             View = null
            Model = null

FlashMap:
       Attributes = null

MockHttpServletResponse:
           Status = 200
    Error message = null
          Headers = [Content-Type:"application/json;charset=UTF-8"]
     Content type = application/json;charset=UTF-8
             Body = [{"id":875,"title":"test 제목 - 30","content":"뭐로 할까 - 30","member":{"createdDate":"2022-12-04T20:12:11.7966412","modifiedDate":"2022-12-04T20:12:11.7966412","id":484,"email":"azurealstn@naver.com","name":"슬로우스타터","picture":"test.jpg","role":"MEMBER","emailAuth":true,"username":"haha","shortBio":"안녕하세요!","roleKey":"ROLE_MEMBER"},"description":"소개글 - 30","secret":null,"previousTime":"2022년 12월 4일","hashTagNames":[],"likeCount":0,"commentCount":0,"storeFilename":null,"totalRowCount":0,"imageUrl":null},{"id":874,"title":"test 제목 - 29","content":"뭐로 할까 - 29","member":{"createdDate":"2022-12-04T20:12:11.7966412","modifiedDate":"2022-12-04T20:12:11.7966412","id":484,"email":"azurealstn@naver.com","name":"슬로우스타터","picture":"test.jpg","role":"MEMBER","emailAuth":true,"username":"haha","shortBio":"안녕하세요!","roleKey":"ROLE_MEMBER"},"description":"소개글 - 29","secret":null,"previousTime":"2022년 12월 4일","hashTagNames":[],"likeCount":0,"commentCount":0,"storeFilename":null,"totalRowCount":0,"imageUrl":null},{"id":873,"title":"test 제목 - 28","content":"뭐로 할까 - 28","member":{"createdDate":"2022-12-04T20:12:11.7966412","modifiedDate":"2022-12-04T20:12:11.7966412","id":484,"email":"azurealstn@naver.com","name":"슬로우스타터","picture":"test.jpg","role":"MEMBER","emailAuth":true,"username":"haha","shortBio":"안녕하세요!","roleKey":"ROLE_MEMBER"},"description":"소개글 - 28","secret":null,"previousTime":"2022년 12월 4일","hashTagNames":[],"likeCount":0,"commentCount":0,"storeFilename":null,"totalRowCount":0,"imageUrl":null},{"id":872,"title":"test 제목 - 27","content":"뭐로 할까 - 27","member":{"createdDate":"2022-12-04T20:12:11.7966412","modifiedDate":"2022-12-04T20:12:11.7966412","id":484,"email":"azurealstn@naver.com","name":"슬로우스타터","picture":"test.jpg","role":"MEMBER","emailAuth":true,"username":"haha","shortBio":"안녕하세요!","roleKey":"ROLE_MEMBER"},"description":"소개글 - 27","secret":null,"previousTime":"2022년 12월 4일","hashTagNames":[],"likeCount":0,"commentCount":0,"storeFilename":null,"totalRowCount":0,"imageUrl":null},{"id":871,"title":"test 제목 - 26","content":"뭐로 할까 - 26","member":{"createdDate":"2022-12-04T20:12:11.7966412","modifiedDate":"2022-12-04T20:12:11.7966412","id":484,"email":"azurealstn@naver.com","name":"슬로우스타터","picture":"test.jpg","role":"MEMBER","emailAuth":true,"username":"haha","shortBio":"안녕하세요!","roleKey":"ROLE_MEMBER"},"description":"소개글 - 26","secret":null,"previousTime":"2022년 12월 4일","hashTagNames":[],"likeCount":0,"commentCount":0,"storeFilename":null,"totalRowCount":0,"imageUrl":null},{"id":870,"title":"test 제목 - 25","content":"뭐로 할까 - 25","member":{"createdDate":"2022-12-04T20:12:11.7966412","modifiedDate":"2022-12-04T20:12:11.7966412","id":484,"email":"azurealstn@naver.com","name":"슬로우스타터","picture":"test.jpg","role":"MEMBER","emailAuth":true,"username":"haha","shortBio":"안녕하세요!","roleKey":"ROLE_MEMBER"},"description":"소개글 - 25","secret":null,"previousTime":"2022년 12월 4일","hashTagNames":[],"likeCount":0,"commentCount":0,"storeFilename":null,"totalRowCount":0,"imageUrl":null},{"id":869,"title":"test 제목 - 24","content":"뭐로 할까 - 24","member":{"createdDate":"2022-12-04T20:12:11.7966412","modifiedDate":"2022-12-04T20:12:11.7966412","id":484,"email":"azurealstn@naver.com","name":"슬로우스타터","picture":"test.jpg","role":"MEMBER","emailAuth":true,"username":"haha","shortBio":"안녕하세요!","roleKey":"ROLE_MEMBER"},"description":"소개글 - 24","secret":null,"previousTime":"2022년 12월 4일","hashTagNames":[],"likeCount":0,"commentCount":0,"storeFilename":null,"totalRowCount":0,"imageUrl":null},{"id":868,"title":"test 제목 - 23","content":"뭐로 할까 - 23","member":{"createdDate":"2022-12-04T20:12:11.7966412","modifiedDate":"2022-12-04T20:12:11.7966412","id":484,"email":"azurealstn@naver.com","name":"슬로우스타터","picture":"test.jpg","role":"MEMBER","emailAuth":true,"username":"haha","shortBio":"안녕하세요!","roleKey":"ROLE_MEMBER"},"description":"소개글 - 23","secret":null,"previousTime":"2022년 12월 4일","hashTagNames":[],"likeCount":0,"commentCount":0,"storeFilename":null,"totalRowCount":0,"imageUrl":null},{"id":867,"title":"test 제목 - 22","content":"뭐로 할까 - 22","member":{"createdDate":"2022-12-04T20:12:11.7966412","modifiedDate":"2022-12-04T20:12:11.7966412","id":484,"email":"azurealstn@naver.com","name":"슬로우스타터","picture":"test.jpg","role":"MEMBER","emailAuth":true,"username":"haha","shortBio":"안녕하세요!","roleKey":"ROLE_MEMBER"},"description":"소개글 - 22","secret":null,"previousTime":"2022년 12월 4일","hashTagNames":[],"likeCount":0,"commentCount":0,"storeFilename":null,"totalRowCount":0,"imageUrl":null},{"id":866,"title":"test 제목 - 21","content":"뭐로 할까 - 21","member":{"createdDate":"2022-12-04T20:12:11.7966412","modifiedDate":"2022-12-04T20:12:11.7966412","id":484,"email":"azurealstn@naver.com","name":"슬로우스타터","picture":"test.jpg","role":"MEMBER","emailAuth":true,"username":"haha","shortBio":"안녕하세요!","roleKey":"ROLE_MEMBER"},"description":"소개글 - 21","secret":null,"previousTime":"2022년 12월 4일","hashTagNames":[],"likeCount":0,"commentCount":0,"storeFilename":null,"totalRowCount":0,"imageUrl":null},{"id":865,"title":"test 제목 - 20","content":"뭐로 할까 - 20","member":{"createdDate":"2022-12-04T20:12:11.7966412","modifiedDate":"2022-12-04T20:12:11.7966412","id":484,"email":"azurealstn@naver.com","name":"슬로우스타터","picture":"test.jpg","role":"MEMBER","emailAuth":true,"username":"haha","shortBio":"안녕하세요!","roleKey":"ROLE_MEMBER"},"description":"소개글 - 20","secret":null,"previousTime":"2022년 12월 4일","hashTagNames":[],"likeCount":0,"commentCount":0,"storeFilename":null,"totalRowCount":0,"imageUrl":null},{"id":864,"title":"test 제목 - 19","content":"뭐로 할까 - 19","member":{"createdDate":"2022-12-04T20:12:11.7966412","modifiedDate":"2022-12-04T20:12:11.7966412","id":484,"email":"azurealstn@naver.com","name":"슬로우스타터","picture":"test.jpg","role":"MEMBER","emailAuth":true,"username":"haha","shortBio":"안녕하세요!","roleKey":"ROLE_MEMBER"},"description":"소개글 - 19","secret":null,"previousTime":"2022년 12월 4일","hashTagNames":[],"likeCount":0,"commentCount":0,"storeFilename":null,"totalRowCount":0,"imageUrl":null},{"id":863,"title":"test 제목 - 18","content":"뭐로 할까 - 18","member":{"createdDate":"2022-12-04T20:12:11.7966412","modifiedDate":"2022-12-04T20:12:11.7966412","id":484,"email":"azurealstn@naver.com","name":"슬로우스타터","picture":"test.jpg","role":"MEMBER","emailAuth":true,"username":"haha","shortBio":"안녕하세요!","roleKey":"ROLE_MEMBER"},"description":"소개글 - 18","secret":null,"previousTime":"2022년 12월 4일","hashTagNames":[],"likeCount":0,"commentCount":0,"storeFilename":null,"totalRowCount":0,"imageUrl":null},{"id":862,"title":"test 제목 - 17","content":"뭐로 할까 - 17","member":{"createdDate":"2022-12-04T20:12:11.7966412","modifiedDate":"2022-12-04T20:12:11.7966412","id":484,"email":"azurealstn@naver.com","name":"슬로우스타터","picture":"test.jpg","role":"MEMBER","emailAuth":true,"username":"haha","shortBio":"안녕하세요!","roleKey":"ROLE_MEMBER"},"description":"소개글 - 17","secret":null,"previousTime":"2022년 12월 4일","hashTagNames":[],"likeCount":0,"commentCount":0,"storeFilename":null,"totalRowCount":0,"imageUrl":null},{"id":861,"title":"test 제목 - 16","content":"뭐로 할까 - 16","member":{"createdDate":"2022-12-04T20:12:11.7966412","modifiedDate":"2022-12-04T20:12:11.7966412","id":484,"email":"azurealstn@naver.com","name":"슬로우스타터","picture":"test.jpg","role":"MEMBER","emailAuth":true,"username":"haha","shortBio":"안녕하세요!","roleKey":"ROLE_MEMBER"},"description":"소개글 - 16","secret":null,"previousTime":"2022년 12월 4일","hashTagNames":[],"likeCount":0,"commentCount":0,"storeFilename":null,"totalRowCount":0,"imageUrl":null},{"id":860,"title":"test 제목 - 15","content":"뭐로 할까 - 15","member":{"createdDate":"2022-12-04T20:12:11.7966412","modifiedDate":"2022-12-04T20:12:11.7966412","id":484,"email":"azurealstn@naver.com","name":"슬로우스타터","picture":"test.jpg","role":"MEMBER","emailAuth":true,"username":"haha","shortBio":"안녕하세요!","roleKey":"ROLE_MEMBER"},"description":"소개글 - 15","secret":null,"previousTime":"2022년 12월 4일","hashTagNames":[],"likeCount":0,"commentCount":0,"storeFilename":null,"totalRowCount":0,"imageUrl":null},{"id":859,"title":"test 제목 - 14","content":"뭐로 할까 - 14","member":{"createdDate":"2022-12-04T20:12:11.7966412","modifiedDate":"2022-12-04T20:12:11.7966412","id":484,"email":"azurealstn@naver.com","name":"슬로우스타터","picture":"test.jpg","role":"MEMBER","emailAuth":true,"username":"haha","shortBio":"안녕하세요!","roleKey":"ROLE_MEMBER"},"description":"소개글 - 14","secret":null,"previousTime":"2022년 12월 4일","hashTagNames":[],"likeCount":0,"commentCount":0,"storeFilename":null,"totalRowCount":0,"imageUrl":null},{"id":858,"title":"test 제목 - 13","content":"뭐로 할까 - 13","member":{"createdDate":"2022-12-04T20:12:11.7966412","modifiedDate":"2022-12-04T20:12:11.7966412","id":484,"email":"azurealstn@naver.com","name":"슬로우스타터","picture":"test.jpg","role":"MEMBER","emailAuth":true,"username":"haha","shortBio":"안녕하세요!","roleKey":"ROLE_MEMBER"},"description":"소개글 - 13","secret":null,"previousTime":"2022년 12월 4일","hashTagNames":[],"likeCount":0,"commentCount":0,"storeFilename":null,"totalRowCount":0,"imageUrl":null},{"id":857,"title":"test 제목 - 12","content":"뭐로 할까 - 12","member":{"createdDate":"2022-12-04T20:12:11.7966412","modifiedDate":"2022-12-04T20:12:11.7966412","id":484,"email":"azurealstn@naver.com","name":"슬로우스타터","picture":"test.jpg","role":"MEMBER","emailAuth":true,"username":"haha","shortBio":"안녕하세요!","roleKey":"ROLE_MEMBER"},"description":"소개글 - 12","secret":null,"previousTime":"2022년 12월 4일","hashTagNames":[],"likeCount":0,"commentCount":0,"storeFilename":null,"totalRowCount":0,"imageUrl":null},{"id":856,"title":"test 제목 - 11","content":"뭐로 할까 - 11","member":{"createdDate":"2022-12-04T20:12:11.7966412","modifiedDate":"2022-12-04T20:12:11.7966412","id":484,"email":"azurealstn@naver.com","name":"슬로우스타터","picture":"test.jpg","role":"MEMBER","emailAuth":true,"username":"haha","shortBio":"안녕하세요!","roleKey":"ROLE_MEMBER"},"description":"소개글 - 11","secret":null,"previousTime":"2022년 12월 4일","hashTagNames":[],"likeCount":0,"commentCount":0,"storeFilename":null,"totalRowCount":0,"imageUrl":null},{"id":855,"title":"test 제목 - 10","content":"뭐로 할까 - 10","member":{"createdDate":"2022-12-04T20:12:11.7966412","modifiedDate":"2022-12-04T20:12:11.7966412","id":484,"email":"azurealstn@naver.com","name":"슬로우스타터","picture":"test.jpg","role":"MEMBER","emailAuth":true,"username":"haha","shortBio":"안녕하세요!","roleKey":"ROLE_MEMBER"},"description":"소개글 - 10","secret":null,"previousTime":"2022년 12월 4일","hashTagNames":[],"likeCount":0,"commentCount":0,"storeFilename":null,"totalRowCount":0,"imageUrl":null},{"id":854,"title":"test 제목 - 9","content":"뭐로 할까 - 9","member":{"createdDate":"2022-12-04T20:12:11.7966412","modifiedDate":"2022-12-04T20:12:11.7966412","id":484,"email":"azurealstn@naver.com","name":"슬로우스타터","picture":"test.jpg","role":"MEMBER","emailAuth":true,"username":"haha","shortBio":"안녕하세요!","roleKey":"ROLE_MEMBER"},"description":"소개글 - 9","secret":null,"previousTime":"2022년 12월 4일","hashTagNames":[],"likeCount":0,"commentCount":0,"storeFilename":null,"totalRowCount":0,"imageUrl":null},{"id":853,"title":"test 제목 - 8","content":"뭐로 할까 - 8","member":{"createdDate":"2022-12-04T20:12:11.7966412","modifiedDate":"2022-12-04T20:12:11.7966412","id":484,"email":"azurealstn@naver.com","name":"슬로우스타터","picture":"test.jpg","role":"MEMBER","emailAuth":true,"username":"haha","shortBio":"안녕하세요!","roleKey":"ROLE_MEMBER"},"description":"소개글 - 8","secret":null,"previousTime":"2022년 12월 4일","hashTagNames":[],"likeCount":0,"commentCount":0,"storeFilename":null,"totalRowCount":0,"imageUrl":null},{"id":852,"title":"test 제목 - 7","content":"뭐로 할까 - 7","member":{"createdDate":"2022-12-04T20:12:11.7966412","modifiedDate":"2022-12-04T20:12:11.7966412","id":484,"email":"azurealstn@naver.com","name":"슬로우스타터","picture":"test.jpg","role":"MEMBER","emailAuth":true,"username":"haha","shortBio":"안녕하세요!","roleKey":"ROLE_MEMBER"},"description":"소개글 - 7","secret":null,"previousTime":"2022년 12월 4일","hashTagNames":[],"likeCount":0,"commentCount":0,"storeFilename":null,"totalRowCount":0,"imageUrl":null},{"id":851,"title":"test 제목 - 6","content":"뭐로 할까 - 6","member":{"createdDate":"2022-12-04T20:12:11.7966412","modifiedDate":"2022-12-04T20:12:11.7966412","id":484,"email":"azurealstn@naver.com","name":"슬로우스타터","picture":"test.jpg","role":"MEMBER","emailAuth":true,"username":"haha","shortBio":"안녕하세요!","roleKey":"ROLE_MEMBER"},"description":"소개글 - 6","secret":null,"previousTime":"2022년 12월 4일","hashTagNames":[],"likeCount":0,"commentCount":0,"storeFilename":null,"totalRowCount":0,"imageUrl":null},{"id":850,"title":"test 제목 - 5","content":"뭐로 할까 - 5","member":{"createdDate":"2022-12-04T20:12:11.7966412","modifiedDate":"2022-12-04T20:12:11.7966412","id":484,"email":"azurealstn@naver.com","name":"슬로우스타터","picture":"test.jpg","role":"MEMBER","emailAuth":true,"username":"haha","shortBio":"안녕하세요!","roleKey":"ROLE_MEMBER"},"description":"소개글 - 5","secret":null,"previousTime":"2022년 12월 4일","hashTagNames":[],"likeCount":0,"commentCount":0,"storeFilename":null,"totalRowCount":0,"imageUrl":null},{"id":849,"title":"test 제목 - 4","content":"뭐로 할까 - 4","member":{"createdDate":"2022-12-04T20:12:11.7966412","modifiedDate":"2022-12-04T20:12:11.7966412","id":484,"email":"azurealstn@naver.com","name":"슬로우스타터","picture":"test.jpg","role":"MEMBER","emailAuth":true,"username":"haha","shortBio":"안녕하세요!","roleKey":"ROLE_MEMBER"},"description":"소개글 - 4","secret":null,"previousTime":"2022년 12월 4일","hashTagNames":[],"likeCount":0,"commentCount":0,"storeFilename":null,"totalRowCount":0,"imageUrl":null},{"id":848,"title":"test 제목 - 3","content":"뭐로 할까 - 3","member":{"createdDate":"2022-12-04T20:12:11.7966412","modifiedDate":"2022-12-04T20:12:11.7966412","id":484,"email":"azurealstn@naver.com","name":"슬로우스타터","picture":"test.jpg","role":"MEMBER","emailAuth":true,"username":"haha","shortBio":"안녕하세요!","roleKey":"ROLE_MEMBER"},"description":"소개글 - 3","secret":null,"previousTime":"2022년 12월 4일","hashTagNames":[],"likeCount":0,"commentCount":0,"storeFilename":null,"totalRowCount":0,"imageUrl":null},{"id":847,"title":"test 제목 - 2","content":"뭐로 할까 - 2","member":{"createdDate":"2022-12-04T20:12:11.7966412","modifiedDate":"2022-12-04T20:12:11.7966412","id":484,"email":"azurealstn@naver.com","name":"슬로우스타터","picture":"test.jpg","role":"MEMBER","emailAuth":true,"username":"haha","shortBio":"안녕하세요!","roleKey":"ROLE_MEMBER"},"description":"소개글 - 2","secret":null,"previousTime":"2022년 12월 4일","hashTagNames":[],"likeCount":0,"commentCount":0,"storeFilename":null,"totalRowCount":0,"imageUrl":null},{"id":846,"title":"test 제목 - 1","content":"뭐로 할까 - 1","member":{"createdDate":"2022-12-04T20:12:11.7966412","modifiedDate":"2022-12-04T20:12:11.7966412","id":484,"email":"azurealstn@naver.com","name":"슬로우스타터","picture":"test.jpg","role":"MEMBER","emailAuth":true,"username":"haha","shortBio":"안녕하세요!","roleKey":"ROLE_MEMBER"},"description":"소개글 - 1","secret":null,"previousTime":"2022년 12월 4일","hashTagNames":[],"likeCount":0,"commentCount":0,"storeFilename":null,"totalRowCount":0,"imageUrl":null}]
    Forwarded URL = null
   Redirected URL = null
          Cookies = []
Hibernate: select posts0_.posts_id as posts_id1_5_, posts0_.created_date as created_2_5_, posts0_.modified_date as modified3_5_, posts0_.content as content4_5_, posts0_.description as descript5_5_, posts0_.likes as likes6_5_, posts0_.member_id as member_i9_5_, posts0_.secret as secret7_5_, posts0_.title as title8_5_ from posts posts0_
Hibernate: select member0_.member_id as member_i1_3_, member0_.created_date as created_2_3_, member0_.modified_date as modified3_3_, member0_.email as email4_3_, member0_.email_auth as email_au5_3_, member0_.name as name6_3_, member0_.picture as picture7_3_, member0_.role as role8_3_, member0_.short_bio as short_bi9_3_, member0_.username as usernam10_3_ from member member0_
2022-12-04 20:12:11.921  INFO 16364 --- [    Test worker] o.s.t.c.transaction.TransactionContext   : Rolled back transaction for test: [DefaultTestContext@5fe74841 testClass = PostsApiControllerTest, testInstance = com.azurealstn.alog.controller.api.posts.PostsApiControllerTest@577269f, testMethod = findAll_posts_by_member@PostsApiControllerTest, testException = [null], mergedContextConfiguration = [WebMergedContextConfiguration@3cb4e32b testClass = PostsApiControllerTest, locations = '{}', classes = '{class com.azurealstn.alog.AlogApplication}', contextInitializerClasses = '[]', activeProfiles = '{}', propertySourceLocations = '{}', propertySourceProperties = '{org.springframework.boot.test.context.SpringBootTestContextBootstrapper=true, server.port=0}', contextCustomizers = set[org.springframework.boot.test.autoconfigure.actuate.metrics.MetricsExportContextCustomizerFactory$DisableMetricExportContextCustomizer@39dcf4b0, org.springframework.boot.test.autoconfigure.properties.PropertyMappingContextCustomizer@0, org.springframework.boot.test.autoconfigure.web.servlet.WebDriverContextCustomizerFactory$Customizer@6722db6e, org.springframework.boot.test.context.filter.ExcludeFilterContextCustomizer@7a48e6e2, org.springframework.boot.test.json.DuplicateJsonObjectContextCustomizerFactory$DuplicateJsonObjectContextCustomizer@631e06ab, org.springframework.boot.test.mock.mockito.MockitoContextCustomizer@0, org.springframework.boot.test.web.client.TestRestTemplateContextCustomizer@24faea88, org.springframework.boot.test.context.SpringBootTestArgs@1, org.springframework.boot.test.context.SpringBootTestWebEnvironment@68d279ec], resourceBasePath = 'src/main/webapp', contextLoader = 'org.springframework.boot.test.context.SpringBootContextLoader', parent = [null]], attributes = map['org.springframework.test.context.web.ServletTestExecutionListener.activateListener' -> false, 'org.springframework.test.context.event.ApplicationEventsTestExecutionListener.recordApplicationEvents' -> false]]
2022-12-04 20:12:11.921  INFO 16364 --- [    Test worker] o.s.t.c.transaction.TransactionContext   : Began transaction (1) for test context [DefaultTestContext@5fe74841 testClass = PostsApiControllerTest, testInstance = com.azurealstn.alog.controller.api.posts.PostsApiControllerTest@7ffb60a4, testMethod = posts_create_api_validate_title@PostsApiControllerTest, testException = [null], mergedContextConfiguration = [WebMergedContextConfiguration@3cb4e32b testClass = PostsApiControllerTest, locations = '{}', classes = '{class com.azurealstn.alog.AlogApplication}', contextInitializerClasses = '[]', activeProfiles = '{}', propertySourceLocations = '{}', propertySourceProperties = '{org.springframework.boot.test.context.SpringBootTestContextBootstrapper=true, server.port=0}', contextCustomizers = set[org.springframework.boot.test.autoconfigure.actuate.metrics.MetricsExportContextCustomizerFactory$DisableMetricExportContextCustomizer@39dcf4b0, org.springframework.boot.test.autoconfigure.properties.PropertyMappingContextCustomizer@0, org.springframework.boot.test.autoconfigure.web.servlet.WebDriverContextCustomizerFactory$Customizer@6722db6e, org.springframework.boot.test.context.filter.ExcludeFilterContextCustomizer@7a48e6e2, org.springframework.boot.test.json.DuplicateJsonObjectContextCustomizerFactory$DuplicateJsonObjectContextCustomizer@631e06ab, org.springframework.boot.test.mock.mockito.MockitoContextCustomizer@0, org.springframework.boot.test.web.client.TestRestTemplateContextCustomizer@24faea88, org.springframework.boot.test.context.SpringBootTestArgs@1, org.springframework.boot.test.context.SpringBootTestWebEnvironment@68d279ec], resourceBasePath = 'src/main/webapp', contextLoader = 'org.springframework.boot.test.context.SpringBootContextLoader', parent = [null]], attributes = map['org.springframework.test.context.web.ServletTestExecutionListener.activateListener' -> false, 'org.springframework.test.context.event.ApplicationEventsTestExecutionListener.recordApplicationEvents' -> false]]; transaction manager [org.springframework.orm.jpa.JpaTransactionManager@6a85a13]; rollback [true]
2022-12-04 20:12:11.921  INFO 16364 --- [    Test worker] o.a.c.c.C.[Tomcat].[localhost].[/]       : Initializing Spring TestDispatcherServlet ''
2022-12-04 20:12:11.921  INFO 16364 --- [    Test worker] o.s.t.web.servlet.TestDispatcherServlet  : Initializing Servlet ''
2022-12-04 20:12:11.921  INFO 16364 --- [    Test worker] o.s.t.web.servlet.TestDispatcherServlet  : Completed initialization in 0 ms
Hibernate: select posts0_.posts_id as posts_id1_5_, posts0_.created_date as created_2_5_, posts0_.modified_date as modified3_5_, posts0_.content as content4_5_, posts0_.description as descript5_5_, posts0_.likes as likes6_5_, posts0_.member_id as member_i9_5_, posts0_.secret as secret7_5_, posts0_.title as title8_5_ from posts posts0_
Hibernate: select member0_.member_id as member_i1_3_, member0_.created_date as created_2_3_, member0_.modified_date as modified3_3_, member0_.email as email4_3_, member0_.email_auth as email_au5_3_, member0_.name as name6_3_, member0_.picture as picture7_3_, member0_.role as role8_3_, member0_.short_bio as short_bi9_3_, member0_.username as usernam10_3_ from member member0_
Hibernate: insert into member (member_id, created_date, modified_date, email, email_auth, name, picture, role, short_bio, username) values (default, ?, ?, ?, ?, ?, ?, ?, ?, ?)

MockHttpServletRequest:
      HTTP Method = POST
      Request URI = /api/v1/posts
       Parameters = {}
          Headers = [Content-Type:"application/json;charset=UTF-8", Content-Length:"375"]
             Body = {"title":"","content":"안녕하세요?","member":{"createdDate":"2022-12-04T20:12:11.9216495","modifiedDate":"2022-12-04T20:12:11.9216495","id":485,"email":"azurealstn@naver.com","name":"슬로우스타터","picture":"test.jpg","role":"MEMBER","emailAuth":true,"username":"haha","shortBio":"안녕하세요!","roleKey":"ROLE_MEMBER"},"description":"소개글","secret":null}
    Session Attrs = {member=SessionMemberDto(id=485, name=슬로우스타터, email=azurealstn@naver.com, picture=test.jpg, username=haha, shortBio=안녕하세요!)}

Handler:
             Type = com.azurealstn.alog.controller.api.posts.PostsApiController
           Method = com.azurealstn.alog.controller.api.posts.PostsApiController#create(PostsCreateRequestDto)

Async:
    Async started = false
     Async result = null

Resolved Exception:
             Type = org.springframework.web.bind.MethodArgumentNotValidException

ModelAndView:
        View name = null
             View = null
            Model = null

FlashMap:
       Attributes = null

MockHttpServletResponse:
           Status = 400
    Error message = null
          Headers = [Content-Type:"application/json;charset=UTF-8"]
     Content type = application/json;charset=UTF-8
             Body = {"code":"400","message":"클라이언트의 잘못된 요청이 있습니다. (application/json)","validation":[{"fieldName":"title","errorMessage":"제목이 비어있습니다."}]}
    Forwarded URL = null
   Redirected URL = null
          Cookies = []
Hibernate: select posts0_.posts_id as posts_id1_5_, posts0_.created_date as created_2_5_, posts0_.modified_date as modified3_5_, posts0_.content as content4_5_, posts0_.description as descript5_5_, posts0_.likes as likes6_5_, posts0_.member_id as member_i9_5_, posts0_.secret as secret7_5_, posts0_.title as title8_5_ from posts posts0_
Hibernate: select member0_.member_id as member_i1_3_, member0_.created_date as created_2_3_, member0_.modified_date as modified3_3_, member0_.email as email4_3_, member0_.email_auth as email_au5_3_, member0_.name as name6_3_, member0_.picture as picture7_3_, member0_.role as role8_3_, member0_.short_bio as short_bi9_3_, member0_.username as usernam10_3_ from member member0_
2022-12-04 20:12:11.937  INFO 16364 --- [    Test worker] o.s.t.c.transaction.TransactionContext   : Rolled back transaction for test: [DefaultTestContext@5fe74841 testClass = PostsApiControllerTest, testInstance = com.azurealstn.alog.controller.api.posts.PostsApiControllerTest@7ffb60a4, testMethod = posts_create_api_validate_title@PostsApiControllerTest, testException = [null], mergedContextConfiguration = [WebMergedContextConfiguration@3cb4e32b testClass = PostsApiControllerTest, locations = '{}', classes = '{class com.azurealstn.alog.AlogApplication}', contextInitializerClasses = '[]', activeProfiles = '{}', propertySourceLocations = '{}', propertySourceProperties = '{org.springframework.boot.test.context.SpringBootTestContextBootstrapper=true, server.port=0}', contextCustomizers = set[org.springframework.boot.test.autoconfigure.actuate.metrics.MetricsExportContextCustomizerFactory$DisableMetricExportContextCustomizer@39dcf4b0, org.springframework.boot.test.autoconfigure.properties.PropertyMappingContextCustomizer@0, org.springframework.boot.test.autoconfigure.web.servlet.WebDriverContextCustomizerFactory$Customizer@6722db6e, org.springframework.boot.test.context.filter.ExcludeFilterContextCustomizer@7a48e6e2, org.springframework.boot.test.json.DuplicateJsonObjectContextCustomizerFactory$DuplicateJsonObjectContextCustomizer@631e06ab, org.springframework.boot.test.mock.mockito.MockitoContextCustomizer@0, org.springframework.boot.test.web.client.TestRestTemplateContextCustomizer@24faea88, org.springframework.boot.test.context.SpringBootTestArgs@1, org.springframework.boot.test.context.SpringBootTestWebEnvironment@68d279ec], resourceBasePath = 'src/main/webapp', contextLoader = 'org.springframework.boot.test.context.SpringBootContextLoader', parent = [null]], attributes = map['org.springframework.test.context.web.ServletTestExecutionListener.activateListener' -> false, 'org.springframework.test.context.event.ApplicationEventsTestExecutionListener.recordApplicationEvents' -> false]]
2022-12-04 20:12:11.937  INFO 16364 --- [    Test worker] o.s.t.c.transaction.TransactionContext   : Began transaction (1) for test context [DefaultTestContext@5fe74841 testClass = PostsApiControllerTest, testInstance = com.azurealstn.alog.controller.api.posts.PostsApiControllerTest@41285940, testMethod = posts_create_api_validate_description@PostsApiControllerTest, testException = [null], mergedContextConfiguration = [WebMergedContextConfiguration@3cb4e32b testClass = PostsApiControllerTest, locations = '{}', classes = '{class com.azurealstn.alog.AlogApplication}', contextInitializerClasses = '[]', activeProfiles = '{}', propertySourceLocations = '{}', propertySourceProperties = '{org.springframework.boot.test.context.SpringBootTestContextBootstrapper=true, server.port=0}', contextCustomizers = set[org.springframework.boot.test.autoconfigure.actuate.metrics.MetricsExportContextCustomizerFactory$DisableMetricExportContextCustomizer@39dcf4b0, org.springframework.boot.test.autoconfigure.properties.PropertyMappingContextCustomizer@0, org.springframework.boot.test.autoconfigure.web.servlet.WebDriverContextCustomizerFactory$Customizer@6722db6e, org.springframework.boot.test.context.filter.ExcludeFilterContextCustomizer@7a48e6e2, org.springframework.boot.test.json.DuplicateJsonObjectContextCustomizerFactory$DuplicateJsonObjectContextCustomizer@631e06ab, org.springframework.boot.test.mock.mockito.MockitoContextCustomizer@0, org.springframework.boot.test.web.client.TestRestTemplateContextCustomizer@24faea88, org.springframework.boot.test.context.SpringBootTestArgs@1, org.springframework.boot.test.context.SpringBootTestWebEnvironment@68d279ec], resourceBasePath = 'src/main/webapp', contextLoader = 'org.springframework.boot.test.context.SpringBootContextLoader', parent = [null]], attributes = map['org.springframework.test.context.web.ServletTestExecutionListener.activateListener' -> false, 'org.springframework.test.context.event.ApplicationEventsTestExecutionListener.recordApplicationEvents' -> false]]; transaction manager [org.springframework.orm.jpa.JpaTransactionManager@6a85a13]; rollback [true]
2022-12-04 20:12:11.937  INFO 16364 --- [    Test worker] o.a.c.c.C.[Tomcat].[localhost].[/]       : Initializing Spring TestDispatcherServlet ''
2022-12-04 20:12:11.937  INFO 16364 --- [    Test worker] o.s.t.web.servlet.TestDispatcherServlet  : Initializing Servlet ''
2022-12-04 20:12:11.937  INFO 16364 --- [    Test worker] o.s.t.web.servlet.TestDispatcherServlet  : Completed initialization in 0 ms
Hibernate: select posts0_.posts_id as posts_id1_5_, posts0_.created_date as created_2_5_, posts0_.modified_date as modified3_5_, posts0_.content as content4_5_, posts0_.description as descript5_5_, posts0_.likes as likes6_5_, posts0_.member_id as member_i9_5_, posts0_.secret as secret7_5_, posts0_.title as title8_5_ from posts posts0_
Hibernate: select member0_.member_id as member_i1_3_, member0_.created_date as created_2_3_, member0_.modified_date as modified3_3_, member0_.email as email4_3_, member0_.email_auth as email_au5_3_, member0_.name as name6_3_, member0_.picture as picture7_3_, member0_.role as role8_3_, member0_.short_bio as short_bi9_3_, member0_.username as usernam10_3_ from member member0_
Hibernate: insert into member (member_id, created_date, modified_date, email, email_auth, name, picture, role, short_bio, username) values (default, ?, ?, ?, ?, ?, ?, ?, ?, ?)

MockHttpServletRequest:
      HTTP Method = POST
      Request URI = /api/v1/posts
       Parameters = {}
          Headers = [Content-Type:"application/json;charset=UTF-8", Content-Length:"981"]
             Body = {"title":"안녕하세요","content":"제목입니다.","member":{"createdDate":"2022-12-04T20:12:11.9372759","modifiedDate":"2022-12-04T20:12:11.9372759","id":486,"email":"azurealstn@naver.com","name":"슬로우스타터","picture":"test.jpg","role":"MEMBER","emailAuth":true,"username":"haha","shortBio":"안녕하세요!","roleKey":"ROLE_MEMBER"},"description":"글자가다섯글자가다섯글자가다섯글자가다섯글자가다섯글자가다섯글자가다섯글자가다섯글자가다섯글자가다섯글자가다섯글자가다섯글자가다섯글자가다섯글자가다섯글자가다섯글자가다섯글자가다섯글자가다섯글자가다섯글자가다섯글자가다섯글자가다섯글자가다섯글자가다섯글자가다섯글자가다섯글자가다섯글자가다섯글자가다섯글자가다섯글자가다섯글자가다섯글자가다섯글자가다섯글자가다섯글자가다섯글자가다섯글자가다섯글자가다섯","secret":null}
    Session Attrs = {member=SessionMemberDto(id=486, name=슬로우스타터, email=azurealstn@naver.com, picture=test.jpg, username=haha, shortBio=안녕하세요!)}

Handler:
             Type = com.azurealstn.alog.controller.api.posts.PostsApiController
           Method = com.azurealstn.alog.controller.api.posts.PostsApiController#create(PostsCreateRequestDto)

Async:
    Async started = false
     Async result = null

Resolved Exception:
             Type = org.springframework.web.bind.MethodArgumentNotValidException

ModelAndView:
        View name = null
             View = null
            Model = null

FlashMap:
       Attributes = null

MockHttpServletResponse:
           Status = 400
    Error message = null
          Headers = [Content-Type:"application/json;charset=UTF-8"]
     Content type = application/json;charset=UTF-8
             Body = {"code":"400","message":"클라이언트의 잘못된 요청이 있습니다. (application/json)","validation":[{"fieldName":"description","errorMessage":"포스트 소개 글을 150자 내로 적어주세요."}]}
    Forwarded URL = null
   Redirected URL = null
          Cookies = []
Hibernate: select posts0_.posts_id as posts_id1_5_, posts0_.created_date as created_2_5_, posts0_.modified_date as modified3_5_, posts0_.content as content4_5_, posts0_.description as descript5_5_, posts0_.likes as likes6_5_, posts0_.member_id as member_i9_5_, posts0_.secret as secret7_5_, posts0_.title as title8_5_ from posts posts0_
Hibernate: select member0_.member_id as member_i1_3_, member0_.created_date as created_2_3_, member0_.modified_date as modified3_3_, member0_.email as email4_3_, member0_.email_auth as email_au5_3_, member0_.name as name6_3_, member0_.picture as picture7_3_, member0_.role as role8_3_, member0_.short_bio as short_bi9_3_, member0_.username as usernam10_3_ from member member0_
2022-12-04 20:12:11.952  INFO 16364 --- [    Test worker] o.s.t.c.transaction.TransactionContext   : Rolled back transaction for test: [DefaultTestContext@5fe74841 testClass = PostsApiControllerTest, testInstance = com.azurealstn.alog.controller.api.posts.PostsApiControllerTest@41285940, testMethod = posts_create_api_validate_description@PostsApiControllerTest, testException = [null], mergedContextConfiguration = [WebMergedContextConfiguration@3cb4e32b testClass = PostsApiControllerTest, locations = '{}', classes = '{class com.azurealstn.alog.AlogApplication}', contextInitializerClasses = '[]', activeProfiles = '{}', propertySourceLocations = '{}', propertySourceProperties = '{org.springframework.boot.test.context.SpringBootTestContextBootstrapper=true, server.port=0}', contextCustomizers = set[org.springframework.boot.test.autoconfigure.actuate.metrics.MetricsExportContextCustomizerFactory$DisableMetricExportContextCustomizer@39dcf4b0, org.springframework.boot.test.autoconfigure.properties.PropertyMappingContextCustomizer@0, org.springframework.boot.test.autoconfigure.web.servlet.WebDriverContextCustomizerFactory$Customizer@6722db6e, org.springframework.boot.test.context.filter.ExcludeFilterContextCustomizer@7a48e6e2, org.springframework.boot.test.json.DuplicateJsonObjectContextCustomizerFactory$DuplicateJsonObjectContextCustomizer@631e06ab, org.springframework.boot.test.mock.mockito.MockitoContextCustomizer@0, org.springframework.boot.test.web.client.TestRestTemplateContextCustomizer@24faea88, org.springframework.boot.test.context.SpringBootTestArgs@1, org.springframework.boot.test.context.SpringBootTestWebEnvironment@68d279ec], resourceBasePath = 'src/main/webapp', contextLoader = 'org.springframework.boot.test.context.SpringBootContextLoader', parent = [null]], attributes = map['org.springframework.test.context.web.ServletTestExecutionListener.activateListener' -> false, 'org.springframework.test.context.event.ApplicationEventsTestExecutionListener.recordApplicationEvents' -> false]]
2022-12-04 20:12:11.952  INFO 16364 --- [    Test worker] o.s.t.c.transaction.TransactionContext   : Began transaction (1) for test context [DefaultTestContext@5fe74841 testClass = PostsApiControllerTest, testInstance = com.azurealstn.alog.controller.api.posts.PostsApiControllerTest@3995bb7b, testMethod = delete_posts_api@PostsApiControllerTest, testException = [null], mergedContextConfiguration = [WebMergedContextConfiguration@3cb4e32b testClass = PostsApiControllerTest, locations = '{}', classes = '{class com.azurealstn.alog.AlogApplication}', contextInitializerClasses = '[]', activeProfiles = '{}', propertySourceLocations = '{}', propertySourceProperties = '{org.springframework.boot.test.context.SpringBootTestContextBootstrapper=true, server.port=0}', contextCustomizers = set[org.springframework.boot.test.autoconfigure.actuate.metrics.MetricsExportContextCustomizerFactory$DisableMetricExportContextCustomizer@39dcf4b0, org.springframework.boot.test.autoconfigure.properties.PropertyMappingContextCustomizer@0, org.springframework.boot.test.autoconfigure.web.servlet.WebDriverContextCustomizerFactory$Customizer@6722db6e, org.springframework.boot.test.context.filter.ExcludeFilterContextCustomizer@7a48e6e2, org.springframework.boot.test.json.DuplicateJsonObjectContextCustomizerFactory$DuplicateJsonObjectContextCustomizer@631e06ab, org.springframework.boot.test.mock.mockito.MockitoContextCustomizer@0, org.springframework.boot.test.web.client.TestRestTemplateContextCustomizer@24faea88, org.springframework.boot.test.context.SpringBootTestArgs@1, org.springframework.boot.test.context.SpringBootTestWebEnvironment@68d279ec], resourceBasePath = 'src/main/webapp', contextLoader = 'org.springframework.boot.test.context.SpringBootContextLoader', parent = [null]], attributes = map['org.springframework.test.context.web.ServletTestExecutionListener.activateListener' -> false, 'org.springframework.test.context.event.ApplicationEventsTestExecutionListener.recordApplicationEvents' -> false]]; transaction manager [org.springframework.orm.jpa.JpaTransactionManager@6a85a13]; rollback [true]
2022-12-04 20:12:11.952  INFO 16364 --- [    Test worker] o.a.c.c.C.[Tomcat].[localhost].[/]       : Initializing Spring TestDispatcherServlet ''
2022-12-04 20:12:11.952  INFO 16364 --- [    Test worker] o.s.t.web.servlet.TestDispatcherServlet  : Initializing Servlet ''
2022-12-04 20:12:11.952  INFO 16364 --- [    Test worker] o.s.t.web.servlet.TestDispatcherServlet  : Completed initialization in 0 ms
Hibernate: select posts0_.posts_id as posts_id1_5_, posts0_.created_date as created_2_5_, posts0_.modified_date as modified3_5_, posts0_.content as content4_5_, posts0_.description as descript5_5_, posts0_.likes as likes6_5_, posts0_.member_id as member_i9_5_, posts0_.secret as secret7_5_, posts0_.title as title8_5_ from posts posts0_
Hibernate: select member0_.member_id as member_i1_3_, member0_.created_date as created_2_3_, member0_.modified_date as modified3_3_, member0_.email as email4_3_, member0_.email_auth as email_au5_3_, member0_.name as name6_3_, member0_.picture as picture7_3_, member0_.role as role8_3_, member0_.short_bio as short_bi9_3_, member0_.username as usernam10_3_ from member member0_
Hibernate: insert into member (member_id, created_date, modified_date, email, email_auth, name, picture, role, short_bio, username) values (default, ?, ?, ?, ?, ?, ?, ?, ?, ?)
Hibernate: insert into posts (posts_id, created_date, modified_date, content, description, likes, member_id, secret, title) values (default, ?, ?, ?, ?, ?, ?, ?, ?)

MockHttpServletRequest:
      HTTP Method = DELETE
      Request URI = /api/v1/posts/876
       Parameters = {}
          Headers = [Content-Type:"application/json;charset=UTF-8"]
             Body = null
    Session Attrs = {member=SessionMemberDto(id=487, name=슬로우스타터, email=azurealstn@naver.com, picture=test.jpg, username=haha, shortBio=안녕하세요!)}

Handler:
             Type = com.azurealstn.alog.controller.api.posts.PostsApiController
           Method = com.azurealstn.alog.controller.api.posts.PostsApiController#posts(Long)

Async:
    Async started = false
     Async result = null

Resolved Exception:
             Type = null

ModelAndView:
        View name = null
             View = null
            Model = null

FlashMap:
       Attributes = null

MockHttpServletResponse:
           Status = 200
    Error message = null
          Headers = []
     Content type = null
             Body = 
    Forwarded URL = null
   Redirected URL = null
          Cookies = []
Hibernate: delete from posts where posts_id=?
Hibernate: select posts0_.posts_id as posts_id1_5_, posts0_.created_date as created_2_5_, posts0_.modified_date as modified3_5_, posts0_.content as content4_5_, posts0_.description as descript5_5_, posts0_.likes as likes6_5_, posts0_.member_id as member_i9_5_, posts0_.secret as secret7_5_, posts0_.title as title8_5_ from posts posts0_
Hibernate: select member0_.member_id as member_i1_3_, member0_.created_date as created_2_3_, member0_.modified_date as modified3_3_, member0_.email as email4_3_, member0_.email_auth as email_au5_3_, member0_.name as name6_3_, member0_.picture as picture7_3_, member0_.role as role8_3_, member0_.short_bio as short_bi9_3_, member0_.username as usernam10_3_ from member member0_
2022-12-04 20:12:11.968  INFO 16364 --- [    Test worker] o.s.t.c.transaction.TransactionContext   : Rolled back transaction for test: [DefaultTestContext@5fe74841 testClass = PostsApiControllerTest, testInstance = com.azurealstn.alog.controller.api.posts.PostsApiControllerTest@3995bb7b, testMethod = delete_posts_api@PostsApiControllerTest, testException = [null], mergedContextConfiguration = [WebMergedContextConfiguration@3cb4e32b testClass = PostsApiControllerTest, locations = '{}', classes = '{class com.azurealstn.alog.AlogApplication}', contextInitializerClasses = '[]', activeProfiles = '{}', propertySourceLocations = '{}', propertySourceProperties = '{org.springframework.boot.test.context.SpringBootTestContextBootstrapper=true, server.port=0}', contextCustomizers = set[org.springframework.boot.test.autoconfigure.actuate.metrics.MetricsExportContextCustomizerFactory$DisableMetricExportContextCustomizer@39dcf4b0, org.springframework.boot.test.autoconfigure.properties.PropertyMappingContextCustomizer@0, org.springframework.boot.test.autoconfigure.web.servlet.WebDriverContextCustomizerFactory$Customizer@6722db6e, org.springframework.boot.test.context.filter.ExcludeFilterContextCustomizer@7a48e6e2, org.springframework.boot.test.json.DuplicateJsonObjectContextCustomizerFactory$DuplicateJsonObjectContextCustomizer@631e06ab, org.springframework.boot.test.mock.mockito.MockitoContextCustomizer@0, org.springframework.boot.test.web.client.TestRestTemplateContextCustomizer@24faea88, org.springframework.boot.test.context.SpringBootTestArgs@1, org.springframework.boot.test.context.SpringBootTestWebEnvironment@68d279ec], resourceBasePath = 'src/main/webapp', contextLoader = 'org.springframework.boot.test.context.SpringBootContextLoader', parent = [null]], attributes = map['org.springframework.test.context.web.ServletTestExecutionListener.activateListener' -> false, 'org.springframework.test.context.event.ApplicationEventsTestExecutionListener.recordApplicationEvents' -> false]]
2022-12-04 20:12:11.968  INFO 16364 --- [    Test worker] o.s.t.c.transaction.TransactionContext   : Began transaction (1) for test context [DefaultTestContext@5fe74841 testClass = PostsApiControllerTest, testInstance = com.azurealstn.alog.controller.api.posts.PostsApiControllerTest@3f81872b, testMethod = modify_posts_api_o@PostsApiControllerTest, testException = [null], mergedContextConfiguration = [WebMergedContextConfiguration@3cb4e32b testClass = PostsApiControllerTest, locations = '{}', classes = '{class com.azurealstn.alog.AlogApplication}', contextInitializerClasses = '[]', activeProfiles = '{}', propertySourceLocations = '{}', propertySourceProperties = '{org.springframework.boot.test.context.SpringBootTestContextBootstrapper=true, server.port=0}', contextCustomizers = set[org.springframework.boot.test.autoconfigure.actuate.metrics.MetricsExportContextCustomizerFactory$DisableMetricExportContextCustomizer@39dcf4b0, org.springframework.boot.test.autoconfigure.properties.PropertyMappingContextCustomizer@0, org.springframework.boot.test.autoconfigure.web.servlet.WebDriverContextCustomizerFactory$Customizer@6722db6e, org.springframework.boot.test.context.filter.ExcludeFilterContextCustomizer@7a48e6e2, org.springframework.boot.test.json.DuplicateJsonObjectContextCustomizerFactory$DuplicateJsonObjectContextCustomizer@631e06ab, org.springframework.boot.test.mock.mockito.MockitoContextCustomizer@0, org.springframework.boot.test.web.client.TestRestTemplateContextCustomizer@24faea88, org.springframework.boot.test.context.SpringBootTestArgs@1, org.springframework.boot.test.context.SpringBootTestWebEnvironment@68d279ec], resourceBasePath = 'src/main/webapp', contextLoader = 'org.springframework.boot.test.context.SpringBootContextLoader', parent = [null]], attributes = map['org.springframework.test.context.web.ServletTestExecutionListener.activateListener' -> false, 'org.springframework.test.context.event.ApplicationEventsTestExecutionListener.recordApplicationEvents' -> false]]; transaction manager [org.springframework.orm.jpa.JpaTransactionManager@6a85a13]; rollback [true]
2022-12-04 20:12:11.968  INFO 16364 --- [    Test worker] o.a.c.c.C.[Tomcat].[localhost].[/]       : Initializing Spring TestDispatcherServlet ''
2022-12-04 20:12:11.968  INFO 16364 --- [    Test worker] o.s.t.web.servlet.TestDispatcherServlet  : Initializing Servlet ''
2022-12-04 20:12:11.968  INFO 16364 --- [    Test worker] o.s.t.web.servlet.TestDispatcherServlet  : Completed initialization in 0 ms
Hibernate: select posts0_.posts_id as posts_id1_5_, posts0_.created_date as created_2_5_, posts0_.modified_date as modified3_5_, posts0_.content as content4_5_, posts0_.description as descript5_5_, posts0_.likes as likes6_5_, posts0_.member_id as member_i9_5_, posts0_.secret as secret7_5_, posts0_.title as title8_5_ from posts posts0_
Hibernate: select member0_.member_id as member_i1_3_, member0_.created_date as created_2_3_, member0_.modified_date as modified3_3_, member0_.email as email4_3_, member0_.email_auth as email_au5_3_, member0_.name as name6_3_, member0_.picture as picture7_3_, member0_.role as role8_3_, member0_.short_bio as short_bi9_3_, member0_.username as usernam10_3_ from member member0_
Hibernate: insert into member (member_id, created_date, modified_date, email, email_auth, name, picture, role, short_bio, username) values (default, ?, ?, ?, ?, ?, ?, ?, ?, ?)
Hibernate: insert into posts (posts_id, created_date, modified_date, content, description, likes, member_id, secret, title) values (default, ?, ?, ?, ?, ?, ?, ?, ?)

MockHttpServletRequest:
      HTTP Method = PUT
      Request URI = /api/v1/posts/877
       Parameters = {}
          Headers = [Content-Type:"application/json;charset=UTF-8", Content-Length:"107"]
             Body = {"title":"제목입니다.","content":"내용입니다.","description":"소개글입니다.","secret":null}
    Session Attrs = {member=SessionMemberDto(id=488, name=슬로우스타터, email=azurealstn@naver.com, picture=test.jpg, username=haha, shortBio=안녕하세요!)}

Handler:
             Type = com.azurealstn.alog.controller.api.posts.PostsApiController
           Method = com.azurealstn.alog.controller.api.posts.PostsApiController#modify(Long, PostsModifyRequestDto)

Async:
    Async started = false
     Async result = null

Resolved Exception:
             Type = null

ModelAndView:
        View name = null
             View = null
            Model = null

FlashMap:
       Attributes = null

MockHttpServletResponse:
           Status = 200
    Error message = null
          Headers = [Content-Type:"application/json;charset=UTF-8"]
     Content type = application/json;charset=UTF-8
             Body = 877
    Forwarded URL = null
   Redirected URL = null
          Cookies = []
Hibernate: update posts set created_date=?, modified_date=?, content=?, description=?, likes=?, member_id=?, secret=?, title=? where posts_id=?
Hibernate: select posts0_.posts_id as posts_id1_5_, posts0_.created_date as created_2_5_, posts0_.modified_date as modified3_5_, posts0_.content as content4_5_, posts0_.description as descript5_5_, posts0_.likes as likes6_5_, posts0_.member_id as member_i9_5_, posts0_.secret as secret7_5_, posts0_.title as title8_5_ from posts posts0_
Hibernate: select member0_.member_id as member_i1_3_, member0_.created_date as created_2_3_, member0_.modified_date as modified3_3_, member0_.email as email4_3_, member0_.email_auth as email_au5_3_, member0_.name as name6_3_, member0_.picture as picture7_3_, member0_.role as role8_3_, member0_.short_bio as short_bi9_3_, member0_.username as usernam10_3_ from member member0_
2022-12-04 20:12:11.984  INFO 16364 --- [    Test worker] o.s.t.c.transaction.TransactionContext   : Rolled back transaction for test: [DefaultTestContext@5fe74841 testClass = PostsApiControllerTest, testInstance = com.azurealstn.alog.controller.api.posts.PostsApiControllerTest@3f81872b, testMethod = modify_posts_api_o@PostsApiControllerTest, testException = [null], mergedContextConfiguration = [WebMergedContextConfiguration@3cb4e32b testClass = PostsApiControllerTest, locations = '{}', classes = '{class com.azurealstn.alog.AlogApplication}', contextInitializerClasses = '[]', activeProfiles = '{}', propertySourceLocations = '{}', propertySourceProperties = '{org.springframework.boot.test.context.SpringBootTestContextBootstrapper=true, server.port=0}', contextCustomizers = set[org.springframework.boot.test.autoconfigure.actuate.metrics.MetricsExportContextCustomizerFactory$DisableMetricExportContextCustomizer@39dcf4b0, org.springframework.boot.test.autoconfigure.properties.PropertyMappingContextCustomizer@0, org.springframework.boot.test.autoconfigure.web.servlet.WebDriverContextCustomizerFactory$Customizer@6722db6e, org.springframework.boot.test.context.filter.ExcludeFilterContextCustomizer@7a48e6e2, org.springframework.boot.test.json.DuplicateJsonObjectContextCustomizerFactory$DuplicateJsonObjectContextCustomizer@631e06ab, org.springframework.boot.test.mock.mockito.MockitoContextCustomizer@0, org.springframework.boot.test.web.client.TestRestTemplateContextCustomizer@24faea88, org.springframework.boot.test.context.SpringBootTestArgs@1, org.springframework.boot.test.context.SpringBootTestWebEnvironment@68d279ec], resourceBasePath = 'src/main/webapp', contextLoader = 'org.springframework.boot.test.context.SpringBootContextLoader', parent = [null]], attributes = map['org.springframework.test.context.web.ServletTestExecutionListener.activateListener' -> false, 'org.springframework.test.context.event.ApplicationEventsTestExecutionListener.recordApplicationEvents' -> false]]
2022-12-04 20:12:11.984  INFO 16364 --- [    Test worker] o.s.t.c.transaction.TransactionContext   : Began transaction (1) for test context [DefaultTestContext@5fe74841 testClass = PostsApiControllerTest, testInstance = com.azurealstn.alog.controller.api.posts.PostsApiControllerTest@68f253a9, testMethod = modify_posts_api_x@PostsApiControllerTest, testException = [null], mergedContextConfiguration = [WebMergedContextConfiguration@3cb4e32b testClass = PostsApiControllerTest, locations = '{}', classes = '{class com.azurealstn.alog.AlogApplication}', contextInitializerClasses = '[]', activeProfiles = '{}', propertySourceLocations = '{}', propertySourceProperties = '{org.springframework.boot.test.context.SpringBootTestContextBootstrapper=true, server.port=0}', contextCustomizers = set[org.springframework.boot.test.autoconfigure.actuate.metrics.MetricsExportContextCustomizerFactory$DisableMetricExportContextCustomizer@39dcf4b0, org.springframework.boot.test.autoconfigure.properties.PropertyMappingContextCustomizer@0, org.springframework.boot.test.autoconfigure.web.servlet.WebDriverContextCustomizerFactory$Customizer@6722db6e, org.springframework.boot.test.context.filter.ExcludeFilterContextCustomizer@7a48e6e2, org.springframework.boot.test.json.DuplicateJsonObjectContextCustomizerFactory$DuplicateJsonObjectContextCustomizer@631e06ab, org.springframework.boot.test.mock.mockito.MockitoContextCustomizer@0, org.springframework.boot.test.web.client.TestRestTemplateContextCustomizer@24faea88, org.springframework.boot.test.context.SpringBootTestArgs@1, org.springframework.boot.test.context.SpringBootTestWebEnvironment@68d279ec], resourceBasePath = 'src/main/webapp', contextLoader = 'org.springframework.boot.test.context.SpringBootContextLoader', parent = [null]], attributes = map['org.springframework.test.context.web.ServletTestExecutionListener.activateListener' -> false, 'org.springframework.test.context.event.ApplicationEventsTestExecutionListener.recordApplicationEvents' -> false]]; transaction manager [org.springframework.orm.jpa.JpaTransactionManager@6a85a13]; rollback [true]
2022-12-04 20:12:11.984  INFO 16364 --- [    Test worker] o.a.c.c.C.[Tomcat].[localhost].[/]       : Initializing Spring TestDispatcherServlet ''
2022-12-04 20:12:11.984  INFO 16364 --- [    Test worker] o.s.t.web.servlet.TestDispatcherServlet  : Initializing Servlet ''
2022-12-04 20:12:11.984  INFO 16364 --- [    Test worker] o.s.t.web.servlet.TestDispatcherServlet  : Completed initialization in 0 ms
Hibernate: select posts0_.posts_id as posts_id1_5_, posts0_.created_date as created_2_5_, posts0_.modified_date as modified3_5_, posts0_.content as content4_5_, posts0_.description as descript5_5_, posts0_.likes as likes6_5_, posts0_.member_id as member_i9_5_, posts0_.secret as secret7_5_, posts0_.title as title8_5_ from posts posts0_
Hibernate: select member0_.member_id as member_i1_3_, member0_.created_date as created_2_3_, member0_.modified_date as modified3_3_, member0_.email as email4_3_, member0_.email_auth as email_au5_3_, member0_.name as name6_3_, member0_.picture as picture7_3_, member0_.role as role8_3_, member0_.short_bio as short_bi9_3_, member0_.username as usernam10_3_ from member member0_
Hibernate: insert into member (member_id, created_date, modified_date, email, email_auth, name, picture, role, short_bio, username) values (default, ?, ?, ?, ?, ?, ?, ?, ?, ?)
Hibernate: insert into posts (posts_id, created_date, modified_date, content, description, likes, member_id, secret, title) values (default, ?, ?, ?, ?, ?, ?, ?, ?)
Hibernate: select posts0_.posts_id as posts_id1_5_0_, posts0_.created_date as created_2_5_0_, posts0_.modified_date as modified3_5_0_, posts0_.content as content4_5_0_, posts0_.description as descript5_5_0_, posts0_.likes as likes6_5_0_, posts0_.member_id as member_i9_5_0_, posts0_.secret as secret7_5_0_, posts0_.title as title8_5_0_, member1_.member_id as member_i1_3_1_, member1_.created_date as created_2_3_1_, member1_.modified_date as modified3_3_1_, member1_.email as email4_3_1_, member1_.email_auth as email_au5_3_1_, member1_.name as name6_3_1_, member1_.picture as picture7_3_1_, member1_.role as role8_3_1_, member1_.short_bio as short_bi9_3_1_, member1_.username as usernam10_3_1_ from posts posts0_ left outer join member member1_ on posts0_.member_id=member1_.member_id where posts0_.posts_id=?

MockHttpServletRequest:
      HTTP Method = PUT
      Request URI = /api/v1/posts/879
       Parameters = {}
          Headers = [Content-Type:"application/json;charset=UTF-8", Content-Length:"107"]
             Body = {"title":"제목입니다.","content":"내용입니다.","description":"소개글입니다.","secret":null}
    Session Attrs = {member=SessionMemberDto(id=489, name=슬로우스타터, email=azurealstn@naver.com, picture=test.jpg, username=haha, shortBio=안녕하세요!)}

Handler:
             Type = com.azurealstn.alog.controller.api.posts.PostsApiController
           Method = com.azurealstn.alog.controller.api.posts.PostsApiController#modify(Long, PostsModifyRequestDto)

Async:
    Async started = false
     Async result = null

Resolved Exception:
             Type = com.azurealstn.alog.Infra.exception.posts.PostsNotFound

ModelAndView:
        View name = null
             View = null
            Model = null

FlashMap:
       Attributes = null

MockHttpServletResponse:
           Status = 404
    Error message = null
          Headers = [Content-Type:"application/json;charset=UTF-8"]
     Content type = application/json;charset=UTF-8
             Body = {"code":"404","message":"해당 글이 없습니다.","validation":[]}
    Forwarded URL = null
   Redirected URL = null
          Cookies = []
Hibernate: select posts0_.posts_id as posts_id1_5_, posts0_.created_date as created_2_5_, posts0_.modified_date as modified3_5_, posts0_.content as content4_5_, posts0_.description as descript5_5_, posts0_.likes as likes6_5_, posts0_.member_id as member_i9_5_, posts0_.secret as secret7_5_, posts0_.title as title8_5_ from posts posts0_
Hibernate: select member0_.member_id as member_i1_3_, member0_.created_date as created_2_3_, member0_.modified_date as modified3_3_, member0_.email as email4_3_, member0_.email_auth as email_au5_3_, member0_.name as name6_3_, member0_.picture as picture7_3_, member0_.role as role8_3_, member0_.short_bio as short_bi9_3_, member0_.username as usernam10_3_ from member member0_
2022-12-04 20:12:11.999  INFO 16364 --- [    Test worker] o.s.t.c.transaction.TransactionContext   : Rolled back transaction for test: [DefaultTestContext@5fe74841 testClass = PostsApiControllerTest, testInstance = com.azurealstn.alog.controller.api.posts.PostsApiControllerTest@68f253a9, testMethod = modify_posts_api_x@PostsApiControllerTest, testException = [null], mergedContextConfiguration = [WebMergedContextConfiguration@3cb4e32b testClass = PostsApiControllerTest, locations = '{}', classes = '{class com.azurealstn.alog.AlogApplication}', contextInitializerClasses = '[]', activeProfiles = '{}', propertySourceLocations = '{}', propertySourceProperties = '{org.springframework.boot.test.context.SpringBootTestContextBootstrapper=true, server.port=0}', contextCustomizers = set[org.springframework.boot.test.autoconfigure.actuate.metrics.MetricsExportContextCustomizerFactory$DisableMetricExportContextCustomizer@39dcf4b0, org.springframework.boot.test.autoconfigure.properties.PropertyMappingContextCustomizer@0, org.springframework.boot.test.autoconfigure.web.servlet.WebDriverContextCustomizerFactory$Customizer@6722db6e, org.springframework.boot.test.context.filter.ExcludeFilterContextCustomizer@7a48e6e2, org.springframework.boot.test.json.DuplicateJsonObjectContextCustomizerFactory$DuplicateJsonObjectContextCustomizer@631e06ab, org.springframework.boot.test.mock.mockito.MockitoContextCustomizer@0, org.springframework.boot.test.web.client.TestRestTemplateContextCustomizer@24faea88, org.springframework.boot.test.context.SpringBootTestArgs@1, org.springframework.boot.test.context.SpringBootTestWebEnvironment@68d279ec], resourceBasePath = 'src/main/webapp', contextLoader = 'org.springframework.boot.test.context.SpringBootContextLoader', parent = [null]], attributes = map['org.springframework.test.context.web.ServletTestExecutionListener.activateListener' -> false, 'org.springframework.test.context.event.ApplicationEventsTestExecutionListener.recordApplicationEvents' -> false]]
2022-12-04 20:12:11.999  INFO 16364 --- [    Test worker] o.s.t.c.transaction.TransactionContext   : Began transaction (1) for test context [DefaultTestContext@5fe74841 testClass = PostsApiControllerTest, testInstance = com.azurealstn.alog.controller.api.posts.PostsApiControllerTest@170dbf94, testMethod = create_posts@PostsApiControllerTest, testException = [null], mergedContextConfiguration = [WebMergedContextConfiguration@3cb4e32b testClass = PostsApiControllerTest, locations = '{}', classes = '{class com.azurealstn.alog.AlogApplication}', contextInitializerClasses = '[]', activeProfiles = '{}', propertySourceLocations = '{}', propertySourceProperties = '{org.springframework.boot.test.context.SpringBootTestContextBootstrapper=true, server.port=0}', contextCustomizers = set[org.springframework.boot.test.autoconfigure.actuate.metrics.MetricsExportContextCustomizerFactory$DisableMetricExportContextCustomizer@39dcf4b0, org.springframework.boot.test.autoconfigure.properties.PropertyMappingContextCustomizer@0, org.springframework.boot.test.autoconfigure.web.servlet.WebDriverContextCustomizerFactory$Customizer@6722db6e, org.springframework.boot.test.context.filter.ExcludeFilterContextCustomizer@7a48e6e2, org.springframework.boot.test.json.DuplicateJsonObjectContextCustomizerFactory$DuplicateJsonObjectContextCustomizer@631e06ab, org.springframework.boot.test.mock.mockito.MockitoContextCustomizer@0, org.springframework.boot.test.web.client.TestRestTemplateContextCustomizer@24faea88, org.springframework.boot.test.context.SpringBootTestArgs@1, org.springframework.boot.test.context.SpringBootTestWebEnvironment@68d279ec], resourceBasePath = 'src/main/webapp', contextLoader = 'org.springframework.boot.test.context.SpringBootContextLoader', parent = [null]], attributes = map['org.springframework.test.context.web.ServletTestExecutionListener.activateListener' -> false, 'org.springframework.test.context.event.ApplicationEventsTestExecutionListener.recordApplicationEvents' -> false]]; transaction manager [org.springframework.orm.jpa.JpaTransactionManager@6a85a13]; rollback [true]
2022-12-04 20:12:11.999  INFO 16364 --- [    Test worker] o.a.c.c.C.[Tomcat].[localhost].[/]       : Initializing Spring TestDispatcherServlet ''
2022-12-04 20:12:11.999  INFO 16364 --- [    Test worker] o.s.t.web.servlet.TestDispatcherServlet  : Initializing Servlet ''
2022-12-04 20:12:12.015  INFO 16364 --- [    Test worker] o.s.t.web.servlet.TestDispatcherServlet  : Completed initialization in 16 ms
Hibernate: select posts0_.posts_id as posts_id1_5_, posts0_.created_date as created_2_5_, posts0_.modified_date as modified3_5_, posts0_.content as content4_5_, posts0_.description as descript5_5_, posts0_.likes as likes6_5_, posts0_.member_id as member_i9_5_, posts0_.secret as secret7_5_, posts0_.title as title8_5_ from posts posts0_
Hibernate: select member0_.member_id as member_i1_3_, member0_.created_date as created_2_3_, member0_.modified_date as modified3_3_, member0_.email as email4_3_, member0_.email_auth as email_au5_3_, member0_.name as name6_3_, member0_.picture as picture7_3_, member0_.role as role8_3_, member0_.short_bio as short_bi9_3_, member0_.username as usernam10_3_ from member member0_
Hibernate: insert into member (member_id, created_date, modified_date, email, email_auth, name, picture, role, short_bio, username) values (default, ?, ?, ?, ?, ?, ?, ?, ?, ?)
Hibernate: select member0_.member_id as member_i1_3_, member0_.created_date as created_2_3_, member0_.modified_date as modified3_3_, member0_.email as email4_3_, member0_.email_auth as email_au5_3_, member0_.name as name6_3_, member0_.picture as picture7_3_, member0_.role as role8_3_, member0_.short_bio as short_bi9_3_, member0_.username as usernam10_3_ from member member0_ where member0_.email=?
Hibernate: insert into posts (posts_id, created_date, modified_date, content, description, likes, member_id, secret, title) values (default, ?, ?, ?, ?, ?, ?, ?, ?)

MockHttpServletRequest:
      HTTP Method = POST
      Request URI = /api/v1/posts
       Parameters = {}
          Headers = [Content-Type:"application/json;charset=UTF-8", Content-Length:"398"]
             Body = {"title":"제목입니다.","content":"내용입니다.","member":{"createdDate":"2022-12-04T20:12:12.0154062","modifiedDate":"2022-12-04T20:12:12.0154062","id":490,"email":"azurealstn@naver.com","name":"슬로우스타터","picture":"test.jpg","role":"MEMBER","emailAuth":true,"username":"haha","shortBio":"안녕하세요!","roleKey":"ROLE_MEMBER"},"description":"소개입니다.","secret":null}
    Session Attrs = {member=SessionMemberDto(id=490, name=슬로우스타터, email=azurealstn@naver.com, picture=test.jpg, username=haha, shortBio=안녕하세요!)}

Handler:
             Type = com.azurealstn.alog.controller.api.posts.PostsApiController
           Method = com.azurealstn.alog.controller.api.posts.PostsApiController#create(PostsCreateRequestDto)

Async:
    Async started = false
     Async result = null

Resolved Exception:
             Type = null

ModelAndView:
        View name = null
             View = null
            Model = null

FlashMap:
       Attributes = null

MockHttpServletResponse:
           Status = 200
    Error message = null
          Headers = [Content-Type:"application/json;charset=UTF-8"]
     Content type = application/json;charset=UTF-8
             Body = 879
    Forwarded URL = null
   Redirected URL = null
          Cookies = []
Hibernate: select posts0_.posts_id as posts_id1_5_, posts0_.created_date as created_2_5_, posts0_.modified_date as modified3_5_, posts0_.content as content4_5_, posts0_.description as descript5_5_, posts0_.likes as likes6_5_, posts0_.member_id as member_i9_5_, posts0_.secret as secret7_5_, posts0_.title as title8_5_ from posts posts0_
Hibernate: select member0_.member_id as member_i1_3_, member0_.created_date as created_2_3_, member0_.modified_date as modified3_3_, member0_.email as email4_3_, member0_.email_auth as email_au5_3_, member0_.name as name6_3_, member0_.picture as picture7_3_, member0_.role as role8_3_, member0_.short_bio as short_bi9_3_, member0_.username as usernam10_3_ from member member0_
2022-12-04 20:12:12.015  INFO 16364 --- [    Test worker] o.s.t.c.transaction.TransactionContext   : Rolled back transaction for test: [DefaultTestContext@5fe74841 testClass = PostsApiControllerTest, testInstance = com.azurealstn.alog.controller.api.posts.PostsApiControllerTest@170dbf94, testMethod = create_posts@PostsApiControllerTest, testException = [null], mergedContextConfiguration = [WebMergedContextConfiguration@3cb4e32b testClass = PostsApiControllerTest, locations = '{}', classes = '{class com.azurealstn.alog.AlogApplication}', contextInitializerClasses = '[]', activeProfiles = '{}', propertySourceLocations = '{}', propertySourceProperties = '{org.springframework.boot.test.context.SpringBootTestContextBootstrapper=true, server.port=0}', contextCustomizers = set[org.springframework.boot.test.autoconfigure.actuate.metrics.MetricsExportContextCustomizerFactory$DisableMetricExportContextCustomizer@39dcf4b0, org.springframework.boot.test.autoconfigure.properties.PropertyMappingContextCustomizer@0, org.springframework.boot.test.autoconfigure.web.servlet.WebDriverContextCustomizerFactory$Customizer@6722db6e, org.springframework.boot.test.context.filter.ExcludeFilterContextCustomizer@7a48e6e2, org.springframework.boot.test.json.DuplicateJsonObjectContextCustomizerFactory$DuplicateJsonObjectContextCustomizer@631e06ab, org.springframework.boot.test.mock.mockito.MockitoContextCustomizer@0, org.springframework.boot.test.web.client.TestRestTemplateContextCustomizer@24faea88, org.springframework.boot.test.context.SpringBootTestArgs@1, org.springframework.boot.test.context.SpringBootTestWebEnvironment@68d279ec], resourceBasePath = 'src/main/webapp', contextLoader = 'org.springframework.boot.test.context.SpringBootContextLoader', parent = [null]], attributes = map['org.springframework.test.context.web.ServletTestExecutionListener.activateListener' -> false, 'org.springframework.test.context.event.ApplicationEventsTestExecutionListener.recordApplicationEvents' -> false]]
2022-12-04 20:12:12.031  INFO 16364 --- [    Test worker] o.s.t.c.transaction.TransactionContext   : Began transaction (1) for test context [DefaultTestContext@5fe74841 testClass = PostsApiControllerTest, testInstance = com.azurealstn.alog.controller.api.posts.PostsApiControllerTest@71fcdd48, testMethod = first_page_zero@PostsApiControllerTest, testException = [null], mergedContextConfiguration = [WebMergedContextConfiguration@3cb4e32b testClass = PostsApiControllerTest, locations = '{}', classes = '{class com.azurealstn.alog.AlogApplication}', contextInitializerClasses = '[]', activeProfiles = '{}', propertySourceLocations = '{}', propertySourceProperties = '{org.springframework.boot.test.context.SpringBootTestContextBootstrapper=true, server.port=0}', contextCustomizers = set[org.springframework.boot.test.autoconfigure.actuate.metrics.MetricsExportContextCustomizerFactory$DisableMetricExportContextCustomizer@39dcf4b0, org.springframework.boot.test.autoconfigure.properties.PropertyMappingContextCustomizer@0, org.springframework.boot.test.autoconfigure.web.servlet.WebDriverContextCustomizerFactory$Customizer@6722db6e, org.springframework.boot.test.context.filter.ExcludeFilterContextCustomizer@7a48e6e2, org.springframework.boot.test.json.DuplicateJsonObjectContextCustomizerFactory$DuplicateJsonObjectContextCustomizer@631e06ab, org.springframework.boot.test.mock.mockito.MockitoContextCustomizer@0, org.springframework.boot.test.web.client.TestRestTemplateContextCustomizer@24faea88, org.springframework.boot.test.context.SpringBootTestArgs@1, org.springframework.boot.test.context.SpringBootTestWebEnvironment@68d279ec], resourceBasePath = 'src/main/webapp', contextLoader = 'org.springframework.boot.test.context.SpringBootContextLoader', parent = [null]], attributes = map['org.springframework.test.context.web.ServletTestExecutionListener.activateListener' -> false, 'org.springframework.test.context.event.ApplicationEventsTestExecutionListener.recordApplicationEvents' -> false]]; transaction manager [org.springframework.orm.jpa.JpaTransactionManager@6a85a13]; rollback [true]
2022-12-04 20:12:12.031  INFO 16364 --- [    Test worker] o.a.c.c.C.[Tomcat].[localhost].[/]       : Initializing Spring TestDispatcherServlet ''
2022-12-04 20:12:12.031  INFO 16364 --- [    Test worker] o.s.t.web.servlet.TestDispatcherServlet  : Initializing Servlet ''
2022-12-04 20:12:12.031  INFO 16364 --- [    Test worker] o.s.t.web.servlet.TestDispatcherServlet  : Completed initialization in 0 ms
Hibernate: select posts0_.posts_id as posts_id1_5_, posts0_.created_date as created_2_5_, posts0_.modified_date as modified3_5_, posts0_.content as content4_5_, posts0_.description as descript5_5_, posts0_.likes as likes6_5_, posts0_.member_id as member_i9_5_, posts0_.secret as secret7_5_, posts0_.title as title8_5_ from posts posts0_
Hibernate: select member0_.member_id as member_i1_3_, member0_.created_date as created_2_3_, member0_.modified_date as modified3_3_, member0_.email as email4_3_, member0_.email_auth as email_au5_3_, member0_.name as name6_3_, member0_.picture as picture7_3_, member0_.role as role8_3_, member0_.short_bio as short_bi9_3_, member0_.username as usernam10_3_ from member member0_
Hibernate: insert into member (member_id, created_date, modified_date, email, email_auth, name, picture, role, short_bio, username) values (default, ?, ?, ?, ?, ?, ?, ?, ?, ?)
Hibernate: insert into posts (posts_id, created_date, modified_date, content, description, likes, member_id, secret, title) values (default, ?, ?, ?, ?, ?, ?, ?, ?)
Hibernate: insert into posts (posts_id, created_date, modified_date, content, description, likes, member_id, secret, title) values (default, ?, ?, ?, ?, ?, ?, ?, ?)
Hibernate: insert into posts (posts_id, created_date, modified_date, content, description, likes, member_id, secret, title) values (default, ?, ?, ?, ?, ?, ?, ?, ?)
Hibernate: insert into posts (posts_id, created_date, modified_date, content, description, likes, member_id, secret, title) values (default, ?, ?, ?, ?, ?, ?, ?, ?)
Hibernate: insert into posts (posts_id, created_date, modified_date, content, description, likes, member_id, secret, title) values (default, ?, ?, ?, ?, ?, ?, ?, ?)
Hibernate: insert into posts (posts_id, created_date, modified_date, content, description, likes, member_id, secret, title) values (default, ?, ?, ?, ?, ?, ?, ?, ?)
Hibernate: insert into posts (posts_id, created_date, modified_date, content, description, likes, member_id, secret, title) values (default, ?, ?, ?, ?, ?, ?, ?, ?)
Hibernate: insert into posts (posts_id, created_date, modified_date, content, description, likes, member_id, secret, title) values (default, ?, ?, ?, ?, ?, ?, ?, ?)
Hibernate: insert into posts (posts_id, created_date, modified_date, content, description, likes, member_id, secret, title) values (default, ?, ?, ?, ?, ?, ?, ?, ?)
Hibernate: insert into posts (posts_id, created_date, modified_date, content, description, likes, member_id, secret, title) values (default, ?, ?, ?, ?, ?, ?, ?, ?)
Hibernate: insert into posts (posts_id, created_date, modified_date, content, description, likes, member_id, secret, title) values (default, ?, ?, ?, ?, ?, ?, ?, ?)
Hibernate: insert into posts (posts_id, created_date, modified_date, content, description, likes, member_id, secret, title) values (default, ?, ?, ?, ?, ?, ?, ?, ?)
Hibernate: insert into posts (posts_id, created_date, modified_date, content, description, likes, member_id, secret, title) values (default, ?, ?, ?, ?, ?, ?, ?, ?)
Hibernate: insert into posts (posts_id, created_date, modified_date, content, description, likes, member_id, secret, title) values (default, ?, ?, ?, ?, ?, ?, ?, ?)
Hibernate: insert into posts (posts_id, created_date, modified_date, content, description, likes, member_id, secret, title) values (default, ?, ?, ?, ?, ?, ?, ?, ?)
Hibernate: insert into posts (posts_id, created_date, modified_date, content, description, likes, member_id, secret, title) values (default, ?, ?, ?, ?, ?, ?, ?, ?)
Hibernate: insert into posts (posts_id, created_date, modified_date, content, description, likes, member_id, secret, title) values (default, ?, ?, ?, ?, ?, ?, ?, ?)
Hibernate: insert into posts (posts_id, created_date, modified_date, content, description, likes, member_id, secret, title) values (default, ?, ?, ?, ?, ?, ?, ?, ?)
Hibernate: insert into posts (posts_id, created_date, modified_date, content, description, likes, member_id, secret, title) values (default, ?, ?, ?, ?, ?, ?, ?, ?)
Hibernate: insert into posts (posts_id, created_date, modified_date, content, description, likes, member_id, secret, title) values (default, ?, ?, ?, ?, ?, ?, ?, ?)
Hibernate: insert into posts (posts_id, created_date, modified_date, content, description, likes, member_id, secret, title) values (default, ?, ?, ?, ?, ?, ?, ?, ?)
Hibernate: insert into posts (posts_id, created_date, modified_date, content, description, likes, member_id, secret, title) values (default, ?, ?, ?, ?, ?, ?, ?, ?)
Hibernate: insert into posts (posts_id, created_date, modified_date, content, description, likes, member_id, secret, title) values (default, ?, ?, ?, ?, ?, ?, ?, ?)
Hibernate: insert into posts (posts_id, created_date, modified_date, content, description, likes, member_id, secret, title) values (default, ?, ?, ?, ?, ?, ?, ?, ?)
Hibernate: insert into posts (posts_id, created_date, modified_date, content, description, likes, member_id, secret, title) values (default, ?, ?, ?, ?, ?, ?, ?, ?)
Hibernate: insert into posts (posts_id, created_date, modified_date, content, description, likes, member_id, secret, title) values (default, ?, ?, ?, ?, ?, ?, ?, ?)
Hibernate: insert into posts (posts_id, created_date, modified_date, content, description, likes, member_id, secret, title) values (default, ?, ?, ?, ?, ?, ?, ?, ?)
Hibernate: insert into posts (posts_id, created_date, modified_date, content, description, likes, member_id, secret, title) values (default, ?, ?, ?, ?, ?, ?, ?, ?)
Hibernate: insert into posts (posts_id, created_date, modified_date, content, description, likes, member_id, secret, title) values (default, ?, ?, ?, ?, ?, ?, ?, ?)
Hibernate: insert into posts (posts_id, created_date, modified_date, content, description, likes, member_id, secret, title) values (default, ?, ?, ?, ?, ?, ?, ?, ?)
Hibernate: select posts0_.posts_id as posts_id1_5_, posts0_.created_date as created_2_5_, posts0_.modified_date as modified3_5_, posts0_.content as content4_5_, posts0_.description as descript5_5_, posts0_.likes as likes6_5_, posts0_.member_id as member_i9_5_, posts0_.secret as secret7_5_, posts0_.title as title8_5_ from posts posts0_ where posts0_.secret=?
Hibernate: select posts0_.posts_id as posts_id1_5_, posts0_.created_date as created_2_5_, posts0_.modified_date as modified3_5_, posts0_.content as content4_5_, posts0_.description as descript5_5_, posts0_.likes as likes6_5_, posts0_.member_id as member_i9_5_, posts0_.secret as secret7_5_, posts0_.title as title8_5_ from posts posts0_ where posts0_.secret=? order by posts0_.posts_id desc limit ?

MockHttpServletRequest:
      HTTP Method = GET
      Request URI = /api/v1/auth/posts
       Parameters = {page=[0], size=[9]}
          Headers = [Content-Type:"application/json;charset=UTF-8"]
             Body = null
    Session Attrs = {}

Handler:
             Type = com.azurealstn.alog.controller.api.posts.PostsApiController
           Method = com.azurealstn.alog.controller.api.posts.PostsApiController#posts(PostsSearchDto)

Async:
    Async started = false
     Async result = null

Resolved Exception:
             Type = null

ModelAndView:
        View name = null
             View = null
            Model = null

FlashMap:
       Attributes = null

MockHttpServletResponse:
           Status = 200
    Error message = null
          Headers = [Content-Type:"application/json;charset=UTF-8"]
     Content type = application/json;charset=UTF-8
             Body = [{"id":909,"title":"test 제목 - 30","content":"뭐로 할까 - 30","member":{"createdDate":"2022-12-04T20:12:12.0310315","modifiedDate":"2022-12-04T20:12:12.0310315","id":491,"email":"azurealstn@naver.com","name":"슬로우스타터","picture":"test.jpg","role":"MEMBER","emailAuth":true,"username":"haha","shortBio":"안녕하세요!","roleKey":"ROLE_MEMBER"},"description":"소개글 - 30","secret":false,"previousTime":"2022년 12월 4일","hashTagNames":[],"likeCount":0,"commentCount":0,"storeFilename":null,"totalRowCount":0,"imageUrl":null},{"id":908,"title":"test 제목 - 29","content":"뭐로 할까 - 29","member":{"createdDate":"2022-12-04T20:12:12.0310315","modifiedDate":"2022-12-04T20:12:12.0310315","id":491,"email":"azurealstn@naver.com","name":"슬로우스타터","picture":"test.jpg","role":"MEMBER","emailAuth":true,"username":"haha","shortBio":"안녕하세요!","roleKey":"ROLE_MEMBER"},"description":"소개글 - 29","secret":false,"previousTime":"2022년 12월 4일","hashTagNames":[],"likeCount":0,"commentCount":0,"storeFilename":null,"totalRowCount":0,"imageUrl":null},{"id":907,"title":"test 제목 - 28","content":"뭐로 할까 - 28","member":{"createdDate":"2022-12-04T20:12:12.0310315","modifiedDate":"2022-12-04T20:12:12.0310315","id":491,"email":"azurealstn@naver.com","name":"슬로우스타터","picture":"test.jpg","role":"MEMBER","emailAuth":true,"username":"haha","shortBio":"안녕하세요!","roleKey":"ROLE_MEMBER"},"description":"소개글 - 28","secret":false,"previousTime":"2022년 12월 4일","hashTagNames":[],"likeCount":0,"commentCount":0,"storeFilename":null,"totalRowCount":0,"imageUrl":null},{"id":906,"title":"test 제목 - 27","content":"뭐로 할까 - 27","member":{"createdDate":"2022-12-04T20:12:12.0310315","modifiedDate":"2022-12-04T20:12:12.0310315","id":491,"email":"azurealstn@naver.com","name":"슬로우스타터","picture":"test.jpg","role":"MEMBER","emailAuth":true,"username":"haha","shortBio":"안녕하세요!","roleKey":"ROLE_MEMBER"},"description":"소개글 - 27","secret":false,"previousTime":"2022년 12월 4일","hashTagNames":[],"likeCount":0,"commentCount":0,"storeFilename":null,"totalRowCount":0,"imageUrl":null},{"id":905,"title":"test 제목 - 26","content":"뭐로 할까 - 26","member":{"createdDate":"2022-12-04T20:12:12.0310315","modifiedDate":"2022-12-04T20:12:12.0310315","id":491,"email":"azurealstn@naver.com","name":"슬로우스타터","picture":"test.jpg","role":"MEMBER","emailAuth":true,"username":"haha","shortBio":"안녕하세요!","roleKey":"ROLE_MEMBER"},"description":"소개글 - 26","secret":false,"previousTime":"2022년 12월 4일","hashTagNames":[],"likeCount":0,"commentCount":0,"storeFilename":null,"totalRowCount":0,"imageUrl":null},{"id":904,"title":"test 제목 - 25","content":"뭐로 할까 - 25","member":{"createdDate":"2022-12-04T20:12:12.0310315","modifiedDate":"2022-12-04T20:12:12.0310315","id":491,"email":"azurealstn@naver.com","name":"슬로우스타터","picture":"test.jpg","role":"MEMBER","emailAuth":true,"username":"haha","shortBio":"안녕하세요!","roleKey":"ROLE_MEMBER"},"description":"소개글 - 25","secret":false,"previousTime":"2022년 12월 4일","hashTagNames":[],"likeCount":0,"commentCount":0,"storeFilename":null,"totalRowCount":0,"imageUrl":null},{"id":903,"title":"test 제목 - 24","content":"뭐로 할까 - 24","member":{"createdDate":"2022-12-04T20:12:12.0310315","modifiedDate":"2022-12-04T20:12:12.0310315","id":491,"email":"azurealstn@naver.com","name":"슬로우스타터","picture":"test.jpg","role":"MEMBER","emailAuth":true,"username":"haha","shortBio":"안녕하세요!","roleKey":"ROLE_MEMBER"},"description":"소개글 - 24","secret":false,"previousTime":"2022년 12월 4일","hashTagNames":[],"likeCount":0,"commentCount":0,"storeFilename":null,"totalRowCount":0,"imageUrl":null},{"id":902,"title":"test 제목 - 23","content":"뭐로 할까 - 23","member":{"createdDate":"2022-12-04T20:12:12.0310315","modifiedDate":"2022-12-04T20:12:12.0310315","id":491,"email":"azurealstn@naver.com","name":"슬로우스타터","picture":"test.jpg","role":"MEMBER","emailAuth":true,"username":"haha","shortBio":"안녕하세요!","roleKey":"ROLE_MEMBER"},"description":"소개글 - 23","secret":false,"previousTime":"2022년 12월 4일","hashTagNames":[],"likeCount":0,"commentCount":0,"storeFilename":null,"totalRowCount":0,"imageUrl":null},{"id":901,"title":"test 제목 - 22","content":"뭐로 할까 - 22","member":{"createdDate":"2022-12-04T20:12:12.0310315","modifiedDate":"2022-12-04T20:12:12.0310315","id":491,"email":"azurealstn@naver.com","name":"슬로우스타터","picture":"test.jpg","role":"MEMBER","emailAuth":true,"username":"haha","shortBio":"안녕하세요!","roleKey":"ROLE_MEMBER"},"description":"소개글 - 22","secret":false,"previousTime":"2022년 12월 4일","hashTagNames":[],"likeCount":0,"commentCount":0,"storeFilename":null,"totalRowCount":0,"imageUrl":null}]
    Forwarded URL = null
   Redirected URL = null
          Cookies = []
Hibernate: select posts0_.posts_id as posts_id1_5_, posts0_.created_date as created_2_5_, posts0_.modified_date as modified3_5_, posts0_.content as content4_5_, posts0_.description as descript5_5_, posts0_.likes as likes6_5_, posts0_.member_id as member_i9_5_, posts0_.secret as secret7_5_, posts0_.title as title8_5_ from posts posts0_
Hibernate: select member0_.member_id as member_i1_3_, member0_.created_date as created_2_3_, member0_.modified_date as modified3_3_, member0_.email as email4_3_, member0_.email_auth as email_au5_3_, member0_.name as name6_3_, member0_.picture as picture7_3_, member0_.role as role8_3_, member0_.short_bio as short_bi9_3_, member0_.username as usernam10_3_ from member member0_
2022-12-04 20:12:12.077  INFO 16364 --- [    Test worker] o.s.t.c.transaction.TransactionContext   : Rolled back transaction for test: [DefaultTestContext@5fe74841 testClass = PostsApiControllerTest, testInstance = com.azurealstn.alog.controller.api.posts.PostsApiControllerTest@71fcdd48, testMethod = first_page_zero@PostsApiControllerTest, testException = [null], mergedContextConfiguration = [WebMergedContextConfiguration@3cb4e32b testClass = PostsApiControllerTest, locations = '{}', classes = '{class com.azurealstn.alog.AlogApplication}', contextInitializerClasses = '[]', activeProfiles = '{}', propertySourceLocations = '{}', propertySourceProperties = '{org.springframework.boot.test.context.SpringBootTestContextBootstrapper=true, server.port=0}', contextCustomizers = set[org.springframework.boot.test.autoconfigure.actuate.metrics.MetricsExportContextCustomizerFactory$DisableMetricExportContextCustomizer@39dcf4b0, org.springframework.boot.test.autoconfigure.properties.PropertyMappingContextCustomizer@0, org.springframework.boot.test.autoconfigure.web.servlet.WebDriverContextCustomizerFactory$Customizer@6722db6e, org.springframework.boot.test.context.filter.ExcludeFilterContextCustomizer@7a48e6e2, org.springframework.boot.test.json.DuplicateJsonObjectContextCustomizerFactory$DuplicateJsonObjectContextCustomizer@631e06ab, org.springframework.boot.test.mock.mockito.MockitoContextCustomizer@0, org.springframework.boot.test.web.client.TestRestTemplateContextCustomizer@24faea88, org.springframework.boot.test.context.SpringBootTestArgs@1, org.springframework.boot.test.context.SpringBootTestWebEnvironment@68d279ec], resourceBasePath = 'src/main/webapp', contextLoader = 'org.springframework.boot.test.context.SpringBootContextLoader', parent = [null]], attributes = map['org.springframework.test.context.web.ServletTestExecutionListener.activateListener' -> false, 'org.springframework.test.context.event.ApplicationEventsTestExecutionListener.recordApplicationEvents' -> false]]
]]></system-out>
  <system-err><![CDATA[]]></system-err>
</testsuite>
