<?xml version="1.0" encoding="UTF-8"?>
<testsuite name="com.azurealstn.alog.controller.api.hello.HelloApiControllerTest" tests="2" skipped="0" failures="0" errors="0" timestamp="2022-12-04T11:22:09" hostname="DESKTOP-4HIAQNR" time="0.045">
  <properties/>
  <testcase name="/hello 요청시 문자열 hello를 출력" classname="com.azurealstn.alog.controller.api.hello.HelloApiControllerTest" time="0.034"/>
  <testcase name="/helloDto 요청시 요청 파라미터 데이터 검증" classname="com.azurealstn.alog.controller.api.hello.HelloApiControllerTest" time="0.01"/>
  <system-out><![CDATA[2022-12-04 20:22:08.283  INFO 6608 --- [    Test worker] .b.t.a.w.s.WebMvcTestContextBootstrapper : Neither @ContextConfiguration nor @ContextHierarchy found for test class [com.azurealstn.alog.controller.api.hello.HelloApiControllerTest], using SpringBootContextLoader
2022-12-04 20:22:08.283  INFO 6608 --- [    Test worker] o.s.t.c.support.AbstractContextLoader    : Could not detect default resource locations for test class [com.azurealstn.alog.controller.api.hello.HelloApiControllerTest]: no resource found for suffixes {-context.xml, Context.groovy}.
2022-12-04 20:22:08.283  INFO 6608 --- [    Test worker] t.c.s.AnnotationConfigContextLoaderUtils : Could not detect default configuration classes for test class [com.azurealstn.alog.controller.api.hello.HelloApiControllerTest]: HelloApiControllerTest does not declare any static, non-private, non-final, nested classes annotated with @Configuration.
2022-12-04 20:22:08.299  INFO 6608 --- [    Test worker] .b.t.c.SpringBootTestContextBootstrapper : Found @SpringBootConfiguration com.azurealstn.alog.AlogApplication for test class com.azurealstn.alog.controller.api.hello.HelloApiControllerTest
2022-12-04 20:22:08.299  INFO 6608 --- [    Test worker] .b.t.a.w.s.WebMvcTestContextBootstrapper : Loaded default TestExecutionListener class names from location [META-INF/spring.factories]: [org.springframework.security.test.context.support.WithSecurityContextTestExecutionListener, org.springframework.security.test.context.support.ReactorContextTestExecutionListener, org.springframework.boot.test.autoconfigure.restdocs.RestDocsTestExecutionListener, org.springframework.boot.test.autoconfigure.web.client.MockRestServiceServerResetTestExecutionListener, org.springframework.boot.test.autoconfigure.web.servlet.MockMvcPrintOnlyOnFailureTestExecutionListener, org.springframework.boot.test.autoconfigure.web.servlet.WebDriverTestExecutionListener, org.springframework.boot.test.autoconfigure.webservices.client.MockWebServiceServerTestExecutionListener, org.springframework.boot.test.mock.mockito.MockitoTestExecutionListener, org.springframework.boot.test.mock.mockito.ResetMocksTestExecutionListener, org.springframework.test.context.web.ServletTestExecutionListener, org.springframework.test.context.support.DirtiesContextBeforeModesTestExecutionListener, org.springframework.test.context.event.ApplicationEventsTestExecutionListener, org.springframework.test.context.support.DependencyInjectionTestExecutionListener, org.springframework.test.context.support.DirtiesContextTestExecutionListener, org.springframework.test.context.transaction.TransactionalTestExecutionListener, org.springframework.test.context.jdbc.SqlScriptsTestExecutionListener, org.springframework.test.context.event.EventPublishingTestExecutionListener]
2022-12-04 20:22:08.299  INFO 6608 --- [    Test worker] .b.t.a.w.s.WebMvcTestContextBootstrapper : Using TestExecutionListeners: [org.springframework.test.context.web.ServletTestExecutionListener@3bf572e0, org.springframework.test.context.support.DirtiesContextBeforeModesTestExecutionListener@2089ea49, org.springframework.test.context.event.ApplicationEventsTestExecutionListener@1fc52b51, org.springframework.boot.test.mock.mockito.MockitoTestExecutionListener@5bd3d747, org.springframework.boot.test.autoconfigure.SpringBootDependencyInjectionTestExecutionListener@4ba1ccaf, org.springframework.test.context.support.DirtiesContextTestExecutionListener@2495bc30, org.springframework.test.context.transaction.TransactionalTestExecutionListener@12bc9450, org.springframework.test.context.jdbc.SqlScriptsTestExecutionListener@571010af, org.springframework.security.test.context.support.WithSecurityContextTestExecutionListener@12917a56, org.springframework.test.context.event.EventPublishingTestExecutionListener@1bec2008, org.springframework.security.test.context.support.ReactorContextTestExecutionListener@6d043931, org.springframework.boot.test.autoconfigure.restdocs.RestDocsTestExecutionListener@3ac6c956, org.springframework.boot.test.autoconfigure.web.client.MockRestServiceServerResetTestExecutionListener@239c4792, org.springframework.boot.test.autoconfigure.web.servlet.MockMvcPrintOnlyOnFailureTestExecutionListener@598acf89, org.springframework.boot.test.autoconfigure.web.servlet.WebDriverTestExecutionListener@150ba838, org.springframework.boot.test.autoconfigure.webservices.client.MockWebServiceServerTestExecutionListener@198b4fb6, org.springframework.boot.test.mock.mockito.ResetMocksTestExecutionListener@58ea2bc2]

  .   ____          _            __ _ _
 /\\ / ___'_ __ _ _(_)_ __  __ _ \ \ \ \
( ( )\___ | '_ | '_| | '_ \/ _` | \ \ \ \
 \\/  ___)| |_)| | | | | || (_| |  ) ) ) )
  '  |____| .__|_| |_|_| |_\__, | / / / /
 =========|_|==============|___/=/_/_/_/
 :: Spring Boot ::                (v2.7.4)

2022-12-04 20:22:08.330  INFO 6608 --- [    Test worker] c.a.a.c.a.hello.HelloApiControllerTest   : Starting HelloApiControllerTest using Java 11.0.13 on DESKTOP-4HIAQNR with PID 6608 (started by azure in C:\project\intellij-project\2022\alog)
2022-12-04 20:22:08.330  INFO 6608 --- [    Test worker] c.a.a.c.a.hello.HelloApiControllerTest   : No active profile set, falling back to 1 default profile: "default"
2022-12-04 20:22:08.721  INFO 6608 --- [    Test worker] o.s.b.a.w.s.WelcomePageHandlerMapping    : Adding welcome page template: index
2022-12-04 20:22:09.033  INFO 6608 --- [    Test worker] o.s.s.web.DefaultSecurityFilterChain     : Will secure any request with [org.springframework.security.web.session.DisableEncodeUrlFilter@3cc8f1c, org.springframework.security.web.context.request.async.WebAsyncManagerIntegrationFilter@2bdc94bd, org.springframework.security.web.context.SecurityContextPersistenceFilter@660d78b7, org.springframework.security.web.header.HeaderWriterFilter@3bd8032e, org.springframework.security.web.csrf.CsrfFilter@563a32a2, org.springframework.security.web.authentication.logout.LogoutFilter@249334b9, org.springframework.security.oauth2.client.web.OAuth2AuthorizationRequestRedirectFilter@54af73bd, org.springframework.security.oauth2.client.web.OAuth2AuthorizationRequestRedirectFilter@33015d51, org.springframework.security.oauth2.client.web.OAuth2LoginAuthenticationFilter@5fd38a68, org.springframework.security.web.authentication.ui.DefaultLoginPageGeneratingFilter@1544bf85, org.springframework.security.web.authentication.ui.DefaultLogoutPageGeneratingFilter@5a10b7e8, org.springframework.security.web.savedrequest.RequestCacheAwareFilter@5e0c445f, org.springframework.security.web.servletapi.SecurityContextHolderAwareRequestFilter@2536edc3, org.springframework.security.web.authentication.AnonymousAuthenticationFilter@382d820, org.springframework.security.oauth2.client.web.OAuth2AuthorizationCodeGrantFilter@697607a5, org.springframework.security.web.session.SessionManagementFilter@39613474, org.springframework.security.web.access.ExceptionTranslationFilter@3cf09930, org.springframework.security.web.access.intercept.FilterSecurityInterceptor@2e643209]
2022-12-04 20:22:09.081  INFO 6608 --- [    Test worker] o.s.b.t.m.w.SpringBootMockServletContext : Initializing Spring TestDispatcherServlet ''
2022-12-04 20:22:09.081  INFO 6608 --- [    Test worker] o.s.t.web.servlet.TestDispatcherServlet  : Initializing Servlet ''
2022-12-04 20:22:09.081  INFO 6608 --- [    Test worker] o.s.t.web.servlet.TestDispatcherServlet  : Completed initialization in 0 ms
2022-12-04 20:22:09.097  INFO 6608 --- [    Test worker] c.a.a.c.a.hello.HelloApiControllerTest   : Started HelloApiControllerTest in 0.789 seconds (JVM running for 14.998)

MockHttpServletRequest:
      HTTP Method = GET
      Request URI = /hello
       Parameters = {}
          Headers = []
             Body = null
    Session Attrs = {SPRING_SECURITY_CONTEXT=SecurityContextImpl [Authentication=UsernamePasswordAuthenticationToken [Principal=org.springframework.security.core.userdetails.User [Username=user, Password=[PROTECTED], Enabled=true, AccountNonExpired=true, credentialsNonExpired=true, AccountNonLocked=true, Granted Authorities=[ROLE_MEMBER]], Credentials=[PROTECTED], Authenticated=true, Details=null, Granted Authorities=[ROLE_MEMBER]]]}

Handler:
             Type = com.azurealstn.alog.controller.api.hello.HelloApiController
           Method = com.azurealstn.alog.controller.api.hello.HelloApiController#hello()

Async:
    Async started = false
     Async result = null

Resolved Exception:
             Type = null

ModelAndView:
        View name = null
             View = null
            Model = null

FlashMap:
       Attributes = null

MockHttpServletResponse:
           Status = 200
    Error message = null
          Headers = [Content-Type:"text/plain;charset=UTF-8", Content-Length:"5", X-Content-Type-Options:"nosniff", X-XSS-Protection:"1; mode=block", Cache-Control:"no-cache, no-store, max-age=0, must-revalidate", Pragma:"no-cache", Expires:"0", X-Frame-Options:"DENY"]
     Content type = text/plain;charset=UTF-8
             Body = hello
    Forwarded URL = null
   Redirected URL = null
          Cookies = []
]]></system-out>
  <system-err><![CDATA[]]></system-err>
</testsuite>
