<?xml version="1.0" encoding="UTF-8"?>
<testsuite name="com.azurealstn.alog.service.posts.PostsServiceTest" tests="10" skipped="0" failures="0" errors="0" timestamp="2022-12-04T11:12:13" hostname="DESKTOP-4HIAQNR" time="0.161">
  <properties/>
  <testcase name="글 수정 로직 성공 테스트" classname="com.azurealstn.alog.service.posts.PostsServiceTest" time="0.007"/>
  <testcase name="글 수정 로직 실패 테스트" classname="com.azurealstn.alog.service.posts.PostsServiceTest" time="0.008"/>
  <testcase name="이전 페이지 없음" classname="com.azurealstn.alog.service.posts.PostsServiceTest" time="0.005"/>
  <testcase name="글을 수정이나 삭제할 수 있는 권한이 있는 사람인지 체크" classname="com.azurealstn.alog.service.posts.PostsServiceTest" time="0.009"/>
  <testcase name="글 삭제 로직 성공 테스트" classname="com.azurealstn.alog.service.posts.PostsServiceTest" time="0.021"/>
  <testcase name="글 삭제 로직 실패 테스트" classname="com.azurealstn.alog.service.posts.PostsServiceTest" time="0.016"/>
  <testcase name="글 목록 첫번째 페이지 조회 서비스" classname="com.azurealstn.alog.service.posts.PostsServiceTest" time="0.042"/>
  <testcase name="글 작성 비즈니스 로직 테스트" classname="com.azurealstn.alog.service.posts.PostsServiceTest" time="0.018"/>
  <testcase name="글 단건 조회 성공 테스트" classname="com.azurealstn.alog.service.posts.PostsServiceTest" time="0.018"/>
  <testcase name="글 단건 조회 실패 테스트" classname="com.azurealstn.alog.service.posts.PostsServiceTest" time="0.015"/>
  <system-out><![CDATA[2022-12-04 20:12:13.175  INFO 16364 --- [    Test worker] .b.t.c.SpringBootTestContextBootstrapper : Neither @ContextConfiguration nor @ContextHierarchy found for test class [com.azurealstn.alog.service.posts.PostsServiceTest], using SpringBootContextLoader
2022-12-04 20:12:13.175  INFO 16364 --- [    Test worker] o.s.t.c.support.AbstractContextLoader    : Could not detect default resource locations for test class [com.azurealstn.alog.service.posts.PostsServiceTest]: no resource found for suffixes {-context.xml, Context.groovy}.
2022-12-04 20:12:13.175  INFO 16364 --- [    Test worker] t.c.s.AnnotationConfigContextLoaderUtils : Could not detect default configuration classes for test class [com.azurealstn.alog.service.posts.PostsServiceTest]: PostsServiceTest does not declare any static, non-private, non-final, nested classes annotated with @Configuration.
2022-12-04 20:12:13.190  INFO 16364 --- [    Test worker] .b.t.c.SpringBootTestContextBootstrapper : Found @SpringBootConfiguration com.azurealstn.alog.AlogApplication for test class com.azurealstn.alog.service.posts.PostsServiceTest
2022-12-04 20:12:13.190  INFO 16364 --- [    Test worker] .b.t.c.SpringBootTestContextBootstrapper : Loaded default TestExecutionListener class names from location [META-INF/spring.factories]: [org.springframework.security.test.context.support.WithSecurityContextTestExecutionListener, org.springframework.security.test.context.support.ReactorContextTestExecutionListener, org.springframework.boot.test.autoconfigure.restdocs.RestDocsTestExecutionListener, org.springframework.boot.test.autoconfigure.web.client.MockRestServiceServerResetTestExecutionListener, org.springframework.boot.test.autoconfigure.web.servlet.MockMvcPrintOnlyOnFailureTestExecutionListener, org.springframework.boot.test.autoconfigure.web.servlet.WebDriverTestExecutionListener, org.springframework.boot.test.autoconfigure.webservices.client.MockWebServiceServerTestExecutionListener, org.springframework.boot.test.mock.mockito.MockitoTestExecutionListener, org.springframework.boot.test.mock.mockito.ResetMocksTestExecutionListener, org.springframework.test.context.web.ServletTestExecutionListener, org.springframework.test.context.support.DirtiesContextBeforeModesTestExecutionListener, org.springframework.test.context.event.ApplicationEventsTestExecutionListener, org.springframework.test.context.support.DependencyInjectionTestExecutionListener, org.springframework.test.context.support.DirtiesContextTestExecutionListener, org.springframework.test.context.transaction.TransactionalTestExecutionListener, org.springframework.test.context.jdbc.SqlScriptsTestExecutionListener, org.springframework.test.context.event.EventPublishingTestExecutionListener]
2022-12-04 20:12:13.190  INFO 16364 --- [    Test worker] .b.t.c.SpringBootTestContextBootstrapper : Using TestExecutionListeners: [org.springframework.test.context.web.ServletTestExecutionListener@2913f3ca, org.springframework.test.context.support.DirtiesContextBeforeModesTestExecutionListener@113d2a24, org.springframework.test.context.event.ApplicationEventsTestExecutionListener@331abb0d, org.springframework.boot.test.mock.mockito.MockitoTestExecutionListener@2f6aa16, org.springframework.boot.test.autoconfigure.SpringBootDependencyInjectionTestExecutionListener@344d9421, org.springframework.test.context.support.DirtiesContextTestExecutionListener@4cd9e486, org.springframework.test.context.transaction.TransactionalTestExecutionListener@2afdfcc3, org.springframework.test.context.jdbc.SqlScriptsTestExecutionListener@1d6c5590, org.springframework.security.test.context.support.WithSecurityContextTestExecutionListener@45583680, org.springframework.test.context.event.EventPublishingTestExecutionListener@46261779, org.springframework.security.test.context.support.ReactorContextTestExecutionListener@378f09a, org.springframework.boot.test.autoconfigure.restdocs.RestDocsTestExecutionListener@7c47f5b0, org.springframework.boot.test.autoconfigure.web.client.MockRestServiceServerResetTestExecutionListener@782f208e, org.springframework.boot.test.autoconfigure.web.servlet.MockMvcPrintOnlyOnFailureTestExecutionListener@e447d2d, org.springframework.boot.test.autoconfigure.web.servlet.WebDriverTestExecutionListener@4afca05f, org.springframework.boot.test.autoconfigure.webservices.client.MockWebServiceServerTestExecutionListener@95536c5, org.springframework.boot.test.mock.mockito.ResetMocksTestExecutionListener@8ff4c31]
2022-12-04 20:12:13.190  INFO 16364 --- [    Test worker] o.s.t.c.transaction.TransactionContext   : Began transaction (1) for test context [DefaultTestContext@7a67d983 testClass = PostsServiceTest, testInstance = com.azurealstn.alog.service.posts.PostsServiceTest@3d945944, testMethod = modify_posts_o@PostsServiceTest, testException = [null], mergedContextConfiguration = [WebMergedContextConfiguration@6ae6df4a testClass = PostsServiceTest, locations = '{}', classes = '{class com.azurealstn.alog.AlogApplication}', contextInitializerClasses = '[]', activeProfiles = '{}', propertySourceLocations = '{}', propertySourceProperties = '{org.springframework.boot.test.context.SpringBootTestContextBootstrapper=true}', contextCustomizers = set[org.springframework.boot.test.autoconfigure.actuate.metrics.MetricsExportContextCustomizerFactory$DisableMetricExportContextCustomizer@39dcf4b0, org.springframework.boot.test.autoconfigure.properties.PropertyMappingContextCustomizer@0, org.springframework.boot.test.autoconfigure.web.servlet.WebDriverContextCustomizerFactory$Customizer@6722db6e, org.springframework.boot.test.context.filter.ExcludeFilterContextCustomizer@7a48e6e2, org.springframework.boot.test.json.DuplicateJsonObjectContextCustomizerFactory$DuplicateJsonObjectContextCustomizer@631e06ab, org.springframework.boot.test.mock.mockito.MockitoContextCustomizer@0, org.springframework.boot.test.web.client.TestRestTemplateContextCustomizer@24faea88, org.springframework.boot.test.context.SpringBootTestArgs@1, org.springframework.boot.test.context.SpringBootTestWebEnvironment@7b993c65], resourceBasePath = 'src/main/webapp', contextLoader = 'org.springframework.boot.test.context.SpringBootContextLoader', parent = [null]], attributes = map['org.springframework.test.context.web.ServletTestExecutionListener.activateListener' -> true, 'org.springframework.test.context.web.ServletTestExecutionListener.populatedRequestContextHolder' -> true, 'org.springframework.test.context.web.ServletTestExecutionListener.resetRequestContextHolder' -> true, 'org.springframework.test.context.event.ApplicationEventsTestExecutionListener.recordApplicationEvents' -> false]]; transaction manager [org.springframework.orm.jpa.JpaTransactionManager@14cf30b3]; rollback [true]
Hibernate: select posts0_.posts_id as posts_id1_5_, posts0_.created_date as created_2_5_, posts0_.modified_date as modified3_5_, posts0_.content as content4_5_, posts0_.description as descript5_5_, posts0_.likes as likes6_5_, posts0_.member_id as member_i9_5_, posts0_.secret as secret7_5_, posts0_.title as title8_5_ from posts posts0_
Hibernate: select member0_.member_id as member_i1_3_, member0_.created_date as created_2_3_, member0_.modified_date as modified3_3_, member0_.email as email4_3_, member0_.email_auth as email_au5_3_, member0_.name as name6_3_, member0_.picture as picture7_3_, member0_.role as role8_3_, member0_.short_bio as short_bi9_3_, member0_.username as usernam10_3_ from member member0_
Hibernate: insert into member (member_id, created_date, modified_date, email, email_auth, name, picture, role, short_bio, username) values (default, ?, ?, ?, ?, ?, ?, ?, ?, ?)
Hibernate: insert into posts (posts_id, created_date, modified_date, content, description, likes, member_id, secret, title) values (default, ?, ?, ?, ?, ?, ?, ?, ?)
2022-12-04 20:12:13.190  INFO 16364 --- [    Test worker] o.s.t.c.transaction.TransactionContext   : Rolled back transaction for test: [DefaultTestContext@7a67d983 testClass = PostsServiceTest, testInstance = com.azurealstn.alog.service.posts.PostsServiceTest@3d945944, testMethod = modify_posts_o@PostsServiceTest, testException = [null], mergedContextConfiguration = [WebMergedContextConfiguration@6ae6df4a testClass = PostsServiceTest, locations = '{}', classes = '{class com.azurealstn.alog.AlogApplication}', contextInitializerClasses = '[]', activeProfiles = '{}', propertySourceLocations = '{}', propertySourceProperties = '{org.springframework.boot.test.context.SpringBootTestContextBootstrapper=true}', contextCustomizers = set[org.springframework.boot.test.autoconfigure.actuate.metrics.MetricsExportContextCustomizerFactory$DisableMetricExportContextCustomizer@39dcf4b0, org.springframework.boot.test.autoconfigure.properties.PropertyMappingContextCustomizer@0, org.springframework.boot.test.autoconfigure.web.servlet.WebDriverContextCustomizerFactory$Customizer@6722db6e, org.springframework.boot.test.context.filter.ExcludeFilterContextCustomizer@7a48e6e2, org.springframework.boot.test.json.DuplicateJsonObjectContextCustomizerFactory$DuplicateJsonObjectContextCustomizer@631e06ab, org.springframework.boot.test.mock.mockito.MockitoContextCustomizer@0, org.springframework.boot.test.web.client.TestRestTemplateContextCustomizer@24faea88, org.springframework.boot.test.context.SpringBootTestArgs@1, org.springframework.boot.test.context.SpringBootTestWebEnvironment@7b993c65], resourceBasePath = 'src/main/webapp', contextLoader = 'org.springframework.boot.test.context.SpringBootContextLoader', parent = [null]], attributes = map['org.springframework.test.context.web.ServletTestExecutionListener.activateListener' -> true, 'org.springframework.test.context.web.ServletTestExecutionListener.populatedRequestContextHolder' -> true, 'org.springframework.test.context.web.ServletTestExecutionListener.resetRequestContextHolder' -> true, 'org.springframework.test.context.event.ApplicationEventsTestExecutionListener.recordApplicationEvents' -> false]]
2022-12-04 20:12:13.206  INFO 16364 --- [    Test worker] o.s.t.c.transaction.TransactionContext   : Began transaction (1) for test context [DefaultTestContext@7a67d983 testClass = PostsServiceTest, testInstance = com.azurealstn.alog.service.posts.PostsServiceTest@7094c7e9, testMethod = modify_posts_x@PostsServiceTest, testException = [null], mergedContextConfiguration = [WebMergedContextConfiguration@6ae6df4a testClass = PostsServiceTest, locations = '{}', classes = '{class com.azurealstn.alog.AlogApplication}', contextInitializerClasses = '[]', activeProfiles = '{}', propertySourceLocations = '{}', propertySourceProperties = '{org.springframework.boot.test.context.SpringBootTestContextBootstrapper=true}', contextCustomizers = set[org.springframework.boot.test.autoconfigure.actuate.metrics.MetricsExportContextCustomizerFactory$DisableMetricExportContextCustomizer@39dcf4b0, org.springframework.boot.test.autoconfigure.properties.PropertyMappingContextCustomizer@0, org.springframework.boot.test.autoconfigure.web.servlet.WebDriverContextCustomizerFactory$Customizer@6722db6e, org.springframework.boot.test.context.filter.ExcludeFilterContextCustomizer@7a48e6e2, org.springframework.boot.test.json.DuplicateJsonObjectContextCustomizerFactory$DuplicateJsonObjectContextCustomizer@631e06ab, org.springframework.boot.test.mock.mockito.MockitoContextCustomizer@0, org.springframework.boot.test.web.client.TestRestTemplateContextCustomizer@24faea88, org.springframework.boot.test.context.SpringBootTestArgs@1, org.springframework.boot.test.context.SpringBootTestWebEnvironment@7b993c65], resourceBasePath = 'src/main/webapp', contextLoader = 'org.springframework.boot.test.context.SpringBootContextLoader', parent = [null]], attributes = map['org.springframework.test.context.web.ServletTestExecutionListener.activateListener' -> true, 'org.springframework.test.context.web.ServletTestExecutionListener.populatedRequestContextHolder' -> true, 'org.springframework.test.context.web.ServletTestExecutionListener.resetRequestContextHolder' -> true, 'org.springframework.test.context.event.ApplicationEventsTestExecutionListener.recordApplicationEvents' -> false]]; transaction manager [org.springframework.orm.jpa.JpaTransactionManager@14cf30b3]; rollback [true]
Hibernate: select posts0_.posts_id as posts_id1_5_, posts0_.created_date as created_2_5_, posts0_.modified_date as modified3_5_, posts0_.content as content4_5_, posts0_.description as descript5_5_, posts0_.likes as likes6_5_, posts0_.member_id as member_i9_5_, posts0_.secret as secret7_5_, posts0_.title as title8_5_ from posts posts0_
Hibernate: select member0_.member_id as member_i1_3_, member0_.created_date as created_2_3_, member0_.modified_date as modified3_3_, member0_.email as email4_3_, member0_.email_auth as email_au5_3_, member0_.name as name6_3_, member0_.picture as picture7_3_, member0_.role as role8_3_, member0_.short_bio as short_bi9_3_, member0_.username as usernam10_3_ from member member0_
Hibernate: insert into member (member_id, created_date, modified_date, email, email_auth, name, picture, role, short_bio, username) values (default, ?, ?, ?, ?, ?, ?, ?, ?, ?)
Hibernate: insert into posts (posts_id, created_date, modified_date, content, description, likes, member_id, secret, title) values (default, ?, ?, ?, ?, ?, ?, ?, ?)
Hibernate: select posts0_.posts_id as posts_id1_5_0_, posts0_.created_date as created_2_5_0_, posts0_.modified_date as modified3_5_0_, posts0_.content as content4_5_0_, posts0_.description as descript5_5_0_, posts0_.likes as likes6_5_0_, posts0_.member_id as member_i9_5_0_, posts0_.secret as secret7_5_0_, posts0_.title as title8_5_0_, member1_.member_id as member_i1_3_1_, member1_.created_date as created_2_3_1_, member1_.modified_date as modified3_3_1_, member1_.email as email4_3_1_, member1_.email_auth as email_au5_3_1_, member1_.name as name6_3_1_, member1_.picture as picture7_3_1_, member1_.role as role8_3_1_, member1_.short_bio as short_bi9_3_1_, member1_.username as usernam10_3_1_ from posts posts0_ left outer join member member1_ on posts0_.member_id=member1_.member_id where posts0_.posts_id=?
2022-12-04 20:12:13.206  INFO 16364 --- [    Test worker] o.s.t.c.transaction.TransactionContext   : Rolled back transaction for test: [DefaultTestContext@7a67d983 testClass = PostsServiceTest, testInstance = com.azurealstn.alog.service.posts.PostsServiceTest@7094c7e9, testMethod = modify_posts_x@PostsServiceTest, testException = [null], mergedContextConfiguration = [WebMergedContextConfiguration@6ae6df4a testClass = PostsServiceTest, locations = '{}', classes = '{class com.azurealstn.alog.AlogApplication}', contextInitializerClasses = '[]', activeProfiles = '{}', propertySourceLocations = '{}', propertySourceProperties = '{org.springframework.boot.test.context.SpringBootTestContextBootstrapper=true}', contextCustomizers = set[org.springframework.boot.test.autoconfigure.actuate.metrics.MetricsExportContextCustomizerFactory$DisableMetricExportContextCustomizer@39dcf4b0, org.springframework.boot.test.autoconfigure.properties.PropertyMappingContextCustomizer@0, org.springframework.boot.test.autoconfigure.web.servlet.WebDriverContextCustomizerFactory$Customizer@6722db6e, org.springframework.boot.test.context.filter.ExcludeFilterContextCustomizer@7a48e6e2, org.springframework.boot.test.json.DuplicateJsonObjectContextCustomizerFactory$DuplicateJsonObjectContextCustomizer@631e06ab, org.springframework.boot.test.mock.mockito.MockitoContextCustomizer@0, org.springframework.boot.test.web.client.TestRestTemplateContextCustomizer@24faea88, org.springframework.boot.test.context.SpringBootTestArgs@1, org.springframework.boot.test.context.SpringBootTestWebEnvironment@7b993c65], resourceBasePath = 'src/main/webapp', contextLoader = 'org.springframework.boot.test.context.SpringBootContextLoader', parent = [null]], attributes = map['org.springframework.test.context.web.ServletTestExecutionListener.activateListener' -> true, 'org.springframework.test.context.web.ServletTestExecutionListener.populatedRequestContextHolder' -> true, 'org.springframework.test.context.web.ServletTestExecutionListener.resetRequestContextHolder' -> true, 'org.springframework.test.context.event.ApplicationEventsTestExecutionListener.recordApplicationEvents' -> false]]
Hibernate: select posts0_.posts_id as posts_id1_5_, posts0_.created_date as created_2_5_, posts0_.modified_date as modified3_5_, posts0_.content as content4_5_, posts0_.description as descript5_5_, posts0_.likes as likes6_5_, posts0_.member_id as member_i9_5_, posts0_.secret as secret7_5_, posts0_.title as title8_5_ from posts posts0_
Hibernate: select member0_.member_id as member_i1_3_, member0_.created_date as created_2_3_, member0_.modified_date as modified3_3_, member0_.email as email4_3_, member0_.email_auth as email_au5_3_, member0_.name as name6_3_, member0_.picture as picture7_3_, member0_.role as role8_3_, member0_.short_bio as short_bi9_3_, member0_.username as usernam10_3_ from member member0_
Hibernate: select posts0_.posts_id as posts_id1_5_, posts0_.created_date as created_2_5_, posts0_.modified_date as modified3_5_, posts0_.content as content4_5_, posts0_.description as descript5_5_, posts0_.likes as likes6_5_, posts0_.member_id as member_i9_5_, posts0_.secret as secret7_5_, posts0_.title as title8_5_ from posts posts0_
Hibernate: select member0_.member_id as member_i1_3_, member0_.created_date as created_2_3_, member0_.modified_date as modified3_3_, member0_.email as email4_3_, member0_.email_auth as email_au5_3_, member0_.name as name6_3_, member0_.picture as picture7_3_, member0_.role as role8_3_, member0_.short_bio as short_bi9_3_, member0_.username as usernam10_3_ from member member0_
Hibernate: insert into member (member_id, created_date, modified_date, email, email_auth, name, picture, role, short_bio, username) values (default, ?, ?, ?, ?, ?, ?, ?, ?, ?)
Hibernate: insert into posts (posts_id, created_date, modified_date, content, description, likes, member_id, secret, title) values (default, ?, ?, ?, ?, ?, ?, ?, ?)
2022-12-04 20:12:13.223  INFO 16364 --- [    Test worker] o.s.t.c.transaction.TransactionContext   : Began transaction (1) for test context [DefaultTestContext@7a67d983 testClass = PostsServiceTest, testInstance = com.azurealstn.alog.service.posts.PostsServiceTest@4d6cfa5, testMethod = delete_posts_o@PostsServiceTest, testException = [null], mergedContextConfiguration = [WebMergedContextConfiguration@6ae6df4a testClass = PostsServiceTest, locations = '{}', classes = '{class com.azurealstn.alog.AlogApplication}', contextInitializerClasses = '[]', activeProfiles = '{}', propertySourceLocations = '{}', propertySourceProperties = '{org.springframework.boot.test.context.SpringBootTestContextBootstrapper=true}', contextCustomizers = set[org.springframework.boot.test.autoconfigure.actuate.metrics.MetricsExportContextCustomizerFactory$DisableMetricExportContextCustomizer@39dcf4b0, org.springframework.boot.test.autoconfigure.properties.PropertyMappingContextCustomizer@0, org.springframework.boot.test.autoconfigure.web.servlet.WebDriverContextCustomizerFactory$Customizer@6722db6e, org.springframework.boot.test.context.filter.ExcludeFilterContextCustomizer@7a48e6e2, org.springframework.boot.test.json.DuplicateJsonObjectContextCustomizerFactory$DuplicateJsonObjectContextCustomizer@631e06ab, org.springframework.boot.test.mock.mockito.MockitoContextCustomizer@0, org.springframework.boot.test.web.client.TestRestTemplateContextCustomizer@24faea88, org.springframework.boot.test.context.SpringBootTestArgs@1, org.springframework.boot.test.context.SpringBootTestWebEnvironment@7b993c65], resourceBasePath = 'src/main/webapp', contextLoader = 'org.springframework.boot.test.context.SpringBootContextLoader', parent = [null]], attributes = map['org.springframework.test.context.web.ServletTestExecutionListener.activateListener' -> true, 'org.springframework.test.context.web.ServletTestExecutionListener.populatedRequestContextHolder' -> true, 'org.springframework.test.context.web.ServletTestExecutionListener.resetRequestContextHolder' -> true, 'org.springframework.test.context.event.ApplicationEventsTestExecutionListener.recordApplicationEvents' -> false]]; transaction manager [org.springframework.orm.jpa.JpaTransactionManager@14cf30b3]; rollback [true]
Hibernate: select posts0_.posts_id as posts_id1_5_, posts0_.created_date as created_2_5_, posts0_.modified_date as modified3_5_, posts0_.content as content4_5_, posts0_.description as descript5_5_, posts0_.likes as likes6_5_, posts0_.member_id as member_i9_5_, posts0_.secret as secret7_5_, posts0_.title as title8_5_ from posts posts0_
Hibernate: select member0_.member_id as member_i1_3_0_, member0_.created_date as created_2_3_0_, member0_.modified_date as modified3_3_0_, member0_.email as email4_3_0_, member0_.email_auth as email_au5_3_0_, member0_.name as name6_3_0_, member0_.picture as picture7_3_0_, member0_.role as role8_3_0_, member0_.short_bio as short_bi9_3_0_, member0_.username as usernam10_3_0_ from member member0_ where member0_.member_id=?
Hibernate: select commentlis0_.posts_id as posts_id9_0_0_, commentlis0_.comment_id as comment_1_0_0_, commentlis0_.comment_id as comment_1_0_1_, commentlis0_.created_date as created_2_0_1_, commentlis0_.modified_date as modified3_0_1_, commentlis0_.content as content4_0_1_, commentlis0_.is_comment_me as is_comme5_0_1_, commentlis0_.level as level6_0_1_, commentlis0_.member_id as member_i8_0_1_, commentlis0_.posts_id as posts_id9_0_1_, commentlis0_.up_comment_id as up_comme7_0_1_ from comment commentlis0_ where commentlis0_.posts_id=?
Hibernate: select postshasht0_.posts_id as posts_id5_6_0_, postshasht0_.posts_hashtag_map_id as posts_ha1_6_0_, postshasht0_.posts_hashtag_map_id as posts_ha1_6_1_, postshasht0_.created_date as created_2_6_1_, postshasht0_.modified_date as modified3_6_1_, postshasht0_.hashtag_id as hashtag_4_6_1_, postshasht0_.posts_id as posts_id5_6_1_ from posts_hashtag_map postshasht0_ where postshasht0_.posts_id=?
Hibernate: select postsimage0_.posts_id as posts_id8_7_0_, postsimage0_.posts_image_id as posts_im1_7_0_, postsimage0_.posts_image_id as posts_im1_7_1_, postsimage0_.created_date as created_2_7_1_, postsimage0_.modified_date as modified3_7_1_, postsimage0_.image_url as image_ur4_7_1_, postsimage0_.original_filename as original5_7_1_, postsimage0_.posts_id as posts_id8_7_1_, postsimage0_.store_filename as store_fi6_7_1_, postsimage0_.thumbnail_yn as thumbnai7_7_1_ from posts_image postsimage0_ where postsimage0_.posts_id=?
Hibernate: select postslikel0_.posts_id as posts_id5_8_0_, postslikel0_.id as id1_8_0_, postslikel0_.id as id1_8_1_, postslikel0_.created_date as created_2_8_1_, postslikel0_.modified_date as modified3_8_1_, postslikel0_.member_id as member_i4_8_1_, postslikel0_.posts_id as posts_id5_8_1_ from posts_like postslikel0_ where postslikel0_.posts_id=?
Hibernate: select member0_.member_id as member_i1_3_, member0_.created_date as created_2_3_, member0_.modified_date as modified3_3_, member0_.email as email4_3_, member0_.email_auth as email_au5_3_, member0_.name as name6_3_, member0_.picture as picture7_3_, member0_.role as role8_3_, member0_.short_bio as short_bi9_3_, member0_.username as usernam10_3_ from member member0_
Hibernate: select commentlis0_.member_id as member_i8_0_0_, commentlis0_.comment_id as comment_1_0_0_, commentlis0_.comment_id as comment_1_0_1_, commentlis0_.created_date as created_2_0_1_, commentlis0_.modified_date as modified3_0_1_, commentlis0_.content as content4_0_1_, commentlis0_.is_comment_me as is_comme5_0_1_, commentlis0_.level as level6_0_1_, commentlis0_.member_id as member_i8_0_1_, commentlis0_.posts_id as posts_id9_0_1_, commentlis0_.up_comment_id as up_comme7_0_1_ from comment commentlis0_ where commentlis0_.member_id=?
Hibernate: select memberimag0_.member_id as member_i8_4_0_, memberimag0_.member_image_id as member_i1_4_0_, memberimag0_.member_image_id as member_i1_4_1_, memberimag0_.created_date as created_2_4_1_, memberimag0_.modified_date as modified3_4_1_, memberimag0_.image_url as image_ur4_4_1_, memberimag0_.member_id as member_i8_4_1_, memberimag0_.original_filename as original5_4_1_, memberimag0_.store_filename as store_fi6_4_1_, memberimag0_.thumbnail_yn as thumbnai7_4_1_ from member_image memberimag0_ where memberimag0_.member_id=?
Hibernate: select postslikel0_.member_id as member_i4_8_0_, postslikel0_.id as id1_8_0_, postslikel0_.id as id1_8_1_, postslikel0_.created_date as created_2_8_1_, postslikel0_.modified_date as modified3_8_1_, postslikel0_.member_id as member_i4_8_1_, postslikel0_.posts_id as posts_id5_8_1_ from posts_like postslikel0_ where postslikel0_.member_id=?
Hibernate: select postslist0_.member_id as member_i9_5_0_, postslist0_.posts_id as posts_id1_5_0_, postslist0_.posts_id as posts_id1_5_1_, postslist0_.created_date as created_2_5_1_, postslist0_.modified_date as modified3_5_1_, postslist0_.content as content4_5_1_, postslist0_.description as descript5_5_1_, postslist0_.likes as likes6_5_1_, postslist0_.member_id as member_i9_5_1_, postslist0_.secret as secret7_5_1_, postslist0_.title as title8_5_1_ from posts postslist0_ where postslist0_.member_id=?
Hibernate: select tempsaveli0_.member_id as member_i7_9_0_, tempsaveli0_.temp_save_id as temp_sav1_9_0_, tempsaveli0_.temp_save_id as temp_sav1_9_1_, tempsaveli0_.created_date as created_2_9_1_, tempsaveli0_.modified_date as modified3_9_1_, tempsaveli0_.content as content4_9_1_, tempsaveli0_.member_id as member_i7_9_1_, tempsaveli0_.temp_code as temp_cod5_9_1_, tempsaveli0_.title as title6_9_1_ from temp_save tempsaveli0_ where tempsaveli0_.member_id=?
Hibernate: insert into member (member_id, created_date, modified_date, email, email_auth, name, picture, role, short_bio, username) values (default, ?, ?, ?, ?, ?, ?, ?, ?, ?)
Hibernate: delete from posts where posts_id=?
Hibernate: delete from member where member_id=?
Hibernate: select member0_.member_id as member_i1_3_, member0_.created_date as created_2_3_, member0_.modified_date as modified3_3_, member0_.email as email4_3_, member0_.email_auth as email_au5_3_, member0_.name as name6_3_, member0_.picture as picture7_3_, member0_.role as role8_3_, member0_.short_bio as short_bi9_3_, member0_.username as usernam10_3_ from member member0_ where member0_.email=?
Hibernate: insert into posts (posts_id, created_date, modified_date, content, description, likes, member_id, secret, title) values (default, ?, ?, ?, ?, ?, ?, ?, ?)
Hibernate: delete from posts where posts_id=?
Hibernate: select count(*) as col_0_0_ from posts posts0_
2022-12-04 20:12:13.238  INFO 16364 --- [    Test worker] o.s.t.c.transaction.TransactionContext   : Rolled back transaction for test: [DefaultTestContext@7a67d983 testClass = PostsServiceTest, testInstance = com.azurealstn.alog.service.posts.PostsServiceTest@4d6cfa5, testMethod = delete_posts_o@PostsServiceTest, testException = [null], mergedContextConfiguration = [WebMergedContextConfiguration@6ae6df4a testClass = PostsServiceTest, locations = '{}', classes = '{class com.azurealstn.alog.AlogApplication}', contextInitializerClasses = '[]', activeProfiles = '{}', propertySourceLocations = '{}', propertySourceProperties = '{org.springframework.boot.test.context.SpringBootTestContextBootstrapper=true}', contextCustomizers = set[org.springframework.boot.test.autoconfigure.actuate.metrics.MetricsExportContextCustomizerFactory$DisableMetricExportContextCustomizer@39dcf4b0, org.springframework.boot.test.autoconfigure.properties.PropertyMappingContextCustomizer@0, org.springframework.boot.test.autoconfigure.web.servlet.WebDriverContextCustomizerFactory$Customizer@6722db6e, org.springframework.boot.test.context.filter.ExcludeFilterContextCustomizer@7a48e6e2, org.springframework.boot.test.json.DuplicateJsonObjectContextCustomizerFactory$DuplicateJsonObjectContextCustomizer@631e06ab, org.springframework.boot.test.mock.mockito.MockitoContextCustomizer@0, org.springframework.boot.test.web.client.TestRestTemplateContextCustomizer@24faea88, org.springframework.boot.test.context.SpringBootTestArgs@1, org.springframework.boot.test.context.SpringBootTestWebEnvironment@7b993c65], resourceBasePath = 'src/main/webapp', contextLoader = 'org.springframework.boot.test.context.SpringBootContextLoader', parent = [null]], attributes = map['org.springframework.test.context.web.ServletTestExecutionListener.activateListener' -> true, 'org.springframework.test.context.web.ServletTestExecutionListener.populatedRequestContextHolder' -> true, 'org.springframework.test.context.web.ServletTestExecutionListener.resetRequestContextHolder' -> true, 'org.springframework.test.context.event.ApplicationEventsTestExecutionListener.recordApplicationEvents' -> false]]
2022-12-04 20:12:13.238  INFO 16364 --- [    Test worker] o.s.t.c.transaction.TransactionContext   : Began transaction (1) for test context [DefaultTestContext@7a67d983 testClass = PostsServiceTest, testInstance = com.azurealstn.alog.service.posts.PostsServiceTest@4f9e5d0e, testMethod = delete_posts_x@PostsServiceTest, testException = [null], mergedContextConfiguration = [WebMergedContextConfiguration@6ae6df4a testClass = PostsServiceTest, locations = '{}', classes = '{class com.azurealstn.alog.AlogApplication}', contextInitializerClasses = '[]', activeProfiles = '{}', propertySourceLocations = '{}', propertySourceProperties = '{org.springframework.boot.test.context.SpringBootTestContextBootstrapper=true}', contextCustomizers = set[org.springframework.boot.test.autoconfigure.actuate.metrics.MetricsExportContextCustomizerFactory$DisableMetricExportContextCustomizer@39dcf4b0, org.springframework.boot.test.autoconfigure.properties.PropertyMappingContextCustomizer@0, org.springframework.boot.test.autoconfigure.web.servlet.WebDriverContextCustomizerFactory$Customizer@6722db6e, org.springframework.boot.test.context.filter.ExcludeFilterContextCustomizer@7a48e6e2, org.springframework.boot.test.json.DuplicateJsonObjectContextCustomizerFactory$DuplicateJsonObjectContextCustomizer@631e06ab, org.springframework.boot.test.mock.mockito.MockitoContextCustomizer@0, org.springframework.boot.test.web.client.TestRestTemplateContextCustomizer@24faea88, org.springframework.boot.test.context.SpringBootTestArgs@1, org.springframework.boot.test.context.SpringBootTestWebEnvironment@7b993c65], resourceBasePath = 'src/main/webapp', contextLoader = 'org.springframework.boot.test.context.SpringBootContextLoader', parent = [null]], attributes = map['org.springframework.test.context.web.ServletTestExecutionListener.activateListener' -> true, 'org.springframework.test.context.web.ServletTestExecutionListener.populatedRequestContextHolder' -> true, 'org.springframework.test.context.web.ServletTestExecutionListener.resetRequestContextHolder' -> true, 'org.springframework.test.context.event.ApplicationEventsTestExecutionListener.recordApplicationEvents' -> false]]; transaction manager [org.springframework.orm.jpa.JpaTransactionManager@14cf30b3]; rollback [true]
Hibernate: select posts0_.posts_id as posts_id1_5_, posts0_.created_date as created_2_5_, posts0_.modified_date as modified3_5_, posts0_.content as content4_5_, posts0_.description as descript5_5_, posts0_.likes as likes6_5_, posts0_.member_id as member_i9_5_, posts0_.secret as secret7_5_, posts0_.title as title8_5_ from posts posts0_
Hibernate: select member0_.member_id as member_i1_3_0_, member0_.created_date as created_2_3_0_, member0_.modified_date as modified3_3_0_, member0_.email as email4_3_0_, member0_.email_auth as email_au5_3_0_, member0_.name as name6_3_0_, member0_.picture as picture7_3_0_, member0_.role as role8_3_0_, member0_.short_bio as short_bi9_3_0_, member0_.username as usernam10_3_0_ from member member0_ where member0_.member_id=?
Hibernate: select commentlis0_.posts_id as posts_id9_0_0_, commentlis0_.comment_id as comment_1_0_0_, commentlis0_.comment_id as comment_1_0_1_, commentlis0_.created_date as created_2_0_1_, commentlis0_.modified_date as modified3_0_1_, commentlis0_.content as content4_0_1_, commentlis0_.is_comment_me as is_comme5_0_1_, commentlis0_.level as level6_0_1_, commentlis0_.member_id as member_i8_0_1_, commentlis0_.posts_id as posts_id9_0_1_, commentlis0_.up_comment_id as up_comme7_0_1_ from comment commentlis0_ where commentlis0_.posts_id=?
Hibernate: select postshasht0_.posts_id as posts_id5_6_0_, postshasht0_.posts_hashtag_map_id as posts_ha1_6_0_, postshasht0_.posts_hashtag_map_id as posts_ha1_6_1_, postshasht0_.created_date as created_2_6_1_, postshasht0_.modified_date as modified3_6_1_, postshasht0_.hashtag_id as hashtag_4_6_1_, postshasht0_.posts_id as posts_id5_6_1_ from posts_hashtag_map postshasht0_ where postshasht0_.posts_id=?
Hibernate: select postsimage0_.posts_id as posts_id8_7_0_, postsimage0_.posts_image_id as posts_im1_7_0_, postsimage0_.posts_image_id as posts_im1_7_1_, postsimage0_.created_date as created_2_7_1_, postsimage0_.modified_date as modified3_7_1_, postsimage0_.image_url as image_ur4_7_1_, postsimage0_.original_filename as original5_7_1_, postsimage0_.posts_id as posts_id8_7_1_, postsimage0_.store_filename as store_fi6_7_1_, postsimage0_.thumbnail_yn as thumbnai7_7_1_ from posts_image postsimage0_ where postsimage0_.posts_id=?
Hibernate: select postslikel0_.posts_id as posts_id5_8_0_, postslikel0_.id as id1_8_0_, postslikel0_.id as id1_8_1_, postslikel0_.created_date as created_2_8_1_, postslikel0_.modified_date as modified3_8_1_, postslikel0_.member_id as member_i4_8_1_, postslikel0_.posts_id as posts_id5_8_1_ from posts_like postslikel0_ where postslikel0_.posts_id=?
Hibernate: select member0_.member_id as member_i1_3_, member0_.created_date as created_2_3_, member0_.modified_date as modified3_3_, member0_.email as email4_3_, member0_.email_auth as email_au5_3_, member0_.name as name6_3_, member0_.picture as picture7_3_, member0_.role as role8_3_, member0_.short_bio as short_bi9_3_, member0_.username as usernam10_3_ from member member0_
Hibernate: select commentlis0_.member_id as member_i8_0_0_, commentlis0_.comment_id as comment_1_0_0_, commentlis0_.comment_id as comment_1_0_1_, commentlis0_.created_date as created_2_0_1_, commentlis0_.modified_date as modified3_0_1_, commentlis0_.content as content4_0_1_, commentlis0_.is_comment_me as is_comme5_0_1_, commentlis0_.level as level6_0_1_, commentlis0_.member_id as member_i8_0_1_, commentlis0_.posts_id as posts_id9_0_1_, commentlis0_.up_comment_id as up_comme7_0_1_ from comment commentlis0_ where commentlis0_.member_id=?
Hibernate: select memberimag0_.member_id as member_i8_4_0_, memberimag0_.member_image_id as member_i1_4_0_, memberimag0_.member_image_id as member_i1_4_1_, memberimag0_.created_date as created_2_4_1_, memberimag0_.modified_date as modified3_4_1_, memberimag0_.image_url as image_ur4_4_1_, memberimag0_.member_id as member_i8_4_1_, memberimag0_.original_filename as original5_4_1_, memberimag0_.store_filename as store_fi6_4_1_, memberimag0_.thumbnail_yn as thumbnai7_4_1_ from member_image memberimag0_ where memberimag0_.member_id=?
Hibernate: select postslikel0_.member_id as member_i4_8_0_, postslikel0_.id as id1_8_0_, postslikel0_.id as id1_8_1_, postslikel0_.created_date as created_2_8_1_, postslikel0_.modified_date as modified3_8_1_, postslikel0_.member_id as member_i4_8_1_, postslikel0_.posts_id as posts_id5_8_1_ from posts_like postslikel0_ where postslikel0_.member_id=?
Hibernate: select postslist0_.member_id as member_i9_5_0_, postslist0_.posts_id as posts_id1_5_0_, postslist0_.posts_id as posts_id1_5_1_, postslist0_.created_date as created_2_5_1_, postslist0_.modified_date as modified3_5_1_, postslist0_.content as content4_5_1_, postslist0_.description as descript5_5_1_, postslist0_.likes as likes6_5_1_, postslist0_.member_id as member_i9_5_1_, postslist0_.secret as secret7_5_1_, postslist0_.title as title8_5_1_ from posts postslist0_ where postslist0_.member_id=?
Hibernate: select tempsaveli0_.member_id as member_i7_9_0_, tempsaveli0_.temp_save_id as temp_sav1_9_0_, tempsaveli0_.temp_save_id as temp_sav1_9_1_, tempsaveli0_.created_date as created_2_9_1_, tempsaveli0_.modified_date as modified3_9_1_, tempsaveli0_.content as content4_9_1_, tempsaveli0_.member_id as member_i7_9_1_, tempsaveli0_.temp_code as temp_cod5_9_1_, tempsaveli0_.title as title6_9_1_ from temp_save tempsaveli0_ where tempsaveli0_.member_id=?
Hibernate: insert into member (member_id, created_date, modified_date, email, email_auth, name, picture, role, short_bio, username) values (default, ?, ?, ?, ?, ?, ?, ?, ?, ?)
Hibernate: delete from posts where posts_id=?
Hibernate: delete from member where member_id=?
Hibernate: select member0_.member_id as member_i1_3_, member0_.created_date as created_2_3_, member0_.modified_date as modified3_3_, member0_.email as email4_3_, member0_.email_auth as email_au5_3_, member0_.name as name6_3_, member0_.picture as picture7_3_, member0_.role as role8_3_, member0_.short_bio as short_bi9_3_, member0_.username as usernam10_3_ from member member0_ where member0_.email=?
Hibernate: insert into posts (posts_id, created_date, modified_date, content, description, likes, member_id, secret, title) values (default, ?, ?, ?, ?, ?, ?, ?, ?)
Hibernate: select posts0_.posts_id as posts_id1_5_0_, posts0_.created_date as created_2_5_0_, posts0_.modified_date as modified3_5_0_, posts0_.content as content4_5_0_, posts0_.description as descript5_5_0_, posts0_.likes as likes6_5_0_, posts0_.member_id as member_i9_5_0_, posts0_.secret as secret7_5_0_, posts0_.title as title8_5_0_, member1_.member_id as member_i1_3_1_, member1_.created_date as created_2_3_1_, member1_.modified_date as modified3_3_1_, member1_.email as email4_3_1_, member1_.email_auth as email_au5_3_1_, member1_.name as name6_3_1_, member1_.picture as picture7_3_1_, member1_.role as role8_3_1_, member1_.short_bio as short_bi9_3_1_, member1_.username as usernam10_3_1_ from posts posts0_ left outer join member member1_ on posts0_.member_id=member1_.member_id where posts0_.posts_id=?
2022-12-04 20:12:13.254  INFO 16364 --- [    Test worker] o.s.t.c.transaction.TransactionContext   : Rolled back transaction for test: [DefaultTestContext@7a67d983 testClass = PostsServiceTest, testInstance = com.azurealstn.alog.service.posts.PostsServiceTest@4f9e5d0e, testMethod = delete_posts_x@PostsServiceTest, testException = [null], mergedContextConfiguration = [WebMergedContextConfiguration@6ae6df4a testClass = PostsServiceTest, locations = '{}', classes = '{class com.azurealstn.alog.AlogApplication}', contextInitializerClasses = '[]', activeProfiles = '{}', propertySourceLocations = '{}', propertySourceProperties = '{org.springframework.boot.test.context.SpringBootTestContextBootstrapper=true}', contextCustomizers = set[org.springframework.boot.test.autoconfigure.actuate.metrics.MetricsExportContextCustomizerFactory$DisableMetricExportContextCustomizer@39dcf4b0, org.springframework.boot.test.autoconfigure.properties.PropertyMappingContextCustomizer@0, org.springframework.boot.test.autoconfigure.web.servlet.WebDriverContextCustomizerFactory$Customizer@6722db6e, org.springframework.boot.test.context.filter.ExcludeFilterContextCustomizer@7a48e6e2, org.springframework.boot.test.json.DuplicateJsonObjectContextCustomizerFactory$DuplicateJsonObjectContextCustomizer@631e06ab, org.springframework.boot.test.mock.mockito.MockitoContextCustomizer@0, org.springframework.boot.test.web.client.TestRestTemplateContextCustomizer@24faea88, org.springframework.boot.test.context.SpringBootTestArgs@1, org.springframework.boot.test.context.SpringBootTestWebEnvironment@7b993c65], resourceBasePath = 'src/main/webapp', contextLoader = 'org.springframework.boot.test.context.SpringBootContextLoader', parent = [null]], attributes = map['org.springframework.test.context.web.ServletTestExecutionListener.activateListener' -> true, 'org.springframework.test.context.web.ServletTestExecutionListener.populatedRequestContextHolder' -> true, 'org.springframework.test.context.web.ServletTestExecutionListener.resetRequestContextHolder' -> true, 'org.springframework.test.context.event.ApplicationEventsTestExecutionListener.recordApplicationEvents' -> false]]
2022-12-04 20:12:13.254  INFO 16364 --- [    Test worker] o.s.t.c.transaction.TransactionContext   : Began transaction (1) for test context [DefaultTestContext@7a67d983 testClass = PostsServiceTest, testInstance = com.azurealstn.alog.service.posts.PostsServiceTest@226ab7b1, testMethod = findAll_posts@PostsServiceTest, testException = [null], mergedContextConfiguration = [WebMergedContextConfiguration@6ae6df4a testClass = PostsServiceTest, locations = '{}', classes = '{class com.azurealstn.alog.AlogApplication}', contextInitializerClasses = '[]', activeProfiles = '{}', propertySourceLocations = '{}', propertySourceProperties = '{org.springframework.boot.test.context.SpringBootTestContextBootstrapper=true}', contextCustomizers = set[org.springframework.boot.test.autoconfigure.actuate.metrics.MetricsExportContextCustomizerFactory$DisableMetricExportContextCustomizer@39dcf4b0, org.springframework.boot.test.autoconfigure.properties.PropertyMappingContextCustomizer@0, org.springframework.boot.test.autoconfigure.web.servlet.WebDriverContextCustomizerFactory$Customizer@6722db6e, org.springframework.boot.test.context.filter.ExcludeFilterContextCustomizer@7a48e6e2, org.springframework.boot.test.json.DuplicateJsonObjectContextCustomizerFactory$DuplicateJsonObjectContextCustomizer@631e06ab, org.springframework.boot.test.mock.mockito.MockitoContextCustomizer@0, org.springframework.boot.test.web.client.TestRestTemplateContextCustomizer@24faea88, org.springframework.boot.test.context.SpringBootTestArgs@1, org.springframework.boot.test.context.SpringBootTestWebEnvironment@7b993c65], resourceBasePath = 'src/main/webapp', contextLoader = 'org.springframework.boot.test.context.SpringBootContextLoader', parent = [null]], attributes = map['org.springframework.test.context.web.ServletTestExecutionListener.activateListener' -> true, 'org.springframework.test.context.web.ServletTestExecutionListener.populatedRequestContextHolder' -> true, 'org.springframework.test.context.web.ServletTestExecutionListener.resetRequestContextHolder' -> true, 'org.springframework.test.context.event.ApplicationEventsTestExecutionListener.recordApplicationEvents' -> false]]; transaction manager [org.springframework.orm.jpa.JpaTransactionManager@14cf30b3]; rollback [true]
Hibernate: select posts0_.posts_id as posts_id1_5_, posts0_.created_date as created_2_5_, posts0_.modified_date as modified3_5_, posts0_.content as content4_5_, posts0_.description as descript5_5_, posts0_.likes as likes6_5_, posts0_.member_id as member_i9_5_, posts0_.secret as secret7_5_, posts0_.title as title8_5_ from posts posts0_
Hibernate: select member0_.member_id as member_i1_3_0_, member0_.created_date as created_2_3_0_, member0_.modified_date as modified3_3_0_, member0_.email as email4_3_0_, member0_.email_auth as email_au5_3_0_, member0_.name as name6_3_0_, member0_.picture as picture7_3_0_, member0_.role as role8_3_0_, member0_.short_bio as short_bi9_3_0_, member0_.username as usernam10_3_0_ from member member0_ where member0_.member_id=?
Hibernate: select commentlis0_.posts_id as posts_id9_0_0_, commentlis0_.comment_id as comment_1_0_0_, commentlis0_.comment_id as comment_1_0_1_, commentlis0_.created_date as created_2_0_1_, commentlis0_.modified_date as modified3_0_1_, commentlis0_.content as content4_0_1_, commentlis0_.is_comment_me as is_comme5_0_1_, commentlis0_.level as level6_0_1_, commentlis0_.member_id as member_i8_0_1_, commentlis0_.posts_id as posts_id9_0_1_, commentlis0_.up_comment_id as up_comme7_0_1_ from comment commentlis0_ where commentlis0_.posts_id=?
Hibernate: select postshasht0_.posts_id as posts_id5_6_0_, postshasht0_.posts_hashtag_map_id as posts_ha1_6_0_, postshasht0_.posts_hashtag_map_id as posts_ha1_6_1_, postshasht0_.created_date as created_2_6_1_, postshasht0_.modified_date as modified3_6_1_, postshasht0_.hashtag_id as hashtag_4_6_1_, postshasht0_.posts_id as posts_id5_6_1_ from posts_hashtag_map postshasht0_ where postshasht0_.posts_id=?
Hibernate: select postsimage0_.posts_id as posts_id8_7_0_, postsimage0_.posts_image_id as posts_im1_7_0_, postsimage0_.posts_image_id as posts_im1_7_1_, postsimage0_.created_date as created_2_7_1_, postsimage0_.modified_date as modified3_7_1_, postsimage0_.image_url as image_ur4_7_1_, postsimage0_.original_filename as original5_7_1_, postsimage0_.posts_id as posts_id8_7_1_, postsimage0_.store_filename as store_fi6_7_1_, postsimage0_.thumbnail_yn as thumbnai7_7_1_ from posts_image postsimage0_ where postsimage0_.posts_id=?
Hibernate: select postslikel0_.posts_id as posts_id5_8_0_, postslikel0_.id as id1_8_0_, postslikel0_.id as id1_8_1_, postslikel0_.created_date as created_2_8_1_, postslikel0_.modified_date as modified3_8_1_, postslikel0_.member_id as member_i4_8_1_, postslikel0_.posts_id as posts_id5_8_1_ from posts_like postslikel0_ where postslikel0_.posts_id=?
Hibernate: select member0_.member_id as member_i1_3_, member0_.created_date as created_2_3_, member0_.modified_date as modified3_3_, member0_.email as email4_3_, member0_.email_auth as email_au5_3_, member0_.name as name6_3_, member0_.picture as picture7_3_, member0_.role as role8_3_, member0_.short_bio as short_bi9_3_, member0_.username as usernam10_3_ from member member0_
Hibernate: select commentlis0_.member_id as member_i8_0_0_, commentlis0_.comment_id as comment_1_0_0_, commentlis0_.comment_id as comment_1_0_1_, commentlis0_.created_date as created_2_0_1_, commentlis0_.modified_date as modified3_0_1_, commentlis0_.content as content4_0_1_, commentlis0_.is_comment_me as is_comme5_0_1_, commentlis0_.level as level6_0_1_, commentlis0_.member_id as member_i8_0_1_, commentlis0_.posts_id as posts_id9_0_1_, commentlis0_.up_comment_id as up_comme7_0_1_ from comment commentlis0_ where commentlis0_.member_id=?
Hibernate: select memberimag0_.member_id as member_i8_4_0_, memberimag0_.member_image_id as member_i1_4_0_, memberimag0_.member_image_id as member_i1_4_1_, memberimag0_.created_date as created_2_4_1_, memberimag0_.modified_date as modified3_4_1_, memberimag0_.image_url as image_ur4_4_1_, memberimag0_.member_id as member_i8_4_1_, memberimag0_.original_filename as original5_4_1_, memberimag0_.store_filename as store_fi6_4_1_, memberimag0_.thumbnail_yn as thumbnai7_4_1_ from member_image memberimag0_ where memberimag0_.member_id=?
Hibernate: select postslikel0_.member_id as member_i4_8_0_, postslikel0_.id as id1_8_0_, postslikel0_.id as id1_8_1_, postslikel0_.created_date as created_2_8_1_, postslikel0_.modified_date as modified3_8_1_, postslikel0_.member_id as member_i4_8_1_, postslikel0_.posts_id as posts_id5_8_1_ from posts_like postslikel0_ where postslikel0_.member_id=?
Hibernate: select postslist0_.member_id as member_i9_5_0_, postslist0_.posts_id as posts_id1_5_0_, postslist0_.posts_id as posts_id1_5_1_, postslist0_.created_date as created_2_5_1_, postslist0_.modified_date as modified3_5_1_, postslist0_.content as content4_5_1_, postslist0_.description as descript5_5_1_, postslist0_.likes as likes6_5_1_, postslist0_.member_id as member_i9_5_1_, postslist0_.secret as secret7_5_1_, postslist0_.title as title8_5_1_ from posts postslist0_ where postslist0_.member_id=?
Hibernate: select tempsaveli0_.member_id as member_i7_9_0_, tempsaveli0_.temp_save_id as temp_sav1_9_0_, tempsaveli0_.temp_save_id as temp_sav1_9_1_, tempsaveli0_.created_date as created_2_9_1_, tempsaveli0_.modified_date as modified3_9_1_, tempsaveli0_.content as content4_9_1_, tempsaveli0_.member_id as member_i7_9_1_, tempsaveli0_.temp_code as temp_cod5_9_1_, tempsaveli0_.title as title6_9_1_ from temp_save tempsaveli0_ where tempsaveli0_.member_id=?
Hibernate: insert into member (member_id, created_date, modified_date, email, email_auth, name, picture, role, short_bio, username) values (default, ?, ?, ?, ?, ?, ?, ?, ?, ?)
Hibernate: insert into posts (posts_id, created_date, modified_date, content, description, likes, member_id, secret, title) values (default, ?, ?, ?, ?, ?, ?, ?, ?)
Hibernate: insert into posts (posts_id, created_date, modified_date, content, description, likes, member_id, secret, title) values (default, ?, ?, ?, ?, ?, ?, ?, ?)
Hibernate: insert into posts (posts_id, created_date, modified_date, content, description, likes, member_id, secret, title) values (default, ?, ?, ?, ?, ?, ?, ?, ?)
Hibernate: insert into posts (posts_id, created_date, modified_date, content, description, likes, member_id, secret, title) values (default, ?, ?, ?, ?, ?, ?, ?, ?)
Hibernate: insert into posts (posts_id, created_date, modified_date, content, description, likes, member_id, secret, title) values (default, ?, ?, ?, ?, ?, ?, ?, ?)
Hibernate: insert into posts (posts_id, created_date, modified_date, content, description, likes, member_id, secret, title) values (default, ?, ?, ?, ?, ?, ?, ?, ?)
Hibernate: insert into posts (posts_id, created_date, modified_date, content, description, likes, member_id, secret, title) values (default, ?, ?, ?, ?, ?, ?, ?, ?)
Hibernate: insert into posts (posts_id, created_date, modified_date, content, description, likes, member_id, secret, title) values (default, ?, ?, ?, ?, ?, ?, ?, ?)
Hibernate: insert into posts (posts_id, created_date, modified_date, content, description, likes, member_id, secret, title) values (default, ?, ?, ?, ?, ?, ?, ?, ?)
Hibernate: insert into posts (posts_id, created_date, modified_date, content, description, likes, member_id, secret, title) values (default, ?, ?, ?, ?, ?, ?, ?, ?)
Hibernate: insert into posts (posts_id, created_date, modified_date, content, description, likes, member_id, secret, title) values (default, ?, ?, ?, ?, ?, ?, ?, ?)
Hibernate: insert into posts (posts_id, created_date, modified_date, content, description, likes, member_id, secret, title) values (default, ?, ?, ?, ?, ?, ?, ?, ?)
Hibernate: insert into posts (posts_id, created_date, modified_date, content, description, likes, member_id, secret, title) values (default, ?, ?, ?, ?, ?, ?, ?, ?)
Hibernate: insert into posts (posts_id, created_date, modified_date, content, description, likes, member_id, secret, title) values (default, ?, ?, ?, ?, ?, ?, ?, ?)
Hibernate: insert into posts (posts_id, created_date, modified_date, content, description, likes, member_id, secret, title) values (default, ?, ?, ?, ?, ?, ?, ?, ?)
Hibernate: insert into posts (posts_id, created_date, modified_date, content, description, likes, member_id, secret, title) values (default, ?, ?, ?, ?, ?, ?, ?, ?)
Hibernate: insert into posts (posts_id, created_date, modified_date, content, description, likes, member_id, secret, title) values (default, ?, ?, ?, ?, ?, ?, ?, ?)
Hibernate: insert into posts (posts_id, created_date, modified_date, content, description, likes, member_id, secret, title) values (default, ?, ?, ?, ?, ?, ?, ?, ?)
Hibernate: insert into posts (posts_id, created_date, modified_date, content, description, likes, member_id, secret, title) values (default, ?, ?, ?, ?, ?, ?, ?, ?)
Hibernate: insert into posts (posts_id, created_date, modified_date, content, description, likes, member_id, secret, title) values (default, ?, ?, ?, ?, ?, ?, ?, ?)
Hibernate: insert into posts (posts_id, created_date, modified_date, content, description, likes, member_id, secret, title) values (default, ?, ?, ?, ?, ?, ?, ?, ?)
Hibernate: insert into posts (posts_id, created_date, modified_date, content, description, likes, member_id, secret, title) values (default, ?, ?, ?, ?, ?, ?, ?, ?)
Hibernate: insert into posts (posts_id, created_date, modified_date, content, description, likes, member_id, secret, title) values (default, ?, ?, ?, ?, ?, ?, ?, ?)
Hibernate: insert into posts (posts_id, created_date, modified_date, content, description, likes, member_id, secret, title) values (default, ?, ?, ?, ?, ?, ?, ?, ?)
Hibernate: insert into posts (posts_id, created_date, modified_date, content, description, likes, member_id, secret, title) values (default, ?, ?, ?, ?, ?, ?, ?, ?)
Hibernate: insert into posts (posts_id, created_date, modified_date, content, description, likes, member_id, secret, title) values (default, ?, ?, ?, ?, ?, ?, ?, ?)
Hibernate: insert into posts (posts_id, created_date, modified_date, content, description, likes, member_id, secret, title) values (default, ?, ?, ?, ?, ?, ?, ?, ?)
Hibernate: insert into posts (posts_id, created_date, modified_date, content, description, likes, member_id, secret, title) values (default, ?, ?, ?, ?, ?, ?, ?, ?)
Hibernate: insert into posts (posts_id, created_date, modified_date, content, description, likes, member_id, secret, title) values (default, ?, ?, ?, ?, ?, ?, ?, ?)
Hibernate: insert into posts (posts_id, created_date, modified_date, content, description, likes, member_id, secret, title) values (default, ?, ?, ?, ?, ?, ?, ?, ?)
Hibernate: delete from posts where posts_id=?
Hibernate: delete from member where member_id=?
Hibernate: select posts0_.posts_id as posts_id1_5_, posts0_.created_date as created_2_5_, posts0_.modified_date as modified3_5_, posts0_.content as content4_5_, posts0_.description as descript5_5_, posts0_.likes as likes6_5_, posts0_.member_id as member_i9_5_, posts0_.secret as secret7_5_, posts0_.title as title8_5_ from posts posts0_ where posts0_.secret=? order by posts0_.posts_id desc limit ?
2022-12-04 20:12:13.301  INFO 16364 --- [    Test worker] o.s.t.c.transaction.TransactionContext   : Rolled back transaction for test: [DefaultTestContext@7a67d983 testClass = PostsServiceTest, testInstance = com.azurealstn.alog.service.posts.PostsServiceTest@226ab7b1, testMethod = findAll_posts@PostsServiceTest, testException = [null], mergedContextConfiguration = [WebMergedContextConfiguration@6ae6df4a testClass = PostsServiceTest, locations = '{}', classes = '{class com.azurealstn.alog.AlogApplication}', contextInitializerClasses = '[]', activeProfiles = '{}', propertySourceLocations = '{}', propertySourceProperties = '{org.springframework.boot.test.context.SpringBootTestContextBootstrapper=true}', contextCustomizers = set[org.springframework.boot.test.autoconfigure.actuate.metrics.MetricsExportContextCustomizerFactory$DisableMetricExportContextCustomizer@39dcf4b0, org.springframework.boot.test.autoconfigure.properties.PropertyMappingContextCustomizer@0, org.springframework.boot.test.autoconfigure.web.servlet.WebDriverContextCustomizerFactory$Customizer@6722db6e, org.springframework.boot.test.context.filter.ExcludeFilterContextCustomizer@7a48e6e2, org.springframework.boot.test.json.DuplicateJsonObjectContextCustomizerFactory$DuplicateJsonObjectContextCustomizer@631e06ab, org.springframework.boot.test.mock.mockito.MockitoContextCustomizer@0, org.springframework.boot.test.web.client.TestRestTemplateContextCustomizer@24faea88, org.springframework.boot.test.context.SpringBootTestArgs@1, org.springframework.boot.test.context.SpringBootTestWebEnvironment@7b993c65], resourceBasePath = 'src/main/webapp', contextLoader = 'org.springframework.boot.test.context.SpringBootContextLoader', parent = [null]], attributes = map['org.springframework.test.context.web.ServletTestExecutionListener.activateListener' -> true, 'org.springframework.test.context.web.ServletTestExecutionListener.populatedRequestContextHolder' -> true, 'org.springframework.test.context.web.ServletTestExecutionListener.resetRequestContextHolder' -> true, 'org.springframework.test.context.event.ApplicationEventsTestExecutionListener.recordApplicationEvents' -> false]]
2022-12-04 20:12:13.301  INFO 16364 --- [    Test worker] o.s.t.c.transaction.TransactionContext   : Began transaction (1) for test context [DefaultTestContext@7a67d983 testClass = PostsServiceTest, testInstance = com.azurealstn.alog.service.posts.PostsServiceTest@3205c09a, testMethod = create_posts_service_test@PostsServiceTest, testException = [null], mergedContextConfiguration = [WebMergedContextConfiguration@6ae6df4a testClass = PostsServiceTest, locations = '{}', classes = '{class com.azurealstn.alog.AlogApplication}', contextInitializerClasses = '[]', activeProfiles = '{}', propertySourceLocations = '{}', propertySourceProperties = '{org.springframework.boot.test.context.SpringBootTestContextBootstrapper=true}', contextCustomizers = set[org.springframework.boot.test.autoconfigure.actuate.metrics.MetricsExportContextCustomizerFactory$DisableMetricExportContextCustomizer@39dcf4b0, org.springframework.boot.test.autoconfigure.properties.PropertyMappingContextCustomizer@0, org.springframework.boot.test.autoconfigure.web.servlet.WebDriverContextCustomizerFactory$Customizer@6722db6e, org.springframework.boot.test.context.filter.ExcludeFilterContextCustomizer@7a48e6e2, org.springframework.boot.test.json.DuplicateJsonObjectContextCustomizerFactory$DuplicateJsonObjectContextCustomizer@631e06ab, org.springframework.boot.test.mock.mockito.MockitoContextCustomizer@0, org.springframework.boot.test.web.client.TestRestTemplateContextCustomizer@24faea88, org.springframework.boot.test.context.SpringBootTestArgs@1, org.springframework.boot.test.context.SpringBootTestWebEnvironment@7b993c65], resourceBasePath = 'src/main/webapp', contextLoader = 'org.springframework.boot.test.context.SpringBootContextLoader', parent = [null]], attributes = map['org.springframework.test.context.web.ServletTestExecutionListener.activateListener' -> true, 'org.springframework.test.context.web.ServletTestExecutionListener.populatedRequestContextHolder' -> true, 'org.springframework.test.context.web.ServletTestExecutionListener.resetRequestContextHolder' -> true, 'org.springframework.test.context.event.ApplicationEventsTestExecutionListener.recordApplicationEvents' -> false]]; transaction manager [org.springframework.orm.jpa.JpaTransactionManager@14cf30b3]; rollback [true]
Hibernate: select posts0_.posts_id as posts_id1_5_, posts0_.created_date as created_2_5_, posts0_.modified_date as modified3_5_, posts0_.content as content4_5_, posts0_.description as descript5_5_, posts0_.likes as likes6_5_, posts0_.member_id as member_i9_5_, posts0_.secret as secret7_5_, posts0_.title as title8_5_ from posts posts0_
Hibernate: select member0_.member_id as member_i1_3_0_, member0_.created_date as created_2_3_0_, member0_.modified_date as modified3_3_0_, member0_.email as email4_3_0_, member0_.email_auth as email_au5_3_0_, member0_.name as name6_3_0_, member0_.picture as picture7_3_0_, member0_.role as role8_3_0_, member0_.short_bio as short_bi9_3_0_, member0_.username as usernam10_3_0_ from member member0_ where member0_.member_id=?
Hibernate: select commentlis0_.posts_id as posts_id9_0_0_, commentlis0_.comment_id as comment_1_0_0_, commentlis0_.comment_id as comment_1_0_1_, commentlis0_.created_date as created_2_0_1_, commentlis0_.modified_date as modified3_0_1_, commentlis0_.content as content4_0_1_, commentlis0_.is_comment_me as is_comme5_0_1_, commentlis0_.level as level6_0_1_, commentlis0_.member_id as member_i8_0_1_, commentlis0_.posts_id as posts_id9_0_1_, commentlis0_.up_comment_id as up_comme7_0_1_ from comment commentlis0_ where commentlis0_.posts_id=?
Hibernate: select postshasht0_.posts_id as posts_id5_6_0_, postshasht0_.posts_hashtag_map_id as posts_ha1_6_0_, postshasht0_.posts_hashtag_map_id as posts_ha1_6_1_, postshasht0_.created_date as created_2_6_1_, postshasht0_.modified_date as modified3_6_1_, postshasht0_.hashtag_id as hashtag_4_6_1_, postshasht0_.posts_id as posts_id5_6_1_ from posts_hashtag_map postshasht0_ where postshasht0_.posts_id=?
Hibernate: select postsimage0_.posts_id as posts_id8_7_0_, postsimage0_.posts_image_id as posts_im1_7_0_, postsimage0_.posts_image_id as posts_im1_7_1_, postsimage0_.created_date as created_2_7_1_, postsimage0_.modified_date as modified3_7_1_, postsimage0_.image_url as image_ur4_7_1_, postsimage0_.original_filename as original5_7_1_, postsimage0_.posts_id as posts_id8_7_1_, postsimage0_.store_filename as store_fi6_7_1_, postsimage0_.thumbnail_yn as thumbnai7_7_1_ from posts_image postsimage0_ where postsimage0_.posts_id=?
Hibernate: select postslikel0_.posts_id as posts_id5_8_0_, postslikel0_.id as id1_8_0_, postslikel0_.id as id1_8_1_, postslikel0_.created_date as created_2_8_1_, postslikel0_.modified_date as modified3_8_1_, postslikel0_.member_id as member_i4_8_1_, postslikel0_.posts_id as posts_id5_8_1_ from posts_like postslikel0_ where postslikel0_.posts_id=?
Hibernate: select member0_.member_id as member_i1_3_, member0_.created_date as created_2_3_, member0_.modified_date as modified3_3_, member0_.email as email4_3_, member0_.email_auth as email_au5_3_, member0_.name as name6_3_, member0_.picture as picture7_3_, member0_.role as role8_3_, member0_.short_bio as short_bi9_3_, member0_.username as usernam10_3_ from member member0_
Hibernate: select commentlis0_.member_id as member_i8_0_0_, commentlis0_.comment_id as comment_1_0_0_, commentlis0_.comment_id as comment_1_0_1_, commentlis0_.created_date as created_2_0_1_, commentlis0_.modified_date as modified3_0_1_, commentlis0_.content as content4_0_1_, commentlis0_.is_comment_me as is_comme5_0_1_, commentlis0_.level as level6_0_1_, commentlis0_.member_id as member_i8_0_1_, commentlis0_.posts_id as posts_id9_0_1_, commentlis0_.up_comment_id as up_comme7_0_1_ from comment commentlis0_ where commentlis0_.member_id=?
Hibernate: select memberimag0_.member_id as member_i8_4_0_, memberimag0_.member_image_id as member_i1_4_0_, memberimag0_.member_image_id as member_i1_4_1_, memberimag0_.created_date as created_2_4_1_, memberimag0_.modified_date as modified3_4_1_, memberimag0_.image_url as image_ur4_4_1_, memberimag0_.member_id as member_i8_4_1_, memberimag0_.original_filename as original5_4_1_, memberimag0_.store_filename as store_fi6_4_1_, memberimag0_.thumbnail_yn as thumbnai7_4_1_ from member_image memberimag0_ where memberimag0_.member_id=?
Hibernate: select postslikel0_.member_id as member_i4_8_0_, postslikel0_.id as id1_8_0_, postslikel0_.id as id1_8_1_, postslikel0_.created_date as created_2_8_1_, postslikel0_.modified_date as modified3_8_1_, postslikel0_.member_id as member_i4_8_1_, postslikel0_.posts_id as posts_id5_8_1_ from posts_like postslikel0_ where postslikel0_.member_id=?
Hibernate: select postslist0_.member_id as member_i9_5_0_, postslist0_.posts_id as posts_id1_5_0_, postslist0_.posts_id as posts_id1_5_1_, postslist0_.created_date as created_2_5_1_, postslist0_.modified_date as modified3_5_1_, postslist0_.content as content4_5_1_, postslist0_.description as descript5_5_1_, postslist0_.likes as likes6_5_1_, postslist0_.member_id as member_i9_5_1_, postslist0_.secret as secret7_5_1_, postslist0_.title as title8_5_1_ from posts postslist0_ where postslist0_.member_id=?
Hibernate: select tempsaveli0_.member_id as member_i7_9_0_, tempsaveli0_.temp_save_id as temp_sav1_9_0_, tempsaveli0_.temp_save_id as temp_sav1_9_1_, tempsaveli0_.created_date as created_2_9_1_, tempsaveli0_.modified_date as modified3_9_1_, tempsaveli0_.content as content4_9_1_, tempsaveli0_.member_id as member_i7_9_1_, tempsaveli0_.temp_code as temp_cod5_9_1_, tempsaveli0_.title as title6_9_1_ from temp_save tempsaveli0_ where tempsaveli0_.member_id=?
Hibernate: insert into member (member_id, created_date, modified_date, email, email_auth, name, picture, role, short_bio, username) values (default, ?, ?, ?, ?, ?, ?, ?, ?, ?)
Hibernate: delete from posts where posts_id=?
Hibernate: delete from member where member_id=?
Hibernate: select member0_.member_id as member_i1_3_, member0_.created_date as created_2_3_, member0_.modified_date as modified3_3_, member0_.email as email4_3_, member0_.email_auth as email_au5_3_, member0_.name as name6_3_, member0_.picture as picture7_3_, member0_.role as role8_3_, member0_.short_bio as short_bi9_3_, member0_.username as usernam10_3_ from member member0_ where member0_.email=?
Hibernate: insert into posts (posts_id, created_date, modified_date, content, description, likes, member_id, secret, title) values (default, ?, ?, ?, ?, ?, ?, ?, ?)
Hibernate: select posts0_.posts_id as posts_id1_5_, posts0_.created_date as created_2_5_, posts0_.modified_date as modified3_5_, posts0_.content as content4_5_, posts0_.description as descript5_5_, posts0_.likes as likes6_5_, posts0_.member_id as member_i9_5_, posts0_.secret as secret7_5_, posts0_.title as title8_5_ from posts posts0_
Hibernate: select count(*) as col_0_0_ from posts posts0_
2022-12-04 20:12:13.317  INFO 16364 --- [    Test worker] o.s.t.c.transaction.TransactionContext   : Rolled back transaction for test: [DefaultTestContext@7a67d983 testClass = PostsServiceTest, testInstance = com.azurealstn.alog.service.posts.PostsServiceTest@3205c09a, testMethod = create_posts_service_test@PostsServiceTest, testException = [null], mergedContextConfiguration = [WebMergedContextConfiguration@6ae6df4a testClass = PostsServiceTest, locations = '{}', classes = '{class com.azurealstn.alog.AlogApplication}', contextInitializerClasses = '[]', activeProfiles = '{}', propertySourceLocations = '{}', propertySourceProperties = '{org.springframework.boot.test.context.SpringBootTestContextBootstrapper=true}', contextCustomizers = set[org.springframework.boot.test.autoconfigure.actuate.metrics.MetricsExportContextCustomizerFactory$DisableMetricExportContextCustomizer@39dcf4b0, org.springframework.boot.test.autoconfigure.properties.PropertyMappingContextCustomizer@0, org.springframework.boot.test.autoconfigure.web.servlet.WebDriverContextCustomizerFactory$Customizer@6722db6e, org.springframework.boot.test.context.filter.ExcludeFilterContextCustomizer@7a48e6e2, org.springframework.boot.test.json.DuplicateJsonObjectContextCustomizerFactory$DuplicateJsonObjectContextCustomizer@631e06ab, org.springframework.boot.test.mock.mockito.MockitoContextCustomizer@0, org.springframework.boot.test.web.client.TestRestTemplateContextCustomizer@24faea88, org.springframework.boot.test.context.SpringBootTestArgs@1, org.springframework.boot.test.context.SpringBootTestWebEnvironment@7b993c65], resourceBasePath = 'src/main/webapp', contextLoader = 'org.springframework.boot.test.context.SpringBootContextLoader', parent = [null]], attributes = map['org.springframework.test.context.web.ServletTestExecutionListener.activateListener' -> true, 'org.springframework.test.context.web.ServletTestExecutionListener.populatedRequestContextHolder' -> true, 'org.springframework.test.context.web.ServletTestExecutionListener.resetRequestContextHolder' -> true, 'org.springframework.test.context.event.ApplicationEventsTestExecutionListener.recordApplicationEvents' -> false]]
2022-12-04 20:12:13.317  INFO 16364 --- [    Test worker] o.s.t.c.transaction.TransactionContext   : Began transaction (1) for test context [DefaultTestContext@7a67d983 testClass = PostsServiceTest, testInstance = com.azurealstn.alog.service.posts.PostsServiceTest@5b5d7843, testMethod = findById_posts_o@PostsServiceTest, testException = [null], mergedContextConfiguration = [WebMergedContextConfiguration@6ae6df4a testClass = PostsServiceTest, locations = '{}', classes = '{class com.azurealstn.alog.AlogApplication}', contextInitializerClasses = '[]', activeProfiles = '{}', propertySourceLocations = '{}', propertySourceProperties = '{org.springframework.boot.test.context.SpringBootTestContextBootstrapper=true}', contextCustomizers = set[org.springframework.boot.test.autoconfigure.actuate.metrics.MetricsExportContextCustomizerFactory$DisableMetricExportContextCustomizer@39dcf4b0, org.springframework.boot.test.autoconfigure.properties.PropertyMappingContextCustomizer@0, org.springframework.boot.test.autoconfigure.web.servlet.WebDriverContextCustomizerFactory$Customizer@6722db6e, org.springframework.boot.test.context.filter.ExcludeFilterContextCustomizer@7a48e6e2, org.springframework.boot.test.json.DuplicateJsonObjectContextCustomizerFactory$DuplicateJsonObjectContextCustomizer@631e06ab, org.springframework.boot.test.mock.mockito.MockitoContextCustomizer@0, org.springframework.boot.test.web.client.TestRestTemplateContextCustomizer@24faea88, org.springframework.boot.test.context.SpringBootTestArgs@1, org.springframework.boot.test.context.SpringBootTestWebEnvironment@7b993c65], resourceBasePath = 'src/main/webapp', contextLoader = 'org.springframework.boot.test.context.SpringBootContextLoader', parent = [null]], attributes = map['org.springframework.test.context.web.ServletTestExecutionListener.activateListener' -> true, 'org.springframework.test.context.web.ServletTestExecutionListener.populatedRequestContextHolder' -> true, 'org.springframework.test.context.web.ServletTestExecutionListener.resetRequestContextHolder' -> true, 'org.springframework.test.context.event.ApplicationEventsTestExecutionListener.recordApplicationEvents' -> false]]; transaction manager [org.springframework.orm.jpa.JpaTransactionManager@14cf30b3]; rollback [true]
Hibernate: select posts0_.posts_id as posts_id1_5_, posts0_.created_date as created_2_5_, posts0_.modified_date as modified3_5_, posts0_.content as content4_5_, posts0_.description as descript5_5_, posts0_.likes as likes6_5_, posts0_.member_id as member_i9_5_, posts0_.secret as secret7_5_, posts0_.title as title8_5_ from posts posts0_
Hibernate: select member0_.member_id as member_i1_3_0_, member0_.created_date as created_2_3_0_, member0_.modified_date as modified3_3_0_, member0_.email as email4_3_0_, member0_.email_auth as email_au5_3_0_, member0_.name as name6_3_0_, member0_.picture as picture7_3_0_, member0_.role as role8_3_0_, member0_.short_bio as short_bi9_3_0_, member0_.username as usernam10_3_0_ from member member0_ where member0_.member_id=?
Hibernate: select commentlis0_.posts_id as posts_id9_0_0_, commentlis0_.comment_id as comment_1_0_0_, commentlis0_.comment_id as comment_1_0_1_, commentlis0_.created_date as created_2_0_1_, commentlis0_.modified_date as modified3_0_1_, commentlis0_.content as content4_0_1_, commentlis0_.is_comment_me as is_comme5_0_1_, commentlis0_.level as level6_0_1_, commentlis0_.member_id as member_i8_0_1_, commentlis0_.posts_id as posts_id9_0_1_, commentlis0_.up_comment_id as up_comme7_0_1_ from comment commentlis0_ where commentlis0_.posts_id=?
Hibernate: select postshasht0_.posts_id as posts_id5_6_0_, postshasht0_.posts_hashtag_map_id as posts_ha1_6_0_, postshasht0_.posts_hashtag_map_id as posts_ha1_6_1_, postshasht0_.created_date as created_2_6_1_, postshasht0_.modified_date as modified3_6_1_, postshasht0_.hashtag_id as hashtag_4_6_1_, postshasht0_.posts_id as posts_id5_6_1_ from posts_hashtag_map postshasht0_ where postshasht0_.posts_id=?
Hibernate: select postsimage0_.posts_id as posts_id8_7_0_, postsimage0_.posts_image_id as posts_im1_7_0_, postsimage0_.posts_image_id as posts_im1_7_1_, postsimage0_.created_date as created_2_7_1_, postsimage0_.modified_date as modified3_7_1_, postsimage0_.image_url as image_ur4_7_1_, postsimage0_.original_filename as original5_7_1_, postsimage0_.posts_id as posts_id8_7_1_, postsimage0_.store_filename as store_fi6_7_1_, postsimage0_.thumbnail_yn as thumbnai7_7_1_ from posts_image postsimage0_ where postsimage0_.posts_id=?
Hibernate: select postslikel0_.posts_id as posts_id5_8_0_, postslikel0_.id as id1_8_0_, postslikel0_.id as id1_8_1_, postslikel0_.created_date as created_2_8_1_, postslikel0_.modified_date as modified3_8_1_, postslikel0_.member_id as member_i4_8_1_, postslikel0_.posts_id as posts_id5_8_1_ from posts_like postslikel0_ where postslikel0_.posts_id=?
Hibernate: select member0_.member_id as member_i1_3_, member0_.created_date as created_2_3_, member0_.modified_date as modified3_3_, member0_.email as email4_3_, member0_.email_auth as email_au5_3_, member0_.name as name6_3_, member0_.picture as picture7_3_, member0_.role as role8_3_, member0_.short_bio as short_bi9_3_, member0_.username as usernam10_3_ from member member0_
Hibernate: select commentlis0_.member_id as member_i8_0_0_, commentlis0_.comment_id as comment_1_0_0_, commentlis0_.comment_id as comment_1_0_1_, commentlis0_.created_date as created_2_0_1_, commentlis0_.modified_date as modified3_0_1_, commentlis0_.content as content4_0_1_, commentlis0_.is_comment_me as is_comme5_0_1_, commentlis0_.level as level6_0_1_, commentlis0_.member_id as member_i8_0_1_, commentlis0_.posts_id as posts_id9_0_1_, commentlis0_.up_comment_id as up_comme7_0_1_ from comment commentlis0_ where commentlis0_.member_id=?
Hibernate: select memberimag0_.member_id as member_i8_4_0_, memberimag0_.member_image_id as member_i1_4_0_, memberimag0_.member_image_id as member_i1_4_1_, memberimag0_.created_date as created_2_4_1_, memberimag0_.modified_date as modified3_4_1_, memberimag0_.image_url as image_ur4_4_1_, memberimag0_.member_id as member_i8_4_1_, memberimag0_.original_filename as original5_4_1_, memberimag0_.store_filename as store_fi6_4_1_, memberimag0_.thumbnail_yn as thumbnai7_4_1_ from member_image memberimag0_ where memberimag0_.member_id=?
Hibernate: select postslikel0_.member_id as member_i4_8_0_, postslikel0_.id as id1_8_0_, postslikel0_.id as id1_8_1_, postslikel0_.created_date as created_2_8_1_, postslikel0_.modified_date as modified3_8_1_, postslikel0_.member_id as member_i4_8_1_, postslikel0_.posts_id as posts_id5_8_1_ from posts_like postslikel0_ where postslikel0_.member_id=?
Hibernate: select postslist0_.member_id as member_i9_5_0_, postslist0_.posts_id as posts_id1_5_0_, postslist0_.posts_id as posts_id1_5_1_, postslist0_.created_date as created_2_5_1_, postslist0_.modified_date as modified3_5_1_, postslist0_.content as content4_5_1_, postslist0_.description as descript5_5_1_, postslist0_.likes as likes6_5_1_, postslist0_.member_id as member_i9_5_1_, postslist0_.secret as secret7_5_1_, postslist0_.title as title8_5_1_ from posts postslist0_ where postslist0_.member_id=?
Hibernate: select tempsaveli0_.member_id as member_i7_9_0_, tempsaveli0_.temp_save_id as temp_sav1_9_0_, tempsaveli0_.temp_save_id as temp_sav1_9_1_, tempsaveli0_.created_date as created_2_9_1_, tempsaveli0_.modified_date as modified3_9_1_, tempsaveli0_.content as content4_9_1_, tempsaveli0_.member_id as member_i7_9_1_, tempsaveli0_.temp_code as temp_cod5_9_1_, tempsaveli0_.title as title6_9_1_ from temp_save tempsaveli0_ where tempsaveli0_.member_id=?
Hibernate: insert into member (member_id, created_date, modified_date, email, email_auth, name, picture, role, short_bio, username) values (default, ?, ?, ?, ?, ?, ?, ?, ?, ?)
Hibernate: delete from posts where posts_id=?
Hibernate: delete from member where member_id=?
Hibernate: select member0_.member_id as member_i1_3_, member0_.created_date as created_2_3_, member0_.modified_date as modified3_3_, member0_.email as email4_3_, member0_.email_auth as email_au5_3_, member0_.name as name6_3_, member0_.picture as picture7_3_, member0_.role as role8_3_, member0_.short_bio as short_bi9_3_, member0_.username as usernam10_3_ from member member0_ where member0_.email=?
Hibernate: insert into posts (posts_id, created_date, modified_date, content, description, likes, member_id, secret, title) values (default, ?, ?, ?, ?, ?, ?, ?, ?)
Hibernate: select count(*) as col_0_0_ from posts posts0_
2022-12-04 20:12:13.332  INFO 16364 --- [    Test worker] o.s.t.c.transaction.TransactionContext   : Rolled back transaction for test: [DefaultTestContext@7a67d983 testClass = PostsServiceTest, testInstance = com.azurealstn.alog.service.posts.PostsServiceTest@5b5d7843, testMethod = findById_posts_o@PostsServiceTest, testException = [null], mergedContextConfiguration = [WebMergedContextConfiguration@6ae6df4a testClass = PostsServiceTest, locations = '{}', classes = '{class com.azurealstn.alog.AlogApplication}', contextInitializerClasses = '[]', activeProfiles = '{}', propertySourceLocations = '{}', propertySourceProperties = '{org.springframework.boot.test.context.SpringBootTestContextBootstrapper=true}', contextCustomizers = set[org.springframework.boot.test.autoconfigure.actuate.metrics.MetricsExportContextCustomizerFactory$DisableMetricExportContextCustomizer@39dcf4b0, org.springframework.boot.test.autoconfigure.properties.PropertyMappingContextCustomizer@0, org.springframework.boot.test.autoconfigure.web.servlet.WebDriverContextCustomizerFactory$Customizer@6722db6e, org.springframework.boot.test.context.filter.ExcludeFilterContextCustomizer@7a48e6e2, org.springframework.boot.test.json.DuplicateJsonObjectContextCustomizerFactory$DuplicateJsonObjectContextCustomizer@631e06ab, org.springframework.boot.test.mock.mockito.MockitoContextCustomizer@0, org.springframework.boot.test.web.client.TestRestTemplateContextCustomizer@24faea88, org.springframework.boot.test.context.SpringBootTestArgs@1, org.springframework.boot.test.context.SpringBootTestWebEnvironment@7b993c65], resourceBasePath = 'src/main/webapp', contextLoader = 'org.springframework.boot.test.context.SpringBootContextLoader', parent = [null]], attributes = map['org.springframework.test.context.web.ServletTestExecutionListener.activateListener' -> true, 'org.springframework.test.context.web.ServletTestExecutionListener.populatedRequestContextHolder' -> true, 'org.springframework.test.context.web.ServletTestExecutionListener.resetRequestContextHolder' -> true, 'org.springframework.test.context.event.ApplicationEventsTestExecutionListener.recordApplicationEvents' -> false]]
Hibernate: select posts0_.posts_id as posts_id1_5_, posts0_.created_date as created_2_5_, posts0_.modified_date as modified3_5_, posts0_.content as content4_5_, posts0_.description as descript5_5_, posts0_.likes as likes6_5_, posts0_.member_id as member_i9_5_, posts0_.secret as secret7_5_, posts0_.title as title8_5_ from posts posts0_
Hibernate: select member0_.member_id as member_i1_3_0_, member0_.created_date as created_2_3_0_, member0_.modified_date as modified3_3_0_, member0_.email as email4_3_0_, member0_.email_auth as email_au5_3_0_, member0_.name as name6_3_0_, member0_.picture as picture7_3_0_, member0_.role as role8_3_0_, member0_.short_bio as short_bi9_3_0_, member0_.username as usernam10_3_0_ from member member0_ where member0_.member_id=?
Hibernate: select commentlis0_.posts_id as posts_id9_0_0_, commentlis0_.comment_id as comment_1_0_0_, commentlis0_.comment_id as comment_1_0_1_, commentlis0_.created_date as created_2_0_1_, commentlis0_.modified_date as modified3_0_1_, commentlis0_.content as content4_0_1_, commentlis0_.is_comment_me as is_comme5_0_1_, commentlis0_.level as level6_0_1_, commentlis0_.member_id as member_i8_0_1_, commentlis0_.posts_id as posts_id9_0_1_, commentlis0_.up_comment_id as up_comme7_0_1_ from comment commentlis0_ where commentlis0_.posts_id=?
Hibernate: select postshasht0_.posts_id as posts_id5_6_0_, postshasht0_.posts_hashtag_map_id as posts_ha1_6_0_, postshasht0_.posts_hashtag_map_id as posts_ha1_6_1_, postshasht0_.created_date as created_2_6_1_, postshasht0_.modified_date as modified3_6_1_, postshasht0_.hashtag_id as hashtag_4_6_1_, postshasht0_.posts_id as posts_id5_6_1_ from posts_hashtag_map postshasht0_ where postshasht0_.posts_id=?
Hibernate: select postsimage0_.posts_id as posts_id8_7_0_, postsimage0_.posts_image_id as posts_im1_7_0_, postsimage0_.posts_image_id as posts_im1_7_1_, postsimage0_.created_date as created_2_7_1_, postsimage0_.modified_date as modified3_7_1_, postsimage0_.image_url as image_ur4_7_1_, postsimage0_.original_filename as original5_7_1_, postsimage0_.posts_id as posts_id8_7_1_, postsimage0_.store_filename as store_fi6_7_1_, postsimage0_.thumbnail_yn as thumbnai7_7_1_ from posts_image postsimage0_ where postsimage0_.posts_id=?
Hibernate: select postslikel0_.posts_id as posts_id5_8_0_, postslikel0_.id as id1_8_0_, postslikel0_.id as id1_8_1_, postslikel0_.created_date as created_2_8_1_, postslikel0_.modified_date as modified3_8_1_, postslikel0_.member_id as member_i4_8_1_, postslikel0_.posts_id as posts_id5_8_1_ from posts_like postslikel0_ where postslikel0_.posts_id=?
Hibernate: delete from posts where posts_id=?
Hibernate: select member0_.member_id as member_i1_3_, member0_.created_date as created_2_3_, member0_.modified_date as modified3_3_, member0_.email as email4_3_, member0_.email_auth as email_au5_3_, member0_.name as name6_3_, member0_.picture as picture7_3_, member0_.role as role8_3_, member0_.short_bio as short_bi9_3_, member0_.username as usernam10_3_ from member member0_
Hibernate: select commentlis0_.member_id as member_i8_0_0_, commentlis0_.comment_id as comment_1_0_0_, commentlis0_.comment_id as comment_1_0_1_, commentlis0_.created_date as created_2_0_1_, commentlis0_.modified_date as modified3_0_1_, commentlis0_.content as content4_0_1_, commentlis0_.is_comment_me as is_comme5_0_1_, commentlis0_.level as level6_0_1_, commentlis0_.member_id as member_i8_0_1_, commentlis0_.posts_id as posts_id9_0_1_, commentlis0_.up_comment_id as up_comme7_0_1_ from comment commentlis0_ where commentlis0_.member_id=?
Hibernate: select memberimag0_.member_id as member_i8_4_0_, memberimag0_.member_image_id as member_i1_4_0_, memberimag0_.member_image_id as member_i1_4_1_, memberimag0_.created_date as created_2_4_1_, memberimag0_.modified_date as modified3_4_1_, memberimag0_.image_url as image_ur4_4_1_, memberimag0_.member_id as member_i8_4_1_, memberimag0_.original_filename as original5_4_1_, memberimag0_.store_filename as store_fi6_4_1_, memberimag0_.thumbnail_yn as thumbnai7_4_1_ from member_image memberimag0_ where memberimag0_.member_id=?
Hibernate: select postslikel0_.member_id as member_i4_8_0_, postslikel0_.id as id1_8_0_, postslikel0_.id as id1_8_1_, postslikel0_.created_date as created_2_8_1_, postslikel0_.modified_date as modified3_8_1_, postslikel0_.member_id as member_i4_8_1_, postslikel0_.posts_id as posts_id5_8_1_ from posts_like postslikel0_ where postslikel0_.member_id=?
Hibernate: select postslist0_.member_id as member_i9_5_0_, postslist0_.posts_id as posts_id1_5_0_, postslist0_.posts_id as posts_id1_5_1_, postslist0_.created_date as created_2_5_1_, postslist0_.modified_date as modified3_5_1_, postslist0_.content as content4_5_1_, postslist0_.description as descript5_5_1_, postslist0_.likes as likes6_5_1_, postslist0_.member_id as member_i9_5_1_, postslist0_.secret as secret7_5_1_, postslist0_.title as title8_5_1_ from posts postslist0_ where postslist0_.member_id=?
Hibernate: select tempsaveli0_.member_id as member_i7_9_0_, tempsaveli0_.temp_save_id as temp_sav1_9_0_, tempsaveli0_.temp_save_id as temp_sav1_9_1_, tempsaveli0_.created_date as created_2_9_1_, tempsaveli0_.modified_date as modified3_9_1_, tempsaveli0_.content as content4_9_1_, tempsaveli0_.member_id as member_i7_9_1_, tempsaveli0_.temp_code as temp_cod5_9_1_, tempsaveli0_.title as title6_9_1_ from temp_save tempsaveli0_ where tempsaveli0_.member_id=?
Hibernate: delete from member where member_id=?
Hibernate: select posts0_.posts_id as posts_id1_5_0_, posts0_.created_date as created_2_5_0_, posts0_.modified_date as modified3_5_0_, posts0_.content as content4_5_0_, posts0_.description as descript5_5_0_, posts0_.likes as likes6_5_0_, posts0_.member_id as member_i9_5_0_, posts0_.secret as secret7_5_0_, posts0_.title as title8_5_0_, member1_.member_id as member_i1_3_1_, member1_.created_date as created_2_3_1_, member1_.modified_date as modified3_3_1_, member1_.email as email4_3_1_, member1_.email_auth as email_au5_3_1_, member1_.name as name6_3_1_, member1_.picture as picture7_3_1_, member1_.role as role8_3_1_, member1_.short_bio as short_bi9_3_1_, member1_.username as usernam10_3_1_ from posts posts0_ left outer join member member1_ on posts0_.member_id=member1_.member_id where posts0_.posts_id=?
]]></system-out>
  <system-err><![CDATA[]]></system-err>
</testsuite>
