<?xml version="1.0" encoding="UTF-8"?>
<testsuite name="com.azurealstn.alog.controller.api.hello.HelloApiControllerTest" tests="2" skipped="0" failures="0" errors="0" timestamp="2022-12-04T11:12:09" hostname="DESKTOP-4HIAQNR" time="0.043">
  <properties/>
  <testcase name="/hello 요청시 문자열 hello를 출력" classname="com.azurealstn.alog.controller.api.hello.HelloApiControllerTest" time="0.031"/>
  <testcase name="/helloDto 요청시 요청 파라미터 데이터 검증" classname="com.azurealstn.alog.controller.api.hello.HelloApiControllerTest" time="0.011"/>
  <system-out><![CDATA[2022-12-04 20:12:08.159  INFO 16364 --- [    Test worker] .b.t.a.w.s.WebMvcTestContextBootstrapper : Neither @ContextConfiguration nor @ContextHierarchy found for test class [com.azurealstn.alog.controller.api.hello.HelloApiControllerTest], using SpringBootContextLoader
2022-12-04 20:12:08.159  INFO 16364 --- [    Test worker] o.s.t.c.support.AbstractContextLoader    : Could not detect default resource locations for test class [com.azurealstn.alog.controller.api.hello.HelloApiControllerTest]: no resource found for suffixes {-context.xml, Context.groovy}.
2022-12-04 20:12:08.159  INFO 16364 --- [    Test worker] t.c.s.AnnotationConfigContextLoaderUtils : Could not detect default configuration classes for test class [com.azurealstn.alog.controller.api.hello.HelloApiControllerTest]: HelloApiControllerTest does not declare any static, non-private, non-final, nested classes annotated with @Configuration.
2022-12-04 20:12:08.181  INFO 16364 --- [    Test worker] .b.t.c.SpringBootTestContextBootstrapper : Found @SpringBootConfiguration com.azurealstn.alog.AlogApplication for test class com.azurealstn.alog.controller.api.hello.HelloApiControllerTest
2022-12-04 20:12:08.181  INFO 16364 --- [    Test worker] .b.t.a.w.s.WebMvcTestContextBootstrapper : Loaded default TestExecutionListener class names from location [META-INF/spring.factories]: [org.springframework.security.test.context.support.WithSecurityContextTestExecutionListener, org.springframework.security.test.context.support.ReactorContextTestExecutionListener, org.springframework.boot.test.autoconfigure.restdocs.RestDocsTestExecutionListener, org.springframework.boot.test.autoconfigure.web.client.MockRestServiceServerResetTestExecutionListener, org.springframework.boot.test.autoconfigure.web.servlet.MockMvcPrintOnlyOnFailureTestExecutionListener, org.springframework.boot.test.autoconfigure.web.servlet.WebDriverTestExecutionListener, org.springframework.boot.test.autoconfigure.webservices.client.MockWebServiceServerTestExecutionListener, org.springframework.boot.test.mock.mockito.MockitoTestExecutionListener, org.springframework.boot.test.mock.mockito.ResetMocksTestExecutionListener, org.springframework.test.context.web.ServletTestExecutionListener, org.springframework.test.context.support.DirtiesContextBeforeModesTestExecutionListener, org.springframework.test.context.event.ApplicationEventsTestExecutionListener, org.springframework.test.context.support.DependencyInjectionTestExecutionListener, org.springframework.test.context.support.DirtiesContextTestExecutionListener, org.springframework.test.context.transaction.TransactionalTestExecutionListener, org.springframework.test.context.jdbc.SqlScriptsTestExecutionListener, org.springframework.test.context.event.EventPublishingTestExecutionListener]
2022-12-04 20:12:08.181  INFO 16364 --- [    Test worker] .b.t.a.w.s.WebMvcTestContextBootstrapper : Using TestExecutionListeners: [org.springframework.test.context.web.ServletTestExecutionListener@12882698, org.springframework.test.context.support.DirtiesContextBeforeModesTestExecutionListener@5814fe43, org.springframework.test.context.event.ApplicationEventsTestExecutionListener@2c29aa59, org.springframework.boot.test.mock.mockito.MockitoTestExecutionListener@4159c03b, org.springframework.boot.test.autoconfigure.SpringBootDependencyInjectionTestExecutionListener@1236926e, org.springframework.test.context.support.DirtiesContextTestExecutionListener@6d2f808d, org.springframework.test.context.transaction.TransactionalTestExecutionListener@c359413, org.springframework.test.context.jdbc.SqlScriptsTestExecutionListener@3e2d5b6, org.springframework.security.test.context.support.WithSecurityContextTestExecutionListener@25618246, org.springframework.test.context.event.EventPublishingTestExecutionListener@345b558f, org.springframework.security.test.context.support.ReactorContextTestExecutionListener@146eda1b, org.springframework.boot.test.autoconfigure.restdocs.RestDocsTestExecutionListener@1b4f245, org.springframework.boot.test.autoconfigure.web.client.MockRestServiceServerResetTestExecutionListener@286e2387, org.springframework.boot.test.autoconfigure.web.servlet.MockMvcPrintOnlyOnFailureTestExecutionListener@46f7fc28, org.springframework.boot.test.autoconfigure.web.servlet.WebDriverTestExecutionListener@242b48ef, org.springframework.boot.test.autoconfigure.webservices.client.MockWebServiceServerTestExecutionListener@22bb0f5, org.springframework.boot.test.mock.mockito.ResetMocksTestExecutionListener@5b00d92c]

  .   ____          _            __ _ _
 /\\ / ___'_ __ _ _(_)_ __  __ _ \ \ \ \
( ( )\___ | '_ | '_| | '_ \/ _` | \ \ \ \
 \\/  ___)| |_)| | | | | || (_| |  ) ) ) )
  '  |____| .__|_| |_|_| |_\__, | / / / /
 =========|_|==============|___/=/_/_/_/
 :: Spring Boot ::                (v2.7.4)

2022-12-04 20:12:08.196  INFO 16364 --- [    Test worker] c.a.a.c.a.hello.HelloApiControllerTest   : Starting HelloApiControllerTest using Java 11.0.13 on DESKTOP-4HIAQNR with PID 16364 (started by azure in C:\project\intellij-project\2022\alog)
2022-12-04 20:12:08.196  INFO 16364 --- [    Test worker] c.a.a.c.a.hello.HelloApiControllerTest   : No active profile set, falling back to 1 default profile: "default"
2022-12-04 20:12:08.655  INFO 16364 --- [    Test worker] o.s.b.a.w.s.WelcomePageHandlerMapping    : Adding welcome page template: index
2022-12-04 20:12:08.952  INFO 16364 --- [    Test worker] o.s.s.web.DefaultSecurityFilterChain     : Will secure any request with [org.springframework.security.web.session.DisableEncodeUrlFilter@5e232d07, org.springframework.security.web.context.request.async.WebAsyncManagerIntegrationFilter@f116270, org.springframework.security.web.context.SecurityContextPersistenceFilter@1e2f67e9, org.springframework.security.web.header.HeaderWriterFilter@159d2313, org.springframework.security.web.csrf.CsrfFilter@42acca1a, org.springframework.security.web.authentication.logout.LogoutFilter@7dfe23c2, org.springframework.security.oauth2.client.web.OAuth2AuthorizationRequestRedirectFilter@54eaf69d, org.springframework.security.oauth2.client.web.OAuth2AuthorizationRequestRedirectFilter@6bc7eb0f, org.springframework.security.oauth2.client.web.OAuth2LoginAuthenticationFilter@647b7f63, org.springframework.security.web.authentication.ui.DefaultLoginPageGeneratingFilter@789f27e5, org.springframework.security.web.authentication.ui.DefaultLogoutPageGeneratingFilter@1e69a310, org.springframework.security.web.savedrequest.RequestCacheAwareFilter@16c230c, org.springframework.security.web.servletapi.SecurityContextHolderAwareRequestFilter@7d151d89, org.springframework.security.web.authentication.AnonymousAuthenticationFilter@300f715, org.springframework.security.oauth2.client.web.OAuth2AuthorizationCodeGrantFilter@66af6b7b, org.springframework.security.web.session.SessionManagementFilter@61dc8a64, org.springframework.security.web.access.ExceptionTranslationFilter@3145c33b, org.springframework.security.web.access.intercept.FilterSecurityInterceptor@6801b4a4]
2022-12-04 20:12:09.015  INFO 16364 --- [    Test worker] o.s.b.t.m.w.SpringBootMockServletContext : Initializing Spring TestDispatcherServlet ''
2022-12-04 20:12:09.015  INFO 16364 --- [    Test worker] o.s.t.web.servlet.TestDispatcherServlet  : Initializing Servlet ''
2022-12-04 20:12:09.015  INFO 16364 --- [    Test worker] o.s.t.web.servlet.TestDispatcherServlet  : Completed initialization in 0 ms
2022-12-04 20:12:09.032  INFO 16364 --- [    Test worker] c.a.a.c.a.hello.HelloApiControllerTest   : Started HelloApiControllerTest in 0.843 seconds (JVM running for 14.904)

MockHttpServletRequest:
      HTTP Method = GET
      Request URI = /hello
       Parameters = {}
          Headers = []
             Body = null
    Session Attrs = {SPRING_SECURITY_CONTEXT=SecurityContextImpl [Authentication=UsernamePasswordAuthenticationToken [Principal=org.springframework.security.core.userdetails.User [Username=user, Password=[PROTECTED], Enabled=true, AccountNonExpired=true, credentialsNonExpired=true, AccountNonLocked=true, Granted Authorities=[ROLE_MEMBER]], Credentials=[PROTECTED], Authenticated=true, Details=null, Granted Authorities=[ROLE_MEMBER]]]}

Handler:
             Type = com.azurealstn.alog.controller.api.hello.HelloApiController
           Method = com.azurealstn.alog.controller.api.hello.HelloApiController#hello()

Async:
    Async started = false
     Async result = null

Resolved Exception:
             Type = null

ModelAndView:
        View name = null
             View = null
            Model = null

FlashMap:
       Attributes = null

MockHttpServletResponse:
           Status = 200
    Error message = null
          Headers = [Content-Type:"text/plain;charset=UTF-8", Content-Length:"5", X-Content-Type-Options:"nosniff", X-XSS-Protection:"1; mode=block", Cache-Control:"no-cache, no-store, max-age=0, must-revalidate", Pragma:"no-cache", Expires:"0", X-Frame-Options:"DENY"]
     Content type = text/plain;charset=UTF-8
             Body = hello
    Forwarded URL = null
   Redirected URL = null
          Cookies = []
]]></system-out>
  <system-err><![CDATA[]]></system-err>
</testsuite>
