<?xml version="1.0" encoding="UTF-8"?>
<testsuite name="com.azurealstn.alog.controller.tempsave.TempSaveControllerTest" tests="1" skipped="0" failures="0" errors="0" timestamp="2022-12-04T11:22:12" hostname="DESKTOP-4HIAQNR" time="0.015">
  <properties/>
  <testcase name="임시저장 글 목록 페이지 이동" classname="com.azurealstn.alog.controller.tempsave.TempSaveControllerTest" time="0.015"/>
  <system-out><![CDATA[2022-12-04 20:22:12.499  INFO 6608 --- [    Test worker] .b.t.c.SpringBootTestContextBootstrapper : Neither @ContextConfiguration nor @ContextHierarchy found for test class [com.azurealstn.alog.controller.tempsave.TempSaveControllerTest], using SpringBootContextLoader
2022-12-04 20:22:12.501  INFO 6608 --- [    Test worker] o.s.t.c.support.AbstractContextLoader    : Could not detect default resource locations for test class [com.azurealstn.alog.controller.tempsave.TempSaveControllerTest]: no resource found for suffixes {-context.xml, Context.groovy}.
2022-12-04 20:22:12.501  INFO 6608 --- [    Test worker] t.c.s.AnnotationConfigContextLoaderUtils : Could not detect default configuration classes for test class [com.azurealstn.alog.controller.tempsave.TempSaveControllerTest]: TempSaveControllerTest does not declare any static, non-private, non-final, nested classes annotated with @Configuration.
2022-12-04 20:22:12.510  INFO 6608 --- [    Test worker] .b.t.c.SpringBootTestContextBootstrapper : Found @SpringBootConfiguration com.azurealstn.alog.AlogApplication for test class com.azurealstn.alog.controller.tempsave.TempSaveControllerTest
2022-12-04 20:22:12.511  INFO 6608 --- [    Test worker] .b.t.c.SpringBootTestContextBootstrapper : Loaded default TestExecutionListener class names from location [META-INF/spring.factories]: [org.springframework.security.test.context.support.WithSecurityContextTestExecutionListener, org.springframework.security.test.context.support.ReactorContextTestExecutionListener, org.springframework.boot.test.autoconfigure.restdocs.RestDocsTestExecutionListener, org.springframework.boot.test.autoconfigure.web.client.MockRestServiceServerResetTestExecutionListener, org.springframework.boot.test.autoconfigure.web.servlet.MockMvcPrintOnlyOnFailureTestExecutionListener, org.springframework.boot.test.autoconfigure.web.servlet.WebDriverTestExecutionListener, org.springframework.boot.test.autoconfigure.webservices.client.MockWebServiceServerTestExecutionListener, org.springframework.boot.test.mock.mockito.MockitoTestExecutionListener, org.springframework.boot.test.mock.mockito.ResetMocksTestExecutionListener, org.springframework.test.context.web.ServletTestExecutionListener, org.springframework.test.context.support.DirtiesContextBeforeModesTestExecutionListener, org.springframework.test.context.event.ApplicationEventsTestExecutionListener, org.springframework.test.context.support.DependencyInjectionTestExecutionListener, org.springframework.test.context.support.DirtiesContextTestExecutionListener, org.springframework.test.context.transaction.TransactionalTestExecutionListener, org.springframework.test.context.jdbc.SqlScriptsTestExecutionListener, org.springframework.test.context.event.EventPublishingTestExecutionListener]
2022-12-04 20:22:12.512  INFO 6608 --- [    Test worker] .b.t.c.SpringBootTestContextBootstrapper : Using TestExecutionListeners: [org.springframework.test.context.web.ServletTestExecutionListener@7b41ae7e, org.springframework.test.context.support.DirtiesContextBeforeModesTestExecutionListener@409d41ed, org.springframework.test.context.event.ApplicationEventsTestExecutionListener@4d2acd3c, org.springframework.boot.test.mock.mockito.MockitoTestExecutionListener@181ab814, org.springframework.boot.test.autoconfigure.SpringBootDependencyInjectionTestExecutionListener@6eded737, org.springframework.test.context.support.DirtiesContextTestExecutionListener@44667128, org.springframework.test.context.transaction.TransactionalTestExecutionListener@5f3e07b5, org.springframework.test.context.jdbc.SqlScriptsTestExecutionListener@1229de5e, org.springframework.security.test.context.support.WithSecurityContextTestExecutionListener@a56d443, org.springframework.test.context.event.EventPublishingTestExecutionListener@7d4e0b10, org.springframework.security.test.context.support.ReactorContextTestExecutionListener@5262b8a3, org.springframework.boot.test.autoconfigure.restdocs.RestDocsTestExecutionListener@ee5579f, org.springframework.boot.test.autoconfigure.web.client.MockRestServiceServerResetTestExecutionListener@32ad7ecc, org.springframework.boot.test.autoconfigure.web.servlet.MockMvcPrintOnlyOnFailureTestExecutionListener@3f36e502, org.springframework.boot.test.autoconfigure.web.servlet.WebDriverTestExecutionListener@7856f5e7, org.springframework.boot.test.autoconfigure.webservices.client.MockWebServiceServerTestExecutionListener@5cab0cdd, org.springframework.boot.test.mock.mockito.ResetMocksTestExecutionListener@5a9529a]
2022-12-04 20:22:12.514  INFO 6608 --- [    Test worker] o.s.t.c.transaction.TransactionContext   : Began transaction (1) for test context [DefaultTestContext@79b3937a testClass = TempSaveControllerTest, testInstance = com.azurealstn.alog.controller.tempsave.TempSaveControllerTest@7756d3ad, testMethod = temp_saves@TempSaveControllerTest, testException = [null], mergedContextConfiguration = [WebMergedContextConfiguration@343cb1af testClass = TempSaveControllerTest, locations = '{}', classes = '{class com.azurealstn.alog.AlogApplication}', contextInitializerClasses = '[]', activeProfiles = '{}', propertySourceLocations = '{}', propertySourceProperties = '{org.springframework.boot.test.context.SpringBootTestContextBootstrapper=true, server.port=0}', contextCustomizers = set[org.springframework.boot.test.autoconfigure.actuate.metrics.MetricsExportContextCustomizerFactory$DisableMetricExportContextCustomizer@59d2103b, org.springframework.boot.test.autoconfigure.properties.PropertyMappingContextCustomizer@0, org.springframework.boot.test.autoconfigure.web.servlet.WebDriverContextCustomizerFactory$Customizer@72a85671, org.springframework.boot.test.context.filter.ExcludeFilterContextCustomizer@4ae33a11, org.springframework.boot.test.json.DuplicateJsonObjectContextCustomizerFactory$DuplicateJsonObjectContextCustomizer@6d0b5baf, org.springframework.boot.test.mock.mockito.MockitoContextCustomizer@0, org.springframework.boot.test.web.client.TestRestTemplateContextCustomizer@5b58ed3c, org.springframework.boot.test.context.SpringBootTestArgs@1, org.springframework.boot.test.context.SpringBootTestWebEnvironment@48d61b48], resourceBasePath = 'src/main/webapp', contextLoader = 'org.springframework.boot.test.context.SpringBootContextLoader', parent = [null]], attributes = map['org.springframework.test.context.web.ServletTestExecutionListener.activateListener' -> false, 'org.springframework.test.context.event.ApplicationEventsTestExecutionListener.recordApplicationEvents' -> false]]; transaction manager [org.springframework.orm.jpa.JpaTransactionManager@37884b27]; rollback [true]
2022-12-04 20:22:12.515  INFO 6608 --- [    Test worker] o.a.c.c.C.[Tomcat].[localhost].[/]       : Initializing Spring TestDispatcherServlet ''
2022-12-04 20:22:12.515  INFO 6608 --- [    Test worker] o.s.t.web.servlet.TestDispatcherServlet  : Initializing Servlet ''
2022-12-04 20:22:12.515  INFO 6608 --- [    Test worker] o.s.t.web.servlet.TestDispatcherServlet  : Completed initialization in 0 ms
Hibernate: select tempsave0_.temp_save_id as temp_sav1_9_, tempsave0_.created_date as created_2_9_, tempsave0_.modified_date as modified3_9_, tempsave0_.content as content4_9_, tempsave0_.member_id as member_i7_9_, tempsave0_.temp_code as temp_cod5_9_, tempsave0_.title as title6_9_ from temp_save tempsave0_
Hibernate: select posts0_.posts_id as posts_id1_5_, posts0_.created_date as created_2_5_, posts0_.modified_date as modified3_5_, posts0_.content as content4_5_, posts0_.description as descript5_5_, posts0_.likes as likes6_5_, posts0_.member_id as member_i9_5_, posts0_.secret as secret7_5_, posts0_.title as title8_5_ from posts posts0_
Hibernate: select member0_.member_id as member_i1_3_, member0_.created_date as created_2_3_, member0_.modified_date as modified3_3_, member0_.email as email4_3_, member0_.email_auth as email_au5_3_, member0_.name as name6_3_, member0_.picture as picture7_3_, member0_.role as role8_3_, member0_.short_bio as short_bi9_3_, member0_.username as usernam10_3_ from member member0_
Hibernate: insert into member (member_id, created_date, modified_date, email, email_auth, name, picture, role, short_bio, username) values (default, ?, ?, ?, ?, ?, ?, ?, ?, ?)
Hibernate: insert into temp_save (temp_save_id, created_date, modified_date, content, member_id, temp_code, title) values (default, ?, ?, ?, ?, ?, ?)
Hibernate: select tempsave0_.temp_save_id as temp_sav1_9_, tempsave0_.created_date as created_2_9_, tempsave0_.modified_date as modified3_9_, tempsave0_.content as content4_9_, tempsave0_.member_id as member_i7_9_, tempsave0_.temp_code as temp_cod5_9_, tempsave0_.title as title6_9_ from temp_save tempsave0_ where tempsave0_.member_id=?

MockHttpServletRequest:
      HTTP Method = GET
      Request URI = /api/v1/temp-saves
       Parameters = {}
          Headers = []
             Body = null
    Session Attrs = {member=SessionMemberDto(id=47, name=슬로우스타터, email=azurealstn@naver.com, picture=test.jpg, username=haha, shortBio=안녕하세요!)}

Handler:
             Type = com.azurealstn.alog.controller.tempsave.TempSaveController
           Method = com.azurealstn.alog.controller.tempsave.TempSaveController#findAll(Model)

Async:
    Async started = false
     Async result = null

Resolved Exception:
             Type = null

ModelAndView:
        View name = tempsave/temp-saves
             View = null
        Attribute = tempSaveList
            value = [com.azurealstn.alog.dto.tempsave.TempSaveResponseDto@32640b6d]
        Attribute = member
            value = com.azurealstn.alog.dto.member.MemberResponseDto@2e26eed3
           errors = []

FlashMap:
       Attributes = null

MockHttpServletResponse:
           Status = 200
    Error message = null
          Headers = [Content-Language:"en", Content-Type:"text/html;charset=UTF-8"]
     Content type = text/html;charset=UTF-8
             Body = <!DOCTYPE html>
<html lang="ko">
<head>
    <meta charset="UTF-8">
    <meta http-equiv="X-UA-Compatible" content="IE=edge">
    <meta name="viewport" content="width=device-width, initial-scale=1.0">

    <!-- SEO -->
    <meta name="description" content="이 사이트는 velog를 클론코딩한 alog 입니다. 이제 react가 아닌 mustache를 더한">
    <meta name="keywords" content="프론트엔드, 백엔드, 풀스택, alog, velog, 클론코딩, 사이드 프로젝트">
    <meta name="author" content="azurealstn">
    <title>alog</title>

    <!-- Open Graph (Facebook, Linkedin) -->
    <meta property="og:url" content="https://velog.io/">
    <meta property="og:type" content="website">
    <meta property="og:title" content="velog 클론코딩한 alog">
    <meta property="og:description" content="이 사이트는 velog를 클론코딩한 alog 입니다. 이제 react가 아닌 mustache를 더한">
    <meta property="og:image" content="/images/online.jpg">
    <meta property="og:image:secure_url" content="/images/online.jpg">
    <meta property="og:site_name" content="velog 클론코딩">
    <meta property="og:locale" content="ko-KR">

    <!-- twitter card -->
    <meta name="twitter:card" content="summary">
    <meta name="twitter:title" content="velog 클론코딩한 alog">
    <meta name="twitter:description" content="이 사이트는 velog를 클론코딩한 alog 입니다. 이제 react가 아닌 mustache를 더한">
    <meta name="twitter:image" content="/images/online.jpg">
    <meta name="twitter:url" content="https://velog.io/">
    <meta name="twitter:site" content="@azurealstn">
    <meta name="twitter:creator" content="@azurealstn">

    <!-- fabicon -->
    <link rel="icon" type="image/png" sizes="512x512" href="/images/leaf-fabicon.png">

    <!-- apple fabicon -->
    <link rel="apple-touch-icon" sizes="512x512" href="/images/leaf-fabicon.png">

    <!-- CSS Reset -->
    <link rel="stylesheet" href="/css/normalize.css">

    <!-- FontAwesome -->
    <script src="https://kit.fontawesome.com/32f48298df.js" crossorigin="anonymous"></script>

    <!-- Font -->
    <link href='//spoqa.github.io/spoqa-han-sans/css/SpoqaHanSansNeo.css' rel='stylesheet' type='text/css'>
    <link href="https://fonts.googleapis.com/css2?family=Concert+One&family=Fuzzy+Bubbles:wght@700&family=Nanum+Gothic&family=Silkscreen&display=swap" rel="stylesheet">

    <!-- Toast   -->
    <link rel="stylesheet" type="text/css" href="https://cdn.jsdelivr.net/npm/toastify-js/src/toastify.min.css">

    <!-- CSS load -->
    <link rel="stylesheet" href="/css/header.css">
    <link rel="stylesheet" href="/css/temp-save.css">

    <script src="https://code.jquery.com/jquery-3.6.1.min.js" integrity="sha256-o88AwQnZB+VDvE9tvIXrMQaPlFFSUTR+nldQm1LuPXQ=" crossorigin="anonymous" defer></script>
    <script type="text/javascript" src="https://cdn.jsdelivr.net/npm/toastify-js" defer></script>
    <script src="/js/header.js" defer></script>
    <script src="/js/temp-save.js" defer></script>

</head>
<body style="overflow-y: visible;">
<!-- header -->
<div class="root">
    <header>
        <div class="header">
            <div class="head-container">
                <div class="head-logo">
                    <a href="/">alog</a>
                </div>
                <div class="head-content">
                    <a href="/api/v1/auth/search" class="search">
                        <i class="fa-solid fa-magnifying-glass"></i>
                    </a>
                    <button class="head-btn new-posts" style="margin-right: 1.25rem;">새 글 작성</button>
                    <div class="thumbnail-profile">
                        <img src="test.jpg" alt="thumbnail-profile">
                        <i class="fa-solid fa-sort-down"></i>
                    </div>
                    <div class="menu hide">
                        <div class="menu-wrapper">
                            <a href="/api/v1/my-alog/47" class="menu-item">
                                <div class="menu-name">
                                    내 에이로그
                                </div>
                            </a>
                            <a href="/api/v1/temp-saves" class="menu-item">
                                <div class="menu-name">
                                    임시 글
                                </div>
                            </a>
                            <a href="/api/v1/liked/47" class="menu-item">
                                <div class="menu-name">
                                    좋아요 목록
                                </div>
                            </a>
                            <a href="/api/v1/setting/47" class="menu-item">
                                <div class="menu-name">
                                    설정
                                </div>
                            </a>
                            <a href="/logout" class="menu-item">
                                <div class="menu-name">
                                    로그아웃
                                </div>
                            </a>
                        </div>
                    </div>
                </div>
            </div>
        </div>
    </header>

    <div class="temp-save">
        <h1>임시 글 목록</h1>
        <div class="temp-save-contents">
                <div class="temp-content">
                <h3>
                    <a href="/api/v1/write?tempCode=b5760c73-73d3-409d-9fd8-2e352814c8c0">제목입니다</a>
                </h3>
                <p>
                    <a href="/api/v1/write?tempCode=b5760c73-73d3-409d-9fd8-2e352814c8c0">내용입니다.</a>
                </p>
                <section>
                    <div class="time">2022년 12월 4일</div>
                    <button class="remove" onclick="tempSave.delete(10)">삭제</button>
                </section>
            </div>
        </div>

    </div>
</div>
</body>
</html>
    Forwarded URL = null
   Redirected URL = null
          Cookies = []
Hibernate: select posts0_.posts_id as posts_id1_5_, posts0_.created_date as created_2_5_, posts0_.modified_date as modified3_5_, posts0_.content as content4_5_, posts0_.description as descript5_5_, posts0_.likes as likes6_5_, posts0_.member_id as member_i9_5_, posts0_.secret as secret7_5_, posts0_.title as title8_5_ from posts posts0_
Hibernate: select tempsave0_.temp_save_id as temp_sav1_9_, tempsave0_.created_date as created_2_9_, tempsave0_.modified_date as modified3_9_, tempsave0_.content as content4_9_, tempsave0_.member_id as member_i7_9_, tempsave0_.temp_code as temp_cod5_9_, tempsave0_.title as title6_9_ from temp_save tempsave0_
Hibernate: select member0_.member_id as member_i1_3_, member0_.created_date as created_2_3_, member0_.modified_date as modified3_3_, member0_.email as email4_3_, member0_.email_auth as email_au5_3_, member0_.name as name6_3_, member0_.picture as picture7_3_, member0_.role as role8_3_, member0_.short_bio as short_bi9_3_, member0_.username as usernam10_3_ from member member0_
2022-12-04 20:22:12.529  INFO 6608 --- [    Test worker] o.s.t.c.transaction.TransactionContext   : Rolled back transaction for test: [DefaultTestContext@79b3937a testClass = TempSaveControllerTest, testInstance = com.azurealstn.alog.controller.tempsave.TempSaveControllerTest@7756d3ad, testMethod = temp_saves@TempSaveControllerTest, testException = [null], mergedContextConfiguration = [WebMergedContextConfiguration@343cb1af testClass = TempSaveControllerTest, locations = '{}', classes = '{class com.azurealstn.alog.AlogApplication}', contextInitializerClasses = '[]', activeProfiles = '{}', propertySourceLocations = '{}', propertySourceProperties = '{org.springframework.boot.test.context.SpringBootTestContextBootstrapper=true, server.port=0}', contextCustomizers = set[org.springframework.boot.test.autoconfigure.actuate.metrics.MetricsExportContextCustomizerFactory$DisableMetricExportContextCustomizer@59d2103b, org.springframework.boot.test.autoconfigure.properties.PropertyMappingContextCustomizer@0, org.springframework.boot.test.autoconfigure.web.servlet.WebDriverContextCustomizerFactory$Customizer@72a85671, org.springframework.boot.test.context.filter.ExcludeFilterContextCustomizer@4ae33a11, org.springframework.boot.test.json.DuplicateJsonObjectContextCustomizerFactory$DuplicateJsonObjectContextCustomizer@6d0b5baf, org.springframework.boot.test.mock.mockito.MockitoContextCustomizer@0, org.springframework.boot.test.web.client.TestRestTemplateContextCustomizer@5b58ed3c, org.springframework.boot.test.context.SpringBootTestArgs@1, org.springframework.boot.test.context.SpringBootTestWebEnvironment@48d61b48], resourceBasePath = 'src/main/webapp', contextLoader = 'org.springframework.boot.test.context.SpringBootContextLoader', parent = [null]], attributes = map['org.springframework.test.context.web.ServletTestExecutionListener.activateListener' -> false, 'org.springframework.test.context.event.ApplicationEventsTestExecutionListener.recordApplicationEvents' -> false]]
]]></system-out>
  <system-err><![CDATA[]]></system-err>
</testsuite>
