<?xml version="1.0" encoding="UTF-8"?>
<testsuite name="com.azurealstn.alog.AlogApplicationTests" tests="1" skipped="0" failures="0" errors="0" timestamp="2022-12-03T11:13:36" hostname="DESKTOP-4HIAQNR" time="0.126">
  <properties/>
  <testcase name="contextLoads()" classname="com.azurealstn.alog.AlogApplicationTests" time="0.126"/>
  <system-out><![CDATA[20:13:28.644 [Test worker] DEBUG org.springframework.test.context.BootstrapUtils - Instantiating CacheAwareContextLoaderDelegate from class [org.springframework.test.context.cache.DefaultCacheAwareContextLoaderDelegate]
20:13:28.656 [Test worker] DEBUG org.springframework.test.context.BootstrapUtils - Instantiating BootstrapContext using constructor [public org.springframework.test.context.support.DefaultBootstrapContext(java.lang.Class,org.springframework.test.context.CacheAwareContextLoaderDelegate)]
20:13:28.699 [Test worker] DEBUG org.springframework.test.context.BootstrapUtils - Instantiating TestContextBootstrapper for test class [com.azurealstn.alog.AlogApplicationTests] from class [org.springframework.boot.test.context.SpringBootTestContextBootstrapper]
20:13:28.713 [Test worker] INFO org.springframework.boot.test.context.SpringBootTestContextBootstrapper - Neither @ContextConfiguration nor @ContextHierarchy found for test class [com.azurealstn.alog.AlogApplicationTests], using SpringBootContextLoader
20:13:28.717 [Test worker] DEBUG org.springframework.test.context.support.AbstractContextLoader - Did not detect default resource location for test class [com.azurealstn.alog.AlogApplicationTests]: class path resource [com/azurealstn/alog/AlogApplicationTests-context.xml] does not exist
20:13:28.718 [Test worker] DEBUG org.springframework.test.context.support.AbstractContextLoader - Did not detect default resource location for test class [com.azurealstn.alog.AlogApplicationTests]: class path resource [com/azurealstn/alog/AlogApplicationTestsContext.groovy] does not exist
20:13:28.718 [Test worker] INFO org.springframework.test.context.support.AbstractContextLoader - Could not detect default resource locations for test class [com.azurealstn.alog.AlogApplicationTests]: no resource found for suffixes {-context.xml, Context.groovy}.
20:13:28.719 [Test worker] INFO org.springframework.test.context.support.AnnotationConfigContextLoaderUtils - Could not detect default configuration classes for test class [com.azurealstn.alog.AlogApplicationTests]: AlogApplicationTests does not declare any static, non-private, non-final, nested classes annotated with @Configuration.
20:13:28.766 [Test worker] DEBUG org.springframework.test.context.support.ActiveProfilesUtils - Could not find an 'annotation declaring class' for annotation type [org.springframework.test.context.ActiveProfiles] and class [com.azurealstn.alog.AlogApplicationTests]
20:13:28.823 [Test worker] DEBUG org.springframework.context.annotation.ClassPathScanningCandidateComponentProvider - Identified candidate component class: file [C:\project\intellij-project\2022\alog\build\classes\java\main\com\azurealstn\alog\AlogApplication.class]
20:13:28.825 [Test worker] INFO org.springframework.boot.test.context.SpringBootTestContextBootstrapper - Found @SpringBootConfiguration com.azurealstn.alog.AlogApplication for test class com.azurealstn.alog.AlogApplicationTests
20:13:28.962 [Test worker] DEBUG org.springframework.boot.test.context.SpringBootTestContextBootstrapper - @TestExecutionListeners is not present for class [com.azurealstn.alog.AlogApplicationTests]: using defaults.
20:13:28.963 [Test worker] INFO org.springframework.boot.test.context.SpringBootTestContextBootstrapper - Loaded default TestExecutionListener class names from location [META-INF/spring.factories]: [org.springframework.security.test.context.support.WithSecurityContextTestExecutionListener, org.springframework.security.test.context.support.ReactorContextTestExecutionListener, org.springframework.boot.test.autoconfigure.restdocs.RestDocsTestExecutionListener, org.springframework.boot.test.autoconfigure.web.client.MockRestServiceServerResetTestExecutionListener, org.springframework.boot.test.autoconfigure.web.servlet.MockMvcPrintOnlyOnFailureTestExecutionListener, org.springframework.boot.test.autoconfigure.web.servlet.WebDriverTestExecutionListener, org.springframework.boot.test.autoconfigure.webservices.client.MockWebServiceServerTestExecutionListener, org.springframework.boot.test.mock.mockito.MockitoTestExecutionListener, org.springframework.boot.test.mock.mockito.ResetMocksTestExecutionListener, org.springframework.test.context.web.ServletTestExecutionListener, org.springframework.test.context.support.DirtiesContextBeforeModesTestExecutionListener, org.springframework.test.context.event.ApplicationEventsTestExecutionListener, org.springframework.test.context.support.DependencyInjectionTestExecutionListener, org.springframework.test.context.support.DirtiesContextTestExecutionListener, org.springframework.test.context.transaction.TransactionalTestExecutionListener, org.springframework.test.context.jdbc.SqlScriptsTestExecutionListener, org.springframework.test.context.event.EventPublishingTestExecutionListener]
20:13:28.982 [Test worker] INFO org.springframework.boot.test.context.SpringBootTestContextBootstrapper - Using TestExecutionListeners: [org.springframework.test.context.web.ServletTestExecutionListener@6d868997, org.springframework.test.context.support.DirtiesContextBeforeModesTestExecutionListener@2c383e33, org.springframework.test.context.event.ApplicationEventsTestExecutionListener@74a195a4, org.springframework.boot.test.mock.mockito.MockitoTestExecutionListener@76304b46, org.springframework.boot.test.autoconfigure.SpringBootDependencyInjectionTestExecutionListener@2fa3be26, org.springframework.test.context.support.DirtiesContextTestExecutionListener@4287d447, org.springframework.test.context.transaction.TransactionalTestExecutionListener@3af37506, org.springframework.test.context.jdbc.SqlScriptsTestExecutionListener@4e6d7365, org.springframework.security.test.context.support.WithSecurityContextTestExecutionListener@7c0da600, org.springframework.test.context.event.EventPublishingTestExecutionListener@d4602a, org.springframework.security.test.context.support.ReactorContextTestExecutionListener@21ae6e73, org.springframework.boot.test.autoconfigure.restdocs.RestDocsTestExecutionListener@47dd778, org.springframework.boot.test.autoconfigure.web.client.MockRestServiceServerResetTestExecutionListener@15515c51, org.springframework.boot.test.autoconfigure.web.servlet.MockMvcPrintOnlyOnFailureTestExecutionListener@36a7abe1, org.springframework.boot.test.autoconfigure.web.servlet.WebDriverTestExecutionListener@64a896b0, org.springframework.boot.test.autoconfigure.webservices.client.MockWebServiceServerTestExecutionListener@e044b4a, org.springframework.boot.test.mock.mockito.ResetMocksTestExecutionListener@11a82d0f]
20:13:28.986 [Test worker] DEBUG org.springframework.test.context.support.AbstractDirtiesContextTestExecutionListener - Before test class: context [DefaultTestContext@7a356a0d testClass = AlogApplicationTests, testInstance = [null], testMethod = [null], testException = [null], mergedContextConfiguration = [WebMergedContextConfiguration@c827db testClass = AlogApplicationTests, locations = '{}', classes = '{class com.azurealstn.alog.AlogApplication}', contextInitializerClasses = '[]', activeProfiles = '{}', propertySourceLocations = '{}', propertySourceProperties = '{org.springframework.boot.test.context.SpringBootTestContextBootstrapper=true}', contextCustomizers = set[org.springframework.boot.test.autoconfigure.actuate.metrics.MetricsExportContextCustomizerFactory$DisableMetricExportContextCustomizer@f6c03cb, org.springframework.boot.test.autoconfigure.properties.PropertyMappingContextCustomizer@0, org.springframework.boot.test.autoconfigure.web.servlet.WebDriverContextCustomizerFactory$Customizer@4ae33a11, org.springframework.boot.test.context.filter.ExcludeFilterContextCustomizer@3a94964, org.springframework.boot.test.json.DuplicateJsonObjectContextCustomizerFactory$DuplicateJsonObjectContextCustomizer@34a75079, org.springframework.boot.test.mock.mockito.MockitoContextCustomizer@0, org.springframework.boot.test.web.client.TestRestTemplateContextCustomizer@64beebb7, org.springframework.boot.test.context.SpringBootTestArgs@1, org.springframework.boot.test.context.SpringBootTestWebEnvironment@7b993c65], resourceBasePath = 'src/main/webapp', contextLoader = 'org.springframework.boot.test.context.SpringBootContextLoader', parent = [null]], attributes = map['org.springframework.test.context.web.ServletTestExecutionListener.activateListener' -> true]], class annotated with @DirtiesContext [false] with mode [null].

  .   ____          _            __ _ _
 /\\ / ___'_ __ _ _(_)_ __  __ _ \ \ \ \
( ( )\___ | '_ | '_| | '_ \/ _` | \ \ \ \
 \\/  ___)| |_)| | | | | || (_| |  ) ) ) )
  '  |____| .__|_| |_|_| |_\__, | / / / /
 =========|_|==============|___/=/_/_/_/
 :: Spring Boot ::                (v2.7.4)

2022-12-03 20:13:29.407  INFO 16012 --- [    Test worker] c.azurealstn.alog.AlogApplicationTests   : Starting AlogApplicationTests using Java 11.0.13 on DESKTOP-4HIAQNR with PID 16012 (started by azure in C:\project\intellij-project\2022\alog)
2022-12-03 20:13:29.408  INFO 16012 --- [    Test worker] c.azurealstn.alog.AlogApplicationTests   : The following 1 profile is active: "mail"
2022-12-03 20:13:30.470  INFO 16012 --- [    Test worker] .s.d.r.c.RepositoryConfigurationDelegate : Bootstrapping Spring Data JPA repositories in DEFAULT mode.
2022-12-03 20:13:30.649  INFO 16012 --- [    Test worker] .s.d.r.c.RepositoryConfigurationDelegate : Finished Spring Data repository scanning in 168 ms. Found 10 JPA repository interfaces.
2022-12-03 20:13:31.329  INFO 16012 --- [    Test worker] com.zaxxer.hikari.HikariDataSource       : HikariPool-1 - Starting...
2022-12-03 20:13:31.428  INFO 16012 --- [    Test worker] com.zaxxer.hikari.HikariDataSource       : HikariPool-1 - Start completed.
2022-12-03 20:13:31.594  INFO 16012 --- [    Test worker] o.hibernate.jpa.internal.util.LogHelper  : HHH000204: Processing PersistenceUnitInfo [name: default]
2022-12-03 20:13:31.661  INFO 16012 --- [    Test worker] org.hibernate.Version                    : HHH000412: Hibernate ORM core version 5.6.11.Final
2022-12-03 20:13:31.884  INFO 16012 --- [    Test worker] o.hibernate.annotations.common.Version   : HCANN000001: Hibernate Commons Annotations {5.1.2.Final}
2022-12-03 20:13:32.064  INFO 16012 --- [    Test worker] org.hibernate.dialect.Dialect            : HHH000400: Using dialect: org.hibernate.dialect.H2Dialect
2022-12-03 20:13:33.002  INFO 16012 --- [    Test worker] o.h.e.t.j.p.i.JtaPlatformInitiator       : HHH000490: Using JtaPlatform implementation: [org.hibernate.engine.transaction.jta.platform.internal.NoJtaPlatform]
2022-12-03 20:13:33.013  INFO 16012 --- [    Test worker] j.LocalContainerEntityManagerFactoryBean : Initialized JPA EntityManagerFactory for persistence unit 'default'
2022-12-03 20:13:34.987  INFO 16012 --- [    Test worker] o.s.s.web.DefaultSecurityFilterChain     : Will secure any request with [org.springframework.security.web.session.DisableEncodeUrlFilter@2ab87cb8, org.springframework.security.web.context.request.async.WebAsyncManagerIntegrationFilter@4ac1544f, org.springframework.security.web.context.SecurityContextPersistenceFilter@9214725, org.springframework.security.web.header.HeaderWriterFilter@64b242b3, org.springframework.security.web.authentication.logout.LogoutFilter@704ca8a8, org.springframework.security.oauth2.client.web.OAuth2AuthorizationRequestRedirectFilter@3db48e6, org.springframework.security.oauth2.client.web.OAuth2LoginAuthenticationFilter@5ab0168, org.springframework.security.web.authentication.ui.DefaultLoginPageGeneratingFilter@4d37c996, org.springframework.security.web.authentication.ui.DefaultLogoutPageGeneratingFilter@4578d654, org.springframework.security.web.savedrequest.RequestCacheAwareFilter@14a3a66c, org.springframework.security.web.servletapi.SecurityContextHolderAwareRequestFilter@1738d3b2, org.springframework.security.web.authentication.AnonymousAuthenticationFilter@25865fca, org.springframework.security.web.session.SessionManagementFilter@49e8548d, org.springframework.security.web.access.ExceptionTranslationFilter@32a541a8, org.springframework.security.web.access.intercept.FilterSecurityInterceptor@6c09d716]
2022-12-03 20:13:35.271  WARN 16012 --- [    Test worker] JpaBaseConfiguration$JpaWebConfiguration : spring.jpa.open-in-view is enabled by default. Therefore, database queries may be performed during view rendering. Explicitly configure spring.jpa.open-in-view to disable this warning
2022-12-03 20:13:35.619  INFO 16012 --- [    Test worker] o.s.b.a.h2.H2ConsoleAutoConfiguration    : H2 console available at '/h2-console'. Database available at 'jdbc:h2:tcp://localhost/~/alog'
2022-12-03 20:13:35.634  INFO 16012 --- [    Test worker] o.s.b.a.w.s.WelcomePageHandlerMapping    : Adding welcome page template: index
2022-12-03 20:13:36.146  INFO 16012 --- [    Test worker] s.a.ScheduledAnnotationBeanPostProcessor : No TaskScheduler/ScheduledExecutorService bean found for scheduled processing
2022-12-03 20:13:36.157  INFO 16012 --- [    Test worker] c.azurealstn.alog.AlogApplicationTests   : Started AlogApplicationTests in 7.131 seconds (JVM running for 8.605)
]]></system-out>
  <system-err><![CDATA[]]></system-err>
</testsuite>
