<?xml version="1.0" encoding="UTF-8"?>
<testsuite name="com.azurealstn.alog.controller.api.member.MemberApiControllerTest" tests="13" skipped="0" failures="0" errors="0" timestamp="2022-12-04T11:12:11" hostname="DESKTOP-4HIAQNR" time="0.203">
  <properties/>
  <testcase name="회원 삭제 성공" classname="com.azurealstn.alog.controller.api.member.MemberApiControllerTest" time="0.018"/>
  <testcase name="회원 삭제 실패" classname="com.azurealstn.alog.controller.api.member.MemberApiControllerTest" time="0.02"/>
  <testcase name="회원 등록시 회원 이름 빈값" classname="com.azurealstn.alog.controller.api.member.MemberApiControllerTest" time="0.015"/>
  <testcase name="회원 등록 API" classname="com.azurealstn.alog.controller.api.member.MemberApiControllerTest" time="0.018"/>
  <testcase name="/api/v1/member/{memberId} 요청시 단 건 조회 성공" classname="com.azurealstn.alog.controller.api.member.MemberApiControllerTest" time="0.018"/>
  <testcase name="/api/v1/member/{memberId} 요청시 단 건 조회 실패" classname="com.azurealstn.alog.controller.api.member.MemberApiControllerTest" time="0.01"/>
  <testcase name="회원 username 수정시 성공" classname="com.azurealstn.alog.controller.api.member.MemberApiControllerTest" time="0.017"/>
  <testcase name="회원 username 수정시 실패" classname="com.azurealstn.alog.controller.api.member.MemberApiControllerTest" time="0.017"/>
  <testcase name="회원 name 수정시 성공" classname="com.azurealstn.alog.controller.api.member.MemberApiControllerTest" time="0.018"/>
  <testcase name="회원 name 수정시 실패" classname="com.azurealstn.alog.controller.api.member.MemberApiControllerTest" time="0.014"/>
  <testcase name="회원 등록시 회원 email wrong format" classname="com.azurealstn.alog.controller.api.member.MemberApiControllerTest" time="0.009"/>
  <testcase name="회원 등록시 회원 username wrong format" classname="com.azurealstn.alog.controller.api.member.MemberApiControllerTest" time="0.01"/>
  <testcase name="회원 등록시 회원 이름 길이" classname="com.azurealstn.alog.controller.api.member.MemberApiControllerTest" time="0.009"/>
  <system-out><![CDATA[2022-12-04 20:12:11.123  INFO 16364 --- [    Test worker] .b.t.c.SpringBootTestContextBootstrapper : Neither @ContextConfiguration nor @ContextHierarchy found for test class [com.azurealstn.alog.controller.api.member.MemberApiControllerTest], using SpringBootContextLoader
2022-12-04 20:12:11.123  INFO 16364 --- [    Test worker] o.s.t.c.support.AbstractContextLoader    : Could not detect default resource locations for test class [com.azurealstn.alog.controller.api.member.MemberApiControllerTest]: no resource found for suffixes {-context.xml, Context.groovy}.
2022-12-04 20:12:11.123  INFO 16364 --- [    Test worker] t.c.s.AnnotationConfigContextLoaderUtils : Could not detect default configuration classes for test class [com.azurealstn.alog.controller.api.member.MemberApiControllerTest]: MemberApiControllerTest does not declare any static, non-private, non-final, nested classes annotated with @Configuration.
2022-12-04 20:12:11.139  INFO 16364 --- [    Test worker] .b.t.c.SpringBootTestContextBootstrapper : Found @SpringBootConfiguration com.azurealstn.alog.AlogApplication for test class com.azurealstn.alog.controller.api.member.MemberApiControllerTest
2022-12-04 20:12:11.139  INFO 16364 --- [    Test worker] .b.t.c.SpringBootTestContextBootstrapper : Loaded default TestExecutionListener class names from location [META-INF/spring.factories]: [org.springframework.security.test.context.support.WithSecurityContextTestExecutionListener, org.springframework.security.test.context.support.ReactorContextTestExecutionListener, org.springframework.boot.test.autoconfigure.restdocs.RestDocsTestExecutionListener, org.springframework.boot.test.autoconfigure.web.client.MockRestServiceServerResetTestExecutionListener, org.springframework.boot.test.autoconfigure.web.servlet.MockMvcPrintOnlyOnFailureTestExecutionListener, org.springframework.boot.test.autoconfigure.web.servlet.WebDriverTestExecutionListener, org.springframework.boot.test.autoconfigure.webservices.client.MockWebServiceServerTestExecutionListener, org.springframework.boot.test.mock.mockito.MockitoTestExecutionListener, org.springframework.boot.test.mock.mockito.ResetMocksTestExecutionListener, org.springframework.test.context.web.ServletTestExecutionListener, org.springframework.test.context.support.DirtiesContextBeforeModesTestExecutionListener, org.springframework.test.context.event.ApplicationEventsTestExecutionListener, org.springframework.test.context.support.DependencyInjectionTestExecutionListener, org.springframework.test.context.support.DirtiesContextTestExecutionListener, org.springframework.test.context.transaction.TransactionalTestExecutionListener, org.springframework.test.context.jdbc.SqlScriptsTestExecutionListener, org.springframework.test.context.event.EventPublishingTestExecutionListener]
2022-12-04 20:12:11.139  INFO 16364 --- [    Test worker] .b.t.c.SpringBootTestContextBootstrapper : Using TestExecutionListeners: [org.springframework.test.context.web.ServletTestExecutionListener@315139e2, org.springframework.test.context.support.DirtiesContextBeforeModesTestExecutionListener@50b1aea, org.springframework.test.context.event.ApplicationEventsTestExecutionListener@6dc82d99, org.springframework.boot.test.mock.mockito.MockitoTestExecutionListener@28e6f5c7, org.springframework.boot.test.autoconfigure.SpringBootDependencyInjectionTestExecutionListener@10c04710, org.springframework.test.context.support.DirtiesContextTestExecutionListener@4dc1c3a8, org.springframework.test.context.transaction.TransactionalTestExecutionListener@61c98b6c, org.springframework.test.context.jdbc.SqlScriptsTestExecutionListener@7e9e125f, org.springframework.security.test.context.support.WithSecurityContextTestExecutionListener@6cf4325b, org.springframework.test.context.event.EventPublishingTestExecutionListener@2f6b60ee, org.springframework.security.test.context.support.ReactorContextTestExecutionListener@2541c84, org.springframework.boot.test.autoconfigure.restdocs.RestDocsTestExecutionListener@c56ea7b, org.springframework.boot.test.autoconfigure.web.client.MockRestServiceServerResetTestExecutionListener@41fd7740, org.springframework.boot.test.autoconfigure.web.servlet.MockMvcPrintOnlyOnFailureTestExecutionListener@35e50381, org.springframework.boot.test.autoconfigure.web.servlet.WebDriverTestExecutionListener@17778985, org.springframework.boot.test.autoconfigure.webservices.client.MockWebServiceServerTestExecutionListener@2c49bc22, org.springframework.boot.test.mock.mockito.ResetMocksTestExecutionListener@6a4899c]
2022-12-04 20:12:11.139  INFO 16364 --- [    Test worker] o.a.c.c.C.[Tomcat].[localhost].[/]       : Initializing Spring TestDispatcherServlet ''
2022-12-04 20:12:11.139  INFO 16364 --- [    Test worker] o.s.t.web.servlet.TestDispatcherServlet  : Initializing Servlet ''
2022-12-04 20:12:11.139  INFO 16364 --- [    Test worker] o.s.t.web.servlet.TestDispatcherServlet  : Completed initialization in 0 ms
Hibernate: select member0_.member_id as member_i1_3_, member0_.created_date as created_2_3_, member0_.modified_date as modified3_3_, member0_.email as email4_3_, member0_.email_auth as email_au5_3_, member0_.name as name6_3_, member0_.picture as picture7_3_, member0_.role as role8_3_, member0_.short_bio as short_bi9_3_, member0_.username as usernam10_3_ from member member0_
Hibernate: insert into member (member_id, created_date, modified_date, email, email_auth, name, picture, role, short_bio, username) values (default, ?, ?, ?, ?, ?, ?, ?, ?, ?)
Hibernate: select member0_.member_id as member_i1_3_0_, member0_.created_date as created_2_3_0_, member0_.modified_date as modified3_3_0_, member0_.email as email4_3_0_, member0_.email_auth as email_au5_3_0_, member0_.name as name6_3_0_, member0_.picture as picture7_3_0_, member0_.role as role8_3_0_, member0_.short_bio as short_bi9_3_0_, member0_.username as usernam10_3_0_ from member member0_ where member0_.member_id=?
Hibernate: select commentlis0_.member_id as member_i8_0_0_, commentlis0_.comment_id as comment_1_0_0_, commentlis0_.comment_id as comment_1_0_1_, commentlis0_.created_date as created_2_0_1_, commentlis0_.modified_date as modified3_0_1_, commentlis0_.content as content4_0_1_, commentlis0_.is_comment_me as is_comme5_0_1_, commentlis0_.level as level6_0_1_, commentlis0_.member_id as member_i8_0_1_, commentlis0_.posts_id as posts_id9_0_1_, commentlis0_.up_comment_id as up_comme7_0_1_ from comment commentlis0_ where commentlis0_.member_id=?
Hibernate: select memberimag0_.member_id as member_i8_4_0_, memberimag0_.member_image_id as member_i1_4_0_, memberimag0_.member_image_id as member_i1_4_1_, memberimag0_.created_date as created_2_4_1_, memberimag0_.modified_date as modified3_4_1_, memberimag0_.image_url as image_ur4_4_1_, memberimag0_.member_id as member_i8_4_1_, memberimag0_.original_filename as original5_4_1_, memberimag0_.store_filename as store_fi6_4_1_, memberimag0_.thumbnail_yn as thumbnai7_4_1_ from member_image memberimag0_ where memberimag0_.member_id=?
Hibernate: select postslikel0_.member_id as member_i4_8_0_, postslikel0_.id as id1_8_0_, postslikel0_.id as id1_8_1_, postslikel0_.created_date as created_2_8_1_, postslikel0_.modified_date as modified3_8_1_, postslikel0_.member_id as member_i4_8_1_, postslikel0_.posts_id as posts_id5_8_1_ from posts_like postslikel0_ where postslikel0_.member_id=?
Hibernate: select postslist0_.member_id as member_i9_5_0_, postslist0_.posts_id as posts_id1_5_0_, postslist0_.posts_id as posts_id1_5_1_, postslist0_.created_date as created_2_5_1_, postslist0_.modified_date as modified3_5_1_, postslist0_.content as content4_5_1_, postslist0_.description as descript5_5_1_, postslist0_.likes as likes6_5_1_, postslist0_.member_id as member_i9_5_1_, postslist0_.secret as secret7_5_1_, postslist0_.title as title8_5_1_ from posts postslist0_ where postslist0_.member_id=?
Hibernate: select tempsaveli0_.member_id as member_i7_9_0_, tempsaveli0_.temp_save_id as temp_sav1_9_0_, tempsaveli0_.temp_save_id as temp_sav1_9_1_, tempsaveli0_.created_date as created_2_9_1_, tempsaveli0_.modified_date as modified3_9_1_, tempsaveli0_.content as content4_9_1_, tempsaveli0_.member_id as member_i7_9_1_, tempsaveli0_.temp_code as temp_cod5_9_1_, tempsaveli0_.title as title6_9_1_ from temp_save tempsaveli0_ where tempsaveli0_.member_id=?
Hibernate: delete from member where member_id=?

MockHttpServletRequest:
      HTTP Method = DELETE
      Request URI = /api/v1/member/461
       Parameters = {}
          Headers = [Content-Type:"application/json;charset=UTF-8"]
             Body = null
    Session Attrs = {}

Handler:
             Type = com.azurealstn.alog.controller.api.member.MemberApiController
           Method = com.azurealstn.alog.controller.api.member.MemberApiController#delete(Long)

Async:
    Async started = false
     Async result = null

Resolved Exception:
             Type = null

ModelAndView:
        View name = null
             View = null
            Model = null

FlashMap:
       Attributes = null

MockHttpServletResponse:
           Status = 200
    Error message = null
          Headers = [Content-Type:"application/json;charset=UTF-8"]
     Content type = application/json;charset=UTF-8
             Body = 461
    Forwarded URL = null
   Redirected URL = null
          Cookies = []
Hibernate: select member0_.member_id as member_i1_3_, member0_.created_date as created_2_3_, member0_.modified_date as modified3_3_, member0_.email as email4_3_, member0_.email_auth as email_au5_3_, member0_.name as name6_3_, member0_.picture as picture7_3_, member0_.role as role8_3_, member0_.short_bio as short_bi9_3_, member0_.username as usernam10_3_ from member member0_
2022-12-04 20:12:11.154  INFO 16364 --- [    Test worker] o.a.c.c.C.[Tomcat].[localhost].[/]       : Initializing Spring TestDispatcherServlet ''
2022-12-04 20:12:11.154  INFO 16364 --- [    Test worker] o.s.t.web.servlet.TestDispatcherServlet  : Initializing Servlet ''
2022-12-04 20:12:11.154  INFO 16364 --- [    Test worker] o.s.t.web.servlet.TestDispatcherServlet  : Completed initialization in 0 ms
Hibernate: select member0_.member_id as member_i1_3_, member0_.created_date as created_2_3_, member0_.modified_date as modified3_3_, member0_.email as email4_3_, member0_.email_auth as email_au5_3_, member0_.name as name6_3_, member0_.picture as picture7_3_, member0_.role as role8_3_, member0_.short_bio as short_bi9_3_, member0_.username as usernam10_3_ from member member0_
Hibernate: insert into member (member_id, created_date, modified_date, email, email_auth, name, picture, role, short_bio, username) values (default, ?, ?, ?, ?, ?, ?, ?, ?, ?)
Hibernate: select member0_.member_id as member_i1_3_0_, member0_.created_date as created_2_3_0_, member0_.modified_date as modified3_3_0_, member0_.email as email4_3_0_, member0_.email_auth as email_au5_3_0_, member0_.name as name6_3_0_, member0_.picture as picture7_3_0_, member0_.role as role8_3_0_, member0_.short_bio as short_bi9_3_0_, member0_.username as usernam10_3_0_ from member member0_ where member0_.member_id=?

MockHttpServletRequest:
      HTTP Method = DELETE
      Request URI = /api/v1/member/463
       Parameters = {}
          Headers = [Content-Type:"application/json;charset=UTF-8"]
             Body = null
    Session Attrs = {}

Handler:
             Type = com.azurealstn.alog.controller.api.member.MemberApiController
           Method = com.azurealstn.alog.controller.api.member.MemberApiController#delete(Long)

Async:
    Async started = false
     Async result = null

Resolved Exception:
             Type = com.azurealstn.alog.Infra.exception.member.MemberNotFound

ModelAndView:
        View name = null
             View = null
            Model = null

FlashMap:
       Attributes = null

MockHttpServletResponse:
           Status = 404
    Error message = null
          Headers = [Content-Type:"application/json;charset=UTF-8"]
     Content type = application/json;charset=UTF-8
             Body = {"code":"404","message":"해당 회원이 없습니다.","validation":[]}
    Forwarded URL = null
   Redirected URL = null
          Cookies = []
Hibernate: select member0_.member_id as member_i1_3_, member0_.created_date as created_2_3_, member0_.modified_date as modified3_3_, member0_.email as email4_3_, member0_.email_auth as email_au5_3_, member0_.name as name6_3_, member0_.picture as picture7_3_, member0_.role as role8_3_, member0_.short_bio as short_bi9_3_, member0_.username as usernam10_3_ from member member0_
Hibernate: select commentlis0_.member_id as member_i8_0_0_, commentlis0_.comment_id as comment_1_0_0_, commentlis0_.comment_id as comment_1_0_1_, commentlis0_.created_date as created_2_0_1_, commentlis0_.modified_date as modified3_0_1_, commentlis0_.content as content4_0_1_, commentlis0_.is_comment_me as is_comme5_0_1_, commentlis0_.level as level6_0_1_, commentlis0_.member_id as member_i8_0_1_, commentlis0_.posts_id as posts_id9_0_1_, commentlis0_.up_comment_id as up_comme7_0_1_ from comment commentlis0_ where commentlis0_.member_id=?
Hibernate: select memberimag0_.member_id as member_i8_4_0_, memberimag0_.member_image_id as member_i1_4_0_, memberimag0_.member_image_id as member_i1_4_1_, memberimag0_.created_date as created_2_4_1_, memberimag0_.modified_date as modified3_4_1_, memberimag0_.image_url as image_ur4_4_1_, memberimag0_.member_id as member_i8_4_1_, memberimag0_.original_filename as original5_4_1_, memberimag0_.store_filename as store_fi6_4_1_, memberimag0_.thumbnail_yn as thumbnai7_4_1_ from member_image memberimag0_ where memberimag0_.member_id=?
Hibernate: select postslikel0_.member_id as member_i4_8_0_, postslikel0_.id as id1_8_0_, postslikel0_.id as id1_8_1_, postslikel0_.created_date as created_2_8_1_, postslikel0_.modified_date as modified3_8_1_, postslikel0_.member_id as member_i4_8_1_, postslikel0_.posts_id as posts_id5_8_1_ from posts_like postslikel0_ where postslikel0_.member_id=?
Hibernate: select postslist0_.member_id as member_i9_5_0_, postslist0_.posts_id as posts_id1_5_0_, postslist0_.posts_id as posts_id1_5_1_, postslist0_.created_date as created_2_5_1_, postslist0_.modified_date as modified3_5_1_, postslist0_.content as content4_5_1_, postslist0_.description as descript5_5_1_, postslist0_.likes as likes6_5_1_, postslist0_.member_id as member_i9_5_1_, postslist0_.secret as secret7_5_1_, postslist0_.title as title8_5_1_ from posts postslist0_ where postslist0_.member_id=?
Hibernate: select tempsaveli0_.member_id as member_i7_9_0_, tempsaveli0_.temp_save_id as temp_sav1_9_0_, tempsaveli0_.temp_save_id as temp_sav1_9_1_, tempsaveli0_.created_date as created_2_9_1_, tempsaveli0_.modified_date as modified3_9_1_, tempsaveli0_.content as content4_9_1_, tempsaveli0_.member_id as member_i7_9_1_, tempsaveli0_.temp_code as temp_cod5_9_1_, tempsaveli0_.title as title6_9_1_ from temp_save tempsaveli0_ where tempsaveli0_.member_id=?
Hibernate: delete from member where member_id=?
2022-12-04 20:12:11.170  INFO 16364 --- [    Test worker] o.a.c.c.C.[Tomcat].[localhost].[/]       : Initializing Spring TestDispatcherServlet ''
2022-12-04 20:12:11.170  INFO 16364 --- [    Test worker] o.s.t.web.servlet.TestDispatcherServlet  : Initializing Servlet ''
2022-12-04 20:12:11.186  INFO 16364 --- [    Test worker] o.s.t.web.servlet.TestDispatcherServlet  : Completed initialization in 16 ms
Hibernate: select member0_.member_id as member_i1_3_, member0_.created_date as created_2_3_, member0_.modified_date as modified3_3_, member0_.email as email4_3_, member0_.email_auth as email_au5_3_, member0_.name as name6_3_, member0_.picture as picture7_3_, member0_.role as role8_3_, member0_.short_bio as short_bi9_3_, member0_.username as usernam10_3_ from member member0_

MockHttpServletRequest:
      HTTP Method = POST
      Request URI = /api/v1/auth/create-member
       Parameters = {}
          Headers = [Content-Type:"application/json;charset=UTF-8", Content-Length:"143"]
             Body = {"name":"   ","email":"azurealstn@naver.com","username":"haha","shortBio":"안녕하세요!","picture":"test.jpg","role":null,"emailAuth":null}
    Session Attrs = {}

Handler:
             Type = com.azurealstn.alog.controller.api.member.MemberApiController
           Method = com.azurealstn.alog.controller.api.member.MemberApiController#createMember(MemberCreateRequestDto)

Async:
    Async started = false
     Async result = null

Resolved Exception:
             Type = org.springframework.web.bind.MethodArgumentNotValidException

ModelAndView:
        View name = null
             View = null
            Model = null

FlashMap:
       Attributes = null

MockHttpServletResponse:
           Status = 400
    Error message = null
          Headers = [Content-Type:"application/json;charset=UTF-8"]
     Content type = application/json;charset=UTF-8
             Body = {"code":"400","message":"클라이언트의 잘못된 요청이 있습니다. (application/json)","validation":[{"fieldName":"name","errorMessage":"이름을 입력해주세요."}]}
    Forwarded URL = null
   Redirected URL = null
          Cookies = []
Hibernate: select member0_.member_id as member_i1_3_, member0_.created_date as created_2_3_, member0_.modified_date as modified3_3_, member0_.email as email4_3_, member0_.email_auth as email_au5_3_, member0_.name as name6_3_, member0_.picture as picture7_3_, member0_.role as role8_3_, member0_.short_bio as short_bi9_3_, member0_.username as usernam10_3_ from member member0_
2022-12-04 20:12:11.201  INFO 16364 --- [    Test worker] o.a.c.c.C.[Tomcat].[localhost].[/]       : Initializing Spring TestDispatcherServlet ''
2022-12-04 20:12:11.201  INFO 16364 --- [    Test worker] o.s.t.web.servlet.TestDispatcherServlet  : Initializing Servlet ''
2022-12-04 20:12:11.201  INFO 16364 --- [    Test worker] o.s.t.web.servlet.TestDispatcherServlet  : Completed initialization in 0 ms
Hibernate: select member0_.member_id as member_i1_3_, member0_.created_date as created_2_3_, member0_.modified_date as modified3_3_, member0_.email as email4_3_, member0_.email_auth as email_au5_3_, member0_.name as name6_3_, member0_.picture as picture7_3_, member0_.role as role8_3_, member0_.short_bio as short_bi9_3_, member0_.username as usernam10_3_ from member member0_
Hibernate: select member0_.member_id as col_0_0_ from member member0_ where member0_.username=? limit ?
Hibernate: insert into member (member_id, created_date, modified_date, email, email_auth, name, picture, role, short_bio, username) values (default, ?, ?, ?, ?, ?, ?, ?, ?, ?)

MockHttpServletRequest:
      HTTP Method = POST
      Request URI = /api/v1/auth/create-member
       Parameters = {}
          Headers = [Content-Type:"application/json;charset=UTF-8", Content-Length:"158"]
             Body = {"name":"슬로우스타터","email":"azurealstn@naver.com","username":"haha","shortBio":"안녕하세요!","picture":"test.jpg","role":null,"emailAuth":null}
    Session Attrs = {}

Handler:
             Type = com.azurealstn.alog.controller.api.member.MemberApiController
           Method = com.azurealstn.alog.controller.api.member.MemberApiController#createMember(MemberCreateRequestDto)

Async:
    Async started = false
     Async result = null

Resolved Exception:
             Type = null

ModelAndView:
        View name = null
             View = null
            Model = null

FlashMap:
       Attributes = null

MockHttpServletResponse:
           Status = 200
    Error message = null
          Headers = [Content-Type:"application/json;charset=UTF-8"]
     Content type = application/json;charset=UTF-8
             Body = 463
    Forwarded URL = null
   Redirected URL = null
          Cookies = []
Hibernate: select member0_.member_id as member_i1_3_, member0_.created_date as created_2_3_, member0_.modified_date as modified3_3_, member0_.email as email4_3_, member0_.email_auth as email_au5_3_, member0_.name as name6_3_, member0_.picture as picture7_3_, member0_.role as role8_3_, member0_.short_bio as short_bi9_3_, member0_.username as usernam10_3_ from member member0_
Hibernate: select commentlis0_.member_id as member_i8_0_0_, commentlis0_.comment_id as comment_1_0_0_, commentlis0_.comment_id as comment_1_0_1_, commentlis0_.created_date as created_2_0_1_, commentlis0_.modified_date as modified3_0_1_, commentlis0_.content as content4_0_1_, commentlis0_.is_comment_me as is_comme5_0_1_, commentlis0_.level as level6_0_1_, commentlis0_.member_id as member_i8_0_1_, commentlis0_.posts_id as posts_id9_0_1_, commentlis0_.up_comment_id as up_comme7_0_1_ from comment commentlis0_ where commentlis0_.member_id=?
Hibernate: select memberimag0_.member_id as member_i8_4_0_, memberimag0_.member_image_id as member_i1_4_0_, memberimag0_.member_image_id as member_i1_4_1_, memberimag0_.created_date as created_2_4_1_, memberimag0_.modified_date as modified3_4_1_, memberimag0_.image_url as image_ur4_4_1_, memberimag0_.member_id as member_i8_4_1_, memberimag0_.original_filename as original5_4_1_, memberimag0_.store_filename as store_fi6_4_1_, memberimag0_.thumbnail_yn as thumbnai7_4_1_ from member_image memberimag0_ where memberimag0_.member_id=?
Hibernate: select postslikel0_.member_id as member_i4_8_0_, postslikel0_.id as id1_8_0_, postslikel0_.id as id1_8_1_, postslikel0_.created_date as created_2_8_1_, postslikel0_.modified_date as modified3_8_1_, postslikel0_.member_id as member_i4_8_1_, postslikel0_.posts_id as posts_id5_8_1_ from posts_like postslikel0_ where postslikel0_.member_id=?
Hibernate: select postslist0_.member_id as member_i9_5_0_, postslist0_.posts_id as posts_id1_5_0_, postslist0_.posts_id as posts_id1_5_1_, postslist0_.created_date as created_2_5_1_, postslist0_.modified_date as modified3_5_1_, postslist0_.content as content4_5_1_, postslist0_.description as descript5_5_1_, postslist0_.likes as likes6_5_1_, postslist0_.member_id as member_i9_5_1_, postslist0_.secret as secret7_5_1_, postslist0_.title as title8_5_1_ from posts postslist0_ where postslist0_.member_id=?
Hibernate: select tempsaveli0_.member_id as member_i7_9_0_, tempsaveli0_.temp_save_id as temp_sav1_9_0_, tempsaveli0_.temp_save_id as temp_sav1_9_1_, tempsaveli0_.created_date as created_2_9_1_, tempsaveli0_.modified_date as modified3_9_1_, tempsaveli0_.content as content4_9_1_, tempsaveli0_.member_id as member_i7_9_1_, tempsaveli0_.temp_code as temp_cod5_9_1_, tempsaveli0_.title as title6_9_1_ from temp_save tempsaveli0_ where tempsaveli0_.member_id=?
Hibernate: delete from member where member_id=?
2022-12-04 20:12:11.217  INFO 16364 --- [    Test worker] o.s.t.c.transaction.TransactionContext   : Began transaction (1) for test context [DefaultTestContext@1b4d6eff testClass = MemberApiControllerTest, testInstance = com.azurealstn.alog.controller.api.member.MemberApiControllerTest@6786016, testMethod = findById_o@MemberApiControllerTest, testException = [null], mergedContextConfiguration = [WebMergedContextConfiguration@78b00778 testClass = MemberApiControllerTest, locations = '{}', classes = '{class com.azurealstn.alog.AlogApplication}', contextInitializerClasses = '[]', activeProfiles = '{}', propertySourceLocations = '{}', propertySourceProperties = '{org.springframework.boot.test.context.SpringBootTestContextBootstrapper=true, server.port=0}', contextCustomizers = set[org.springframework.boot.test.autoconfigure.actuate.metrics.MetricsExportContextCustomizerFactory$DisableMetricExportContextCustomizer@39dcf4b0, org.springframework.boot.test.autoconfigure.properties.PropertyMappingContextCustomizer@0, org.springframework.boot.test.autoconfigure.web.servlet.WebDriverContextCustomizerFactory$Customizer@6722db6e, org.springframework.boot.test.context.filter.ExcludeFilterContextCustomizer@7a48e6e2, org.springframework.boot.test.json.DuplicateJsonObjectContextCustomizerFactory$DuplicateJsonObjectContextCustomizer@631e06ab, org.springframework.boot.test.mock.mockito.MockitoContextCustomizer@0, org.springframework.boot.test.web.client.TestRestTemplateContextCustomizer@24faea88, org.springframework.boot.test.context.SpringBootTestArgs@1, org.springframework.boot.test.context.SpringBootTestWebEnvironment@68d279ec], resourceBasePath = 'src/main/webapp', contextLoader = 'org.springframework.boot.test.context.SpringBootContextLoader', parent = [null]], attributes = map['org.springframework.test.context.web.ServletTestExecutionListener.activateListener' -> false, 'org.springframework.test.context.event.ApplicationEventsTestExecutionListener.recordApplicationEvents' -> false]]; transaction manager [org.springframework.orm.jpa.JpaTransactionManager@6a85a13]; rollback [true]
2022-12-04 20:12:11.217  INFO 16364 --- [    Test worker] o.a.c.c.C.[Tomcat].[localhost].[/]       : Initializing Spring TestDispatcherServlet ''
2022-12-04 20:12:11.217  INFO 16364 --- [    Test worker] o.s.t.web.servlet.TestDispatcherServlet  : Initializing Servlet ''
2022-12-04 20:12:11.217  INFO 16364 --- [    Test worker] o.s.t.web.servlet.TestDispatcherServlet  : Completed initialization in 0 ms
Hibernate: select member0_.member_id as member_i1_3_, member0_.created_date as created_2_3_, member0_.modified_date as modified3_3_, member0_.email as email4_3_, member0_.email_auth as email_au5_3_, member0_.name as name6_3_, member0_.picture as picture7_3_, member0_.role as role8_3_, member0_.short_bio as short_bi9_3_, member0_.username as usernam10_3_ from member member0_
Hibernate: insert into member (member_id, created_date, modified_date, email, email_auth, name, picture, role, short_bio, username) values (default, ?, ?, ?, ?, ?, ?, ?, ?, ?)

MockHttpServletRequest:
      HTTP Method = GET
      Request URI = /api/v1/member/464
       Parameters = {}
          Headers = [Content-Type:"application/json;charset=UTF-8"]
             Body = null
    Session Attrs = {}

Handler:
             Type = com.azurealstn.alog.controller.api.member.MemberApiController
           Method = com.azurealstn.alog.controller.api.member.MemberApiController#findById(Long)

Async:
    Async started = false
     Async result = null

Resolved Exception:
             Type = null

ModelAndView:
        View name = null
             View = null
            Model = null

FlashMap:
       Attributes = null

MockHttpServletResponse:
           Status = 200
    Error message = null
          Headers = [Content-Type:"application/json;charset=UTF-8"]
     Content type = application/json;charset=UTF-8
             Body = {"id":464,"email":"azurealstn@naver.com","name":"슬로우스타터","username":"haha","shortBio":"안녕하세요!","picture":"test.jpg","role":"MEMBER","emailAuth":null,"existsEmail":null}
    Forwarded URL = null
   Redirected URL = null
          Cookies = []
Hibernate: select member0_.member_id as member_i1_3_, member0_.created_date as created_2_3_, member0_.modified_date as modified3_3_, member0_.email as email4_3_, member0_.email_auth as email_au5_3_, member0_.name as name6_3_, member0_.picture as picture7_3_, member0_.role as role8_3_, member0_.short_bio as short_bi9_3_, member0_.username as usernam10_3_ from member member0_
2022-12-04 20:12:11.232  INFO 16364 --- [    Test worker] o.s.t.c.transaction.TransactionContext   : Rolled back transaction for test: [DefaultTestContext@1b4d6eff testClass = MemberApiControllerTest, testInstance = com.azurealstn.alog.controller.api.member.MemberApiControllerTest@6786016, testMethod = findById_o@MemberApiControllerTest, testException = [null], mergedContextConfiguration = [WebMergedContextConfiguration@78b00778 testClass = MemberApiControllerTest, locations = '{}', classes = '{class com.azurealstn.alog.AlogApplication}', contextInitializerClasses = '[]', activeProfiles = '{}', propertySourceLocations = '{}', propertySourceProperties = '{org.springframework.boot.test.context.SpringBootTestContextBootstrapper=true, server.port=0}', contextCustomizers = set[org.springframework.boot.test.autoconfigure.actuate.metrics.MetricsExportContextCustomizerFactory$DisableMetricExportContextCustomizer@39dcf4b0, org.springframework.boot.test.autoconfigure.properties.PropertyMappingContextCustomizer@0, org.springframework.boot.test.autoconfigure.web.servlet.WebDriverContextCustomizerFactory$Customizer@6722db6e, org.springframework.boot.test.context.filter.ExcludeFilterContextCustomizer@7a48e6e2, org.springframework.boot.test.json.DuplicateJsonObjectContextCustomizerFactory$DuplicateJsonObjectContextCustomizer@631e06ab, org.springframework.boot.test.mock.mockito.MockitoContextCustomizer@0, org.springframework.boot.test.web.client.TestRestTemplateContextCustomizer@24faea88, org.springframework.boot.test.context.SpringBootTestArgs@1, org.springframework.boot.test.context.SpringBootTestWebEnvironment@68d279ec], resourceBasePath = 'src/main/webapp', contextLoader = 'org.springframework.boot.test.context.SpringBootContextLoader', parent = [null]], attributes = map['org.springframework.test.context.web.ServletTestExecutionListener.activateListener' -> false, 'org.springframework.test.context.event.ApplicationEventsTestExecutionListener.recordApplicationEvents' -> false]]
2022-12-04 20:12:11.232  INFO 16364 --- [    Test worker] o.s.t.c.transaction.TransactionContext   : Began transaction (1) for test context [DefaultTestContext@1b4d6eff testClass = MemberApiControllerTest, testInstance = com.azurealstn.alog.controller.api.member.MemberApiControllerTest@7fb2e8d3, testMethod = findById_x@MemberApiControllerTest, testException = [null], mergedContextConfiguration = [WebMergedContextConfiguration@78b00778 testClass = MemberApiControllerTest, locations = '{}', classes = '{class com.azurealstn.alog.AlogApplication}', contextInitializerClasses = '[]', activeProfiles = '{}', propertySourceLocations = '{}', propertySourceProperties = '{org.springframework.boot.test.context.SpringBootTestContextBootstrapper=true, server.port=0}', contextCustomizers = set[org.springframework.boot.test.autoconfigure.actuate.metrics.MetricsExportContextCustomizerFactory$DisableMetricExportContextCustomizer@39dcf4b0, org.springframework.boot.test.autoconfigure.properties.PropertyMappingContextCustomizer@0, org.springframework.boot.test.autoconfigure.web.servlet.WebDriverContextCustomizerFactory$Customizer@6722db6e, org.springframework.boot.test.context.filter.ExcludeFilterContextCustomizer@7a48e6e2, org.springframework.boot.test.json.DuplicateJsonObjectContextCustomizerFactory$DuplicateJsonObjectContextCustomizer@631e06ab, org.springframework.boot.test.mock.mockito.MockitoContextCustomizer@0, org.springframework.boot.test.web.client.TestRestTemplateContextCustomizer@24faea88, org.springframework.boot.test.context.SpringBootTestArgs@1, org.springframework.boot.test.context.SpringBootTestWebEnvironment@68d279ec], resourceBasePath = 'src/main/webapp', contextLoader = 'org.springframework.boot.test.context.SpringBootContextLoader', parent = [null]], attributes = map['org.springframework.test.context.web.ServletTestExecutionListener.activateListener' -> false, 'org.springframework.test.context.event.ApplicationEventsTestExecutionListener.recordApplicationEvents' -> false]]; transaction manager [org.springframework.orm.jpa.JpaTransactionManager@6a85a13]; rollback [true]
2022-12-04 20:12:11.232  INFO 16364 --- [    Test worker] o.a.c.c.C.[Tomcat].[localhost].[/]       : Initializing Spring TestDispatcherServlet ''
2022-12-04 20:12:11.232  INFO 16364 --- [    Test worker] o.s.t.web.servlet.TestDispatcherServlet  : Initializing Servlet ''
2022-12-04 20:12:11.232  INFO 16364 --- [    Test worker] o.s.t.web.servlet.TestDispatcherServlet  : Completed initialization in 0 ms
Hibernate: select member0_.member_id as member_i1_3_, member0_.created_date as created_2_3_, member0_.modified_date as modified3_3_, member0_.email as email4_3_, member0_.email_auth as email_au5_3_, member0_.name as name6_3_, member0_.picture as picture7_3_, member0_.role as role8_3_, member0_.short_bio as short_bi9_3_, member0_.username as usernam10_3_ from member member0_
Hibernate: insert into member (member_id, created_date, modified_date, email, email_auth, name, picture, role, short_bio, username) values (default, ?, ?, ?, ?, ?, ?, ?, ?, ?)
Hibernate: select member0_.member_id as member_i1_3_0_, member0_.created_date as created_2_3_0_, member0_.modified_date as modified3_3_0_, member0_.email as email4_3_0_, member0_.email_auth as email_au5_3_0_, member0_.name as name6_3_0_, member0_.picture as picture7_3_0_, member0_.role as role8_3_0_, member0_.short_bio as short_bi9_3_0_, member0_.username as usernam10_3_0_ from member member0_ where member0_.member_id=?

MockHttpServletRequest:
      HTTP Method = GET
      Request URI = /api/v1/member/466
       Parameters = {}
          Headers = [Content-Type:"application/json;charset=UTF-8"]
             Body = null
    Session Attrs = {}

Handler:
             Type = com.azurealstn.alog.controller.api.member.MemberApiController
           Method = com.azurealstn.alog.controller.api.member.MemberApiController#findById(Long)

Async:
    Async started = false
     Async result = null

Resolved Exception:
             Type = com.azurealstn.alog.Infra.exception.member.MemberNotFound

ModelAndView:
        View name = null
             View = null
            Model = null

FlashMap:
       Attributes = null

MockHttpServletResponse:
           Status = 404
    Error message = null
          Headers = [Content-Type:"application/json;charset=UTF-8"]
     Content type = application/json;charset=UTF-8
             Body = {"code":"404","message":"해당 회원이 없습니다.","validation":[]}
    Forwarded URL = null
   Redirected URL = null
          Cookies = []
Hibernate: select member0_.member_id as member_i1_3_, member0_.created_date as created_2_3_, member0_.modified_date as modified3_3_, member0_.email as email4_3_, member0_.email_auth as email_au5_3_, member0_.name as name6_3_, member0_.picture as picture7_3_, member0_.role as role8_3_, member0_.short_bio as short_bi9_3_, member0_.username as usernam10_3_ from member member0_
2022-12-04 20:12:11.232  INFO 16364 --- [    Test worker] o.s.t.c.transaction.TransactionContext   : Rolled back transaction for test: [DefaultTestContext@1b4d6eff testClass = MemberApiControllerTest, testInstance = com.azurealstn.alog.controller.api.member.MemberApiControllerTest@7fb2e8d3, testMethod = findById_x@MemberApiControllerTest, testException = [null], mergedContextConfiguration = [WebMergedContextConfiguration@78b00778 testClass = MemberApiControllerTest, locations = '{}', classes = '{class com.azurealstn.alog.AlogApplication}', contextInitializerClasses = '[]', activeProfiles = '{}', propertySourceLocations = '{}', propertySourceProperties = '{org.springframework.boot.test.context.SpringBootTestContextBootstrapper=true, server.port=0}', contextCustomizers = set[org.springframework.boot.test.autoconfigure.actuate.metrics.MetricsExportContextCustomizerFactory$DisableMetricExportContextCustomizer@39dcf4b0, org.springframework.boot.test.autoconfigure.properties.PropertyMappingContextCustomizer@0, org.springframework.boot.test.autoconfigure.web.servlet.WebDriverContextCustomizerFactory$Customizer@6722db6e, org.springframework.boot.test.context.filter.ExcludeFilterContextCustomizer@7a48e6e2, org.springframework.boot.test.json.DuplicateJsonObjectContextCustomizerFactory$DuplicateJsonObjectContextCustomizer@631e06ab, org.springframework.boot.test.mock.mockito.MockitoContextCustomizer@0, org.springframework.boot.test.web.client.TestRestTemplateContextCustomizer@24faea88, org.springframework.boot.test.context.SpringBootTestArgs@1, org.springframework.boot.test.context.SpringBootTestWebEnvironment@68d279ec], resourceBasePath = 'src/main/webapp', contextLoader = 'org.springframework.boot.test.context.SpringBootContextLoader', parent = [null]], attributes = map['org.springframework.test.context.web.ServletTestExecutionListener.activateListener' -> false, 'org.springframework.test.context.event.ApplicationEventsTestExecutionListener.recordApplicationEvents' -> false]]
2022-12-04 20:12:11.248  INFO 16364 --- [    Test worker] o.s.t.c.transaction.TransactionContext   : Began transaction (1) for test context [DefaultTestContext@1b4d6eff testClass = MemberApiControllerTest, testInstance = com.azurealstn.alog.controller.api.member.MemberApiControllerTest@45b97486, testMethod = modify_member_username_o@MemberApiControllerTest, testException = [null], mergedContextConfiguration = [WebMergedContextConfiguration@78b00778 testClass = MemberApiControllerTest, locations = '{}', classes = '{class com.azurealstn.alog.AlogApplication}', contextInitializerClasses = '[]', activeProfiles = '{}', propertySourceLocations = '{}', propertySourceProperties = '{org.springframework.boot.test.context.SpringBootTestContextBootstrapper=true, server.port=0}', contextCustomizers = set[org.springframework.boot.test.autoconfigure.actuate.metrics.MetricsExportContextCustomizerFactory$DisableMetricExportContextCustomizer@39dcf4b0, org.springframework.boot.test.autoconfigure.properties.PropertyMappingContextCustomizer@0, org.springframework.boot.test.autoconfigure.web.servlet.WebDriverContextCustomizerFactory$Customizer@6722db6e, org.springframework.boot.test.context.filter.ExcludeFilterContextCustomizer@7a48e6e2, org.springframework.boot.test.json.DuplicateJsonObjectContextCustomizerFactory$DuplicateJsonObjectContextCustomizer@631e06ab, org.springframework.boot.test.mock.mockito.MockitoContextCustomizer@0, org.springframework.boot.test.web.client.TestRestTemplateContextCustomizer@24faea88, org.springframework.boot.test.context.SpringBootTestArgs@1, org.springframework.boot.test.context.SpringBootTestWebEnvironment@68d279ec], resourceBasePath = 'src/main/webapp', contextLoader = 'org.springframework.boot.test.context.SpringBootContextLoader', parent = [null]], attributes = map['org.springframework.test.context.web.ServletTestExecutionListener.activateListener' -> false, 'org.springframework.test.context.event.ApplicationEventsTestExecutionListener.recordApplicationEvents' -> false]]; transaction manager [org.springframework.orm.jpa.JpaTransactionManager@6a85a13]; rollback [true]
2022-12-04 20:12:11.248  INFO 16364 --- [    Test worker] o.a.c.c.C.[Tomcat].[localhost].[/]       : Initializing Spring TestDispatcherServlet ''
2022-12-04 20:12:11.248  INFO 16364 --- [    Test worker] o.s.t.web.servlet.TestDispatcherServlet  : Initializing Servlet ''
2022-12-04 20:12:11.248  INFO 16364 --- [    Test worker] o.s.t.web.servlet.TestDispatcherServlet  : Completed initialization in 0 ms
Hibernate: select member0_.member_id as member_i1_3_, member0_.created_date as created_2_3_, member0_.modified_date as modified3_3_, member0_.email as email4_3_, member0_.email_auth as email_au5_3_, member0_.name as name6_3_, member0_.picture as picture7_3_, member0_.role as role8_3_, member0_.short_bio as short_bi9_3_, member0_.username as usernam10_3_ from member member0_
Hibernate: insert into member (member_id, created_date, modified_date, email, email_auth, name, picture, role, short_bio, username) values (default, ?, ?, ?, ?, ?, ?, ?, ?, ?)
Hibernate: select member0_.member_id as col_0_0_ from member member0_ where member0_.name is null limit ?

MockHttpServletRequest:
      HTTP Method = PATCH
      Request URI = /api/v1/member-name/466
       Parameters = {}
          Headers = [Content-Type:"application/json;charset=UTF-8", Content-Length:"63"]
             Body = {"name":null,"username":"abcde","shortBio":null,"picture":null}
    Session Attrs = {}

Handler:
             Type = com.azurealstn.alog.controller.api.member.MemberApiController
           Method = com.azurealstn.alog.controller.api.member.MemberApiController#modify_name(Long, MemberModifyRequestDto)

Async:
    Async started = false
     Async result = null

Resolved Exception:
             Type = null

ModelAndView:
        View name = null
             View = null
            Model = null

FlashMap:
       Attributes = null

MockHttpServletResponse:
           Status = 200
    Error message = null
          Headers = [Content-Type:"application/json;charset=UTF-8"]
     Content type = application/json;charset=UTF-8
             Body = {"id":466,"email":"azurealstn@naver.com","name":null,"username":"haha","shortBio":null,"picture":"test.jpg","role":"MEMBER","emailAuth":true,"existsEmail":null}
    Forwarded URL = null
   Redirected URL = null
          Cookies = []
Hibernate: update member set created_date=?, modified_date=?, email=?, email_auth=?, name=?, picture=?, role=?, short_bio=?, username=? where member_id=?
Hibernate: select member0_.member_id as member_i1_3_, member0_.created_date as created_2_3_, member0_.modified_date as modified3_3_, member0_.email as email4_3_, member0_.email_auth as email_au5_3_, member0_.name as name6_3_, member0_.picture as picture7_3_, member0_.role as role8_3_, member0_.short_bio as short_bi9_3_, member0_.username as usernam10_3_ from member member0_
2022-12-04 20:12:11.264  INFO 16364 --- [    Test worker] o.s.t.c.transaction.TransactionContext   : Rolled back transaction for test: [DefaultTestContext@1b4d6eff testClass = MemberApiControllerTest, testInstance = com.azurealstn.alog.controller.api.member.MemberApiControllerTest@45b97486, testMethod = modify_member_username_o@MemberApiControllerTest, testException = [null], mergedContextConfiguration = [WebMergedContextConfiguration@78b00778 testClass = MemberApiControllerTest, locations = '{}', classes = '{class com.azurealstn.alog.AlogApplication}', contextInitializerClasses = '[]', activeProfiles = '{}', propertySourceLocations = '{}', propertySourceProperties = '{org.springframework.boot.test.context.SpringBootTestContextBootstrapper=true, server.port=0}', contextCustomizers = set[org.springframework.boot.test.autoconfigure.actuate.metrics.MetricsExportContextCustomizerFactory$DisableMetricExportContextCustomizer@39dcf4b0, org.springframework.boot.test.autoconfigure.properties.PropertyMappingContextCustomizer@0, org.springframework.boot.test.autoconfigure.web.servlet.WebDriverContextCustomizerFactory$Customizer@6722db6e, org.springframework.boot.test.context.filter.ExcludeFilterContextCustomizer@7a48e6e2, org.springframework.boot.test.json.DuplicateJsonObjectContextCustomizerFactory$DuplicateJsonObjectContextCustomizer@631e06ab, org.springframework.boot.test.mock.mockito.MockitoContextCustomizer@0, org.springframework.boot.test.web.client.TestRestTemplateContextCustomizer@24faea88, org.springframework.boot.test.context.SpringBootTestArgs@1, org.springframework.boot.test.context.SpringBootTestWebEnvironment@68d279ec], resourceBasePath = 'src/main/webapp', contextLoader = 'org.springframework.boot.test.context.SpringBootContextLoader', parent = [null]], attributes = map['org.springframework.test.context.web.ServletTestExecutionListener.activateListener' -> false, 'org.springframework.test.context.event.ApplicationEventsTestExecutionListener.recordApplicationEvents' -> false]]
2022-12-04 20:12:11.264  INFO 16364 --- [    Test worker] o.s.t.c.transaction.TransactionContext   : Began transaction (1) for test context [DefaultTestContext@1b4d6eff testClass = MemberApiControllerTest, testInstance = com.azurealstn.alog.controller.api.member.MemberApiControllerTest@fb8da51, testMethod = modify_member_username_x@MemberApiControllerTest, testException = [null], mergedContextConfiguration = [WebMergedContextConfiguration@78b00778 testClass = MemberApiControllerTest, locations = '{}', classes = '{class com.azurealstn.alog.AlogApplication}', contextInitializerClasses = '[]', activeProfiles = '{}', propertySourceLocations = '{}', propertySourceProperties = '{org.springframework.boot.test.context.SpringBootTestContextBootstrapper=true, server.port=0}', contextCustomizers = set[org.springframework.boot.test.autoconfigure.actuate.metrics.MetricsExportContextCustomizerFactory$DisableMetricExportContextCustomizer@39dcf4b0, org.springframework.boot.test.autoconfigure.properties.PropertyMappingContextCustomizer@0, org.springframework.boot.test.autoconfigure.web.servlet.WebDriverContextCustomizerFactory$Customizer@6722db6e, org.springframework.boot.test.context.filter.ExcludeFilterContextCustomizer@7a48e6e2, org.springframework.boot.test.json.DuplicateJsonObjectContextCustomizerFactory$DuplicateJsonObjectContextCustomizer@631e06ab, org.springframework.boot.test.mock.mockito.MockitoContextCustomizer@0, org.springframework.boot.test.web.client.TestRestTemplateContextCustomizer@24faea88, org.springframework.boot.test.context.SpringBootTestArgs@1, org.springframework.boot.test.context.SpringBootTestWebEnvironment@68d279ec], resourceBasePath = 'src/main/webapp', contextLoader = 'org.springframework.boot.test.context.SpringBootContextLoader', parent = [null]], attributes = map['org.springframework.test.context.web.ServletTestExecutionListener.activateListener' -> false, 'org.springframework.test.context.event.ApplicationEventsTestExecutionListener.recordApplicationEvents' -> false]]; transaction manager [org.springframework.orm.jpa.JpaTransactionManager@6a85a13]; rollback [true]
2022-12-04 20:12:11.264  INFO 16364 --- [    Test worker] o.a.c.c.C.[Tomcat].[localhost].[/]       : Initializing Spring TestDispatcherServlet ''
2022-12-04 20:12:11.264  INFO 16364 --- [    Test worker] o.s.t.web.servlet.TestDispatcherServlet  : Initializing Servlet ''
2022-12-04 20:12:11.264  INFO 16364 --- [    Test worker] o.s.t.web.servlet.TestDispatcherServlet  : Completed initialization in 0 ms
Hibernate: select member0_.member_id as member_i1_3_, member0_.created_date as created_2_3_, member0_.modified_date as modified3_3_, member0_.email as email4_3_, member0_.email_auth as email_au5_3_, member0_.name as name6_3_, member0_.picture as picture7_3_, member0_.role as role8_3_, member0_.short_bio as short_bi9_3_, member0_.username as usernam10_3_ from member member0_
Hibernate: insert into member (member_id, created_date, modified_date, email, email_auth, name, picture, role, short_bio, username) values (default, ?, ?, ?, ?, ?, ?, ?, ?, ?)
Hibernate: insert into member (member_id, created_date, modified_date, email, email_auth, name, picture, role, short_bio, username) values (default, ?, ?, ?, ?, ?, ?, ?, ?, ?)
Hibernate: select member0_.member_id as col_0_0_ from member member0_ where member0_.username=? limit ?

MockHttpServletRequest:
      HTTP Method = PATCH
      Request URI = /api/v1/member-username/468
       Parameters = {}
          Headers = [Content-Type:"application/json;charset=UTF-8", Content-Length:"62"]
             Body = {"name":null,"username":"haha","shortBio":null,"picture":null}
    Session Attrs = {}

Handler:
             Type = com.azurealstn.alog.controller.api.member.MemberApiController
           Method = com.azurealstn.alog.controller.api.member.MemberApiController#modify_username(Long, MemberModifyRequestDto)

Async:
    Async started = false
     Async result = null

Resolved Exception:
             Type = com.azurealstn.alog.Infra.exception.member.AlreadyExistsUsername

ModelAndView:
        View name = null
             View = null
            Model = null

FlashMap:
       Attributes = null

MockHttpServletResponse:
           Status = 400
    Error message = null
          Headers = [Content-Type:"application/json;charset=UTF-8"]
     Content type = application/json;charset=UTF-8
             Body = {"code":"400","message":"이미 존재하는 아이디입니다.","validation":[]}
    Forwarded URL = null
   Redirected URL = null
          Cookies = []
Hibernate: select member0_.member_id as member_i1_3_, member0_.created_date as created_2_3_, member0_.modified_date as modified3_3_, member0_.email as email4_3_, member0_.email_auth as email_au5_3_, member0_.name as name6_3_, member0_.picture as picture7_3_, member0_.role as role8_3_, member0_.short_bio as short_bi9_3_, member0_.username as usernam10_3_ from member member0_
2022-12-04 20:12:11.279  INFO 16364 --- [    Test worker] o.s.t.c.transaction.TransactionContext   : Rolled back transaction for test: [DefaultTestContext@1b4d6eff testClass = MemberApiControllerTest, testInstance = com.azurealstn.alog.controller.api.member.MemberApiControllerTest@fb8da51, testMethod = modify_member_username_x@MemberApiControllerTest, testException = [null], mergedContextConfiguration = [WebMergedContextConfiguration@78b00778 testClass = MemberApiControllerTest, locations = '{}', classes = '{class com.azurealstn.alog.AlogApplication}', contextInitializerClasses = '[]', activeProfiles = '{}', propertySourceLocations = '{}', propertySourceProperties = '{org.springframework.boot.test.context.SpringBootTestContextBootstrapper=true, server.port=0}', contextCustomizers = set[org.springframework.boot.test.autoconfigure.actuate.metrics.MetricsExportContextCustomizerFactory$DisableMetricExportContextCustomizer@39dcf4b0, org.springframework.boot.test.autoconfigure.properties.PropertyMappingContextCustomizer@0, org.springframework.boot.test.autoconfigure.web.servlet.WebDriverContextCustomizerFactory$Customizer@6722db6e, org.springframework.boot.test.context.filter.ExcludeFilterContextCustomizer@7a48e6e2, org.springframework.boot.test.json.DuplicateJsonObjectContextCustomizerFactory$DuplicateJsonObjectContextCustomizer@631e06ab, org.springframework.boot.test.mock.mockito.MockitoContextCustomizer@0, org.springframework.boot.test.web.client.TestRestTemplateContextCustomizer@24faea88, org.springframework.boot.test.context.SpringBootTestArgs@1, org.springframework.boot.test.context.SpringBootTestWebEnvironment@68d279ec], resourceBasePath = 'src/main/webapp', contextLoader = 'org.springframework.boot.test.context.SpringBootContextLoader', parent = [null]], attributes = map['org.springframework.test.context.web.ServletTestExecutionListener.activateListener' -> false, 'org.springframework.test.context.event.ApplicationEventsTestExecutionListener.recordApplicationEvents' -> false]]
2022-12-04 20:12:11.279  INFO 16364 --- [    Test worker] o.s.t.c.transaction.TransactionContext   : Began transaction (1) for test context [DefaultTestContext@1b4d6eff testClass = MemberApiControllerTest, testInstance = com.azurealstn.alog.controller.api.member.MemberApiControllerTest@3de9a4f4, testMethod = modify_member_o@MemberApiControllerTest, testException = [null], mergedContextConfiguration = [WebMergedContextConfiguration@78b00778 testClass = MemberApiControllerTest, locations = '{}', classes = '{class com.azurealstn.alog.AlogApplication}', contextInitializerClasses = '[]', activeProfiles = '{}', propertySourceLocations = '{}', propertySourceProperties = '{org.springframework.boot.test.context.SpringBootTestContextBootstrapper=true, server.port=0}', contextCustomizers = set[org.springframework.boot.test.autoconfigure.actuate.metrics.MetricsExportContextCustomizerFactory$DisableMetricExportContextCustomizer@39dcf4b0, org.springframework.boot.test.autoconfigure.properties.PropertyMappingContextCustomizer@0, org.springframework.boot.test.autoconfigure.web.servlet.WebDriverContextCustomizerFactory$Customizer@6722db6e, org.springframework.boot.test.context.filter.ExcludeFilterContextCustomizer@7a48e6e2, org.springframework.boot.test.json.DuplicateJsonObjectContextCustomizerFactory$DuplicateJsonObjectContextCustomizer@631e06ab, org.springframework.boot.test.mock.mockito.MockitoContextCustomizer@0, org.springframework.boot.test.web.client.TestRestTemplateContextCustomizer@24faea88, org.springframework.boot.test.context.SpringBootTestArgs@1, org.springframework.boot.test.context.SpringBootTestWebEnvironment@68d279ec], resourceBasePath = 'src/main/webapp', contextLoader = 'org.springframework.boot.test.context.SpringBootContextLoader', parent = [null]], attributes = map['org.springframework.test.context.web.ServletTestExecutionListener.activateListener' -> false, 'org.springframework.test.context.event.ApplicationEventsTestExecutionListener.recordApplicationEvents' -> false]]; transaction manager [org.springframework.orm.jpa.JpaTransactionManager@6a85a13]; rollback [true]
2022-12-04 20:12:11.279  INFO 16364 --- [    Test worker] o.a.c.c.C.[Tomcat].[localhost].[/]       : Initializing Spring TestDispatcherServlet ''
2022-12-04 20:12:11.279  INFO 16364 --- [    Test worker] o.s.t.web.servlet.TestDispatcherServlet  : Initializing Servlet ''
2022-12-04 20:12:11.279  INFO 16364 --- [    Test worker] o.s.t.web.servlet.TestDispatcherServlet  : Completed initialization in 0 ms
Hibernate: select member0_.member_id as member_i1_3_, member0_.created_date as created_2_3_, member0_.modified_date as modified3_3_, member0_.email as email4_3_, member0_.email_auth as email_au5_3_, member0_.name as name6_3_, member0_.picture as picture7_3_, member0_.role as role8_3_, member0_.short_bio as short_bi9_3_, member0_.username as usernam10_3_ from member member0_
Hibernate: insert into member (member_id, created_date, modified_date, email, email_auth, name, picture, role, short_bio, username) values (default, ?, ?, ?, ?, ?, ?, ?, ?, ?)
Hibernate: select member0_.member_id as col_0_0_ from member member0_ where member0_.name=? limit ?

MockHttpServletRequest:
      HTTP Method = PATCH
      Request URI = /api/v1/member-name/469
       Parameters = {}
          Headers = [Content-Type:"application/json;charset=UTF-8", Content-Length:"88"]
             Body = {"name":"새로운 이름","username":null,"shortBio":"새로운 소개","picture":null}
    Session Attrs = {}

Handler:
             Type = com.azurealstn.alog.controller.api.member.MemberApiController
           Method = com.azurealstn.alog.controller.api.member.MemberApiController#modify_name(Long, MemberModifyRequestDto)

Async:
    Async started = false
     Async result = null

Resolved Exception:
             Type = null

ModelAndView:
        View name = null
             View = null
            Model = null

FlashMap:
       Attributes = null

MockHttpServletResponse:
           Status = 200
    Error message = null
          Headers = [Content-Type:"application/json;charset=UTF-8"]
     Content type = application/json;charset=UTF-8
             Body = {"id":469,"email":"azurealstn@naver.com","name":"새로운 이름","username":"haha","shortBio":"새로운 소개","picture":"test.jpg","role":"MEMBER","emailAuth":true,"existsEmail":null}
    Forwarded URL = null
   Redirected URL = null
          Cookies = []
Hibernate: update member set created_date=?, modified_date=?, email=?, email_auth=?, name=?, picture=?, role=?, short_bio=?, username=? where member_id=?
Hibernate: select member0_.member_id as member_i1_3_, member0_.created_date as created_2_3_, member0_.modified_date as modified3_3_, member0_.email as email4_3_, member0_.email_auth as email_au5_3_, member0_.name as name6_3_, member0_.picture as picture7_3_, member0_.role as role8_3_, member0_.short_bio as short_bi9_3_, member0_.username as usernam10_3_ from member member0_
2022-12-04 20:12:11.295  INFO 16364 --- [    Test worker] o.s.t.c.transaction.TransactionContext   : Rolled back transaction for test: [DefaultTestContext@1b4d6eff testClass = MemberApiControllerTest, testInstance = com.azurealstn.alog.controller.api.member.MemberApiControllerTest@3de9a4f4, testMethod = modify_member_o@MemberApiControllerTest, testException = [null], mergedContextConfiguration = [WebMergedContextConfiguration@78b00778 testClass = MemberApiControllerTest, locations = '{}', classes = '{class com.azurealstn.alog.AlogApplication}', contextInitializerClasses = '[]', activeProfiles = '{}', propertySourceLocations = '{}', propertySourceProperties = '{org.springframework.boot.test.context.SpringBootTestContextBootstrapper=true, server.port=0}', contextCustomizers = set[org.springframework.boot.test.autoconfigure.actuate.metrics.MetricsExportContextCustomizerFactory$DisableMetricExportContextCustomizer@39dcf4b0, org.springframework.boot.test.autoconfigure.properties.PropertyMappingContextCustomizer@0, org.springframework.boot.test.autoconfigure.web.servlet.WebDriverContextCustomizerFactory$Customizer@6722db6e, org.springframework.boot.test.context.filter.ExcludeFilterContextCustomizer@7a48e6e2, org.springframework.boot.test.json.DuplicateJsonObjectContextCustomizerFactory$DuplicateJsonObjectContextCustomizer@631e06ab, org.springframework.boot.test.mock.mockito.MockitoContextCustomizer@0, org.springframework.boot.test.web.client.TestRestTemplateContextCustomizer@24faea88, org.springframework.boot.test.context.SpringBootTestArgs@1, org.springframework.boot.test.context.SpringBootTestWebEnvironment@68d279ec], resourceBasePath = 'src/main/webapp', contextLoader = 'org.springframework.boot.test.context.SpringBootContextLoader', parent = [null]], attributes = map['org.springframework.test.context.web.ServletTestExecutionListener.activateListener' -> false, 'org.springframework.test.context.event.ApplicationEventsTestExecutionListener.recordApplicationEvents' -> false]]
2022-12-04 20:12:11.295  INFO 16364 --- [    Test worker] o.s.t.c.transaction.TransactionContext   : Began transaction (1) for test context [DefaultTestContext@1b4d6eff testClass = MemberApiControllerTest, testInstance = com.azurealstn.alog.controller.api.member.MemberApiControllerTest@44335e28, testMethod = modify_member_x@MemberApiControllerTest, testException = [null], mergedContextConfiguration = [WebMergedContextConfiguration@78b00778 testClass = MemberApiControllerTest, locations = '{}', classes = '{class com.azurealstn.alog.AlogApplication}', contextInitializerClasses = '[]', activeProfiles = '{}', propertySourceLocations = '{}', propertySourceProperties = '{org.springframework.boot.test.context.SpringBootTestContextBootstrapper=true, server.port=0}', contextCustomizers = set[org.springframework.boot.test.autoconfigure.actuate.metrics.MetricsExportContextCustomizerFactory$DisableMetricExportContextCustomizer@39dcf4b0, org.springframework.boot.test.autoconfigure.properties.PropertyMappingContextCustomizer@0, org.springframework.boot.test.autoconfigure.web.servlet.WebDriverContextCustomizerFactory$Customizer@6722db6e, org.springframework.boot.test.context.filter.ExcludeFilterContextCustomizer@7a48e6e2, org.springframework.boot.test.json.DuplicateJsonObjectContextCustomizerFactory$DuplicateJsonObjectContextCustomizer@631e06ab, org.springframework.boot.test.mock.mockito.MockitoContextCustomizer@0, org.springframework.boot.test.web.client.TestRestTemplateContextCustomizer@24faea88, org.springframework.boot.test.context.SpringBootTestArgs@1, org.springframework.boot.test.context.SpringBootTestWebEnvironment@68d279ec], resourceBasePath = 'src/main/webapp', contextLoader = 'org.springframework.boot.test.context.SpringBootContextLoader', parent = [null]], attributes = map['org.springframework.test.context.web.ServletTestExecutionListener.activateListener' -> false, 'org.springframework.test.context.event.ApplicationEventsTestExecutionListener.recordApplicationEvents' -> false]]; transaction manager [org.springframework.orm.jpa.JpaTransactionManager@6a85a13]; rollback [true]
2022-12-04 20:12:11.295  INFO 16364 --- [    Test worker] o.a.c.c.C.[Tomcat].[localhost].[/]       : Initializing Spring TestDispatcherServlet ''
2022-12-04 20:12:11.295  INFO 16364 --- [    Test worker] o.s.t.web.servlet.TestDispatcherServlet  : Initializing Servlet ''
2022-12-04 20:12:11.295  INFO 16364 --- [    Test worker] o.s.t.web.servlet.TestDispatcherServlet  : Completed initialization in 0 ms
Hibernate: select member0_.member_id as member_i1_3_, member0_.created_date as created_2_3_, member0_.modified_date as modified3_3_, member0_.email as email4_3_, member0_.email_auth as email_au5_3_, member0_.name as name6_3_, member0_.picture as picture7_3_, member0_.role as role8_3_, member0_.short_bio as short_bi9_3_, member0_.username as usernam10_3_ from member member0_
Hibernate: insert into member (member_id, created_date, modified_date, email, email_auth, name, picture, role, short_bio, username) values (default, ?, ?, ?, ?, ?, ?, ?, ?, ?)
Hibernate: insert into member (member_id, created_date, modified_date, email, email_auth, name, picture, role, short_bio, username) values (default, ?, ?, ?, ?, ?, ?, ?, ?, ?)
Hibernate: select member0_.member_id as col_0_0_ from member member0_ where member0_.name=? limit ?

MockHttpServletRequest:
      HTTP Method = PATCH
      Request URI = /api/v1/member-name/471
       Parameters = {}
          Headers = [Content-Type:"application/json;charset=UTF-8", Content-Length:"90"]
             Body = {"name":"슬로우스타터","username":null,"shortBio":"새로운 소개","picture":null}
    Session Attrs = {}

Handler:
             Type = com.azurealstn.alog.controller.api.member.MemberApiController
           Method = com.azurealstn.alog.controller.api.member.MemberApiController#modify_name(Long, MemberModifyRequestDto)

Async:
    Async started = false
     Async result = null

Resolved Exception:
             Type = com.azurealstn.alog.Infra.exception.member.AlreadyExistsName

ModelAndView:
        View name = null
             View = null
            Model = null

FlashMap:
       Attributes = null

MockHttpServletResponse:
           Status = 400
    Error message = null
          Headers = [Content-Type:"application/json;charset=UTF-8"]
     Content type = application/json;charset=UTF-8
             Body = {"code":"400","message":"이미 존재하는 이름입니다.","validation":[]}
    Forwarded URL = null
   Redirected URL = null
          Cookies = []
Hibernate: select member0_.member_id as member_i1_3_, member0_.created_date as created_2_3_, member0_.modified_date as modified3_3_, member0_.email as email4_3_, member0_.email_auth as email_au5_3_, member0_.name as name6_3_, member0_.picture as picture7_3_, member0_.role as role8_3_, member0_.short_bio as short_bi9_3_, member0_.username as usernam10_3_ from member member0_
2022-12-04 20:12:11.311  INFO 16364 --- [    Test worker] o.s.t.c.transaction.TransactionContext   : Rolled back transaction for test: [DefaultTestContext@1b4d6eff testClass = MemberApiControllerTest, testInstance = com.azurealstn.alog.controller.api.member.MemberApiControllerTest@44335e28, testMethod = modify_member_x@MemberApiControllerTest, testException = [null], mergedContextConfiguration = [WebMergedContextConfiguration@78b00778 testClass = MemberApiControllerTest, locations = '{}', classes = '{class com.azurealstn.alog.AlogApplication}', contextInitializerClasses = '[]', activeProfiles = '{}', propertySourceLocations = '{}', propertySourceProperties = '{org.springframework.boot.test.context.SpringBootTestContextBootstrapper=true, server.port=0}', contextCustomizers = set[org.springframework.boot.test.autoconfigure.actuate.metrics.MetricsExportContextCustomizerFactory$DisableMetricExportContextCustomizer@39dcf4b0, org.springframework.boot.test.autoconfigure.properties.PropertyMappingContextCustomizer@0, org.springframework.boot.test.autoconfigure.web.servlet.WebDriverContextCustomizerFactory$Customizer@6722db6e, org.springframework.boot.test.context.filter.ExcludeFilterContextCustomizer@7a48e6e2, org.springframework.boot.test.json.DuplicateJsonObjectContextCustomizerFactory$DuplicateJsonObjectContextCustomizer@631e06ab, org.springframework.boot.test.mock.mockito.MockitoContextCustomizer@0, org.springframework.boot.test.web.client.TestRestTemplateContextCustomizer@24faea88, org.springframework.boot.test.context.SpringBootTestArgs@1, org.springframework.boot.test.context.SpringBootTestWebEnvironment@68d279ec], resourceBasePath = 'src/main/webapp', contextLoader = 'org.springframework.boot.test.context.SpringBootContextLoader', parent = [null]], attributes = map['org.springframework.test.context.web.ServletTestExecutionListener.activateListener' -> false, 'org.springframework.test.context.event.ApplicationEventsTestExecutionListener.recordApplicationEvents' -> false]]
2022-12-04 20:12:11.311  INFO 16364 --- [    Test worker] o.a.c.c.C.[Tomcat].[localhost].[/]       : Initializing Spring TestDispatcherServlet ''
2022-12-04 20:12:11.311  INFO 16364 --- [    Test worker] o.s.t.web.servlet.TestDispatcherServlet  : Initializing Servlet ''
2022-12-04 20:12:11.311  INFO 16364 --- [    Test worker] o.s.t.web.servlet.TestDispatcherServlet  : Completed initialization in 0 ms
Hibernate: select member0_.member_id as member_i1_3_, member0_.created_date as created_2_3_, member0_.modified_date as modified3_3_, member0_.email as email4_3_, member0_.email_auth as email_au5_3_, member0_.name as name6_3_, member0_.picture as picture7_3_, member0_.role as role8_3_, member0_.short_bio as short_bi9_3_, member0_.username as usernam10_3_ from member member0_

MockHttpServletRequest:
      HTTP Method = POST
      Request URI = /api/v1/auth/create-member
       Parameters = {}
          Headers = [Content-Type:"application/json;charset=UTF-8", Content-Length:"148"]
             Body = {"name":"슬로우스타터","email":"azurealstn","username":"haha","shortBio":"안녕하세요!","picture":"test.jpg","role":null,"emailAuth":null}
    Session Attrs = {}

Handler:
             Type = com.azurealstn.alog.controller.api.member.MemberApiController
           Method = com.azurealstn.alog.controller.api.member.MemberApiController#createMember(MemberCreateRequestDto)

Async:
    Async started = false
     Async result = null

Resolved Exception:
             Type = org.springframework.web.bind.MethodArgumentNotValidException

ModelAndView:
        View name = null
             View = null
            Model = null

FlashMap:
       Attributes = null

MockHttpServletResponse:
           Status = 400
    Error message = null
          Headers = [Content-Type:"application/json;charset=UTF-8"]
     Content type = application/json;charset=UTF-8
             Body = {"code":"400","message":"클라이언트의 잘못된 요청이 있습니다. (application/json)","validation":[{"fieldName":"email","errorMessage":"잘못된 이메일 형식입니다."}]}
    Forwarded URL = null
   Redirected URL = null
          Cookies = []
Hibernate: select member0_.member_id as member_i1_3_, member0_.created_date as created_2_3_, member0_.modified_date as modified3_3_, member0_.email as email4_3_, member0_.email_auth as email_au5_3_, member0_.name as name6_3_, member0_.picture as picture7_3_, member0_.role as role8_3_, member0_.short_bio as short_bi9_3_, member0_.username as usernam10_3_ from member member0_
2022-12-04 20:12:11.326  INFO 16364 --- [    Test worker] o.a.c.c.C.[Tomcat].[localhost].[/]       : Initializing Spring TestDispatcherServlet ''
2022-12-04 20:12:11.326  INFO 16364 --- [    Test worker] o.s.t.web.servlet.TestDispatcherServlet  : Initializing Servlet ''
2022-12-04 20:12:11.326  INFO 16364 --- [    Test worker] o.s.t.web.servlet.TestDispatcherServlet  : Completed initialization in 0 ms
Hibernate: select member0_.member_id as member_i1_3_, member0_.created_date as created_2_3_, member0_.modified_date as modified3_3_, member0_.email as email4_3_, member0_.email_auth as email_au5_3_, member0_.name as name6_3_, member0_.picture as picture7_3_, member0_.role as role8_3_, member0_.short_bio as short_bi9_3_, member0_.username as usernam10_3_ from member member0_

MockHttpServletRequest:
      HTTP Method = POST
      Request URI = /api/v1/auth/create-member
       Parameters = {}
          Headers = [Content-Type:"application/json;charset=UTF-8", Content-Length:"162"]
             Body = {"name":"슬로우스타터","email":"azurealstn@naver.com","username":"12@$#%@!","shortBio":"안녕하세요!","picture":"test.jpg","role":null,"emailAuth":null}
    Session Attrs = {}

Handler:
             Type = com.azurealstn.alog.controller.api.member.MemberApiController
           Method = com.azurealstn.alog.controller.api.member.MemberApiController#createMember(MemberCreateRequestDto)

Async:
    Async started = false
     Async result = null

Resolved Exception:
             Type = org.springframework.web.bind.MethodArgumentNotValidException

ModelAndView:
        View name = null
             View = null
            Model = null

FlashMap:
       Attributes = null

MockHttpServletResponse:
           Status = 400
    Error message = null
          Headers = [Content-Type:"application/json;charset=UTF-8"]
     Content type = application/json;charset=UTF-8
             Body = {"code":"400","message":"클라이언트의 잘못된 요청이 있습니다. (application/json)","validation":[{"fieldName":"username","errorMessage":"아이디는 3~16자의 알파벳,숫자,혹은 - _ 으로 이루어져야 합니다."}]}
    Forwarded URL = null
   Redirected URL = null
          Cookies = []
Hibernate: select member0_.member_id as member_i1_3_, member0_.created_date as created_2_3_, member0_.modified_date as modified3_3_, member0_.email as email4_3_, member0_.email_auth as email_au5_3_, member0_.name as name6_3_, member0_.picture as picture7_3_, member0_.role as role8_3_, member0_.short_bio as short_bi9_3_, member0_.username as usernam10_3_ from member member0_
2022-12-04 20:12:11.326  INFO 16364 --- [    Test worker] o.a.c.c.C.[Tomcat].[localhost].[/]       : Initializing Spring TestDispatcherServlet ''
2022-12-04 20:12:11.326  INFO 16364 --- [    Test worker] o.s.t.web.servlet.TestDispatcherServlet  : Initializing Servlet ''
2022-12-04 20:12:11.326  INFO 16364 --- [    Test worker] o.s.t.web.servlet.TestDispatcherServlet  : Completed initialization in 0 ms
Hibernate: select member0_.member_id as member_i1_3_, member0_.created_date as created_2_3_, member0_.modified_date as modified3_3_, member0_.email as email4_3_, member0_.email_auth as email_au5_3_, member0_.name as name6_3_, member0_.picture as picture7_3_, member0_.role as role8_3_, member0_.short_bio as short_bi9_3_, member0_.username as usernam10_3_ from member member0_

MockHttpServletRequest:
      HTTP Method = POST
      Request URI = /api/v1/auth/create-member
       Parameters = {}
          Headers = [Content-Type:"application/json;charset=UTF-8", Content-Length:"188"]
             Body = {"name":"aaaaaaaaaaaaaaaaaaaaaaaaaaaaaaaaaaaaaaaaaaaaaaaa","email":"azurealstn@naver.com","username":"haha","shortBio":"안녕하세요!","picture":"test.jpg","role":null,"emailAuth":null}
    Session Attrs = {}

Handler:
             Type = com.azurealstn.alog.controller.api.member.MemberApiController
           Method = com.azurealstn.alog.controller.api.member.MemberApiController#createMember(MemberCreateRequestDto)

Async:
    Async started = false
     Async result = null

Resolved Exception:
             Type = org.springframework.web.bind.MethodArgumentNotValidException

ModelAndView:
        View name = null
             View = null
            Model = null

FlashMap:
       Attributes = null

MockHttpServletResponse:
           Status = 400
    Error message = null
          Headers = [Content-Type:"application/json;charset=UTF-8"]
     Content type = application/json;charset=UTF-8
             Body = {"code":"400","message":"클라이언트의 잘못된 요청이 있습니다. (application/json)","validation":[{"fieldName":"name","errorMessage":"이름은 최대 45자까지 입력 할 수 있습니다."}]}
    Forwarded URL = null
   Redirected URL = null
          Cookies = []
Hibernate: select member0_.member_id as member_i1_3_, member0_.created_date as created_2_3_, member0_.modified_date as modified3_3_, member0_.email as email4_3_, member0_.email_auth as email_au5_3_, member0_.name as name6_3_, member0_.picture as picture7_3_, member0_.role as role8_3_, member0_.short_bio as short_bi9_3_, member0_.username as usernam10_3_ from member member0_
]]></system-out>
  <system-err><![CDATA[]]></system-err>
</testsuite>
