<?xml version="1.0" encoding="UTF-8"?>
<testsuite name="com.azurealstn.alog.service.tempsave.TempSaveServiceTest" tests="8" skipped="0" failures="0" errors="0" timestamp="2022-12-03T11:13:47" hostname="DESKTOP-4HIAQNR" time="0.105">
  <properties/>
  <testcase name="임시저장 글 목록 기능" classname="com.azurealstn.alog.service.tempsave.TempSaveServiceTest" time="0.024"/>
  <testcase name="임시저장 단 건 조회 성공" classname="com.azurealstn.alog.service.tempsave.TempSaveServiceTest" time="0.011"/>
  <testcase name="임시저장 단 건 조회 실패" classname="com.azurealstn.alog.service.tempsave.TempSaveServiceTest" time="0.008"/>
  <testcase name="임시저장 수정 성공" classname="com.azurealstn.alog.service.tempsave.TempSaveServiceTest" time="0.012"/>
  <testcase name="임시저장 수정 실패" classname="com.azurealstn.alog.service.tempsave.TempSaveServiceTest" time="0.011"/>
  <testcase name="임시저장 생성" classname="com.azurealstn.alog.service.tempsave.TempSaveServiceTest" time="0.013"/>
  <testcase name="임시저장 삭제 성공" classname="com.azurealstn.alog.service.tempsave.TempSaveServiceTest" time="0.011"/>
  <testcase name="임시저장 삭제 실패" classname="com.azurealstn.alog.service.tempsave.TempSaveServiceTest" time="0.011"/>
  <system-out><![CDATA[2022-12-03 20:13:47.193  INFO 16012 --- [    Test worker] .b.t.c.SpringBootTestContextBootstrapper : Neither @ContextConfiguration nor @ContextHierarchy found for test class [com.azurealstn.alog.service.tempsave.TempSaveServiceTest], using SpringBootContextLoader
2022-12-03 20:13:47.194  INFO 16012 --- [    Test worker] o.s.t.c.support.AbstractContextLoader    : Could not detect default resource locations for test class [com.azurealstn.alog.service.tempsave.TempSaveServiceTest]: no resource found for suffixes {-context.xml, Context.groovy}.
2022-12-03 20:13:47.194  INFO 16012 --- [    Test worker] t.c.s.AnnotationConfigContextLoaderUtils : Could not detect default configuration classes for test class [com.azurealstn.alog.service.tempsave.TempSaveServiceTest]: TempSaveServiceTest does not declare any static, non-private, non-final, nested classes annotated with @Configuration.
2022-12-03 20:13:47.199  INFO 16012 --- [    Test worker] .b.t.c.SpringBootTestContextBootstrapper : Found @SpringBootConfiguration com.azurealstn.alog.AlogApplication for test class com.azurealstn.alog.service.tempsave.TempSaveServiceTest
2022-12-03 20:13:47.200  INFO 16012 --- [    Test worker] .b.t.c.SpringBootTestContextBootstrapper : Loaded default TestExecutionListener class names from location [META-INF/spring.factories]: [org.springframework.security.test.context.support.WithSecurityContextTestExecutionListener, org.springframework.security.test.context.support.ReactorContextTestExecutionListener, org.springframework.boot.test.autoconfigure.restdocs.RestDocsTestExecutionListener, org.springframework.boot.test.autoconfigure.web.client.MockRestServiceServerResetTestExecutionListener, org.springframework.boot.test.autoconfigure.web.servlet.MockMvcPrintOnlyOnFailureTestExecutionListener, org.springframework.boot.test.autoconfigure.web.servlet.WebDriverTestExecutionListener, org.springframework.boot.test.autoconfigure.webservices.client.MockWebServiceServerTestExecutionListener, org.springframework.boot.test.mock.mockito.MockitoTestExecutionListener, org.springframework.boot.test.mock.mockito.ResetMocksTestExecutionListener, org.springframework.test.context.web.ServletTestExecutionListener, org.springframework.test.context.support.DirtiesContextBeforeModesTestExecutionListener, org.springframework.test.context.event.ApplicationEventsTestExecutionListener, org.springframework.test.context.support.DependencyInjectionTestExecutionListener, org.springframework.test.context.support.DirtiesContextTestExecutionListener, org.springframework.test.context.transaction.TransactionalTestExecutionListener, org.springframework.test.context.jdbc.SqlScriptsTestExecutionListener, org.springframework.test.context.event.EventPublishingTestExecutionListener]
2022-12-03 20:13:47.201  INFO 16012 --- [    Test worker] .b.t.c.SpringBootTestContextBootstrapper : Using TestExecutionListeners: [org.springframework.test.context.web.ServletTestExecutionListener@4c8754b9, org.springframework.test.context.support.DirtiesContextBeforeModesTestExecutionListener@17e83783, org.springframework.test.context.event.ApplicationEventsTestExecutionListener@ab8b7f, org.springframework.boot.test.mock.mockito.MockitoTestExecutionListener@68bd3e3f, org.springframework.boot.test.autoconfigure.SpringBootDependencyInjectionTestExecutionListener@1ee98d0d, org.springframework.test.context.support.DirtiesContextTestExecutionListener@48ebf57c, org.springframework.test.context.transaction.TransactionalTestExecutionListener@14c77f6d, org.springframework.test.context.jdbc.SqlScriptsTestExecutionListener@150ae70c, org.springframework.security.test.context.support.WithSecurityContextTestExecutionListener@47d98145, org.springframework.test.context.event.EventPublishingTestExecutionListener@508edcd7, org.springframework.security.test.context.support.ReactorContextTestExecutionListener@7f1dfdbc, org.springframework.boot.test.autoconfigure.restdocs.RestDocsTestExecutionListener@3d6d57d4, org.springframework.boot.test.autoconfigure.web.client.MockRestServiceServerResetTestExecutionListener@36353a95, org.springframework.boot.test.autoconfigure.web.servlet.MockMvcPrintOnlyOnFailureTestExecutionListener@107b30e0, org.springframework.boot.test.autoconfigure.web.servlet.WebDriverTestExecutionListener@9bdf4e, org.springframework.boot.test.autoconfigure.webservices.client.MockWebServiceServerTestExecutionListener@579ffb7e, org.springframework.boot.test.mock.mockito.ResetMocksTestExecutionListener@48e1928a]
2022-12-03 20:13:47.204  INFO 16012 --- [    Test worker] o.s.t.c.transaction.TransactionContext   : Began transaction (1) for test context [DefaultTestContext@5a79b792 testClass = TempSaveServiceTest, testInstance = com.azurealstn.alog.service.tempsave.TempSaveServiceTest@5a6a336c, testMethod = temp_save_list@TempSaveServiceTest, testException = [null], mergedContextConfiguration = [WebMergedContextConfiguration@1105a7e0 testClass = TempSaveServiceTest, locations = '{}', classes = '{class com.azurealstn.alog.AlogApplication}', contextInitializerClasses = '[]', activeProfiles = '{}', propertySourceLocations = '{}', propertySourceProperties = '{org.springframework.boot.test.context.SpringBootTestContextBootstrapper=true}', contextCustomizers = set[org.springframework.boot.test.autoconfigure.actuate.metrics.MetricsExportContextCustomizerFactory$DisableMetricExportContextCustomizer@f6c03cb, org.springframework.boot.test.autoconfigure.properties.PropertyMappingContextCustomizer@0, org.springframework.boot.test.autoconfigure.web.servlet.WebDriverContextCustomizerFactory$Customizer@4ae33a11, org.springframework.boot.test.context.filter.ExcludeFilterContextCustomizer@3a94964, org.springframework.boot.test.json.DuplicateJsonObjectContextCustomizerFactory$DuplicateJsonObjectContextCustomizer@34a75079, org.springframework.boot.test.mock.mockito.MockitoContextCustomizer@0, org.springframework.boot.test.web.client.TestRestTemplateContextCustomizer@64beebb7, org.springframework.boot.test.context.SpringBootTestArgs@1, org.springframework.boot.test.context.SpringBootTestWebEnvironment@7b993c65], resourceBasePath = 'src/main/webapp', contextLoader = 'org.springframework.boot.test.context.SpringBootContextLoader', parent = [null]], attributes = map['org.springframework.test.context.web.ServletTestExecutionListener.activateListener' -> true, 'org.springframework.test.context.web.ServletTestExecutionListener.populatedRequestContextHolder' -> true, 'org.springframework.test.context.web.ServletTestExecutionListener.resetRequestContextHolder' -> true, 'org.springframework.test.context.event.ApplicationEventsTestExecutionListener.recordApplicationEvents' -> false]]; transaction manager [org.springframework.orm.jpa.JpaTransactionManager@11f81488]; rollback [true]
Hibernate: select tempsave0_.temp_save_id as temp_sav1_9_, tempsave0_.created_date as created_2_9_, tempsave0_.modified_date as modified3_9_, tempsave0_.content as content4_9_, tempsave0_.member_id as member_i7_9_, tempsave0_.temp_code as temp_cod5_9_, tempsave0_.title as title6_9_ from temp_save tempsave0_
Hibernate: select member0_.member_id as member_i1_3_, member0_.created_date as created_2_3_, member0_.modified_date as modified3_3_, member0_.email as email4_3_, member0_.email_auth as email_au5_3_, member0_.name as name6_3_, member0_.picture as picture7_3_, member0_.role as role8_3_, member0_.short_bio as short_bi9_3_, member0_.username as usernam10_3_ from member member0_
Hibernate: select posts0_.posts_id as posts_id1_5_, posts0_.created_date as created_2_5_, posts0_.modified_date as modified3_5_, posts0_.content as content4_5_, posts0_.description as descript5_5_, posts0_.likes as likes6_5_, posts0_.member_id as member_i9_5_, posts0_.secret as secret7_5_, posts0_.title as title8_5_ from posts posts0_
Hibernate: insert into member (member_id, created_date, modified_date, email, email_auth, name, picture, role, short_bio, username) values (default, ?, ?, ?, ?, ?, ?, ?, ?, ?)
Hibernate: insert into temp_save (temp_save_id, created_date, modified_date, content, member_id, temp_code, title) values (default, ?, ?, ?, ?, ?, ?)
Hibernate: insert into temp_save (temp_save_id, created_date, modified_date, content, member_id, temp_code, title) values (default, ?, ?, ?, ?, ?, ?)
Hibernate: insert into temp_save (temp_save_id, created_date, modified_date, content, member_id, temp_code, title) values (default, ?, ?, ?, ?, ?, ?)
Hibernate: insert into temp_save (temp_save_id, created_date, modified_date, content, member_id, temp_code, title) values (default, ?, ?, ?, ?, ?, ?)
Hibernate: insert into temp_save (temp_save_id, created_date, modified_date, content, member_id, temp_code, title) values (default, ?, ?, ?, ?, ?, ?)
Hibernate: insert into temp_save (temp_save_id, created_date, modified_date, content, member_id, temp_code, title) values (default, ?, ?, ?, ?, ?, ?)
Hibernate: insert into temp_save (temp_save_id, created_date, modified_date, content, member_id, temp_code, title) values (default, ?, ?, ?, ?, ?, ?)
Hibernate: insert into temp_save (temp_save_id, created_date, modified_date, content, member_id, temp_code, title) values (default, ?, ?, ?, ?, ?, ?)
Hibernate: insert into temp_save (temp_save_id, created_date, modified_date, content, member_id, temp_code, title) values (default, ?, ?, ?, ?, ?, ?)
Hibernate: insert into temp_save (temp_save_id, created_date, modified_date, content, member_id, temp_code, title) values (default, ?, ?, ?, ?, ?, ?)
Hibernate: select tempsave0_.temp_save_id as temp_sav1_9_, tempsave0_.created_date as created_2_9_, tempsave0_.modified_date as modified3_9_, tempsave0_.content as content4_9_, tempsave0_.member_id as member_i7_9_, tempsave0_.temp_code as temp_cod5_9_, tempsave0_.title as title6_9_ from temp_save tempsave0_
Hibernate: select tempsave0_.temp_save_id as temp_sav1_9_, tempsave0_.created_date as created_2_9_, tempsave0_.modified_date as modified3_9_, tempsave0_.content as content4_9_, tempsave0_.member_id as member_i7_9_, tempsave0_.temp_code as temp_cod5_9_, tempsave0_.title as title6_9_ from temp_save tempsave0_
Hibernate: select member0_.member_id as member_i1_3_, member0_.created_date as created_2_3_, member0_.modified_date as modified3_3_, member0_.email as email4_3_, member0_.email_auth as email_au5_3_, member0_.name as name6_3_, member0_.picture as picture7_3_, member0_.role as role8_3_, member0_.short_bio as short_bi9_3_, member0_.username as usernam10_3_ from member member0_
Hibernate: delete from temp_save where temp_save_id=?
Hibernate: delete from temp_save where temp_save_id=?
Hibernate: delete from temp_save where temp_save_id=?
Hibernate: delete from temp_save where temp_save_id=?
Hibernate: delete from temp_save where temp_save_id=?
Hibernate: delete from temp_save where temp_save_id=?
Hibernate: delete from temp_save where temp_save_id=?
Hibernate: delete from temp_save where temp_save_id=?
Hibernate: delete from temp_save where temp_save_id=?
Hibernate: delete from temp_save where temp_save_id=?
Hibernate: delete from member where member_id=?
Hibernate: select posts0_.posts_id as posts_id1_5_, posts0_.created_date as created_2_5_, posts0_.modified_date as modified3_5_, posts0_.content as content4_5_, posts0_.description as descript5_5_, posts0_.likes as likes6_5_, posts0_.member_id as member_i9_5_, posts0_.secret as secret7_5_, posts0_.title as title8_5_ from posts posts0_
2022-12-03 20:13:47.227  INFO 16012 --- [    Test worker] o.s.t.c.transaction.TransactionContext   : Rolled back transaction for test: [DefaultTestContext@5a79b792 testClass = TempSaveServiceTest, testInstance = com.azurealstn.alog.service.tempsave.TempSaveServiceTest@5a6a336c, testMethod = temp_save_list@TempSaveServiceTest, testException = [null], mergedContextConfiguration = [WebMergedContextConfiguration@1105a7e0 testClass = TempSaveServiceTest, locations = '{}', classes = '{class com.azurealstn.alog.AlogApplication}', contextInitializerClasses = '[]', activeProfiles = '{}', propertySourceLocations = '{}', propertySourceProperties = '{org.springframework.boot.test.context.SpringBootTestContextBootstrapper=true}', contextCustomizers = set[org.springframework.boot.test.autoconfigure.actuate.metrics.MetricsExportContextCustomizerFactory$DisableMetricExportContextCustomizer@f6c03cb, org.springframework.boot.test.autoconfigure.properties.PropertyMappingContextCustomizer@0, org.springframework.boot.test.autoconfigure.web.servlet.WebDriverContextCustomizerFactory$Customizer@4ae33a11, org.springframework.boot.test.context.filter.ExcludeFilterContextCustomizer@3a94964, org.springframework.boot.test.json.DuplicateJsonObjectContextCustomizerFactory$DuplicateJsonObjectContextCustomizer@34a75079, org.springframework.boot.test.mock.mockito.MockitoContextCustomizer@0, org.springframework.boot.test.web.client.TestRestTemplateContextCustomizer@64beebb7, org.springframework.boot.test.context.SpringBootTestArgs@1, org.springframework.boot.test.context.SpringBootTestWebEnvironment@7b993c65], resourceBasePath = 'src/main/webapp', contextLoader = 'org.springframework.boot.test.context.SpringBootContextLoader', parent = [null]], attributes = map['org.springframework.test.context.web.ServletTestExecutionListener.activateListener' -> true, 'org.springframework.test.context.web.ServletTestExecutionListener.populatedRequestContextHolder' -> true, 'org.springframework.test.context.web.ServletTestExecutionListener.resetRequestContextHolder' -> true, 'org.springframework.test.context.event.ApplicationEventsTestExecutionListener.recordApplicationEvents' -> false]]
2022-12-03 20:13:47.228  INFO 16012 --- [    Test worker] o.s.t.c.transaction.TransactionContext   : Began transaction (1) for test context [DefaultTestContext@5a79b792 testClass = TempSaveServiceTest, testInstance = com.azurealstn.alog.service.tempsave.TempSaveServiceTest@4fe7962, testMethod = findById_tempSave_o@TempSaveServiceTest, testException = [null], mergedContextConfiguration = [WebMergedContextConfiguration@1105a7e0 testClass = TempSaveServiceTest, locations = '{}', classes = '{class com.azurealstn.alog.AlogApplication}', contextInitializerClasses = '[]', activeProfiles = '{}', propertySourceLocations = '{}', propertySourceProperties = '{org.springframework.boot.test.context.SpringBootTestContextBootstrapper=true}', contextCustomizers = set[org.springframework.boot.test.autoconfigure.actuate.metrics.MetricsExportContextCustomizerFactory$DisableMetricExportContextCustomizer@f6c03cb, org.springframework.boot.test.autoconfigure.properties.PropertyMappingContextCustomizer@0, org.springframework.boot.test.autoconfigure.web.servlet.WebDriverContextCustomizerFactory$Customizer@4ae33a11, org.springframework.boot.test.context.filter.ExcludeFilterContextCustomizer@3a94964, org.springframework.boot.test.json.DuplicateJsonObjectContextCustomizerFactory$DuplicateJsonObjectContextCustomizer@34a75079, org.springframework.boot.test.mock.mockito.MockitoContextCustomizer@0, org.springframework.boot.test.web.client.TestRestTemplateContextCustomizer@64beebb7, org.springframework.boot.test.context.SpringBootTestArgs@1, org.springframework.boot.test.context.SpringBootTestWebEnvironment@7b993c65], resourceBasePath = 'src/main/webapp', contextLoader = 'org.springframework.boot.test.context.SpringBootContextLoader', parent = [null]], attributes = map['org.springframework.test.context.web.ServletTestExecutionListener.activateListener' -> true, 'org.springframework.test.context.web.ServletTestExecutionListener.populatedRequestContextHolder' -> true, 'org.springframework.test.context.web.ServletTestExecutionListener.resetRequestContextHolder' -> true, 'org.springframework.test.context.event.ApplicationEventsTestExecutionListener.recordApplicationEvents' -> false]]; transaction manager [org.springframework.orm.jpa.JpaTransactionManager@11f81488]; rollback [true]
Hibernate: select tempsave0_.temp_save_id as temp_sav1_9_, tempsave0_.created_date as created_2_9_, tempsave0_.modified_date as modified3_9_, tempsave0_.content as content4_9_, tempsave0_.member_id as member_i7_9_, tempsave0_.temp_code as temp_cod5_9_, tempsave0_.title as title6_9_ from temp_save tempsave0_
Hibernate: select member0_.member_id as member_i1_3_, member0_.created_date as created_2_3_, member0_.modified_date as modified3_3_, member0_.email as email4_3_, member0_.email_auth as email_au5_3_, member0_.name as name6_3_, member0_.picture as picture7_3_, member0_.role as role8_3_, member0_.short_bio as short_bi9_3_, member0_.username as usernam10_3_ from member member0_
Hibernate: select posts0_.posts_id as posts_id1_5_, posts0_.created_date as created_2_5_, posts0_.modified_date as modified3_5_, posts0_.content as content4_5_, posts0_.description as descript5_5_, posts0_.likes as likes6_5_, posts0_.member_id as member_i9_5_, posts0_.secret as secret7_5_, posts0_.title as title8_5_ from posts posts0_
Hibernate: insert into member (member_id, created_date, modified_date, email, email_auth, name, picture, role, short_bio, username) values (default, ?, ?, ?, ?, ?, ?, ?, ?, ?)
Hibernate: select member0_.member_id as member_i1_3_, member0_.created_date as created_2_3_, member0_.modified_date as modified3_3_, member0_.email as email4_3_, member0_.email_auth as email_au5_3_, member0_.name as name6_3_, member0_.picture as picture7_3_, member0_.role as role8_3_, member0_.short_bio as short_bi9_3_, member0_.username as usernam10_3_ from member member0_ where member0_.email=?
Hibernate: insert into temp_save (temp_save_id, created_date, modified_date, content, member_id, temp_code, title) values (default, ?, ?, ?, ?, ?, ?)
Hibernate: select count(*) as col_0_0_ from temp_save tempsave0_
Hibernate: select tempsave0_.temp_save_id as temp_sav1_9_, tempsave0_.created_date as created_2_9_, tempsave0_.modified_date as modified3_9_, tempsave0_.content as content4_9_, tempsave0_.member_id as member_i7_9_, tempsave0_.temp_code as temp_cod5_9_, tempsave0_.title as title6_9_ from temp_save tempsave0_
Hibernate: select member0_.member_id as member_i1_3_, member0_.created_date as created_2_3_, member0_.modified_date as modified3_3_, member0_.email as email4_3_, member0_.email_auth as email_au5_3_, member0_.name as name6_3_, member0_.picture as picture7_3_, member0_.role as role8_3_, member0_.short_bio as short_bi9_3_, member0_.username as usernam10_3_ from member member0_
Hibernate: select posts0_.posts_id as posts_id1_5_, posts0_.created_date as created_2_5_, posts0_.modified_date as modified3_5_, posts0_.content as content4_5_, posts0_.description as descript5_5_, posts0_.likes as likes6_5_, posts0_.member_id as member_i9_5_, posts0_.secret as secret7_5_, posts0_.title as title8_5_ from posts posts0_
2022-12-03 20:13:47.239  INFO 16012 --- [    Test worker] o.s.t.c.transaction.TransactionContext   : Rolled back transaction for test: [DefaultTestContext@5a79b792 testClass = TempSaveServiceTest, testInstance = com.azurealstn.alog.service.tempsave.TempSaveServiceTest@4fe7962, testMethod = findById_tempSave_o@TempSaveServiceTest, testException = [null], mergedContextConfiguration = [WebMergedContextConfiguration@1105a7e0 testClass = TempSaveServiceTest, locations = '{}', classes = '{class com.azurealstn.alog.AlogApplication}', contextInitializerClasses = '[]', activeProfiles = '{}', propertySourceLocations = '{}', propertySourceProperties = '{org.springframework.boot.test.context.SpringBootTestContextBootstrapper=true}', contextCustomizers = set[org.springframework.boot.test.autoconfigure.actuate.metrics.MetricsExportContextCustomizerFactory$DisableMetricExportContextCustomizer@f6c03cb, org.springframework.boot.test.autoconfigure.properties.PropertyMappingContextCustomizer@0, org.springframework.boot.test.autoconfigure.web.servlet.WebDriverContextCustomizerFactory$Customizer@4ae33a11, org.springframework.boot.test.context.filter.ExcludeFilterContextCustomizer@3a94964, org.springframework.boot.test.json.DuplicateJsonObjectContextCustomizerFactory$DuplicateJsonObjectContextCustomizer@34a75079, org.springframework.boot.test.mock.mockito.MockitoContextCustomizer@0, org.springframework.boot.test.web.client.TestRestTemplateContextCustomizer@64beebb7, org.springframework.boot.test.context.SpringBootTestArgs@1, org.springframework.boot.test.context.SpringBootTestWebEnvironment@7b993c65], resourceBasePath = 'src/main/webapp', contextLoader = 'org.springframework.boot.test.context.SpringBootContextLoader', parent = [null]], attributes = map['org.springframework.test.context.web.ServletTestExecutionListener.activateListener' -> true, 'org.springframework.test.context.web.ServletTestExecutionListener.populatedRequestContextHolder' -> true, 'org.springframework.test.context.web.ServletTestExecutionListener.resetRequestContextHolder' -> true, 'org.springframework.test.context.event.ApplicationEventsTestExecutionListener.recordApplicationEvents' -> false]]
2022-12-03 20:13:47.240  INFO 16012 --- [    Test worker] o.s.t.c.transaction.TransactionContext   : Began transaction (1) for test context [DefaultTestContext@5a79b792 testClass = TempSaveServiceTest, testInstance = com.azurealstn.alog.service.tempsave.TempSaveServiceTest@4cdd4500, testMethod = findById_tempSave_x@TempSaveServiceTest, testException = [null], mergedContextConfiguration = [WebMergedContextConfiguration@1105a7e0 testClass = TempSaveServiceTest, locations = '{}', classes = '{class com.azurealstn.alog.AlogApplication}', contextInitializerClasses = '[]', activeProfiles = '{}', propertySourceLocations = '{}', propertySourceProperties = '{org.springframework.boot.test.context.SpringBootTestContextBootstrapper=true}', contextCustomizers = set[org.springframework.boot.test.autoconfigure.actuate.metrics.MetricsExportContextCustomizerFactory$DisableMetricExportContextCustomizer@f6c03cb, org.springframework.boot.test.autoconfigure.properties.PropertyMappingContextCustomizer@0, org.springframework.boot.test.autoconfigure.web.servlet.WebDriverContextCustomizerFactory$Customizer@4ae33a11, org.springframework.boot.test.context.filter.ExcludeFilterContextCustomizer@3a94964, org.springframework.boot.test.json.DuplicateJsonObjectContextCustomizerFactory$DuplicateJsonObjectContextCustomizer@34a75079, org.springframework.boot.test.mock.mockito.MockitoContextCustomizer@0, org.springframework.boot.test.web.client.TestRestTemplateContextCustomizer@64beebb7, org.springframework.boot.test.context.SpringBootTestArgs@1, org.springframework.boot.test.context.SpringBootTestWebEnvironment@7b993c65], resourceBasePath = 'src/main/webapp', contextLoader = 'org.springframework.boot.test.context.SpringBootContextLoader', parent = [null]], attributes = map['org.springframework.test.context.web.ServletTestExecutionListener.activateListener' -> true, 'org.springframework.test.context.web.ServletTestExecutionListener.populatedRequestContextHolder' -> true, 'org.springframework.test.context.web.ServletTestExecutionListener.resetRequestContextHolder' -> true, 'org.springframework.test.context.event.ApplicationEventsTestExecutionListener.recordApplicationEvents' -> false]]; transaction manager [org.springframework.orm.jpa.JpaTransactionManager@11f81488]; rollback [true]
Hibernate: select tempsave0_.temp_save_id as temp_sav1_9_, tempsave0_.created_date as created_2_9_, tempsave0_.modified_date as modified3_9_, tempsave0_.content as content4_9_, tempsave0_.member_id as member_i7_9_, tempsave0_.temp_code as temp_cod5_9_, tempsave0_.title as title6_9_ from temp_save tempsave0_
Hibernate: select member0_.member_id as member_i1_3_, member0_.created_date as created_2_3_, member0_.modified_date as modified3_3_, member0_.email as email4_3_, member0_.email_auth as email_au5_3_, member0_.name as name6_3_, member0_.picture as picture7_3_, member0_.role as role8_3_, member0_.short_bio as short_bi9_3_, member0_.username as usernam10_3_ from member member0_
Hibernate: select posts0_.posts_id as posts_id1_5_, posts0_.created_date as created_2_5_, posts0_.modified_date as modified3_5_, posts0_.content as content4_5_, posts0_.description as descript5_5_, posts0_.likes as likes6_5_, posts0_.member_id as member_i9_5_, posts0_.secret as secret7_5_, posts0_.title as title8_5_ from posts posts0_
Hibernate: select tempsave0_.temp_save_id as temp_sav1_9_0_, tempsave0_.created_date as created_2_9_0_, tempsave0_.modified_date as modified3_9_0_, tempsave0_.content as content4_9_0_, tempsave0_.member_id as member_i7_9_0_, tempsave0_.temp_code as temp_cod5_9_0_, tempsave0_.title as title6_9_0_ from temp_save tempsave0_ where tempsave0_.temp_save_id=?
Hibernate: select tempsave0_.temp_save_id as temp_sav1_9_, tempsave0_.created_date as created_2_9_, tempsave0_.modified_date as modified3_9_, tempsave0_.content as content4_9_, tempsave0_.member_id as member_i7_9_, tempsave0_.temp_code as temp_cod5_9_, tempsave0_.title as title6_9_ from temp_save tempsave0_
Hibernate: select member0_.member_id as member_i1_3_, member0_.created_date as created_2_3_, member0_.modified_date as modified3_3_, member0_.email as email4_3_, member0_.email_auth as email_au5_3_, member0_.name as name6_3_, member0_.picture as picture7_3_, member0_.role as role8_3_, member0_.short_bio as short_bi9_3_, member0_.username as usernam10_3_ from member member0_
Hibernate: select posts0_.posts_id as posts_id1_5_, posts0_.created_date as created_2_5_, posts0_.modified_date as modified3_5_, posts0_.content as content4_5_, posts0_.description as descript5_5_, posts0_.likes as likes6_5_, posts0_.member_id as member_i9_5_, posts0_.secret as secret7_5_, posts0_.title as title8_5_ from posts posts0_
2022-12-03 20:13:47.247  INFO 16012 --- [    Test worker] o.s.t.c.transaction.TransactionContext   : Rolled back transaction for test: [DefaultTestContext@5a79b792 testClass = TempSaveServiceTest, testInstance = com.azurealstn.alog.service.tempsave.TempSaveServiceTest@4cdd4500, testMethod = findById_tempSave_x@TempSaveServiceTest, testException = [null], mergedContextConfiguration = [WebMergedContextConfiguration@1105a7e0 testClass = TempSaveServiceTest, locations = '{}', classes = '{class com.azurealstn.alog.AlogApplication}', contextInitializerClasses = '[]', activeProfiles = '{}', propertySourceLocations = '{}', propertySourceProperties = '{org.springframework.boot.test.context.SpringBootTestContextBootstrapper=true}', contextCustomizers = set[org.springframework.boot.test.autoconfigure.actuate.metrics.MetricsExportContextCustomizerFactory$DisableMetricExportContextCustomizer@f6c03cb, org.springframework.boot.test.autoconfigure.properties.PropertyMappingContextCustomizer@0, org.springframework.boot.test.autoconfigure.web.servlet.WebDriverContextCustomizerFactory$Customizer@4ae33a11, org.springframework.boot.test.context.filter.ExcludeFilterContextCustomizer@3a94964, org.springframework.boot.test.json.DuplicateJsonObjectContextCustomizerFactory$DuplicateJsonObjectContextCustomizer@34a75079, org.springframework.boot.test.mock.mockito.MockitoContextCustomizer@0, org.springframework.boot.test.web.client.TestRestTemplateContextCustomizer@64beebb7, org.springframework.boot.test.context.SpringBootTestArgs@1, org.springframework.boot.test.context.SpringBootTestWebEnvironment@7b993c65], resourceBasePath = 'src/main/webapp', contextLoader = 'org.springframework.boot.test.context.SpringBootContextLoader', parent = [null]], attributes = map['org.springframework.test.context.web.ServletTestExecutionListener.activateListener' -> true, 'org.springframework.test.context.web.ServletTestExecutionListener.populatedRequestContextHolder' -> true, 'org.springframework.test.context.web.ServletTestExecutionListener.resetRequestContextHolder' -> true, 'org.springframework.test.context.event.ApplicationEventsTestExecutionListener.recordApplicationEvents' -> false]]
2022-12-03 20:13:47.248  INFO 16012 --- [    Test worker] o.s.t.c.transaction.TransactionContext   : Began transaction (1) for test context [DefaultTestContext@5a79b792 testClass = TempSaveServiceTest, testInstance = com.azurealstn.alog.service.tempsave.TempSaveServiceTest@68c3670, testMethod = update_tempSave_o@TempSaveServiceTest, testException = [null], mergedContextConfiguration = [WebMergedContextConfiguration@1105a7e0 testClass = TempSaveServiceTest, locations = '{}', classes = '{class com.azurealstn.alog.AlogApplication}', contextInitializerClasses = '[]', activeProfiles = '{}', propertySourceLocations = '{}', propertySourceProperties = '{org.springframework.boot.test.context.SpringBootTestContextBootstrapper=true}', contextCustomizers = set[org.springframework.boot.test.autoconfigure.actuate.metrics.MetricsExportContextCustomizerFactory$DisableMetricExportContextCustomizer@f6c03cb, org.springframework.boot.test.autoconfigure.properties.PropertyMappingContextCustomizer@0, org.springframework.boot.test.autoconfigure.web.servlet.WebDriverContextCustomizerFactory$Customizer@4ae33a11, org.springframework.boot.test.context.filter.ExcludeFilterContextCustomizer@3a94964, org.springframework.boot.test.json.DuplicateJsonObjectContextCustomizerFactory$DuplicateJsonObjectContextCustomizer@34a75079, org.springframework.boot.test.mock.mockito.MockitoContextCustomizer@0, org.springframework.boot.test.web.client.TestRestTemplateContextCustomizer@64beebb7, org.springframework.boot.test.context.SpringBootTestArgs@1, org.springframework.boot.test.context.SpringBootTestWebEnvironment@7b993c65], resourceBasePath = 'src/main/webapp', contextLoader = 'org.springframework.boot.test.context.SpringBootContextLoader', parent = [null]], attributes = map['org.springframework.test.context.web.ServletTestExecutionListener.activateListener' -> true, 'org.springframework.test.context.web.ServletTestExecutionListener.populatedRequestContextHolder' -> true, 'org.springframework.test.context.web.ServletTestExecutionListener.resetRequestContextHolder' -> true, 'org.springframework.test.context.event.ApplicationEventsTestExecutionListener.recordApplicationEvents' -> false]]; transaction manager [org.springframework.orm.jpa.JpaTransactionManager@11f81488]; rollback [true]
Hibernate: select tempsave0_.temp_save_id as temp_sav1_9_, tempsave0_.created_date as created_2_9_, tempsave0_.modified_date as modified3_9_, tempsave0_.content as content4_9_, tempsave0_.member_id as member_i7_9_, tempsave0_.temp_code as temp_cod5_9_, tempsave0_.title as title6_9_ from temp_save tempsave0_
Hibernate: select member0_.member_id as member_i1_3_, member0_.created_date as created_2_3_, member0_.modified_date as modified3_3_, member0_.email as email4_3_, member0_.email_auth as email_au5_3_, member0_.name as name6_3_, member0_.picture as picture7_3_, member0_.role as role8_3_, member0_.short_bio as short_bi9_3_, member0_.username as usernam10_3_ from member member0_
Hibernate: select posts0_.posts_id as posts_id1_5_, posts0_.created_date as created_2_5_, posts0_.modified_date as modified3_5_, posts0_.content as content4_5_, posts0_.description as descript5_5_, posts0_.likes as likes6_5_, posts0_.member_id as member_i9_5_, posts0_.secret as secret7_5_, posts0_.title as title8_5_ from posts posts0_
Hibernate: insert into member (member_id, created_date, modified_date, email, email_auth, name, picture, role, short_bio, username) values (default, ?, ?, ?, ?, ?, ?, ?, ?, ?)
Hibernate: insert into temp_save (temp_save_id, created_date, modified_date, content, member_id, temp_code, title) values (default, ?, ?, ?, ?, ?, ?)
Hibernate: select tempsave0_.temp_save_id as temp_sav1_9_, tempsave0_.created_date as created_2_9_, tempsave0_.modified_date as modified3_9_, tempsave0_.content as content4_9_, tempsave0_.member_id as member_i7_9_, tempsave0_.temp_code as temp_cod5_9_, tempsave0_.title as title6_9_ from temp_save tempsave0_ where tempsave0_.temp_code is null
Hibernate: update temp_save set created_date=?, modified_date=?, content=?, member_id=?, temp_code=?, title=? where temp_save_id=?
Hibernate: select tempsave0_.temp_save_id as temp_sav1_9_, tempsave0_.created_date as created_2_9_, tempsave0_.modified_date as modified3_9_, tempsave0_.content as content4_9_, tempsave0_.member_id as member_i7_9_, tempsave0_.temp_code as temp_cod5_9_, tempsave0_.title as title6_9_ from temp_save tempsave0_
Hibernate: select member0_.member_id as member_i1_3_, member0_.created_date as created_2_3_, member0_.modified_date as modified3_3_, member0_.email as email4_3_, member0_.email_auth as email_au5_3_, member0_.name as name6_3_, member0_.picture as picture7_3_, member0_.role as role8_3_, member0_.short_bio as short_bi9_3_, member0_.username as usernam10_3_ from member member0_
Hibernate: delete from temp_save where temp_save_id=?
Hibernate: delete from member where member_id=?
Hibernate: select posts0_.posts_id as posts_id1_5_, posts0_.created_date as created_2_5_, posts0_.modified_date as modified3_5_, posts0_.content as content4_5_, posts0_.description as descript5_5_, posts0_.likes as likes6_5_, posts0_.member_id as member_i9_5_, posts0_.secret as secret7_5_, posts0_.title as title8_5_ from posts posts0_
2022-12-03 20:13:47.260  INFO 16012 --- [    Test worker] o.s.t.c.transaction.TransactionContext   : Rolled back transaction for test: [DefaultTestContext@5a79b792 testClass = TempSaveServiceTest, testInstance = com.azurealstn.alog.service.tempsave.TempSaveServiceTest@68c3670, testMethod = update_tempSave_o@TempSaveServiceTest, testException = [null], mergedContextConfiguration = [WebMergedContextConfiguration@1105a7e0 testClass = TempSaveServiceTest, locations = '{}', classes = '{class com.azurealstn.alog.AlogApplication}', contextInitializerClasses = '[]', activeProfiles = '{}', propertySourceLocations = '{}', propertySourceProperties = '{org.springframework.boot.test.context.SpringBootTestContextBootstrapper=true}', contextCustomizers = set[org.springframework.boot.test.autoconfigure.actuate.metrics.MetricsExportContextCustomizerFactory$DisableMetricExportContextCustomizer@f6c03cb, org.springframework.boot.test.autoconfigure.properties.PropertyMappingContextCustomizer@0, org.springframework.boot.test.autoconfigure.web.servlet.WebDriverContextCustomizerFactory$Customizer@4ae33a11, org.springframework.boot.test.context.filter.ExcludeFilterContextCustomizer@3a94964, org.springframework.boot.test.json.DuplicateJsonObjectContextCustomizerFactory$DuplicateJsonObjectContextCustomizer@34a75079, org.springframework.boot.test.mock.mockito.MockitoContextCustomizer@0, org.springframework.boot.test.web.client.TestRestTemplateContextCustomizer@64beebb7, org.springframework.boot.test.context.SpringBootTestArgs@1, org.springframework.boot.test.context.SpringBootTestWebEnvironment@7b993c65], resourceBasePath = 'src/main/webapp', contextLoader = 'org.springframework.boot.test.context.SpringBootContextLoader', parent = [null]], attributes = map['org.springframework.test.context.web.ServletTestExecutionListener.activateListener' -> true, 'org.springframework.test.context.web.ServletTestExecutionListener.populatedRequestContextHolder' -> true, 'org.springframework.test.context.web.ServletTestExecutionListener.resetRequestContextHolder' -> true, 'org.springframework.test.context.event.ApplicationEventsTestExecutionListener.recordApplicationEvents' -> false]]
2022-12-03 20:13:47.261  INFO 16012 --- [    Test worker] o.s.t.c.transaction.TransactionContext   : Began transaction (1) for test context [DefaultTestContext@5a79b792 testClass = TempSaveServiceTest, testInstance = com.azurealstn.alog.service.tempsave.TempSaveServiceTest@be74f53, testMethod = update_tempSave_x@TempSaveServiceTest, testException = [null], mergedContextConfiguration = [WebMergedContextConfiguration@1105a7e0 testClass = TempSaveServiceTest, locations = '{}', classes = '{class com.azurealstn.alog.AlogApplication}', contextInitializerClasses = '[]', activeProfiles = '{}', propertySourceLocations = '{}', propertySourceProperties = '{org.springframework.boot.test.context.SpringBootTestContextBootstrapper=true}', contextCustomizers = set[org.springframework.boot.test.autoconfigure.actuate.metrics.MetricsExportContextCustomizerFactory$DisableMetricExportContextCustomizer@f6c03cb, org.springframework.boot.test.autoconfigure.properties.PropertyMappingContextCustomizer@0, org.springframework.boot.test.autoconfigure.web.servlet.WebDriverContextCustomizerFactory$Customizer@4ae33a11, org.springframework.boot.test.context.filter.ExcludeFilterContextCustomizer@3a94964, org.springframework.boot.test.json.DuplicateJsonObjectContextCustomizerFactory$DuplicateJsonObjectContextCustomizer@34a75079, org.springframework.boot.test.mock.mockito.MockitoContextCustomizer@0, org.springframework.boot.test.web.client.TestRestTemplateContextCustomizer@64beebb7, org.springframework.boot.test.context.SpringBootTestArgs@1, org.springframework.boot.test.context.SpringBootTestWebEnvironment@7b993c65], resourceBasePath = 'src/main/webapp', contextLoader = 'org.springframework.boot.test.context.SpringBootContextLoader', parent = [null]], attributes = map['org.springframework.test.context.web.ServletTestExecutionListener.activateListener' -> true, 'org.springframework.test.context.web.ServletTestExecutionListener.populatedRequestContextHolder' -> true, 'org.springframework.test.context.web.ServletTestExecutionListener.resetRequestContextHolder' -> true, 'org.springframework.test.context.event.ApplicationEventsTestExecutionListener.recordApplicationEvents' -> false]]; transaction manager [org.springframework.orm.jpa.JpaTransactionManager@11f81488]; rollback [true]
Hibernate: select tempsave0_.temp_save_id as temp_sav1_9_, tempsave0_.created_date as created_2_9_, tempsave0_.modified_date as modified3_9_, tempsave0_.content as content4_9_, tempsave0_.member_id as member_i7_9_, tempsave0_.temp_code as temp_cod5_9_, tempsave0_.title as title6_9_ from temp_save tempsave0_
Hibernate: select member0_.member_id as member_i1_3_, member0_.created_date as created_2_3_, member0_.modified_date as modified3_3_, member0_.email as email4_3_, member0_.email_auth as email_au5_3_, member0_.name as name6_3_, member0_.picture as picture7_3_, member0_.role as role8_3_, member0_.short_bio as short_bi9_3_, member0_.username as usernam10_3_ from member member0_
Hibernate: select posts0_.posts_id as posts_id1_5_, posts0_.created_date as created_2_5_, posts0_.modified_date as modified3_5_, posts0_.content as content4_5_, posts0_.description as descript5_5_, posts0_.likes as likes6_5_, posts0_.member_id as member_i9_5_, posts0_.secret as secret7_5_, posts0_.title as title8_5_ from posts posts0_
Hibernate: insert into member (member_id, created_date, modified_date, email, email_auth, name, picture, role, short_bio, username) values (default, ?, ?, ?, ?, ?, ?, ?, ?, ?)
Hibernate: insert into temp_save (temp_save_id, created_date, modified_date, content, member_id, temp_code, title) values (default, ?, ?, ?, ?, ?, ?)
Hibernate: select tempsave0_.temp_save_id as temp_sav1_9_, tempsave0_.created_date as created_2_9_, tempsave0_.modified_date as modified3_9_, tempsave0_.content as content4_9_, tempsave0_.member_id as member_i7_9_, tempsave0_.temp_code as temp_cod5_9_, tempsave0_.title as title6_9_ from temp_save tempsave0_ where tempsave0_.temp_code=?
Hibernate: select tempsave0_.temp_save_id as temp_sav1_9_, tempsave0_.created_date as created_2_9_, tempsave0_.modified_date as modified3_9_, tempsave0_.content as content4_9_, tempsave0_.member_id as member_i7_9_, tempsave0_.temp_code as temp_cod5_9_, tempsave0_.title as title6_9_ from temp_save tempsave0_
Hibernate: select member0_.member_id as member_i1_3_, member0_.created_date as created_2_3_, member0_.modified_date as modified3_3_, member0_.email as email4_3_, member0_.email_auth as email_au5_3_, member0_.name as name6_3_, member0_.picture as picture7_3_, member0_.role as role8_3_, member0_.short_bio as short_bi9_3_, member0_.username as usernam10_3_ from member member0_
Hibernate: delete from temp_save where temp_save_id=?
Hibernate: delete from member where member_id=?
Hibernate: select posts0_.posts_id as posts_id1_5_, posts0_.created_date as created_2_5_, posts0_.modified_date as modified3_5_, posts0_.content as content4_5_, posts0_.description as descript5_5_, posts0_.likes as likes6_5_, posts0_.member_id as member_i9_5_, posts0_.secret as secret7_5_, posts0_.title as title8_5_ from posts posts0_
2022-12-03 20:13:47.271  INFO 16012 --- [    Test worker] o.s.t.c.transaction.TransactionContext   : Rolled back transaction for test: [DefaultTestContext@5a79b792 testClass = TempSaveServiceTest, testInstance = com.azurealstn.alog.service.tempsave.TempSaveServiceTest@be74f53, testMethod = update_tempSave_x@TempSaveServiceTest, testException = [null], mergedContextConfiguration = [WebMergedContextConfiguration@1105a7e0 testClass = TempSaveServiceTest, locations = '{}', classes = '{class com.azurealstn.alog.AlogApplication}', contextInitializerClasses = '[]', activeProfiles = '{}', propertySourceLocations = '{}', propertySourceProperties = '{org.springframework.boot.test.context.SpringBootTestContextBootstrapper=true}', contextCustomizers = set[org.springframework.boot.test.autoconfigure.actuate.metrics.MetricsExportContextCustomizerFactory$DisableMetricExportContextCustomizer@f6c03cb, org.springframework.boot.test.autoconfigure.properties.PropertyMappingContextCustomizer@0, org.springframework.boot.test.autoconfigure.web.servlet.WebDriverContextCustomizerFactory$Customizer@4ae33a11, org.springframework.boot.test.context.filter.ExcludeFilterContextCustomizer@3a94964, org.springframework.boot.test.json.DuplicateJsonObjectContextCustomizerFactory$DuplicateJsonObjectContextCustomizer@34a75079, org.springframework.boot.test.mock.mockito.MockitoContextCustomizer@0, org.springframework.boot.test.web.client.TestRestTemplateContextCustomizer@64beebb7, org.springframework.boot.test.context.SpringBootTestArgs@1, org.springframework.boot.test.context.SpringBootTestWebEnvironment@7b993c65], resourceBasePath = 'src/main/webapp', contextLoader = 'org.springframework.boot.test.context.SpringBootContextLoader', parent = [null]], attributes = map['org.springframework.test.context.web.ServletTestExecutionListener.activateListener' -> true, 'org.springframework.test.context.web.ServletTestExecutionListener.populatedRequestContextHolder' -> true, 'org.springframework.test.context.web.ServletTestExecutionListener.resetRequestContextHolder' -> true, 'org.springframework.test.context.event.ApplicationEventsTestExecutionListener.recordApplicationEvents' -> false]]
2022-12-03 20:13:47.272  INFO 16012 --- [    Test worker] o.s.t.c.transaction.TransactionContext   : Began transaction (1) for test context [DefaultTestContext@5a79b792 testClass = TempSaveServiceTest, testInstance = com.azurealstn.alog.service.tempsave.TempSaveServiceTest@1f112da2, testMethod = create_tempSave@TempSaveServiceTest, testException = [null], mergedContextConfiguration = [WebMergedContextConfiguration@1105a7e0 testClass = TempSaveServiceTest, locations = '{}', classes = '{class com.azurealstn.alog.AlogApplication}', contextInitializerClasses = '[]', activeProfiles = '{}', propertySourceLocations = '{}', propertySourceProperties = '{org.springframework.boot.test.context.SpringBootTestContextBootstrapper=true}', contextCustomizers = set[org.springframework.boot.test.autoconfigure.actuate.metrics.MetricsExportContextCustomizerFactory$DisableMetricExportContextCustomizer@f6c03cb, org.springframework.boot.test.autoconfigure.properties.PropertyMappingContextCustomizer@0, org.springframework.boot.test.autoconfigure.web.servlet.WebDriverContextCustomizerFactory$Customizer@4ae33a11, org.springframework.boot.test.context.filter.ExcludeFilterContextCustomizer@3a94964, org.springframework.boot.test.json.DuplicateJsonObjectContextCustomizerFactory$DuplicateJsonObjectContextCustomizer@34a75079, org.springframework.boot.test.mock.mockito.MockitoContextCustomizer@0, org.springframework.boot.test.web.client.TestRestTemplateContextCustomizer@64beebb7, org.springframework.boot.test.context.SpringBootTestArgs@1, org.springframework.boot.test.context.SpringBootTestWebEnvironment@7b993c65], resourceBasePath = 'src/main/webapp', contextLoader = 'org.springframework.boot.test.context.SpringBootContextLoader', parent = [null]], attributes = map['org.springframework.test.context.web.ServletTestExecutionListener.activateListener' -> true, 'org.springframework.test.context.web.ServletTestExecutionListener.populatedRequestContextHolder' -> true, 'org.springframework.test.context.web.ServletTestExecutionListener.resetRequestContextHolder' -> true, 'org.springframework.test.context.event.ApplicationEventsTestExecutionListener.recordApplicationEvents' -> false]]; transaction manager [org.springframework.orm.jpa.JpaTransactionManager@11f81488]; rollback [true]
Hibernate: select tempsave0_.temp_save_id as temp_sav1_9_, tempsave0_.created_date as created_2_9_, tempsave0_.modified_date as modified3_9_, tempsave0_.content as content4_9_, tempsave0_.member_id as member_i7_9_, tempsave0_.temp_code as temp_cod5_9_, tempsave0_.title as title6_9_ from temp_save tempsave0_
Hibernate: select member0_.member_id as member_i1_3_, member0_.created_date as created_2_3_, member0_.modified_date as modified3_3_, member0_.email as email4_3_, member0_.email_auth as email_au5_3_, member0_.name as name6_3_, member0_.picture as picture7_3_, member0_.role as role8_3_, member0_.short_bio as short_bi9_3_, member0_.username as usernam10_3_ from member member0_
Hibernate: select posts0_.posts_id as posts_id1_5_, posts0_.created_date as created_2_5_, posts0_.modified_date as modified3_5_, posts0_.content as content4_5_, posts0_.description as descript5_5_, posts0_.likes as likes6_5_, posts0_.member_id as member_i9_5_, posts0_.secret as secret7_5_, posts0_.title as title8_5_ from posts posts0_
Hibernate: insert into member (member_id, created_date, modified_date, email, email_auth, name, picture, role, short_bio, username) values (default, ?, ?, ?, ?, ?, ?, ?, ?, ?)
Hibernate: select member0_.member_id as member_i1_3_, member0_.created_date as created_2_3_, member0_.modified_date as modified3_3_, member0_.email as email4_3_, member0_.email_auth as email_au5_3_, member0_.name as name6_3_, member0_.picture as picture7_3_, member0_.role as role8_3_, member0_.short_bio as short_bi9_3_, member0_.username as usernam10_3_ from member member0_ where member0_.email=?
Hibernate: insert into temp_save (temp_save_id, created_date, modified_date, content, member_id, temp_code, title) values (default, ?, ?, ?, ?, ?, ?)
Hibernate: select tempsave0_.temp_save_id as temp_sav1_9_, tempsave0_.created_date as created_2_9_, tempsave0_.modified_date as modified3_9_, tempsave0_.content as content4_9_, tempsave0_.member_id as member_i7_9_, tempsave0_.temp_code as temp_cod5_9_, tempsave0_.title as title6_9_ from temp_save tempsave0_
Hibernate: select count(*) as col_0_0_ from temp_save tempsave0_
Hibernate: select tempsave0_.temp_save_id as temp_sav1_9_, tempsave0_.created_date as created_2_9_, tempsave0_.modified_date as modified3_9_, tempsave0_.content as content4_9_, tempsave0_.member_id as member_i7_9_, tempsave0_.temp_code as temp_cod5_9_, tempsave0_.title as title6_9_ from temp_save tempsave0_
Hibernate: select member0_.member_id as member_i1_3_, member0_.created_date as created_2_3_, member0_.modified_date as modified3_3_, member0_.email as email4_3_, member0_.email_auth as email_au5_3_, member0_.name as name6_3_, member0_.picture as picture7_3_, member0_.role as role8_3_, member0_.short_bio as short_bi9_3_, member0_.username as usernam10_3_ from member member0_
Hibernate: delete from temp_save where temp_save_id=?
Hibernate: delete from member where member_id=?
Hibernate: select posts0_.posts_id as posts_id1_5_, posts0_.created_date as created_2_5_, posts0_.modified_date as modified3_5_, posts0_.content as content4_5_, posts0_.description as descript5_5_, posts0_.likes as likes6_5_, posts0_.member_id as member_i9_5_, posts0_.secret as secret7_5_, posts0_.title as title8_5_ from posts posts0_
2022-12-03 20:13:47.285  INFO 16012 --- [    Test worker] o.s.t.c.transaction.TransactionContext   : Rolled back transaction for test: [DefaultTestContext@5a79b792 testClass = TempSaveServiceTest, testInstance = com.azurealstn.alog.service.tempsave.TempSaveServiceTest@1f112da2, testMethod = create_tempSave@TempSaveServiceTest, testException = [null], mergedContextConfiguration = [WebMergedContextConfiguration@1105a7e0 testClass = TempSaveServiceTest, locations = '{}', classes = '{class com.azurealstn.alog.AlogApplication}', contextInitializerClasses = '[]', activeProfiles = '{}', propertySourceLocations = '{}', propertySourceProperties = '{org.springframework.boot.test.context.SpringBootTestContextBootstrapper=true}', contextCustomizers = set[org.springframework.boot.test.autoconfigure.actuate.metrics.MetricsExportContextCustomizerFactory$DisableMetricExportContextCustomizer@f6c03cb, org.springframework.boot.test.autoconfigure.properties.PropertyMappingContextCustomizer@0, org.springframework.boot.test.autoconfigure.web.servlet.WebDriverContextCustomizerFactory$Customizer@4ae33a11, org.springframework.boot.test.context.filter.ExcludeFilterContextCustomizer@3a94964, org.springframework.boot.test.json.DuplicateJsonObjectContextCustomizerFactory$DuplicateJsonObjectContextCustomizer@34a75079, org.springframework.boot.test.mock.mockito.MockitoContextCustomizer@0, org.springframework.boot.test.web.client.TestRestTemplateContextCustomizer@64beebb7, org.springframework.boot.test.context.SpringBootTestArgs@1, org.springframework.boot.test.context.SpringBootTestWebEnvironment@7b993c65], resourceBasePath = 'src/main/webapp', contextLoader = 'org.springframework.boot.test.context.SpringBootContextLoader', parent = [null]], attributes = map['org.springframework.test.context.web.ServletTestExecutionListener.activateListener' -> true, 'org.springframework.test.context.web.ServletTestExecutionListener.populatedRequestContextHolder' -> true, 'org.springframework.test.context.web.ServletTestExecutionListener.resetRequestContextHolder' -> true, 'org.springframework.test.context.event.ApplicationEventsTestExecutionListener.recordApplicationEvents' -> false]]
2022-12-03 20:13:47.286  INFO 16012 --- [    Test worker] o.s.t.c.transaction.TransactionContext   : Began transaction (1) for test context [DefaultTestContext@5a79b792 testClass = TempSaveServiceTest, testInstance = com.azurealstn.alog.service.tempsave.TempSaveServiceTest@5972ab3d, testMethod = temp_save_delete_o@TempSaveServiceTest, testException = [null], mergedContextConfiguration = [WebMergedContextConfiguration@1105a7e0 testClass = TempSaveServiceTest, locations = '{}', classes = '{class com.azurealstn.alog.AlogApplication}', contextInitializerClasses = '[]', activeProfiles = '{}', propertySourceLocations = '{}', propertySourceProperties = '{org.springframework.boot.test.context.SpringBootTestContextBootstrapper=true}', contextCustomizers = set[org.springframework.boot.test.autoconfigure.actuate.metrics.MetricsExportContextCustomizerFactory$DisableMetricExportContextCustomizer@f6c03cb, org.springframework.boot.test.autoconfigure.properties.PropertyMappingContextCustomizer@0, org.springframework.boot.test.autoconfigure.web.servlet.WebDriverContextCustomizerFactory$Customizer@4ae33a11, org.springframework.boot.test.context.filter.ExcludeFilterContextCustomizer@3a94964, org.springframework.boot.test.json.DuplicateJsonObjectContextCustomizerFactory$DuplicateJsonObjectContextCustomizer@34a75079, org.springframework.boot.test.mock.mockito.MockitoContextCustomizer@0, org.springframework.boot.test.web.client.TestRestTemplateContextCustomizer@64beebb7, org.springframework.boot.test.context.SpringBootTestArgs@1, org.springframework.boot.test.context.SpringBootTestWebEnvironment@7b993c65], resourceBasePath = 'src/main/webapp', contextLoader = 'org.springframework.boot.test.context.SpringBootContextLoader', parent = [null]], attributes = map['org.springframework.test.context.web.ServletTestExecutionListener.activateListener' -> true, 'org.springframework.test.context.web.ServletTestExecutionListener.populatedRequestContextHolder' -> true, 'org.springframework.test.context.web.ServletTestExecutionListener.resetRequestContextHolder' -> true, 'org.springframework.test.context.event.ApplicationEventsTestExecutionListener.recordApplicationEvents' -> false]]; transaction manager [org.springframework.orm.jpa.JpaTransactionManager@11f81488]; rollback [true]
Hibernate: select tempsave0_.temp_save_id as temp_sav1_9_, tempsave0_.created_date as created_2_9_, tempsave0_.modified_date as modified3_9_, tempsave0_.content as content4_9_, tempsave0_.member_id as member_i7_9_, tempsave0_.temp_code as temp_cod5_9_, tempsave0_.title as title6_9_ from temp_save tempsave0_
Hibernate: select member0_.member_id as member_i1_3_, member0_.created_date as created_2_3_, member0_.modified_date as modified3_3_, member0_.email as email4_3_, member0_.email_auth as email_au5_3_, member0_.name as name6_3_, member0_.picture as picture7_3_, member0_.role as role8_3_, member0_.short_bio as short_bi9_3_, member0_.username as usernam10_3_ from member member0_
Hibernate: select posts0_.posts_id as posts_id1_5_, posts0_.created_date as created_2_5_, posts0_.modified_date as modified3_5_, posts0_.content as content4_5_, posts0_.description as descript5_5_, posts0_.likes as likes6_5_, posts0_.member_id as member_i9_5_, posts0_.secret as secret7_5_, posts0_.title as title8_5_ from posts posts0_
Hibernate: insert into member (member_id, created_date, modified_date, email, email_auth, name, picture, role, short_bio, username) values (default, ?, ?, ?, ?, ?, ?, ?, ?, ?)
Hibernate: insert into temp_save (temp_save_id, created_date, modified_date, content, member_id, temp_code, title) values (default, ?, ?, ?, ?, ?, ?)
Hibernate: delete from temp_save where temp_save_id=?
Hibernate: select count(*) as col_0_0_ from temp_save tempsave0_
Hibernate: select tempsave0_.temp_save_id as temp_sav1_9_, tempsave0_.created_date as created_2_9_, tempsave0_.modified_date as modified3_9_, tempsave0_.content as content4_9_, tempsave0_.member_id as member_i7_9_, tempsave0_.temp_code as temp_cod5_9_, tempsave0_.title as title6_9_ from temp_save tempsave0_
Hibernate: select member0_.member_id as member_i1_3_, member0_.created_date as created_2_3_, member0_.modified_date as modified3_3_, member0_.email as email4_3_, member0_.email_auth as email_au5_3_, member0_.name as name6_3_, member0_.picture as picture7_3_, member0_.role as role8_3_, member0_.short_bio as short_bi9_3_, member0_.username as usernam10_3_ from member member0_
Hibernate: delete from member where member_id=?
Hibernate: select posts0_.posts_id as posts_id1_5_, posts0_.created_date as created_2_5_, posts0_.modified_date as modified3_5_, posts0_.content as content4_5_, posts0_.description as descript5_5_, posts0_.likes as likes6_5_, posts0_.member_id as member_i9_5_, posts0_.secret as secret7_5_, posts0_.title as title8_5_ from posts posts0_
2022-12-03 20:13:47.297  INFO 16012 --- [    Test worker] o.s.t.c.transaction.TransactionContext   : Rolled back transaction for test: [DefaultTestContext@5a79b792 testClass = TempSaveServiceTest, testInstance = com.azurealstn.alog.service.tempsave.TempSaveServiceTest@5972ab3d, testMethod = temp_save_delete_o@TempSaveServiceTest, testException = [null], mergedContextConfiguration = [WebMergedContextConfiguration@1105a7e0 testClass = TempSaveServiceTest, locations = '{}', classes = '{class com.azurealstn.alog.AlogApplication}', contextInitializerClasses = '[]', activeProfiles = '{}', propertySourceLocations = '{}', propertySourceProperties = '{org.springframework.boot.test.context.SpringBootTestContextBootstrapper=true}', contextCustomizers = set[org.springframework.boot.test.autoconfigure.actuate.metrics.MetricsExportContextCustomizerFactory$DisableMetricExportContextCustomizer@f6c03cb, org.springframework.boot.test.autoconfigure.properties.PropertyMappingContextCustomizer@0, org.springframework.boot.test.autoconfigure.web.servlet.WebDriverContextCustomizerFactory$Customizer@4ae33a11, org.springframework.boot.test.context.filter.ExcludeFilterContextCustomizer@3a94964, org.springframework.boot.test.json.DuplicateJsonObjectContextCustomizerFactory$DuplicateJsonObjectContextCustomizer@34a75079, org.springframework.boot.test.mock.mockito.MockitoContextCustomizer@0, org.springframework.boot.test.web.client.TestRestTemplateContextCustomizer@64beebb7, org.springframework.boot.test.context.SpringBootTestArgs@1, org.springframework.boot.test.context.SpringBootTestWebEnvironment@7b993c65], resourceBasePath = 'src/main/webapp', contextLoader = 'org.springframework.boot.test.context.SpringBootContextLoader', parent = [null]], attributes = map['org.springframework.test.context.web.ServletTestExecutionListener.activateListener' -> true, 'org.springframework.test.context.web.ServletTestExecutionListener.populatedRequestContextHolder' -> true, 'org.springframework.test.context.web.ServletTestExecutionListener.resetRequestContextHolder' -> true, 'org.springframework.test.context.event.ApplicationEventsTestExecutionListener.recordApplicationEvents' -> false]]
2022-12-03 20:13:47.298  INFO 16012 --- [    Test worker] o.s.t.c.transaction.TransactionContext   : Began transaction (1) for test context [DefaultTestContext@5a79b792 testClass = TempSaveServiceTest, testInstance = com.azurealstn.alog.service.tempsave.TempSaveServiceTest@5e2cddf4, testMethod = temp_save_delete_x@TempSaveServiceTest, testException = [null], mergedContextConfiguration = [WebMergedContextConfiguration@1105a7e0 testClass = TempSaveServiceTest, locations = '{}', classes = '{class com.azurealstn.alog.AlogApplication}', contextInitializerClasses = '[]', activeProfiles = '{}', propertySourceLocations = '{}', propertySourceProperties = '{org.springframework.boot.test.context.SpringBootTestContextBootstrapper=true}', contextCustomizers = set[org.springframework.boot.test.autoconfigure.actuate.metrics.MetricsExportContextCustomizerFactory$DisableMetricExportContextCustomizer@f6c03cb, org.springframework.boot.test.autoconfigure.properties.PropertyMappingContextCustomizer@0, org.springframework.boot.test.autoconfigure.web.servlet.WebDriverContextCustomizerFactory$Customizer@4ae33a11, org.springframework.boot.test.context.filter.ExcludeFilterContextCustomizer@3a94964, org.springframework.boot.test.json.DuplicateJsonObjectContextCustomizerFactory$DuplicateJsonObjectContextCustomizer@34a75079, org.springframework.boot.test.mock.mockito.MockitoContextCustomizer@0, org.springframework.boot.test.web.client.TestRestTemplateContextCustomizer@64beebb7, org.springframework.boot.test.context.SpringBootTestArgs@1, org.springframework.boot.test.context.SpringBootTestWebEnvironment@7b993c65], resourceBasePath = 'src/main/webapp', contextLoader = 'org.springframework.boot.test.context.SpringBootContextLoader', parent = [null]], attributes = map['org.springframework.test.context.web.ServletTestExecutionListener.activateListener' -> true, 'org.springframework.test.context.web.ServletTestExecutionListener.populatedRequestContextHolder' -> true, 'org.springframework.test.context.web.ServletTestExecutionListener.resetRequestContextHolder' -> true, 'org.springframework.test.context.event.ApplicationEventsTestExecutionListener.recordApplicationEvents' -> false]]; transaction manager [org.springframework.orm.jpa.JpaTransactionManager@11f81488]; rollback [true]
Hibernate: select tempsave0_.temp_save_id as temp_sav1_9_, tempsave0_.created_date as created_2_9_, tempsave0_.modified_date as modified3_9_, tempsave0_.content as content4_9_, tempsave0_.member_id as member_i7_9_, tempsave0_.temp_code as temp_cod5_9_, tempsave0_.title as title6_9_ from temp_save tempsave0_
Hibernate: select member0_.member_id as member_i1_3_, member0_.created_date as created_2_3_, member0_.modified_date as modified3_3_, member0_.email as email4_3_, member0_.email_auth as email_au5_3_, member0_.name as name6_3_, member0_.picture as picture7_3_, member0_.role as role8_3_, member0_.short_bio as short_bi9_3_, member0_.username as usernam10_3_ from member member0_
Hibernate: select posts0_.posts_id as posts_id1_5_, posts0_.created_date as created_2_5_, posts0_.modified_date as modified3_5_, posts0_.content as content4_5_, posts0_.description as descript5_5_, posts0_.likes as likes6_5_, posts0_.member_id as member_i9_5_, posts0_.secret as secret7_5_, posts0_.title as title8_5_ from posts posts0_
Hibernate: insert into member (member_id, created_date, modified_date, email, email_auth, name, picture, role, short_bio, username) values (default, ?, ?, ?, ?, ?, ?, ?, ?, ?)
Hibernate: insert into temp_save (temp_save_id, created_date, modified_date, content, member_id, temp_code, title) values (default, ?, ?, ?, ?, ?, ?)
Hibernate: select tempsave0_.temp_save_id as temp_sav1_9_0_, tempsave0_.created_date as created_2_9_0_, tempsave0_.modified_date as modified3_9_0_, tempsave0_.content as content4_9_0_, tempsave0_.member_id as member_i7_9_0_, tempsave0_.temp_code as temp_cod5_9_0_, tempsave0_.title as title6_9_0_ from temp_save tempsave0_ where tempsave0_.temp_save_id=?
Hibernate: select tempsave0_.temp_save_id as temp_sav1_9_, tempsave0_.created_date as created_2_9_, tempsave0_.modified_date as modified3_9_, tempsave0_.content as content4_9_, tempsave0_.member_id as member_i7_9_, tempsave0_.temp_code as temp_cod5_9_, tempsave0_.title as title6_9_ from temp_save tempsave0_
Hibernate: select member0_.member_id as member_i1_3_, member0_.created_date as created_2_3_, member0_.modified_date as modified3_3_, member0_.email as email4_3_, member0_.email_auth as email_au5_3_, member0_.name as name6_3_, member0_.picture as picture7_3_, member0_.role as role8_3_, member0_.short_bio as short_bi9_3_, member0_.username as usernam10_3_ from member member0_
Hibernate: delete from temp_save where temp_save_id=?
Hibernate: delete from member where member_id=?
Hibernate: select posts0_.posts_id as posts_id1_5_, posts0_.created_date as created_2_5_, posts0_.modified_date as modified3_5_, posts0_.content as content4_5_, posts0_.description as descript5_5_, posts0_.likes as likes6_5_, posts0_.member_id as member_i9_5_, posts0_.secret as secret7_5_, posts0_.title as title8_5_ from posts posts0_
2022-12-03 20:13:47.308  INFO 16012 --- [    Test worker] o.s.t.c.transaction.TransactionContext   : Rolled back transaction for test: [DefaultTestContext@5a79b792 testClass = TempSaveServiceTest, testInstance = com.azurealstn.alog.service.tempsave.TempSaveServiceTest@5e2cddf4, testMethod = temp_save_delete_x@TempSaveServiceTest, testException = [null], mergedContextConfiguration = [WebMergedContextConfiguration@1105a7e0 testClass = TempSaveServiceTest, locations = '{}', classes = '{class com.azurealstn.alog.AlogApplication}', contextInitializerClasses = '[]', activeProfiles = '{}', propertySourceLocations = '{}', propertySourceProperties = '{org.springframework.boot.test.context.SpringBootTestContextBootstrapper=true}', contextCustomizers = set[org.springframework.boot.test.autoconfigure.actuate.metrics.MetricsExportContextCustomizerFactory$DisableMetricExportContextCustomizer@f6c03cb, org.springframework.boot.test.autoconfigure.properties.PropertyMappingContextCustomizer@0, org.springframework.boot.test.autoconfigure.web.servlet.WebDriverContextCustomizerFactory$Customizer@4ae33a11, org.springframework.boot.test.context.filter.ExcludeFilterContextCustomizer@3a94964, org.springframework.boot.test.json.DuplicateJsonObjectContextCustomizerFactory$DuplicateJsonObjectContextCustomizer@34a75079, org.springframework.boot.test.mock.mockito.MockitoContextCustomizer@0, org.springframework.boot.test.web.client.TestRestTemplateContextCustomizer@64beebb7, org.springframework.boot.test.context.SpringBootTestArgs@1, org.springframework.boot.test.context.SpringBootTestWebEnvironment@7b993c65], resourceBasePath = 'src/main/webapp', contextLoader = 'org.springframework.boot.test.context.SpringBootContextLoader', parent = [null]], attributes = map['org.springframework.test.context.web.ServletTestExecutionListener.activateListener' -> true, 'org.springframework.test.context.web.ServletTestExecutionListener.populatedRequestContextHolder' -> true, 'org.springframework.test.context.web.ServletTestExecutionListener.resetRequestContextHolder' -> true, 'org.springframework.test.context.event.ApplicationEventsTestExecutionListener.recordApplicationEvents' -> false]]
]]></system-out>
  <system-err><![CDATA[]]></system-err>
</testsuite>
