<?xml version="1.0" encoding="UTF-8"?>
<testsuite name="com.azurealstn.alog.controller.api.postslike.PostsLikeApiControllerTest" tests="1" skipped="0" failures="0" errors="0" timestamp="2022-12-04T11:22:11" hostname="DESKTOP-4HIAQNR" time="0.026">
  <properties/>
  <testcase name="게시글 좋아요 toggle" classname="com.azurealstn.alog.controller.api.postslike.PostsLikeApiControllerTest" time="0.026"/>
  <system-out><![CDATA[2022-12-04 20:22:11.882  INFO 6608 --- [    Test worker] .b.t.c.SpringBootTestContextBootstrapper : Neither @ContextConfiguration nor @ContextHierarchy found for test class [com.azurealstn.alog.controller.api.postslike.PostsLikeApiControllerTest], using SpringBootContextLoader
2022-12-04 20:22:11.882  INFO 6608 --- [    Test worker] o.s.t.c.support.AbstractContextLoader    : Could not detect default resource locations for test class [com.azurealstn.alog.controller.api.postslike.PostsLikeApiControllerTest]: no resource found for suffixes {-context.xml, Context.groovy}.
2022-12-04 20:22:11.882  INFO 6608 --- [    Test worker] t.c.s.AnnotationConfigContextLoaderUtils : Could not detect default configuration classes for test class [com.azurealstn.alog.controller.api.postslike.PostsLikeApiControllerTest]: PostsLikeApiControllerTest does not declare any static, non-private, non-final, nested classes annotated with @Configuration.
2022-12-04 20:22:11.882  INFO 6608 --- [    Test worker] .b.t.c.SpringBootTestContextBootstrapper : Found @SpringBootConfiguration com.azurealstn.alog.AlogApplication for test class com.azurealstn.alog.controller.api.postslike.PostsLikeApiControllerTest
2022-12-04 20:22:11.882  INFO 6608 --- [    Test worker] .b.t.c.SpringBootTestContextBootstrapper : Loaded default TestExecutionListener class names from location [META-INF/spring.factories]: [org.springframework.security.test.context.support.WithSecurityContextTestExecutionListener, org.springframework.security.test.context.support.ReactorContextTestExecutionListener, org.springframework.boot.test.autoconfigure.restdocs.RestDocsTestExecutionListener, org.springframework.boot.test.autoconfigure.web.client.MockRestServiceServerResetTestExecutionListener, org.springframework.boot.test.autoconfigure.web.servlet.MockMvcPrintOnlyOnFailureTestExecutionListener, org.springframework.boot.test.autoconfigure.web.servlet.WebDriverTestExecutionListener, org.springframework.boot.test.autoconfigure.webservices.client.MockWebServiceServerTestExecutionListener, org.springframework.boot.test.mock.mockito.MockitoTestExecutionListener, org.springframework.boot.test.mock.mockito.ResetMocksTestExecutionListener, org.springframework.test.context.web.ServletTestExecutionListener, org.springframework.test.context.support.DirtiesContextBeforeModesTestExecutionListener, org.springframework.test.context.event.ApplicationEventsTestExecutionListener, org.springframework.test.context.support.DependencyInjectionTestExecutionListener, org.springframework.test.context.support.DirtiesContextTestExecutionListener, org.springframework.test.context.transaction.TransactionalTestExecutionListener, org.springframework.test.context.jdbc.SqlScriptsTestExecutionListener, org.springframework.test.context.event.EventPublishingTestExecutionListener]
2022-12-04 20:22:11.882  INFO 6608 --- [    Test worker] .b.t.c.SpringBootTestContextBootstrapper : Using TestExecutionListeners: [org.springframework.test.context.web.ServletTestExecutionListener@1990d2bb, org.springframework.test.context.support.DirtiesContextBeforeModesTestExecutionListener@1edbdb0e, org.springframework.test.context.event.ApplicationEventsTestExecutionListener@3df7184, org.springframework.boot.test.mock.mockito.MockitoTestExecutionListener@34bba7f7, org.springframework.boot.test.autoconfigure.SpringBootDependencyInjectionTestExecutionListener@2ba1bed1, org.springframework.test.context.support.DirtiesContextTestExecutionListener@6b620300, org.springframework.test.context.transaction.TransactionalTestExecutionListener@13c90cb9, org.springframework.test.context.jdbc.SqlScriptsTestExecutionListener@7a248528, org.springframework.security.test.context.support.WithSecurityContextTestExecutionListener@5cd5fb8b, org.springframework.test.context.event.EventPublishingTestExecutionListener@27d48912, org.springframework.security.test.context.support.ReactorContextTestExecutionListener@7ca3e595, org.springframework.boot.test.autoconfigure.restdocs.RestDocsTestExecutionListener@227032ec, org.springframework.boot.test.autoconfigure.web.client.MockRestServiceServerResetTestExecutionListener@518a9c8a, org.springframework.boot.test.autoconfigure.web.servlet.MockMvcPrintOnlyOnFailureTestExecutionListener@529503b0, org.springframework.boot.test.autoconfigure.web.servlet.WebDriverTestExecutionListener@31f9cb3a, org.springframework.boot.test.autoconfigure.webservices.client.MockWebServiceServerTestExecutionListener@12bd68bb, org.springframework.boot.test.mock.mockito.ResetMocksTestExecutionListener@1756c8aa]
2022-12-04 20:22:11.882  INFO 6608 --- [    Test worker] o.s.t.c.transaction.TransactionContext   : Began transaction (1) for test context [DefaultTestContext@7d143e6e testClass = PostsLikeApiControllerTest, testInstance = com.azurealstn.alog.controller.api.postslike.PostsLikeApiControllerTest@1eff0d64, testMethod = posts_like_toggle@PostsLikeApiControllerTest, testException = [null], mergedContextConfiguration = [WebMergedContextConfiguration@5ca01434 testClass = PostsLikeApiControllerTest, locations = '{}', classes = '{class com.azurealstn.alog.AlogApplication}', contextInitializerClasses = '[]', activeProfiles = '{}', propertySourceLocations = '{}', propertySourceProperties = '{org.springframework.boot.test.context.SpringBootTestContextBootstrapper=true, server.port=0}', contextCustomizers = set[org.springframework.boot.test.autoconfigure.actuate.metrics.MetricsExportContextCustomizerFactory$DisableMetricExportContextCustomizer@59d2103b, org.springframework.boot.test.autoconfigure.properties.PropertyMappingContextCustomizer@0, org.springframework.boot.test.autoconfigure.web.servlet.WebDriverContextCustomizerFactory$Customizer@72a85671, org.springframework.boot.test.context.filter.ExcludeFilterContextCustomizer@4ae33a11, org.springframework.boot.test.json.DuplicateJsonObjectContextCustomizerFactory$DuplicateJsonObjectContextCustomizer@6d0b5baf, org.springframework.boot.test.mock.mockito.MockitoContextCustomizer@0, org.springframework.boot.test.web.client.TestRestTemplateContextCustomizer@5b58ed3c, org.springframework.boot.test.context.SpringBootTestArgs@1, org.springframework.boot.test.context.SpringBootTestWebEnvironment@48d61b48], resourceBasePath = 'src/main/webapp', contextLoader = 'org.springframework.boot.test.context.SpringBootContextLoader', parent = [null]], attributes = map['org.springframework.test.context.web.ServletTestExecutionListener.activateListener' -> false, 'org.springframework.test.context.event.ApplicationEventsTestExecutionListener.recordApplicationEvents' -> false]]; transaction manager [org.springframework.orm.jpa.JpaTransactionManager@37884b27]; rollback [true]
2022-12-04 20:22:11.882  INFO 6608 --- [    Test worker] o.a.c.c.C.[Tomcat].[localhost].[/]       : Initializing Spring TestDispatcherServlet ''
2022-12-04 20:22:11.882  INFO 6608 --- [    Test worker] o.s.t.web.servlet.TestDispatcherServlet  : Initializing Servlet ''
2022-12-04 20:22:11.882  INFO 6608 --- [    Test worker] o.s.t.web.servlet.TestDispatcherServlet  : Completed initialization in 0 ms
Hibernate: select postslike0_.id as id1_8_, postslike0_.created_date as created_2_8_, postslike0_.modified_date as modified3_8_, postslike0_.member_id as member_i4_8_, postslike0_.posts_id as posts_id5_8_ from posts_like postslike0_
Hibernate: select posts0_.posts_id as posts_id1_5_, posts0_.created_date as created_2_5_, posts0_.modified_date as modified3_5_, posts0_.content as content4_5_, posts0_.description as descript5_5_, posts0_.likes as likes6_5_, posts0_.member_id as member_i9_5_, posts0_.secret as secret7_5_, posts0_.title as title8_5_ from posts posts0_
Hibernate: select member0_.member_id as member_i1_3_, member0_.created_date as created_2_3_, member0_.modified_date as modified3_3_, member0_.email as email4_3_, member0_.email_auth as email_au5_3_, member0_.name as name6_3_, member0_.picture as picture7_3_, member0_.role as role8_3_, member0_.short_bio as short_bi9_3_, member0_.username as usernam10_3_ from member member0_
Hibernate: insert into member (member_id, created_date, modified_date, email, email_auth, name, picture, role, short_bio, username) values (default, ?, ?, ?, ?, ?, ?, ?, ?, ?)
Hibernate: insert into posts (posts_id, created_date, modified_date, content, description, likes, member_id, secret, title) values (default, ?, ?, ?, ?, ?, ?, ?, ?)
Hibernate: select postslike0_.id as id1_8_, postslike0_.created_date as created_2_8_, postslike0_.modified_date as modified3_8_, postslike0_.member_id as member_i4_8_, postslike0_.posts_id as posts_id5_8_ from posts_like postslike0_ where postslike0_.member_id=? and postslike0_.posts_id=? limit ?
Hibernate: insert into posts_like (id, created_date, modified_date, member_id, posts_id) values (default, ?, ?, ?, ?)
Hibernate: select postslike0_.id as id1_8_, postslike0_.created_date as created_2_8_, postslike0_.modified_date as modified3_8_, postslike0_.member_id as member_i4_8_, postslike0_.posts_id as posts_id5_8_ from posts_like postslike0_ where postslike0_.posts_id=?

MockHttpServletRequest:
      HTTP Method = POST
      Request URI = /api/v1/auth/toggle-like
       Parameters = {}
          Headers = [Content-Type:"application/json;charset=UTF-8", Content-Length:"29"]
             Body = {"memberId":33,"postsId":134}
    Session Attrs = {member=SessionMemberDto(id=33, name=슬로우스타터, email=azurealstn@naver.com, picture=test.jpg, username=haha, shortBio=안녕하세요!)}

Handler:
             Type = com.azurealstn.alog.controller.api.like.PostsLikeApiController
           Method = com.azurealstn.alog.controller.api.like.PostsLikeApiController#toggleLikeButton(PostsLikeRequestDto)

Async:
    Async started = false
     Async result = null

Resolved Exception:
             Type = null

ModelAndView:
        View name = null
             View = null
            Model = null

FlashMap:
       Attributes = null

MockHttpServletResponse:
           Status = 200
    Error message = null
          Headers = [Content-Type:"application/json;charset=UTF-8"]
     Content type = application/json;charset=UTF-8
             Body = true
    Forwarded URL = null
   Redirected URL = null
          Cookies = []
Hibernate: select postslike0_.id as id1_8_, postslike0_.created_date as created_2_8_, postslike0_.modified_date as modified3_8_, postslike0_.member_id as member_i4_8_, postslike0_.posts_id as posts_id5_8_ from posts_like postslike0_
Hibernate: update posts set created_date=?, modified_date=?, content=?, description=?, likes=?, member_id=?, secret=?, title=? where posts_id=?
Hibernate: delete from posts_like where id=?
Hibernate: select posts0_.posts_id as posts_id1_5_, posts0_.created_date as created_2_5_, posts0_.modified_date as modified3_5_, posts0_.content as content4_5_, posts0_.description as descript5_5_, posts0_.likes as likes6_5_, posts0_.member_id as member_i9_5_, posts0_.secret as secret7_5_, posts0_.title as title8_5_ from posts posts0_
Hibernate: select member0_.member_id as member_i1_3_, member0_.created_date as created_2_3_, member0_.modified_date as modified3_3_, member0_.email as email4_3_, member0_.email_auth as email_au5_3_, member0_.name as name6_3_, member0_.picture as picture7_3_, member0_.role as role8_3_, member0_.short_bio as short_bi9_3_, member0_.username as usernam10_3_ from member member0_
2022-12-04 20:22:11.914  INFO 6608 --- [    Test worker] o.s.t.c.transaction.TransactionContext   : Rolled back transaction for test: [DefaultTestContext@7d143e6e testClass = PostsLikeApiControllerTest, testInstance = com.azurealstn.alog.controller.api.postslike.PostsLikeApiControllerTest@1eff0d64, testMethod = posts_like_toggle@PostsLikeApiControllerTest, testException = [null], mergedContextConfiguration = [WebMergedContextConfiguration@5ca01434 testClass = PostsLikeApiControllerTest, locations = '{}', classes = '{class com.azurealstn.alog.AlogApplication}', contextInitializerClasses = '[]', activeProfiles = '{}', propertySourceLocations = '{}', propertySourceProperties = '{org.springframework.boot.test.context.SpringBootTestContextBootstrapper=true, server.port=0}', contextCustomizers = set[org.springframework.boot.test.autoconfigure.actuate.metrics.MetricsExportContextCustomizerFactory$DisableMetricExportContextCustomizer@59d2103b, org.springframework.boot.test.autoconfigure.properties.PropertyMappingContextCustomizer@0, org.springframework.boot.test.autoconfigure.web.servlet.WebDriverContextCustomizerFactory$Customizer@72a85671, org.springframework.boot.test.context.filter.ExcludeFilterContextCustomizer@4ae33a11, org.springframework.boot.test.json.DuplicateJsonObjectContextCustomizerFactory$DuplicateJsonObjectContextCustomizer@6d0b5baf, org.springframework.boot.test.mock.mockito.MockitoContextCustomizer@0, org.springframework.boot.test.web.client.TestRestTemplateContextCustomizer@5b58ed3c, org.springframework.boot.test.context.SpringBootTestArgs@1, org.springframework.boot.test.context.SpringBootTestWebEnvironment@48d61b48], resourceBasePath = 'src/main/webapp', contextLoader = 'org.springframework.boot.test.context.SpringBootContextLoader', parent = [null]], attributes = map['org.springframework.test.context.web.ServletTestExecutionListener.activateListener' -> false, 'org.springframework.test.context.event.ApplicationEventsTestExecutionListener.recordApplicationEvents' -> false]]
]]></system-out>
  <system-err><![CDATA[]]></system-err>
</testsuite>
